{"level":"info","message":"Backend running on http://localhost:5001","metadata":{},"timestamp":"2026-03-11 14:29:19"}
{"level":"info","message":"Redis connected","metadata":{},"timestamp":"2026-03-11 14:29:19"}
{"level":"info","message":"MongoDB connected successfully","metadata":{},"timestamp":"2026-03-11 14:29:19"}
{"level":"info","message":"Backend running on http://localhost:5001","metadata":{},"timestamp":"2026-03-11 14:34:24"}
{"level":"info","message":"Redis connected","metadata":{},"timestamp":"2026-03-11 14:34:24"}
{"level":"info","message":"MongoDB connected successfully","metadata":{},"timestamp":"2026-03-11 14:34:24"}
{"level":"info","message":"Backend running on http://localhost:5001","metadata":{},"timestamp":"2026-03-11 14:34:38"}
{"level":"info","message":"Redis connected","metadata":{},"timestamp":"2026-03-11 14:34:38"}
{"level":"info","message":"MongoDB connected successfully","metadata":{},"timestamp":"2026-03-11 14:34:38"}
{"level":"info","message":"Backend running on http://localhost:5001","metadata":{},"timestamp":"2026-03-11 14:34:49"}
{"level":"info","message":"Redis connected","metadata":{},"timestamp":"2026-03-11 14:34:49"}
{"level":"info","message":"MongoDB connected successfully","metadata":{},"timestamp":"2026-03-11 14:34:49"}
{"level":"warn","message":"Handled AppError Coupon code already exists","metadata":{"method":"POST","statusCode":400,"url":"/api/coupons","userId":"693d1d1c955b52394a731682"},"timestamp":"2026-03-11 15:21:33"}
{"level":"info","message":"Backend running on http://localhost:5001","metadata":{},"timestamp":"2026-03-11 15:53:30"}
{"level":"info","message":"Redis connected","metadata":{},"timestamp":"2026-03-11 15:53:30"}
{"level":"info","message":"MongoDB connected successfully","metadata":{},"timestamp":"2026-03-11 15:53:30"}
{"level":"info","message":"Backend running on http://localhost:5001","metadata":{},"timestamp":"2026-03-11 15:53:44"}
{"level":"info","message":"Redis connected","metadata":{},"timestamp":"2026-03-11 15:53:44"}
{"level":"info","message":"MongoDB connected successfully","metadata":{},"timestamp":"2026-03-11 15:53:44"}
{"level":"info","message":"Backend running on http://localhost:5001","metadata":{},"timestamp":"2026-03-11 15:57:16"}
{"level":"info","message":"Redis connected","metadata":{},"timestamp":"2026-03-11 15:57:16"}
{"level":"info","message":"MongoDB connected successfully","metadata":{},"timestamp":"2026-03-11 15:57:16"}
{"level":"info","message":"Backend running on http://localhost:5001","metadata":{},"timestamp":"2026-03-11 15:57:39"}
{"level":"info","message":"Redis connected","metadata":{},"timestamp":"2026-03-11 15:57:39"}
{"level":"info","message":"MongoDB connected successfully","metadata":{},"timestamp":"2026-03-11 15:57:39"}
{"level":"info","message":"Backend running on http://localhost:5001","metadata":{},"timestamp":"2026-03-11 15:58:05"}
{"level":"info","message":"Redis connected","metadata":{},"timestamp":"2026-03-11 15:58:05"}
{"level":"info","message":"MongoDB connected successfully","metadata":{},"timestamp":"2026-03-11 15:58:05"}
{"level":"info","message":"Backend running on http://localhost:5001","metadata":{},"timestamp":"2026-03-11 15:58:29"}
{"level":"info","message":"Redis connected","metadata":{},"timestamp":"2026-03-11 15:58:29"}
{"level":"info","message":"MongoDB connected successfully","metadata":{},"timestamp":"2026-03-11 15:58:29"}
{"level":"info","message":"Backend running on http://localhost:5001","metadata":{},"timestamp":"2026-03-11 15:59:03"}
{"level":"info","message":"Redis connected","metadata":{},"timestamp":"2026-03-11 15:59:03"}
{"level":"info","message":"MongoDB connected successfully","metadata":{},"timestamp":"2026-03-11 15:59:03"}
{"level":"info","message":"Backend running on http://localhost:5001","metadata":{},"timestamp":"2026-03-11 15:59:13"}
{"level":"info","message":"Redis connected","metadata":{},"timestamp":"2026-03-11 15:59:13"}
{"level":"info","message":"MongoDB connected successfully","metadata":{},"timestamp":"2026-03-11 15:59:13"}
{"level":"info","message":"Backend running on http://localhost:5001","metadata":{},"timestamp":"2026-03-11 16:01:01"}
{"level":"info","message":"Redis connected","metadata":{},"timestamp":"2026-03-11 16:01:01"}
{"level":"info","message":"MongoDB connected successfully","metadata":{},"timestamp":"2026-03-11 16:01:01"}
{"level":"info","message":"Backend running on http://localhost:5001","metadata":{},"timestamp":"2026-03-11 16:01:25"}
{"level":"info","message":"Redis connected","metadata":{},"timestamp":"2026-03-11 16:01:25"}
{"level":"info","message":"MongoDB connected successfully","metadata":{},"timestamp":"2026-03-11 16:01:25"}
{"level":"info","message":"Backend running on http://localhost:5001","metadata":{},"timestamp":"2026-03-11 16:01:58"}
{"level":"info","message":"Redis connected","metadata":{},"timestamp":"2026-03-11 16:01:58"}
{"level":"info","message":"MongoDB connected successfully","metadata":{},"timestamp":"2026-03-11 16:01:58"}
{"level":"info","message":"Backend running on http://localhost:5001","metadata":{},"timestamp":"2026-03-11 16:20:49"}
{"level":"info","message":"Redis connected","metadata":{},"timestamp":"2026-03-11 16:20:49"}
{"level":"info","message":"MongoDB connected successfully","metadata":{},"timestamp":"2026-03-11 16:20:49"}
{"level":"info","message":"Redis connected","metadata":{},"timestamp":"2026-03-11 16:23:00"}
{"level":"info","message":"MongoDB connected successfully","metadata":{},"timestamp":"2026-03-11 16:23:00"}
{"level":"info","message":"Redis connected","metadata":{},"timestamp":"2026-03-11 16:24:12"}
{"level":"info","message":"MongoDB connected successfully","metadata":{},"timestamp":"2026-03-11 16:24:12"}
{"level":"info","message":"Backend running on http://localhost:5001","metadata":{},"timestamp":"2026-03-11 16:31:21"}
{"level":"info","message":"Redis connected","metadata":{},"timestamp":"2026-03-11 16:31:21"}
{"level":"info","message":"Redis connected","metadata":{},"timestamp":"2026-03-11 16:31:21"}
{"level":"info","message":"MongoDB connected successfully","metadata":{},"timestamp":"2026-03-11 16:31:21"}
{"level":"info","message":"MongoDB connected successfully","metadata":{},"timestamp":"2026-03-11 16:31:21"}
{"level":"info","message":"Backend running on http://localhost:5001","metadata":{},"timestamp":"2026-03-11 16:31:44"}
{"level":"info","message":"Redis connected","metadata":{},"timestamp":"2026-03-11 16:31:44"}
{"level":"info","message":"MongoDB connected successfully","metadata":{},"timestamp":"2026-03-11 16:31:44"}
{"level":"info","message":"Redis connected","metadata":{},"timestamp":"2026-03-11 16:31:44"}
{"level":"info","message":"MongoDB connected successfully","metadata":{},"timestamp":"2026-03-11 16:31:44"}
{"level":"info","message":"Backend running on http://localhost:5001","metadata":{},"timestamp":"2026-03-11 16:32:29"}
{"level":"info","message":"Redis connected","metadata":{},"timestamp":"2026-03-11 16:32:29"}
{"level":"info","message":"MongoDB connected successfully","metadata":{},"timestamp":"2026-03-11 16:32:29"}
{"level":"info","message":"Redis connected","metadata":{},"timestamp":"2026-03-11 16:32:29"}
{"level":"info","message":"MongoDB connected successfully","metadata":{},"timestamp":"2026-03-11 16:32:29"}
{"level":"info","message":"Backend running on http://localhost:5001","metadata":{},"timestamp":"2026-03-11 16:32:45"}
{"level":"info","message":"Redis connected","metadata":{},"timestamp":"2026-03-11 16:32:45"}
{"level":"info","message":"Redis connected","metadata":{},"timestamp":"2026-03-11 16:32:45"}
{"level":"info","message":"MongoDB connected successfully","metadata":{},"timestamp":"2026-03-11 16:32:45"}
{"level":"info","message":"MongoDB connected successfully","metadata":{},"timestamp":"2026-03-11 16:32:45"}
{"level":"info","message":"[Socket connected] userId: 6952c5e37717bc70a397d947, socketId: Unw5RmtjZ8ySnMQkAAAC","metadata":{},"timestamp":"2026-03-11 17:13:49"}
{"level":"info","message":"[Socket disconnected] userId: 6952c5e37717bc70a397d947","metadata":{},"timestamp":"2026-03-11 17:13:50"}
{"level":"info","message":"[Socket connected] userId: 6952c5e37717bc70a397d947, socketId: 9Ek3vXx_p8zWxCY8AAAF","metadata":{},"timestamp":"2026-03-11 17:13:50"}
{"level":"info","message":"[Socket disconnected] userId: 6952c5e37717bc70a397d947","metadata":{},"timestamp":"2026-03-11 17:15:01"}
{"level":"info","message":"[Socket connected] userId: 6952c5e37717bc70a397d947, socketId: BVHF5p1WaXCfXJaPAAAI","metadata":{},"timestamp":"2026-03-11 17:15:02"}
{"level":"info","message":"[Socket disconnected] userId: 6952c5e37717bc70a397d947","metadata":{},"timestamp":"2026-03-11 17:15:17"}
{"level":"info","message":"[Socket connected] userId: 6952c5e37717bc70a397d947, socketId: xCSEHqsrYjsYOYa4AAAL","metadata":{},"timestamp":"2026-03-11 17:15:25"}
{"level":"info","message":"[Socket disconnected] userId: 6952c5e37717bc70a397d947","metadata":{},"timestamp":"2026-03-11 17:18:19"}
{"level":"info","message":"[Socket connected] userId: 6952c5e37717bc70a397d947, socketId: lIlauhLNQsrbGfw2AAAO","metadata":{},"timestamp":"2026-03-11 17:18:20"}
{"level":"info","message":"[Socket disconnected] userId: 6952c5e37717bc70a397d947","metadata":{},"timestamp":"2026-03-11 17:20:37"}
{"level":"info","message":"[Socket connected] userId: 6952c5e37717bc70a397d947, socketId: jYLLuWxRT7eR6fESAAAR","metadata":{},"timestamp":"2026-03-11 17:20:38"}
{"level":"info","message":"[Socket disconnected] userId: 6952c5e37717bc70a397d947","metadata":{},"timestamp":"2026-03-11 17:20:50"}
{"level":"info","message":"[Socket connected] userId: 6952c5e37717bc70a397d947, socketId: hFLq72fDXBk0VMYAAAAU","metadata":{},"timestamp":"2026-03-11 17:20:50"}
{"level":"info","message":"[Socket connected] userId: 695adad0e5e49754e37c9c4b, socketId: I8nAIRZYmLpPr2ejAAAX","metadata":{},"timestamp":"2026-03-11 17:41:21"}
{"level":"info","message":"Backend running on http://localhost:5001","metadata":{},"timestamp":"2026-03-11 17:42:06"}
{"level":"info","message":"Redis connected","metadata":{},"timestamp":"2026-03-11 17:42:06"}
{"level":"info","message":"Redis connected","metadata":{},"timestamp":"2026-03-11 17:42:06"}
{"level":"info","message":"MongoDB connected successfully","metadata":{},"timestamp":"2026-03-11 17:42:06"}
{"level":"info","message":"MongoDB connected successfully","metadata":{},"timestamp":"2026-03-11 17:42:07"}
{"level":"info","message":"Backend running on http://localhost:5001","metadata":{},"timestamp":"2026-03-11 17:42:23"}
{"level":"info","message":"Redis connected","metadata":{},"timestamp":"2026-03-11 17:42:23"}
{"level":"info","message":"MongoDB connected successfully","metadata":{},"timestamp":"2026-03-11 17:42:23"}
{"level":"info","message":"Redis connected","metadata":{},"timestamp":"2026-03-11 17:42:23"}
{"level":"info","message":"MongoDB connected successfully","metadata":{},"timestamp":"2026-03-11 17:42:23"}
{"level":"info","message":"Backend running on http://localhost:5001","metadata":{},"timestamp":"2026-03-11 17:42:46"}
{"level":"info","message":"Redis connected","metadata":{},"timestamp":"2026-03-11 17:42:46"}
{"level":"info","message":"Redis connected","metadata":{},"timestamp":"2026-03-11 17:42:46"}
{"level":"info","message":"MongoDB connected successfully","metadata":{},"timestamp":"2026-03-11 17:42:46"}
{"level":"info","message":"MongoDB connected successfully","metadata":{},"timestamp":"2026-03-11 17:42:46"}
{"level":"info","message":"[Socket connected] userId: 6952c5e37717bc70a397d947, socketId: lmCAFdO8M-ptI-zJAAAC","metadata":{},"timestamp":"2026-03-11 17:42:51"}
{"level":"info","message":"[Socket connected] userId: 695adad0e5e49754e37c9c4b, socketId: RObr5JkgK7_ucsZtAAAF","metadata":{},"timestamp":"2026-03-11 17:42:51"}
{"level":"info","message":"[Socket disconnected] userId: 6952c5e37717bc70a397d947","metadata":{},"timestamp":"2026-03-11 17:44:11"}
{"level":"info","message":"[Socket disconnected] userId: 695adad0e5e49754e37c9c4b","metadata":{},"timestamp":"2026-03-11 17:44:11"}
{"level":"info","message":"[Socket connected] userId: 6952c5e37717bc70a397d947, socketId: srKQLpNxvIDWw4dzAAAI","metadata":{},"timestamp":"2026-03-11 17:44:11"}
{"level":"info","message":"[Socket connected] userId: 695adad0e5e49754e37c9c4b, socketId: 3Xnijy_JkEe3Qd46AAAL","metadata":{},"timestamp":"2026-03-11 17:44:12"}
{"level":"info","message":"[Socket disconnected] userId: 6952c5e37717bc70a397d947","metadata":{},"timestamp":"2026-03-11 17:44:23"}
{"level":"info","message":"[Socket connected] userId: 6952c5e37717bc70a397d947, socketId: jaHlUfUILoCZTa5UAAAO","metadata":{},"timestamp":"2026-03-11 17:44:25"}
{"level":"info","message":"[Socket disconnected] userId: 6952c5e37717bc70a397d947","metadata":{},"timestamp":"2026-03-11 17:44:30"}
{"level":"info","message":"[Socket connected] userId: 6952c5e37717bc70a397d947, socketId: 9KqnqpOuc7KWcXeWAAAR","metadata":{},"timestamp":"2026-03-11 17:44:33"}
{"level":"info","message":"Backend running on http://localhost:5001","metadata":{},"timestamp":"2026-03-11 17:48:38"}
{"level":"info","message":"Redis connected","metadata":{},"timestamp":"2026-03-11 17:48:38"}
{"level":"info","message":"Redis connected","metadata":{},"timestamp":"2026-03-11 17:48:38"}
{"level":"info","message":"MongoDB connected successfully","metadata":{},"timestamp":"2026-03-11 17:48:38"}
{"level":"info","message":"MongoDB connected successfully","metadata":{},"timestamp":"2026-03-11 17:48:38"}
{"level":"info","message":"[Socket connected] userId: 695adad0e5e49754e37c9c4b, socketId: hPEOMIxon4jL-lKCAAAC","metadata":{},"timestamp":"2026-03-11 17:48:43"}
{"level":"info","message":"[Socket connected] userId: 6952c5e37717bc70a397d947, socketId: EFChN0uECQ98JmloAAAD","metadata":{},"timestamp":"2026-03-11 17:48:43"}
{"level":"info","message":"Backend running on http://localhost:5001","metadata":{},"timestamp":"2026-03-11 17:49:48"}
{"level":"info","message":"Redis connected","metadata":{},"timestamp":"2026-03-11 17:49:48"}
{"level":"info","message":"Redis connected","metadata":{},"timestamp":"2026-03-11 17:49:48"}
{"level":"info","message":"MongoDB connected successfully","metadata":{},"timestamp":"2026-03-11 17:49:48"}
{"level":"info","message":"MongoDB connected successfully","metadata":{},"timestamp":"2026-03-11 17:49:48"}
{"level":"info","message":"[Socket connected] userId: 6952c5e37717bc70a397d947, socketId: rkrQm35maKXXioYEAAAC","metadata":{},"timestamp":"2026-03-11 17:50:27"}
{"level":"info","message":"[Socket connected] userId: 695adad0e5e49754e37c9c4b, socketId: Dut5Wo6A-RmtDdtCAAAD","metadata":{},"timestamp":"2026-03-11 17:50:27"}
{"level":"info","message":"Backend running on http://localhost:5001","metadata":{},"timestamp":"2026-03-11 19:23:47"}
{"level":"info","message":"Redis connected","metadata":{},"timestamp":"2026-03-11 19:23:47"}
{"level":"info","message":"Redis connected","metadata":{},"timestamp":"2026-03-11 19:23:47"}
{"level":"info","message":"MongoDB connected successfully","metadata":{},"timestamp":"2026-03-11 19:23:47"}
{"level":"info","message":"MongoDB connected successfully","metadata":{},"timestamp":"2026-03-11 19:23:47"}
{"level":"info","message":"[Socket connected] userId: 695adad0e5e49754e37c9c4b, socketId: MqzKR7na1PEPKzDGAAAB","metadata":{},"timestamp":"2026-03-11 19:23:48"}
{"level":"info","message":"[Socket connected] userId: 6952c5e37717bc70a397d947, socketId: s6R7AsKqK-pDmH-6AAAD","metadata":{},"timestamp":"2026-03-11 19:23:52"}
{"level":"info","message":"Backend running on http://localhost:5001","metadata":{},"timestamp":"2026-03-11 19:24:23"}
{"level":"info","message":"Redis connected","metadata":{},"timestamp":"2026-03-11 19:24:23"}
{"level":"info","message":"Redis connected","metadata":{},"timestamp":"2026-03-11 19:24:23"}
{"level":"info","message":"MongoDB connected successfully","metadata":{},"timestamp":"2026-03-11 19:24:23"}
{"level":"info","message":"MongoDB connected successfully","metadata":{},"timestamp":"2026-03-11 19:24:23"}
{"level":"info","message":"[Socket connected] userId: 6952c5e37717bc70a397d947, socketId: w__M0DAfBbzzVNUXAAAB","metadata":{},"timestamp":"2026-03-11 19:24:24"}
{"level":"info","message":"[Socket connected] userId: 695adad0e5e49754e37c9c4b, socketId: hlxZf_FNuJzTlvK9AAAD","metadata":{},"timestamp":"2026-03-11 19:24:29"}
{"level":"info","message":"Backend running on http://localhost:5001","metadata":{},"timestamp":"2026-03-11 19:25:00"}
{"level":"info","message":"Redis connected","metadata":{},"timestamp":"2026-03-11 19:25:00"}
{"level":"info","message":"Redis connected","metadata":{},"timestamp":"2026-03-11 19:25:00"}
{"level":"info","message":"MongoDB connected successfully","metadata":{},"timestamp":"2026-03-11 19:25:00"}
{"level":"info","message":"MongoDB connected successfully","metadata":{},"timestamp":"2026-03-11 19:25:00"}
{"level":"info","message":"[Socket connected] userId: 6952c5e37717bc70a397d947, socketId: D_DghS6UevB0sqccAAAB","metadata":{},"timestamp":"2026-03-11 19:25:02"}
{"level":"info","message":"[Socket connected] userId: 695adad0e5e49754e37c9c4b, socketId: bLmMuxTwgLZ2fgLIAAAD","metadata":{},"timestamp":"2026-03-11 19:25:06"}
{"level":"info","message":"Backend running on http://localhost:5001","metadata":{},"timestamp":"2026-03-11 19:25:35"}
{"level":"info","message":"Redis connected","metadata":{},"timestamp":"2026-03-11 19:25:35"}
{"level":"info","message":"MongoDB connected successfully","metadata":{},"timestamp":"2026-03-11 19:25:35"}
{"level":"info","message":"Redis connected","metadata":{},"timestamp":"2026-03-11 19:25:35"}
{"level":"info","message":"MongoDB connected successfully","metadata":{},"timestamp":"2026-03-11 19:25:35"}
{"level":"info","message":"[Socket connected] userId: 6952c5e37717bc70a397d947, socketId: fW-9CLulBaTNblYvAAAC","metadata":{},"timestamp":"2026-03-11 19:25:35"}
{"level":"info","message":"[Socket connected] userId: 695adad0e5e49754e37c9c4b, socketId: 4s737huZZeORIhOVAAAD","metadata":{},"timestamp":"2026-03-11 19:25:35"}
{"level":"info","message":"Backend running on http://localhost:5001","metadata":{},"timestamp":"2026-03-11 19:25:47"}
{"level":"info","message":"Redis connected","metadata":{},"timestamp":"2026-03-11 19:25:47"}
{"level":"info","message":"Redis connected","metadata":{},"timestamp":"2026-03-11 19:25:47"}
{"level":"info","message":"MongoDB connected successfully","metadata":{},"timestamp":"2026-03-11 19:25:47"}
{"level":"info","message":"MongoDB connected successfully","metadata":{},"timestamp":"2026-03-11 19:25:47"}
{"level":"info","message":"[Socket connected] userId: 6952c5e37717bc70a397d947, socketId: b3Onuylf40irz4biAAAB","metadata":{},"timestamp":"2026-03-11 19:25:48"}
{"level":"info","message":"[Socket connected] userId: 695adad0e5e49754e37c9c4b, socketId: fXd61zTS5IASpINMAAAD","metadata":{},"timestamp":"2026-03-11 19:25:50"}
{"level":"info","message":"Backend running on http://localhost:5001","metadata":{},"timestamp":"2026-03-11 19:26:05"}
{"level":"info","message":"Redis connected","metadata":{},"timestamp":"2026-03-11 19:26:05"}
{"level":"info","message":"Redis connected","metadata":{},"timestamp":"2026-03-11 19:26:05"}
{"level":"info","message":"MongoDB connected successfully","metadata":{},"timestamp":"2026-03-11 19:26:05"}
{"level":"info","message":"MongoDB connected successfully","metadata":{},"timestamp":"2026-03-11 19:26:05"}
{"level":"info","message":"[Socket connected] userId: 695adad0e5e49754e37c9c4b, socketId: qK6lFmSGQrMpazpeAAAB","metadata":{},"timestamp":"2026-03-11 19:26:05"}
{"level":"info","message":"Backend running on http://localhost:5001","metadata":{},"timestamp":"2026-03-11 19:26:19"}
{"level":"info","message":"Redis connected","metadata":{},"timestamp":"2026-03-11 19:26:19"}
{"level":"info","message":"Redis connected","metadata":{},"timestamp":"2026-03-11 19:26:19"}
{"level":"info","message":"MongoDB connected successfully","metadata":{},"timestamp":"2026-03-11 19:26:19"}
{"level":"info","message":"MongoDB connected successfully","metadata":{},"timestamp":"2026-03-11 19:26:19"}
{"level":"info","message":"[Socket connected] userId: 695adad0e5e49754e37c9c4b, socketId: P4qq5oHMf1ZQ1fV1AAAB","metadata":{},"timestamp":"2026-03-11 19:26:24"}
{"level":"info","message":"Backend running on http://localhost:5001","metadata":{},"timestamp":"2026-03-11 19:27:23"}
{"level":"info","message":"Redis connected","metadata":{},"timestamp":"2026-03-11 19:27:23"}
{"level":"info","message":"MongoDB connected successfully","metadata":{},"timestamp":"2026-03-11 19:27:23"}
{"level":"info","message":"Redis connected","metadata":{},"timestamp":"2026-03-11 19:27:23"}
{"level":"info","message":"MongoDB connected successfully","metadata":{},"timestamp":"2026-03-11 19:27:23"}
{"level":"info","message":"Backend running on http://localhost:5001","metadata":{},"timestamp":"2026-03-11 19:59:47"}
{"level":"info","message":"Redis connected","metadata":{},"timestamp":"2026-03-11 19:59:47"}
{"level":"info","message":"Redis connected","metadata":{},"timestamp":"2026-03-11 19:59:47"}
{"level":"info","message":"MongoDB connected successfully","metadata":{},"timestamp":"2026-03-11 19:59:47"}
{"level":"info","message":"MongoDB connected successfully","metadata":{},"timestamp":"2026-03-11 19:59:47"}
{"level":"info","message":"Backend running on http://localhost:5001","metadata":{},"timestamp":"2026-03-11 20:33:53"}
{"level":"info","message":"Redis connected","metadata":{},"timestamp":"2026-03-11 20:33:53"}
{"level":"info","message":"MongoDB connected successfully","metadata":{},"timestamp":"2026-03-11 20:33:53"}
{"level":"info","message":"[Socket connected] userId: 695adad0e5e49754e37c9c4b, socketId: Qs3ZsHAoUIcOfxWnAAAC","metadata":{},"timestamp":"2026-03-11 20:34:03"}
{"level":"info","message":"[Socket disconnected] userId: 695adad0e5e49754e37c9c4b","metadata":{},"timestamp":"2026-03-11 20:34:09"}
{"level":"info","message":"[Socket connected] userId: 6952c5e37717bc70a397d947, socketId: 0J_wO-OmpkSQfSzvAAAE","metadata":{},"timestamp":"2026-03-11 20:34:09"}
{"level":"info","message":"[Socket connected] userId: 6952c5e37717bc70a397d947, socketId: 8c_vpkBl2RDmTKgfAAAH","metadata":{},"timestamp":"2026-03-11 20:34:18"}
{"level":"info","message":"[Socket disconnected] userId: 6952c5e37717bc70a397d947","metadata":{},"timestamp":"2026-03-11 20:34:24"}
{"level":"info","message":"[Socket connected] userId: 6952c5e37717bc70a397d947, socketId: GOWUTx7nQZS2AvpuAAAK","metadata":{},"timestamp":"2026-03-11 20:35:11"}
{"level":"info","message":"User 6952c5e37717bc70a397d947 joined room 69b184a69169dca07baf855b","metadata":{},"timestamp":"2026-03-11 20:35:13"}
{"level":"info","message":"User 6952c5e37717bc70a397d947 left room 69b184a69169dca07baf855b","metadata":{},"timestamp":"2026-03-11 20:35:27"}
{"level":"info","message":"[Socket disconnected] userId: 6952c5e37717bc70a397d947","metadata":{},"timestamp":"2026-03-11 20:35:35"}
{"level":"info","message":"[Socket connected] userId: 6952c5e37717bc70a397d947, socketId: 82OIeEmCV0V8MnjTAAAN","metadata":{},"timestamp":"2026-03-11 20:35:37"}
{"level":"info","message":"User 6952c5e37717bc70a397d947 joined room 69b184a69169dca07baf855b","metadata":{},"timestamp":"2026-03-11 20:35:39"}
{"level":"info","message":"User 6952c5e37717bc70a397d947 left room 69b184a69169dca07baf855b","metadata":{},"timestamp":"2026-03-11 20:35:45"}
{"level":"info","message":"[Socket connected] userId: 693d1d1c955b52394a731682, socketId: t861frQUSU_wQFHVAAAQ","metadata":{},"timestamp":"2026-03-11 20:35:47"}
{"level":"info","message":"[Socket disconnected] userId: 693d1d1c955b52394a731682","metadata":{},"timestamp":"2026-03-11 20:35:50"}
{"level":"info","message":"[Socket connected] userId: 693d1d1c955b52394a731682, socketId: 9lL767TgMwrj63KqAAAT","metadata":{},"timestamp":"2026-03-11 20:35:51"}
{"level":"info","message":"[Socket disconnected] userId: 693d1d1c955b52394a731682","metadata":{},"timestamp":"2026-03-11 20:35:56"}
{"level":"info","message":"[Socket connected] userId: 695a20c20a35db6ab36c2395, socketId: KQalxvF1zuV_vfroAAAV","metadata":{},"timestamp":"2026-03-11 20:35:56"}
{"level":"info","message":"[Socket connected] userId: 695a20c20a35db6ab36c2395, socketId: -iP_SR4x-T2oyJarAAAY","metadata":{},"timestamp":"2026-03-11 20:36:05"}
{"level":"info","message":"[Socket connected] userId: 6952c5e37717bc70a397d947, socketId: 6tR2Es1Te1-GgP58AAAb","metadata":{},"timestamp":"2026-03-11 20:36:22"}
{"level":"info","message":"User 6952c5e37717bc70a397d947 joined room 69b184a69169dca07baf855b","metadata":{},"timestamp":"2026-03-11 20:36:27"}
{"level":"info","message":"User 6952c5e37717bc70a397d947 left room 69b184a69169dca07baf855b","metadata":{},"timestamp":"2026-03-11 20:36:28"}
{"level":"info","message":"[Socket connected] userId: 6952c5e37717bc70a397d947, socketId: nTDLsq3BIO_lHl1zAAAe","metadata":{},"timestamp":"2026-03-11 20:36:33"}
{"level":"info","message":"Backend running on http://localhost:5001","metadata":{},"timestamp":"2026-03-11 20:39:24"}
{"level":"info","message":"Redis connected","metadata":{},"timestamp":"2026-03-11 20:39:24"}
{"level":"info","message":"Redis connected","metadata":{},"timestamp":"2026-03-11 20:39:24"}
{"level":"info","message":"MongoDB connected successfully","metadata":{},"timestamp":"2026-03-11 20:39:24"}
{"level":"info","message":"MongoDB connected successfully","metadata":{},"timestamp":"2026-03-11 20:39:24"}
{"level":"info","message":"[Socket connected] userId: 6952c5e37717bc70a397d947, socketId: M4c7HxxBnNA4gnNfAAAB","metadata":{},"timestamp":"2026-03-11 20:39:25"}
{"level":"info","message":"[Socket connected] userId: 6952c5e37717bc70a397d947, socketId: K6fr_yuwfU37KXO3AAAD","metadata":{},"timestamp":"2026-03-11 20:39:26"}
{"level":"info","message":"[Socket connected] userId: 695a20c20a35db6ab36c2395, socketId: 7PKUMdfx1gtSmaB6AAAF","metadata":{},"timestamp":"2026-03-11 20:39:27"}
{"level":"info","message":"[Socket connected] userId: 695a20c20a35db6ab36c2395, socketId: MFcaNi4b10dwpBJsAAAI","metadata":{},"timestamp":"2026-03-11 20:39:29"}
{"level":"info","message":"[Socket connected] userId: 6952c5e37717bc70a397d947, socketId: O36PJv1Hj_3f_wl1AAAJ","metadata":{},"timestamp":"2026-03-11 20:39:29"}
{"level":"info","message":"[Socket connected] userId: 6952c5e37717bc70a397d947, socketId: JALKOwtQbosKG3IKAAAL","metadata":{},"timestamp":"2026-03-11 20:39:30"}
{"level":"info","message":"Backend running on http://localhost:5001","metadata":{},"timestamp":"2026-03-11 20:39:46"}
{"level":"info","message":"Redis connected","metadata":{},"timestamp":"2026-03-11 20:39:46"}
{"level":"info","message":"MongoDB connected successfully","metadata":{},"timestamp":"2026-03-11 20:39:46"}
{"level":"info","message":"Redis connected","metadata":{},"timestamp":"2026-03-11 20:39:46"}
{"level":"info","message":"MongoDB connected successfully","metadata":{},"timestamp":"2026-03-11 20:39:46"}
{"level":"info","message":"[Socket connected] userId: 6952c5e37717bc70a397d947, socketId: wRrrHecG0P89LdM8AAAB","metadata":{},"timestamp":"2026-03-11 20:39:46"}
{"level":"info","message":"[Socket connected] userId: 695a20c20a35db6ab36c2395, socketId: MwOiOANUGuY9lJeLAAAE","metadata":{},"timestamp":"2026-03-11 20:39:47"}
{"level":"info","message":"[Socket connected] userId: 6952c5e37717bc70a397d947, socketId: JS68hyPkkI8zkP4MAAAF","metadata":{},"timestamp":"2026-03-11 20:39:47"}
{"level":"info","message":"[Socket connected] userId: 6952c5e37717bc70a397d947, socketId: PtDb9KLG09kxJq0iAAAH","metadata":{},"timestamp":"2026-03-11 20:39:48"}
{"level":"info","message":"[Socket connected] userId: 6952c5e37717bc70a397d947, socketId: _7UJp2f1psYlhabVAAAJ","metadata":{},"timestamp":"2026-03-11 20:39:50"}
{"level":"info","message":"[Socket connected] userId: 695a20c20a35db6ab36c2395, socketId: CNn-Er_CWMZzVjmaAAAL","metadata":{},"timestamp":"2026-03-11 20:39:51"}
{"level":"info","message":"[Socket disconnected] userId: 695a20c20a35db6ab36c2395","metadata":{},"timestamp":"2026-03-11 20:39:55"}
{"level":"info","message":"[Socket disconnected] userId: 695a20c20a35db6ab36c2395","metadata":{},"timestamp":"2026-03-11 20:39:55"}
{"level":"info","message":"[Socket connected] userId: 695a20c20a35db6ab36c2395, socketId: e8eBxnvuP38O8X5_AAAQ","metadata":{},"timestamp":"2026-03-11 20:39:55"}
{"level":"info","message":"[Socket connected] userId: 695a20c20a35db6ab36c2395, socketId: Xp_qFgA0E53pJyCjAAAR","metadata":{},"timestamp":"2026-03-11 20:39:55"}
{"level":"info","message":"[Socket disconnected] userId: 695a20c20a35db6ab36c2395","metadata":{},"timestamp":"2026-03-11 20:40:02"}
{"level":"info","message":"[Socket connected] userId: 695a20c20a35db6ab36c2395, socketId: L-eZgw76LaIkX2p1AAAT","metadata":{},"timestamp":"2026-03-11 20:40:02"}
{"level":"info","message":"[Socket disconnected] userId: 6952c5e37717bc70a397d947","metadata":{},"timestamp":"2026-03-11 20:40:20"}
{"level":"info","message":"[Socket disconnected] userId: 6952c5e37717bc70a397d947","metadata":{},"timestamp":"2026-03-11 20:40:20"}
{"level":"info","message":"[Socket connected] userId: 6952c5e37717bc70a397d947, socketId: vhuW2cezYCgn2vgSAAAW","metadata":{},"timestamp":"2026-03-11 20:40:20"}
{"level":"info","message":"[Socket connected] userId: 6952c5e37717bc70a397d947, socketId: 5JPpCdJ-Z4WMndnGAAAX","metadata":{},"timestamp":"2026-03-11 20:40:20"}
{"level":"info","message":"[Socket disconnected] userId: 695a20c20a35db6ab36c2395","metadata":{},"timestamp":"2026-03-11 20:40:21"}
{"level":"info","message":"[Socket connected] userId: 695a20c20a35db6ab36c2395, socketId: wDiI-Tan4QZXv2yJAAAa","metadata":{},"timestamp":"2026-03-11 20:40:23"}
{"level":"info","message":"User 6952c5e37717bc70a397d947 joined room 69b184a69169dca07baf855b","metadata":{},"timestamp":"2026-03-11 20:40:26"}
{"level":"info","message":"User 6952c5e37717bc70a397d947 left room 69b184a69169dca07baf855b","metadata":{},"timestamp":"2026-03-11 20:40:57"}
{"level":"info","message":"User 6952c5e37717bc70a397d947 joined room 69b184a69169dca07baf855b","metadata":{},"timestamp":"2026-03-11 20:41:08"}
{"level":"info","message":"User 6952c5e37717bc70a397d947 left room 69b184a69169dca07baf855b","metadata":{},"timestamp":"2026-03-11 20:41:45"}
{"level":"info","message":"Backend running on http://localhost:5001","metadata":{},"timestamp":"2026-03-11 20:47:29"}
{"level":"info","message":"Redis connected","metadata":{},"timestamp":"2026-03-11 20:47:29"}
{"level":"info","message":"MongoDB connected successfully","metadata":{},"timestamp":"2026-03-11 20:47:29"}
{"level":"info","message":"[Socket connected] userId: 6952c5e37717bc70a397d947, socketId: dsJ2BU3GKkre6FzaAAAB","metadata":{},"timestamp":"2026-03-11 20:47:30"}
{"level":"info","message":"[Socket connected] userId: 6952c5e37717bc70a397d947, socketId: uVMNwJxhxoJyx9YMAAAD","metadata":{},"timestamp":"2026-03-11 20:47:31"}
{"level":"info","message":"[Socket connected] userId: 695a20c20a35db6ab36c2395, socketId: gLYPUkEnC4ynLGVKAAAG","metadata":{},"timestamp":"2026-03-11 20:47:35"}
{"level":"info","message":"[Socket disconnected] userId: 6952c5e37717bc70a397d947","metadata":{},"timestamp":"2026-03-11 20:47:37"}
{"level":"info","message":"[Socket connected] userId: 6952c5e37717bc70a397d947, socketId: 4jIOrcTasDTngksgAAAL","metadata":{},"timestamp":"2026-03-11 20:47:37"}
{"level":"info","message":"[Socket connected] userId: 6952c5e37717bc70a397d947, socketId: fvhPyU6iO2DI0KeIAAAM","metadata":{},"timestamp":"2026-03-11 20:47:37"}
{"level":"info","message":"User 6952c5e37717bc70a397d947 joined room 69b184a69169dca07baf855b","metadata":{},"timestamp":"2026-03-11 20:47:39"}
{"level":"info","message":"User 6952c5e37717bc70a397d947 left room 69b184a69169dca07baf855b","metadata":{},"timestamp":"2026-03-11 20:47:40"}
{"level":"info","message":"[Socket connected] userId: 695a20c20a35db6ab36c2395, socketId: _8HyXMrFW2GRtgunAAAP","metadata":{},"timestamp":"2026-03-11 20:47:43"}
{"level":"info","message":"[Socket disconnected] userId: 695a20c20a35db6ab36c2395","metadata":{},"timestamp":"2026-03-11 23:24:19"}
{"level":"info","message":"[Socket disconnected] userId: 6952c5e37717bc70a397d947","metadata":{},"timestamp":"2026-03-11 23:24:19"}
{"level":"info","message":"[Socket disconnected] userId: 695a20c20a35db6ab36c2395","metadata":{},"timestamp":"2026-03-11 23:24:19"}
{"level":"info","message":"[Socket disconnected] userId: 6952c5e37717bc70a397d947","metadata":{},"timestamp":"2026-03-11 23:24:19"}
{"level":"info","message":"[Socket disconnected] userId: 6952c5e37717bc70a397d947","metadata":{},"timestamp":"2026-03-11 23:24:19"}
{"level":"info","message":"[Socket connected] userId: 6952c5e37717bc70a397d947, socketId: 7qXPb_lyzcKRceVtAAAU","metadata":{},"timestamp":"2026-03-11 23:24:20"}
{"level":"info","message":"[Socket connected] userId: 6952c5e37717bc70a397d947, socketId: wM5Mf4txQELOEixaAAAV","metadata":{},"timestamp":"2026-03-11 23:24:20"}
{"level":"info","message":"[Socket connected] userId: 695a20c20a35db6ab36c2395, socketId: z0tK12MAuljKpM46AAAa","metadata":{},"timestamp":"2026-03-11 23:24:20"}
{"level":"info","message":"[Socket connected] userId: 695a20c20a35db6ab36c2395, socketId: O523NV8BDRzToowSAAAb","metadata":{},"timestamp":"2026-03-11 23:24:20"}
{"level":"info","message":"[Socket connected] userId: 6952c5e37717bc70a397d947, socketId: toaXSQje7qVg-WkmAAAd","metadata":{},"timestamp":"2026-03-11 23:24:21"}
