{"level":"info","message":"Backend running on http://localhost:5001","timestamp":"2026-02-11 09:09:54"}
{"level":"error","message":"Redis error {\"errno\":-61,\"code\":\"ECONNREFUSED\",\"syscall\":\"connect\",\"address\":\"127.0.0.1\",\"port\":6379}","timestamp":"2026-02-11 09:09:54"}
{"level":"info","message":"MongoDB connected successfully","timestamp":"2026-02-11 09:09:54"}
{"level":"error","message":"Redis error {\"errno\":-61,\"code\":\"ECONNREFUSED\",\"syscall\":\"connect\",\"address\":\"127.0.0.1\",\"port\":6379}","timestamp":"2026-02-11 09:09:54"}
{"level":"error","message":"Redis error {\"errno\":-61,\"code\":\"ECONNREFUSED\",\"syscall\":\"connect\",\"address\":\"127.0.0.1\",\"port\":6379}","timestamp":"2026-02-11 09:09:54"}
{"level":"error","message":"Redis error {\"errno\":-61,\"code\":\"ECONNREFUSED\",\"syscall\":\"connect\",\"address\":\"127.0.0.1\",\"port\":6379}","timestamp":"2026-02-11 09:09:55"}
{"level":"error","message":"Redis error {\"errno\":-61,\"code\":\"ECONNREFUSED\",\"syscall\":\"connect\",\"address\":\"127.0.0.1\",\"port\":6379}","timestamp":"2026-02-11 09:09:55"}
{"level":"info","message":"Backend running on http://localhost:5001","timestamp":"2026-02-11 09:11:41"}
{"level":"info","message":"Redis connected","timestamp":"2026-02-11 09:11:41"}
{"level":"info","message":"MongoDB connected successfully","timestamp":"2026-02-11 09:11:41"}
{"level":"info","message":"Backend running on http://localhost:5001","timestamp":"2026-02-11 09:12:18"}
{"level":"info","message":"Redis connected","timestamp":"2026-02-11 09:12:18"}
{"level":"info","message":"MongoDB connected successfully","timestamp":"2026-02-11 09:12:18"}
{"level":"info","message":"Backend running on http://localhost:5001","timestamp":"2026-02-11 09:12:27"}
{"level":"info","message":"Redis connected","timestamp":"2026-02-11 09:12:27"}
{"level":"info","message":"MongoDB connected successfully","timestamp":"2026-02-11 09:12:27"}
{"level":"info","message":"Backend running on http://localhost:5001","timestamp":"2026-02-11 09:15:54"}
{"level":"info","message":"Redis connected","timestamp":"2026-02-11 09:15:54"}
{"level":"info","message":"MongoDB connected successfully","timestamp":"2026-02-11 09:15:54"}
{"level":"info","message":"Backend running on http://localhost:5001","timestamp":"2026-02-11 09:19:08"}
{"level":"info","message":"Redis connected","timestamp":"2026-02-11 09:19:08"}
{"level":"info","message":"MongoDB connected successfully","timestamp":"2026-02-11 09:19:08"}
{"level":"info","message":"Backend running on http://localhost:5001","timestamp":"2026-02-11 09:19:32"}
{"level":"info","message":"Redis connected","timestamp":"2026-02-11 09:19:32"}
{"level":"info","message":"MongoDB connected successfully","timestamp":"2026-02-11 09:19:32"}
{"level":"info","message":"Backend running on http://localhost:5001","timestamp":"2026-02-11 09:19:40"}
{"level":"info","message":"Redis connected","timestamp":"2026-02-11 09:19:40"}
{"level":"info","message":"MongoDB connected successfully","timestamp":"2026-02-11 09:19:40"}
{"level":"info","message":"Backend running on http://localhost:5001","timestamp":"2026-02-11 09:19:51"}
{"level":"info","message":"Redis connected","timestamp":"2026-02-11 09:19:51"}
{"level":"info","message":"MongoDB connected successfully","timestamp":"2026-02-11 09:19:51"}
{"level":"info","message":"Backend running on http://localhost:5001","timestamp":"2026-02-11 09:21:09"}
{"level":"info","message":"Redis connected","timestamp":"2026-02-11 09:21:09"}
{"level":"info","message":"MongoDB connected successfully","timestamp":"2026-02-11 09:21:09"}
{"level":"info","message":"Backend running on http://localhost:5001","timestamp":"2026-02-11 09:21:16"}
{"level":"info","message":"Redis connected","timestamp":"2026-02-11 09:21:16"}
{"level":"info","message":"MongoDB connected successfully","timestamp":"2026-02-11 09:21:16"}
{"level":"info","message":"Backend running on http://localhost:5001","timestamp":"2026-02-11 09:23:36"}
{"level":"info","message":"Redis connected","timestamp":"2026-02-11 09:23:36"}
{"level":"info","message":"MongoDB connected successfully","timestamp":"2026-02-11 09:23:36"}
{"level":"info","message":"Backend running on http://localhost:5001","timestamp":"2026-02-11 09:23:48"}
{"level":"info","message":"Redis connected","timestamp":"2026-02-11 09:23:48"}
{"level":"info","message":"MongoDB connected successfully","timestamp":"2026-02-11 09:23:48"}
{"level":"info","message":"Backend running on http://localhost:5001","timestamp":"2026-02-11 09:26:46"}
{"level":"info","message":"Redis connected","timestamp":"2026-02-11 09:26:46"}
{"level":"info","message":"MongoDB connected successfully","timestamp":"2026-02-11 09:26:46"}
{"level":"info","message":"Backend running on http://localhost:5001","timestamp":"2026-02-11 09:29:22"}
{"level":"info","message":"Redis connected","timestamp":"2026-02-11 09:29:22"}
{"level":"info","message":"MongoDB connected successfully","timestamp":"2026-02-11 09:29:22"}
{"level":"info","message":"Backend running on http://localhost:5001","timestamp":"2026-02-11 09:32:18"}
{"level":"info","message":"Redis connected","timestamp":"2026-02-11 09:32:18"}
{"level":"info","message":"MongoDB connected successfully","timestamp":"2026-02-11 09:32:18"}
{"level":"info","message":"Backend running on http://localhost:5001","timestamp":"2026-02-11 09:33:58"}
{"level":"info","message":"Redis connected","timestamp":"2026-02-11 09:33:58"}
{"level":"info","message":"MongoDB connected successfully","timestamp":"2026-02-11 09:33:58"}
{"level":"info","message":"Backend running on http://localhost:5001","timestamp":"2026-02-11 09:52:59"}
{"level":"info","message":"Redis connected","timestamp":"2026-02-11 09:52:59"}
{"level":"info","message":"MongoDB connected successfully","timestamp":"2026-02-11 09:52:59"}
{"level":"info","message":"Backend running on http://localhost:5001","timestamp":"2026-02-11 09:55:17"}
{"level":"info","message":"Redis connected","timestamp":"2026-02-11 09:55:17"}
{"level":"info","message":"MongoDB connected successfully","timestamp":"2026-02-11 09:55:17"}
{"level":"warn","message":"Handled AppError Unauthorized role access","method":"POST","statusCode":403,"timestamp":"2026-02-11 10:07:11","url":"/api/auth/login","userId":"anonymous"}
{"level":"info","message":"Backend running on http://localhost:5001","timestamp":"2026-02-11 10:28:50"}
{"level":"info","message":"Redis connected","timestamp":"2026-02-11 10:28:50"}
{"level":"info","message":"MongoDB connected successfully","timestamp":"2026-02-11 10:28:50"}
{"level":"info","message":"Backend running on http://localhost:5001","timestamp":"2026-02-11 10:28:50"}
{"level":"info","message":"Redis connected","timestamp":"2026-02-11 10:28:50"}
{"level":"info","message":"MongoDB connected successfully","timestamp":"2026-02-11 10:28:50"}
{"level":"info","message":"Backend running on http://localhost:5001","timestamp":"2026-02-11 10:29:52"}
{"level":"info","message":"Redis connected","timestamp":"2026-02-11 10:29:52"}
{"level":"info","message":"Backend running on http://localhost:5001","timestamp":"2026-02-11 10:29:52"}
{"level":"info","message":"Redis connected","timestamp":"2026-02-11 10:29:52"}
{"level":"info","message":"MongoDB connected successfully","timestamp":"2026-02-11 10:29:52"}
{"level":"info","message":"MongoDB connected successfully","timestamp":"2026-02-11 10:29:52"}
{"level":"info","message":"Backend running on http://localhost:5001","timestamp":"2026-02-11 10:30:10"}
{"level":"info","message":"Redis connected","timestamp":"2026-02-11 10:30:10"}
{"level":"info","message":"Backend running on http://localhost:5001","timestamp":"2026-02-11 10:30:10"}
{"level":"info","message":"MongoDB connected successfully","timestamp":"2026-02-11 10:30:10"}
{"level":"info","message":"Redis connected","timestamp":"2026-02-11 10:30:10"}
{"level":"info","message":"MongoDB connected successfully","timestamp":"2026-02-11 10:30:10"}
{"level":"info","message":"Backend running on http://localhost:5001","timestamp":"2026-02-11 10:31:23"}
{"level":"info","message":"Redis connected","timestamp":"2026-02-11 10:31:23"}
{"level":"info","message":"Backend running on http://localhost:5001","timestamp":"2026-02-11 10:31:23"}
{"level":"info","message":"MongoDB connected successfully","timestamp":"2026-02-11 10:31:23"}
{"level":"info","message":"Redis connected","timestamp":"2026-02-11 10:31:23"}
{"level":"info","message":"MongoDB connected successfully","timestamp":"2026-02-11 10:31:23"}
{"level":"warn","message":"Handled AppError Email already registered","method":"POST","statusCode":400,"timestamp":"2026-02-11 10:58:48","url":"/api/apply-stylist","userId":"anonymous"}
{"level":"warn","message":"Handled AppError Please verify email or phone before login","method":"POST","statusCode":403,"timestamp":"2026-02-11 11:00:48","url":"/api/auth/login","userId":"anonymous"}
{"level":"info","message":"Backend running on http://localhost:5001","timestamp":"2026-02-11 11:40:17"}
{"level":"info","message":"Redis connected","timestamp":"2026-02-11 11:40:17"}
{"level":"info","message":"MongoDB connected successfully","timestamp":"2026-02-11 11:40:17"}
{"level":"info","message":"Backend running on http://localhost:5001","timestamp":"2026-02-11 11:40:17"}
{"level":"info","message":"Redis connected","timestamp":"2026-02-11 11:40:17"}
{"level":"info","message":"MongoDB connected successfully","timestamp":"2026-02-11 11:40:17"}
{"level":"info","message":"Backend running on http://localhost:5001","timestamp":"2026-02-11 11:40:23"}
{"level":"info","message":"Redis connected","timestamp":"2026-02-11 11:40:23"}
{"level":"info","message":"MongoDB connected successfully","timestamp":"2026-02-11 11:40:23"}
{"level":"info","message":"Backend running on http://localhost:5001","timestamp":"2026-02-11 11:40:23"}
{"level":"info","message":"Redis connected","timestamp":"2026-02-11 11:40:23"}
{"level":"info","message":"MongoDB connected successfully","timestamp":"2026-02-11 11:40:23"}
{"level":"info","message":"Backend running on http://localhost:5001","timestamp":"2026-02-11 11:40:32"}
{"level":"info","message":"Redis connected","timestamp":"2026-02-11 11:40:32"}
{"level":"info","message":"MongoDB connected successfully","timestamp":"2026-02-11 11:40:32"}
{"level":"info","message":"Backend running on http://localhost:5001","timestamp":"2026-02-11 11:40:32"}
{"level":"info","message":"Redis connected","timestamp":"2026-02-11 11:40:32"}
{"level":"info","message":"MongoDB connected successfully","timestamp":"2026-02-11 11:40:32"}
{"level":"info","message":"Backend running on http://localhost:5001","timestamp":"2026-02-11 11:41:00"}
{"level":"info","message":"Redis connected","timestamp":"2026-02-11 11:41:00"}
{"level":"info","message":"Backend running on http://localhost:5001","timestamp":"2026-02-11 11:41:00"}
{"level":"info","message":"MongoDB connected successfully","timestamp":"2026-02-11 11:41:00"}
{"level":"info","message":"Redis connected","timestamp":"2026-02-11 11:41:00"}
{"level":"info","message":"MongoDB connected successfully","timestamp":"2026-02-11 11:41:00"}
{"level":"warn","message":"Handled AppError Service not found","method":"GET","statusCode":404,"timestamp":"2026-02-11 16:34:20","url":"/api/branches/698b46bfe65366c147965cf4/services/698b338d6a2db8569cdf76fd","userId":"anonymous"}
{"level":"warn","message":"Handled AppError Service not found","method":"GET","statusCode":404,"timestamp":"2026-02-11 16:34:20","url":"/api/branches/698b46bfe65366c147965cf4/services/698b338d6a2db8569cdf76fd","userId":"anonymous"}
{"level":"warn","message":"Handled AppError Service not found","method":"GET","statusCode":404,"timestamp":"2026-02-11 16:35:06","url":"/api/branches/698b46bfe65366c147965cf4/services/698b338d6a2db8569cdf76fd","userId":"anonymous"}
{"level":"warn","message":"Handled AppError Service not found","method":"GET","statusCode":404,"timestamp":"2026-02-11 16:35:06","url":"/api/branches/698b46bfe65366c147965cf4/services/698b338d6a2db8569cdf76fd","userId":"anonymous"}
{"level":"warn","message":"Handled AppError Service not found","method":"GET","statusCode":404,"timestamp":"2026-02-11 16:35:08","url":"/api/branches/698b46bfe65366c147965cf4/services/698b338d6a2db8569cdf76fd","userId":"anonymous"}
{"level":"warn","message":"Handled AppError Service not found","method":"GET","statusCode":404,"timestamp":"2026-02-11 16:35:08","url":"/api/branches/698b46bfe65366c147965cf4/services/698b338d6a2db8569cdf76fd","userId":"anonymous"}
{"level":"warn","message":"Handled AppError Category already exists","method":"POST","statusCode":400,"timestamp":"2026-02-11 16:42:40","url":"/api/admin/categories","userId":"693d1d1c955b52394a731682"}
{"level":"info","message":"Backend running on http://localhost:5001","timestamp":"2026-02-11 16:47:57"}
{"level":"info","message":"Redis connected","timestamp":"2026-02-11 16:47:57"}
{"level":"info","message":"MongoDB connected successfully","timestamp":"2026-02-11 16:47:57"}
{"level":"info","message":"Backend running on http://localhost:5001","timestamp":"2026-02-11 16:48:23"}
{"level":"info","message":"Redis connected","timestamp":"2026-02-11 16:48:23"}
{"level":"info","message":"MongoDB connected successfully","timestamp":"2026-02-11 16:48:23"}
{"level":"warn","message":"Handled AppError Unauthorized role access","method":"POST","statusCode":403,"timestamp":"2026-02-11 16:49:18","url":"/api/auth/login","userId":"anonymous"}
