{"level":"info","message":"Backend running on http://localhost:5001","timestamp":"2026-02-09 01:06:53"}
{"level":"info","message":"Redis connected","timestamp":"2026-02-09 01:06:53"}
{"level":"info","message":"MongoDB connected successfully","timestamp":"2026-02-09 01:06:53"}
{"level":"info","message":"Backend running on http://localhost:5001","timestamp":"2026-02-09 01:08:18"}
{"level":"info","message":"Redis connected","timestamp":"2026-02-09 01:08:18"}
{"level":"info","message":"MongoDB connected successfully","timestamp":"2026-02-09 01:08:18"}
{"level":"info","message":"Backend running on http://localhost:5001","timestamp":"2026-02-09 01:10:59"}
{"level":"info","message":"Redis connected","timestamp":"2026-02-09 01:10:59"}
{"level":"info","message":"MongoDB connected successfully","timestamp":"2026-02-09 01:10:59"}
{"level":"info","message":"Backend running on http://localhost:5001","timestamp":"2026-02-09 01:13:00"}
{"level":"info","message":"Redis connected","timestamp":"2026-02-09 01:13:00"}
{"level":"info","message":"MongoDB connected successfully","timestamp":"2026-02-09 01:13:00"}
{"level":"info","message":"Backend running on http://localhost:5001","timestamp":"2026-02-09 01:15:19"}
{"level":"info","message":"Redis connected","timestamp":"2026-02-09 01:15:19"}
{"level":"info","message":"MongoDB connected successfully","timestamp":"2026-02-09 01:15:19"}
{"level":"info","message":"Backend running on http://localhost:5001","timestamp":"2026-02-09 01:18:09"}
{"level":"info","message":"Redis connected","timestamp":"2026-02-09 01:18:09"}
{"level":"info","message":"MongoDB connected successfully","timestamp":"2026-02-09 01:18:09"}
{"level":"info","message":"Backend running on http://localhost:5001","timestamp":"2026-02-09 01:23:02"}
{"level":"info","message":"Redis connected","timestamp":"2026-02-09 01:23:02"}
{"level":"info","message":"MongoDB connected successfully","timestamp":"2026-02-09 01:23:02"}
{"level":"warn","message":"Handled AppError Invalid email/phone or password","method":"POST","statusCode":401,"timestamp":"2026-02-09 01:53:13","url":"/api/auth/login","userId":"anonymous"}
{"level":"info","message":"Backend running on http://localhost:5001","timestamp":"2026-02-09 01:59:01"}
{"level":"info","message":"Redis connected","timestamp":"2026-02-09 01:59:01"}
{"level":"info","message":"MongoDB connected successfully","timestamp":"2026-02-09 01:59:01"}
{"level":"info","message":"Backend running on http://localhost:5001","timestamp":"2026-02-09 01:59:01"}
{"level":"info","message":"Redis connected","timestamp":"2026-02-09 01:59:01"}
{"level":"info","message":"MongoDB connected successfully","timestamp":"2026-02-09 01:59:01"}
{"level":"info","message":"Backend running on http://localhost:5001","timestamp":"2026-02-09 01:59:01"}
{"level":"info","message":"Redis connected","timestamp":"2026-02-09 01:59:01"}
{"level":"info","message":"MongoDB connected successfully","timestamp":"2026-02-09 01:59:01"}
{"level":"info","message":"Backend running on http://localhost:5001","timestamp":"2026-02-09 02:03:50"}
{"level":"info","message":"Redis connected","timestamp":"2026-02-09 02:03:50"}
{"level":"info","message":"Backend running on http://localhost:5001","timestamp":"2026-02-09 02:03:50"}
{"level":"info","message":"MongoDB connected successfully","timestamp":"2026-02-09 02:03:50"}
{"level":"info","message":"Backend running on http://localhost:5001","timestamp":"2026-02-09 02:03:50"}
{"level":"info","message":"Redis connected","timestamp":"2026-02-09 02:03:50"}
{"level":"info","message":"Redis connected","timestamp":"2026-02-09 02:03:50"}
{"level":"info","message":"MongoDB connected successfully","timestamp":"2026-02-09 02:03:50"}
{"level":"info","message":"MongoDB connected successfully","timestamp":"2026-02-09 02:03:50"}
{"level":"info","message":"Backend running on http://localhost:5001","timestamp":"2026-02-09 12:32:20"}
{"level":"info","message":"Redis connected","timestamp":"2026-02-09 12:32:20"}
{"level":"info","message":"MongoDB connected successfully","timestamp":"2026-02-09 12:32:20"}
{"level":"warn","message":"Handled AppError Invalid email/phone or password","method":"POST","statusCode":401,"timestamp":"2026-02-09 13:23:25","url":"/api/auth/login","userId":"anonymous"}
{"level":"warn","message":"Handled AppError Unauthorized role access","method":"POST","statusCode":403,"timestamp":"2026-02-09 13:55:06","url":"/api/auth/login","userId":"anonymous"}
