{"level":"info","message":"Backend running on http://localhost:5001","metadata":{},"timestamp":"2026-03-25 06:56:39"}
{"level":"info","message":"Redis connected","metadata":{},"timestamp":"2026-03-25 06:56:39"}
{"level":"info","message":"MongoDB connected successfully","metadata":{},"timestamp":"2026-03-25 06:56:39"}
{"level":"info","message":"[Socket connected] userId: 695adad0e5e49754e37c9c4b, socketId: i4Ed8u0D82CG5chtAAAC","metadata":{},"timestamp":"2026-03-25 07:01:32"}
{"level":"info","message":"Backend running on http://localhost:5001","metadata":{},"timestamp":"2026-03-25 07:50:07"}
{"level":"info","message":"Redis connected","metadata":{},"timestamp":"2026-03-25 07:50:07"}
{"level":"info","message":"MongoDB connected successfully","metadata":{},"timestamp":"2026-03-25 07:50:07"}
{"level":"info","message":"[Socket connected] userId: 695adad0e5e49754e37c9c4b, socketId: VfVGnlm4X-DJL_h7AAAC","metadata":{},"timestamp":"2026-03-25 07:50:14"}
{"level":"info","message":"[Socket connected] userId: 695228e8999890489a028026, socketId: YyBMuMLxBdAF0q2KAAAE","metadata":{},"timestamp":"2026-03-25 07:50:44"}
{"level":"info","message":"[Socket disconnected] userId: 695adad0e5e49754e37c9c4b","metadata":{},"timestamp":"2026-03-25 07:51:41"}
{"level":"info","message":"[Socket connected] userId: 695adad0e5e49754e37c9c4b, socketId: PBs75IidLTmC0rKmAAAH","metadata":{},"timestamp":"2026-03-25 07:51:41"}
{"level":"warn","message":"Handled AppError notificationId: Invalid input: expected string, received undefined, : Unrecognized key: \"id\"","metadata":{"method":"PATCH","statusCode":400,"url":"/api/notifications/69c346acb737e16844ea0c97/read","userId":"695adad0e5e49754e37c9c4b"},"timestamp":"2026-03-25 07:51:47"}
{"level":"info","message":"[Socket disconnected] userId: 695228e8999890489a028026","metadata":{},"timestamp":"2026-03-25 07:52:01"}
{"level":"info","message":"[Socket connected] userId: 695228e8999890489a028026, socketId: KXZMNgRKXSd1V1COAAAK","metadata":{},"timestamp":"2026-03-25 07:52:01"}
{"level":"info","message":"[Socket disconnected] userId: 695adad0e5e49754e37c9c4b","metadata":{},"timestamp":"2026-03-25 07:53:55"}
{"level":"info","message":"[Socket connected] userId: 695adad0e5e49754e37c9c4b, socketId: C3qHTEiJ1DIvTt8RAAAN","metadata":{},"timestamp":"2026-03-25 07:53:55"}
{"level":"info","message":"[Socket disconnected] userId: 695adad0e5e49754e37c9c4b","metadata":{},"timestamp":"2026-03-25 07:55:06"}
{"level":"info","message":"[Socket connected] userId: 695adad0e5e49754e37c9c4b, socketId: 49UHYIDtLw8476qxAAAQ","metadata":{},"timestamp":"2026-03-25 07:55:06"}
{"level":"info","message":"[Socket disconnected] userId: 695adad0e5e49754e37c9c4b","metadata":{},"timestamp":"2026-03-25 07:55:07"}
{"level":"info","message":"[Socket connected] userId: 695adad0e5e49754e37c9c4b, socketId: uVH7ycOXRGjZBsOSAAAT","metadata":{},"timestamp":"2026-03-25 07:55:07"}
{"level":"info","message":"[Socket disconnected] userId: 695adad0e5e49754e37c9c4b","metadata":{},"timestamp":"2026-03-25 07:55:08"}
{"level":"info","message":"[Socket connected] userId: 695adad0e5e49754e37c9c4b, socketId: p2as-KQ0tXF9OTX9AAAW","metadata":{},"timestamp":"2026-03-25 07:55:08"}
{"level":"info","message":"[Socket disconnected] userId: 695adad0e5e49754e37c9c4b","metadata":{},"timestamp":"2026-03-25 07:55:37"}
{"level":"info","message":"[Socket connected] userId: 695adad0e5e49754e37c9c4b, socketId: 0ab5jeHBajfSnbfFAAAZ","metadata":{},"timestamp":"2026-03-25 07:55:37"}
{"level":"info","message":"[Socket disconnected] userId: 695adad0e5e49754e37c9c4b","metadata":{},"timestamp":"2026-03-25 07:55:38"}
{"level":"info","message":"[Socket connected] userId: 695adad0e5e49754e37c9c4b, socketId: cIhp8UZ1zII4Y7WuAAAc","metadata":{},"timestamp":"2026-03-25 07:55:38"}
{"level":"warn","message":"Handled AppError notificationId: Invalid input: expected string, received undefined, : Unrecognized key: \"id\"","metadata":{"method":"PATCH","statusCode":400,"url":"/api/notifications/69c346acb737e16844ea0c97/read","userId":"695adad0e5e49754e37c9c4b"},"timestamp":"2026-03-25 07:57:08"}
{"level":"info","message":"[Socket connected] userId: 695adad0e5e49754e37c9c4b, socketId: bVu1rrOuMQcRYkEWAAAf","metadata":{},"timestamp":"2026-03-25 07:57:44"}
{"level":"info","message":"[Socket disconnected] userId: 695adad0e5e49754e37c9c4b","metadata":{},"timestamp":"2026-03-25 07:57:45"}
{"level":"info","message":"[Socket connected] userId: 695228e8999890489a028026, socketId: X4MS4rOLqwjaYw43AAAi","metadata":{},"timestamp":"2026-03-25 08:00:52"}
{"level":"info","message":"[Socket disconnected] userId: 695228e8999890489a028026","metadata":{},"timestamp":"2026-03-25 08:00:57"}
{"level":"info","message":"[Socket connected] userId: 693d1d1c955b52394a731682, socketId: dv25rWvdCcwQlOPQAAAk","metadata":{},"timestamp":"2026-03-25 08:00:57"}
{"level":"info","message":"Backend running on http://localhost:5001","metadata":{},"timestamp":"2026-03-25 08:01:46"}
{"level":"info","message":"Redis connected","metadata":{},"timestamp":"2026-03-25 08:01:46"}
{"level":"info","message":"MongoDB connected successfully","metadata":{},"timestamp":"2026-03-25 08:01:46"}
{"level":"info","message":"[Socket connected] userId: 695228e8999890489a028026, socketId: kaG-F1tVtzrMM8Y5AAAB","metadata":{},"timestamp":"2026-03-25 08:01:47"}
{"level":"info","message":"[Socket connected] userId: 695adad0e5e49754e37c9c4b, socketId: r-raa8dpOzdGO7GsAAAD","metadata":{},"timestamp":"2026-03-25 08:01:51"}
{"level":"info","message":"[Socket connected] userId: 693d1d1c955b52394a731682, socketId: gagIQ02NCtJlCE7dAAAF","metadata":{},"timestamp":"2026-03-25 08:01:52"}
{"level":"info","message":"[Socket disconnected] userId: 695adad0e5e49754e37c9c4b","metadata":{},"timestamp":"2026-03-25 08:02:08"}
{"level":"info","message":"[Socket connected] userId: 695adad0e5e49754e37c9c4b, socketId: 1PT7fg4B96758EOzAAAI","metadata":{},"timestamp":"2026-03-25 08:02:08"}
{"level":"info","message":"[Socket disconnected] userId: 695adad0e5e49754e37c9c4b","metadata":{},"timestamp":"2026-03-25 08:02:09"}
{"level":"info","message":"[Socket connected] userId: 695adad0e5e49754e37c9c4b, socketId: qMXGZbhdwcmDfPT5AAAL","metadata":{},"timestamp":"2026-03-25 08:02:09"}
{"level":"info","message":"[Socket disconnected] userId: 695adad0e5e49754e37c9c4b","metadata":{},"timestamp":"2026-03-25 08:02:09"}
{"level":"info","message":"[Socket connected] userId: 695adad0e5e49754e37c9c4b, socketId: IYVDshW6yW9H88QXAAAO","metadata":{},"timestamp":"2026-03-25 08:02:10"}
{"level":"info","message":"[Socket disconnected] userId: 695adad0e5e49754e37c9c4b","metadata":{},"timestamp":"2026-03-25 08:02:10"}
{"level":"info","message":"[Socket connected] userId: 695adad0e5e49754e37c9c4b, socketId: 2Xj9B_eGP7RHwBViAAAR","metadata":{},"timestamp":"2026-03-25 08:02:10"}
{"level":"info","message":"[Socket disconnected] userId: 695adad0e5e49754e37c9c4b","metadata":{},"timestamp":"2026-03-25 08:02:11"}
{"level":"info","message":"[Socket connected] userId: 695adad0e5e49754e37c9c4b, socketId: wF1fNY91YPvtVzISAAAU","metadata":{},"timestamp":"2026-03-25 08:02:11"}
{"level":"info","message":"[Socket disconnected] userId: 695adad0e5e49754e37c9c4b","metadata":{},"timestamp":"2026-03-25 08:02:12"}
{"level":"info","message":"[Socket connected] userId: 695adad0e5e49754e37c9c4b, socketId: Ue48fNuZ6MfltDpJAAAX","metadata":{},"timestamp":"2026-03-25 08:02:12"}
{"level":"info","message":"[Socket disconnected] userId: 695adad0e5e49754e37c9c4b","metadata":{},"timestamp":"2026-03-25 08:02:13"}
{"level":"info","message":"[Socket connected] userId: 695adad0e5e49754e37c9c4b, socketId: bm--7xvz89fuJ_5WAAAa","metadata":{},"timestamp":"2026-03-25 08:02:13"}
{"level":"info","message":"Backend running on http://localhost:5001","metadata":{},"timestamp":"2026-03-25 08:03:58"}
{"level":"info","message":"Redis connected","metadata":{},"timestamp":"2026-03-25 08:03:58"}
{"level":"info","message":"MongoDB connected successfully","metadata":{},"timestamp":"2026-03-25 08:03:58"}
{"level":"info","message":"[Socket connected] userId: 695adad0e5e49754e37c9c4b, socketId: Y6OfnYyc3HxdktgzAAAB","metadata":{},"timestamp":"2026-03-25 08:03:59"}
{"level":"info","message":"[Socket connected] userId: 695228e8999890489a028026, socketId: phAcX9ssvBIaXR77AAAD","metadata":{},"timestamp":"2026-03-25 08:04:00"}
{"level":"info","message":"[Socket connected] userId: 693d1d1c955b52394a731682, socketId: hkCV-LboPq1lWrEXAAAF","metadata":{},"timestamp":"2026-03-25 08:04:03"}
{"level":"info","message":"Backend running on http://localhost:5001","metadata":{},"timestamp":"2026-03-25 08:04:20"}
{"level":"info","message":"Redis connected","metadata":{},"timestamp":"2026-03-25 08:04:20"}
{"level":"info","message":"MongoDB connected successfully","metadata":{},"timestamp":"2026-03-25 08:04:20"}
{"level":"info","message":"[Socket connected] userId: 695adad0e5e49754e37c9c4b, socketId: Nu2-FzAB5nGxlvs0AAAC","metadata":{},"timestamp":"2026-03-25 08:04:24"}
{"level":"info","message":"[Socket connected] userId: 693d1d1c955b52394a731682, socketId: 4kU8kkMowwWRrHIaAAAD","metadata":{},"timestamp":"2026-03-25 08:04:24"}
{"level":"info","message":"[Socket connected] userId: 695228e8999890489a028026, socketId: c57dplzTG14jY9NWAAAF","metadata":{},"timestamp":"2026-03-25 08:04:25"}
{"level":"info","message":"[Socket disconnected] userId: 695adad0e5e49754e37c9c4b","metadata":{},"timestamp":"2026-03-25 08:04:27"}
{"level":"info","message":"[Socket connected] userId: 695adad0e5e49754e37c9c4b, socketId: x-Cd9DaQlurJaFwfAAAI","metadata":{},"timestamp":"2026-03-25 08:04:27"}
{"level":"info","message":"[Socket disconnected] userId: 695adad0e5e49754e37c9c4b","metadata":{},"timestamp":"2026-03-25 08:04:28"}
{"level":"info","message":"[Socket connected] userId: 695adad0e5e49754e37c9c4b, socketId: HeyOse1F0s2knAu9AAAL","metadata":{},"timestamp":"2026-03-25 08:04:28"}
{"level":"info","message":"[Socket disconnected] userId: 695adad0e5e49754e37c9c4b","metadata":{},"timestamp":"2026-03-25 08:04:29"}
{"level":"info","message":"[Socket connected] userId: 695adad0e5e49754e37c9c4b, socketId: Mr0GLc7im7W4JfxnAAAO","metadata":{},"timestamp":"2026-03-25 08:04:29"}
{"level":"info","message":"Backend running on http://localhost:5001","metadata":{},"timestamp":"2026-03-25 08:06:22"}
{"level":"info","message":"Redis connected","metadata":{},"timestamp":"2026-03-25 08:06:22"}
{"level":"info","message":"MongoDB connected successfully","metadata":{},"timestamp":"2026-03-25 08:06:22"}
{"level":"info","message":"[Socket connected] userId: 693d1d1c955b52394a731682, socketId: eM112onI257KLlUDAAAC","metadata":{},"timestamp":"2026-03-25 08:06:26"}
{"level":"info","message":"[Socket connected] userId: 695adad0e5e49754e37c9c4b, socketId: 8jf7KzbVbQIXF3dQAAAD","metadata":{},"timestamp":"2026-03-25 08:06:26"}
{"level":"info","message":"[Socket connected] userId: 695228e8999890489a028026, socketId: 30XxLavzQPQeIXR5AAAF","metadata":{},"timestamp":"2026-03-25 08:06:28"}
{"level":"info","message":"Backend running on http://localhost:5001","metadata":{},"timestamp":"2026-03-25 08:08:07"}
{"level":"info","message":"Redis connected","metadata":{},"timestamp":"2026-03-25 08:08:07"}
{"level":"info","message":"MongoDB connected successfully","metadata":{},"timestamp":"2026-03-25 08:08:07"}
{"level":"info","message":"[Socket connected] userId: 693d1d1c955b52394a731682, socketId: H1RFYi78AVSuheyIAAAB","metadata":{},"timestamp":"2026-03-25 08:08:11"}
{"level":"info","message":"[Socket connected] userId: 695adad0e5e49754e37c9c4b, socketId: KAppn0wLc948un3hAAAD","metadata":{},"timestamp":"2026-03-25 08:08:12"}
{"level":"info","message":"[Socket connected] userId: 695228e8999890489a028026, socketId: GOzARIG6gyKH58ByAAAF","metadata":{},"timestamp":"2026-03-25 08:08:13"}
{"level":"info","message":"[Socket disconnected] userId: 695adad0e5e49754e37c9c4b","metadata":{},"timestamp":"2026-03-25 08:08:31"}
{"level":"info","message":"[Socket connected] userId: 695adad0e5e49754e37c9c4b, socketId: n1vyme5tqZVgVR4ZAAAI","metadata":{},"timestamp":"2026-03-25 08:08:31"}
{"level":"info","message":"[Socket disconnected] userId: 695adad0e5e49754e37c9c4b","metadata":{},"timestamp":"2026-03-25 08:10:02"}
{"level":"info","message":"[Socket connected] userId: 695a20c20a35db6ab36c2395, socketId: oEoHk1CeLy9DVUoVAAAK","metadata":{},"timestamp":"2026-03-25 08:10:08"}
{"level":"info","message":"[Socket connected] userId: 695a20c20a35db6ab36c2395, socketId: u6-S9-7qGkrvf1FyAAAN","metadata":{},"timestamp":"2026-03-25 08:10:10"}
{"level":"info","message":"User 695a20c20a35db6ab36c2395 joined room 69b352ff21c921073935eb05","metadata":{},"timestamp":"2026-03-25 08:10:12"}
{"level":"info","message":"User 695a20c20a35db6ab36c2395 joined room 69c34af6881fc7399f99521e","metadata":{},"timestamp":"2026-03-25 08:10:13"}
{"level":"info","message":"[Socket disconnected] userId: 695a20c20a35db6ab36c2395","metadata":{},"timestamp":"2026-03-25 08:10:16"}
{"level":"info","message":"[Socket disconnected] userId: 693d1d1c955b52394a731682","metadata":{},"timestamp":"2026-03-25 08:10:28"}
{"level":"info","message":"[Socket connected] userId: 693d1d1c955b52394a731682, socketId: lgHv85TqaOj_ZqIIAAAQ","metadata":{},"timestamp":"2026-03-25 08:10:28"}
{"level":"info","message":"[Socket disconnected] userId: 695228e8999890489a028026","metadata":{},"timestamp":"2026-03-25 08:11:55"}
{"level":"info","message":"[Socket connected] userId: 695228e8999890489a028026, socketId: NGs5bbo8Y6Ncz0VIAAAT","metadata":{},"timestamp":"2026-03-25 08:11:55"}
{"level":"info","message":"[Socket disconnected] userId: 695a20c20a35db6ab36c2395","metadata":{},"timestamp":"2026-03-25 08:12:22"}
{"level":"info","message":"[Socket connected] userId: 695a20c20a35db6ab36c2395, socketId: 5PGxeOAKvZriU9eoAAAW","metadata":{},"timestamp":"2026-03-25 08:12:22"}
{"level":"info","message":"Backend running on http://localhost:5001","metadata":{},"timestamp":"2026-03-25 08:17:30"}
{"level":"info","message":"Redis connected","metadata":{},"timestamp":"2026-03-25 08:17:30"}
{"level":"info","message":"MongoDB connected successfully","metadata":{},"timestamp":"2026-03-25 08:17:30"}
{"level":"info","message":"[Socket connected] userId: 695228e8999890489a028026, socketId: LbqdjniJ0YbmC17wAAAB","metadata":{},"timestamp":"2026-03-25 08:17:31"}
{"level":"info","message":"[Socket connected] userId: 693d1d1c955b52394a731682, socketId: nq56zAZlVRoCQGIkAAAD","metadata":{},"timestamp":"2026-03-25 08:17:36"}
{"level":"info","message":"[Socket connected] userId: 695a20c20a35db6ab36c2395, socketId: YeFPwFngJ9N-NZzaAAAF","metadata":{},"timestamp":"2026-03-25 08:17:37"}
{"level":"info","message":"Backend running on http://localhost:5001","metadata":{},"timestamp":"2026-03-25 08:18:06"}
{"level":"info","message":"Redis connected","metadata":{},"timestamp":"2026-03-25 08:18:06"}
{"level":"info","message":"MongoDB connected successfully","metadata":{},"timestamp":"2026-03-25 08:18:06"}
{"level":"info","message":"[Socket connected] userId: 695a20c20a35db6ab36c2395, socketId: MV8HD6fQuu1JKHuhAAAB","metadata":{},"timestamp":"2026-03-25 08:18:06"}
{"level":"info","message":"[Socket connected] userId: 695228e8999890489a028026, socketId: QJ9RlcUqxg1KZvrMAAAD","metadata":{},"timestamp":"2026-03-25 08:18:07"}
{"level":"info","message":"[Socket connected] userId: 693d1d1c955b52394a731682, socketId: qWygmtNu5VMYwLkSAAAF","metadata":{},"timestamp":"2026-03-25 08:18:08"}
{"level":"info","message":"[Socket disconnected] userId: 693d1d1c955b52394a731682","metadata":{},"timestamp":"2026-03-25 08:19:41"}
{"level":"info","message":"[Socket connected] userId: 693d1d1c955b52394a731682, socketId: r8YuVSr0kf-FJMIUAAAI","metadata":{},"timestamp":"2026-03-25 08:19:42"}
{"level":"info","message":"[Socket disconnected] userId: 693d1d1c955b52394a731682","metadata":{},"timestamp":"2026-03-25 08:24:19"}
{"level":"info","message":"[Socket connected] userId: 693d1d1c955b52394a731682, socketId: w-J9c3xm2f-1poQzAAAL","metadata":{},"timestamp":"2026-03-25 08:24:20"}
{"level":"info","message":"Backend running on http://localhost:5001","metadata":{},"timestamp":"2026-03-25 08:45:42"}
{"level":"info","message":"Redis connected","metadata":{},"timestamp":"2026-03-25 08:45:42"}
{"level":"info","message":"MongoDB connected successfully","metadata":{},"timestamp":"2026-03-25 08:45:42"}
{"level":"info","message":"[Socket connected] userId: 693d1d1c955b52394a731682, socketId: yijeq72hHS84Pvg9AAAB","metadata":{},"timestamp":"2026-03-25 08:45:44"}
{"level":"info","message":"[Socket connected] userId: 695228e8999890489a028026, socketId: QBL0OUKy3C1jPY0eAAAD","metadata":{},"timestamp":"2026-03-25 08:45:45"}
{"level":"info","message":"[Socket connected] userId: 695a20c20a35db6ab36c2395, socketId: y_8ypx5FFIFqxrvOAAAF","metadata":{},"timestamp":"2026-03-25 08:45:48"}
{"level":"info","message":"Backend running on http://localhost:5001","metadata":{},"timestamp":"2026-03-25 08:45:58"}
{"level":"info","message":"Redis connected","metadata":{},"timestamp":"2026-03-25 08:45:58"}
{"level":"info","message":"MongoDB connected successfully","metadata":{},"timestamp":"2026-03-25 08:45:58"}
{"level":"info","message":"[Socket connected] userId: 695a20c20a35db6ab36c2395, socketId: M4x01Mz1ahIdvqwhAAAB","metadata":{},"timestamp":"2026-03-25 08:46:00"}
{"level":"info","message":"[Socket connected] userId: 695228e8999890489a028026, socketId: Vi2xwlTa_pS3p1EzAAAD","metadata":{},"timestamp":"2026-03-25 08:46:02"}
{"level":"info","message":"Backend running on http://localhost:5001","metadata":{},"timestamp":"2026-03-25 08:46:15"}
{"level":"info","message":"Redis connected","metadata":{},"timestamp":"2026-03-25 08:46:15"}
{"level":"info","message":"MongoDB connected successfully","metadata":{},"timestamp":"2026-03-25 08:46:15"}
{"level":"info","message":"[Socket connected] userId: 695228e8999890489a028026, socketId: T0a_b5uCwFnbPUOiAAAC","metadata":{},"timestamp":"2026-03-25 08:46:16"}
{"level":"info","message":"[Socket connected] userId: 693d1d1c955b52394a731682, socketId: idrPJ2_BxMrly2KvAAAD","metadata":{},"timestamp":"2026-03-25 08:46:16"}
{"level":"info","message":"[Socket connected] userId: 695a20c20a35db6ab36c2395, socketId: 82LMOHTeCAXxLcSVAAAF","metadata":{},"timestamp":"2026-03-25 08:46:18"}
{"level":"info","message":"Backend running on http://localhost:5001","metadata":{},"timestamp":"2026-03-25 08:46:29"}
{"level":"info","message":"Redis connected","metadata":{},"timestamp":"2026-03-25 08:46:29"}
{"level":"info","message":"MongoDB connected successfully","metadata":{},"timestamp":"2026-03-25 08:46:29"}
{"level":"info","message":"[Socket connected] userId: 695228e8999890489a028026, socketId: bZVmKwaSIhdKjIXRAAAC","metadata":{},"timestamp":"2026-03-25 08:46:29"}
{"level":"info","message":"[Socket connected] userId: 695a20c20a35db6ab36c2395, socketId: zUcebG06cq3JX3jIAAAD","metadata":{},"timestamp":"2026-03-25 08:46:29"}
{"level":"info","message":"[Socket connected] userId: 693d1d1c955b52394a731682, socketId: McUJKAzOZfSNNRHdAAAF","metadata":{},"timestamp":"2026-03-25 08:46:34"}
{"level":"info","message":"Backend running on http://localhost:5001","metadata":{},"timestamp":"2026-03-25 08:46:50"}
{"level":"info","message":"Redis connected","metadata":{},"timestamp":"2026-03-25 08:46:50"}
{"level":"info","message":"MongoDB connected successfully","metadata":{},"timestamp":"2026-03-25 08:46:50"}
{"level":"info","message":"[Socket connected] userId: 693d1d1c955b52394a731682, socketId: T6RNk4coT2S-gi_qAAAC","metadata":{},"timestamp":"2026-03-25 08:46:52"}
{"level":"info","message":"[Socket connected] userId: 695228e8999890489a028026, socketId: h53ZAXjW2v5P8F6xAAAD","metadata":{},"timestamp":"2026-03-25 08:46:52"}
{"level":"info","message":"[Socket connected] userId: 695a20c20a35db6ab36c2395, socketId: wB7_8Yg0xGn0kix0AAAF","metadata":{},"timestamp":"2026-03-25 08:46:55"}
{"level":"info","message":"[Socket disconnected] userId: 693d1d1c955b52394a731682","metadata":{},"timestamp":"2026-03-25 08:49:18"}
{"level":"info","message":"[Socket connected] userId: 693d1d1c955b52394a731682, socketId: k74aO81rAvdWfvwXAAAI","metadata":{},"timestamp":"2026-03-25 08:49:18"}
{"level":"info","message":"Backend running on http://localhost:5001","metadata":{},"timestamp":"2026-03-25 08:50:02"}
{"level":"info","message":"Redis connected","metadata":{},"timestamp":"2026-03-25 08:50:02"}
{"level":"info","message":"MongoDB connected successfully","metadata":{},"timestamp":"2026-03-25 08:50:02"}
{"level":"info","message":"[Socket connected] userId: 695228e8999890489a028026, socketId: z-PSRPdIGL6niEj3AAAB","metadata":{},"timestamp":"2026-03-25 08:50:03"}
{"level":"info","message":"[Socket connected] userId: 695a20c20a35db6ab36c2395, socketId: aq8OYepwGzu-G9szAAAD","metadata":{},"timestamp":"2026-03-25 08:50:06"}
{"level":"info","message":"[Socket connected] userId: 693d1d1c955b52394a731682, socketId: cG3LID-Jm8q11nDFAAAF","metadata":{},"timestamp":"2026-03-25 08:50:08"}
{"level":"info","message":"Backend running on http://localhost:5001","metadata":{},"timestamp":"2026-03-25 08:50:59"}
{"level":"info","message":"Redis connected","metadata":{},"timestamp":"2026-03-25 08:50:59"}
{"level":"info","message":"MongoDB connected successfully","metadata":{},"timestamp":"2026-03-25 08:50:59"}
{"level":"info","message":"[Socket connected] userId: 695a20c20a35db6ab36c2395, socketId: uIj0aSpv_y6FI6GBAAAB","metadata":{},"timestamp":"2026-03-25 08:51:00"}
{"level":"info","message":"[Socket connected] userId: 693d1d1c955b52394a731682, socketId: AxMyk49N-K4PJNs6AAAD","metadata":{},"timestamp":"2026-03-25 08:51:03"}
{"level":"info","message":"[Socket connected] userId: 695228e8999890489a028026, socketId: DM99xBc9NZbcdC3TAAAF","metadata":{},"timestamp":"2026-03-25 08:51:04"}
{"level":"info","message":"Backend running on http://localhost:5001","metadata":{},"timestamp":"2026-03-25 08:51:33"}
{"level":"info","message":"Redis connected","metadata":{},"timestamp":"2026-03-25 08:51:33"}
{"level":"info","message":"MongoDB connected successfully","metadata":{},"timestamp":"2026-03-25 08:51:33"}
{"level":"info","message":"[Socket connected] userId: 695a20c20a35db6ab36c2395, socketId: b1sVLdXFUnMLO8i9AAAB","metadata":{},"timestamp":"2026-03-25 08:51:35"}
{"level":"info","message":"[Socket connected] userId: 693d1d1c955b52394a731682, socketId: z7YjaI2tOa3-A5seAAAE","metadata":{},"timestamp":"2026-03-25 08:51:36"}
{"level":"info","message":"[Socket connected] userId: 695228e8999890489a028026, socketId: a-B_svSuT5KrlZbbAAAF","metadata":{},"timestamp":"2026-03-25 08:51:36"}
{"level":"info","message":"Backend running on http://localhost:5001","metadata":{},"timestamp":"2026-03-25 08:51:54"}
{"level":"info","message":"Redis connected","metadata":{},"timestamp":"2026-03-25 08:51:54"}
{"level":"info","message":"MongoDB connected successfully","metadata":{},"timestamp":"2026-03-25 08:51:54"}
{"level":"info","message":"[Socket connected] userId: 695228e8999890489a028026, socketId: phDUoqr5Sk-ZD6THAAAB","metadata":{},"timestamp":"2026-03-25 08:51:55"}
{"level":"info","message":"[Socket connected] userId: 695a20c20a35db6ab36c2395, socketId: RvcPSk6Ag5gocCBEAAAE","metadata":{},"timestamp":"2026-03-25 08:51:56"}
{"level":"info","message":"[Socket connected] userId: 693d1d1c955b52394a731682, socketId: dXEVxzDNEPDo6P86AAAF","metadata":{},"timestamp":"2026-03-25 08:51:56"}
{"level":"info","message":"Backend running on http://localhost:5001","metadata":{},"timestamp":"2026-03-25 08:52:12"}
{"level":"info","message":"Redis connected","metadata":{},"timestamp":"2026-03-25 08:52:12"}
{"level":"info","message":"MongoDB connected successfully","metadata":{},"timestamp":"2026-03-25 08:52:12"}
{"level":"info","message":"[Socket connected] userId: 695228e8999890489a028026, socketId: 6Hv5Y82gSJt1u38YAAAC","metadata":{},"timestamp":"2026-03-25 08:52:12"}
{"level":"info","message":"[Socket connected] userId: 693d1d1c955b52394a731682, socketId: OWECPiZLfHNooJlYAAAD","metadata":{},"timestamp":"2026-03-25 08:52:12"}
{"level":"info","message":"[Socket connected] userId: 695a20c20a35db6ab36c2395, socketId: GXEbp340iIyD8V_fAAAF","metadata":{},"timestamp":"2026-03-25 08:52:13"}
{"level":"info","message":"[Socket disconnected] userId: 693d1d1c955b52394a731682","metadata":{},"timestamp":"2026-03-25 08:52:22"}
{"level":"info","message":"[Socket connected] userId: 693d1d1c955b52394a731682, socketId: EMkvk33fAbxOoaKoAAAI","metadata":{},"timestamp":"2026-03-25 08:52:23"}
{"level":"info","message":"[Socket disconnected] userId: 695228e8999890489a028026","metadata":{},"timestamp":"2026-03-25 08:53:03"}
{"level":"info","message":"[Socket disconnected] userId: 695a20c20a35db6ab36c2395","metadata":{},"timestamp":"2026-03-25 08:53:03"}
{"level":"info","message":"[Socket disconnected] userId: 693d1d1c955b52394a731682","metadata":{},"timestamp":"2026-03-25 08:53:03"}
{"level":"info","message":"[Socket connected] userId: 693d1d1c955b52394a731682, socketId: b9AhrC46zRbcPun6AAAL","metadata":{},"timestamp":"2026-03-25 08:53:04"}
{"level":"info","message":"[Socket connected] userId: 695228e8999890489a028026, socketId: 2kb42hEfAQ34Z7TaAAAO","metadata":{},"timestamp":"2026-03-25 08:53:04"}
{"level":"info","message":"[Socket connected] userId: 695a20c20a35db6ab36c2395, socketId: MAv7jo75YdRFRMSWAAAR","metadata":{},"timestamp":"2026-03-25 08:53:04"}
{"level":"info","message":"Backend running on http://localhost:5001","metadata":{},"timestamp":"2026-03-25 09:30:53"}
{"level":"info","message":"Redis connected","metadata":{},"timestamp":"2026-03-25 09:30:53"}
{"level":"info","message":"MongoDB connected successfully","metadata":{},"timestamp":"2026-03-25 09:30:53"}
{"level":"info","message":"[Socket connected] userId: 693d1d1c955b52394a731682, socketId: OIvvBX3uwXaB-LQZAAAC","metadata":{},"timestamp":"2026-03-25 09:30:54"}
{"level":"info","message":"[Socket connected] userId: 695228e8999890489a028026, socketId: T_HfnJQ698B646FcAAAD","metadata":{},"timestamp":"2026-03-25 09:30:54"}
{"level":"info","message":"Backend running on http://localhost:5001","metadata":{},"timestamp":"2026-03-25 09:31:08"}
{"level":"info","message":"Redis connected","metadata":{},"timestamp":"2026-03-25 09:31:08"}
{"level":"info","message":"MongoDB connected successfully","metadata":{},"timestamp":"2026-03-25 09:31:08"}
{"level":"info","message":"[Socket connected] userId: 693d1d1c955b52394a731682, socketId: 7Q85Gwv1zn_ORYinAAAB","metadata":{},"timestamp":"2026-03-25 09:31:08"}
{"level":"info","message":"[Socket connected] userId: 695a20c20a35db6ab36c2395, socketId: znIArjPlII8mG7tPAAAE","metadata":{},"timestamp":"2026-03-25 09:31:09"}
{"level":"info","message":"[Socket connected] userId: 695228e8999890489a028026, socketId: ynmuA4XvV28HC6ITAAAF","metadata":{},"timestamp":"2026-03-25 09:31:09"}
{"level":"info","message":"Backend running on http://localhost:5001","metadata":{},"timestamp":"2026-03-25 09:31:27"}
{"level":"info","message":"Redis connected","metadata":{},"timestamp":"2026-03-25 09:31:27"}
{"level":"info","message":"MongoDB connected successfully","metadata":{},"timestamp":"2026-03-25 09:31:27"}
{"level":"info","message":"[Socket connected] userId: 695a20c20a35db6ab36c2395, socketId: gSBP4qVtG2TbxQsVAAAD","metadata":{},"timestamp":"2026-03-25 09:31:30"}
{"level":"info","message":"[Socket connected] userId: 693d1d1c955b52394a731682, socketId: v1fr-WN11HcPmST5AAAE","metadata":{},"timestamp":"2026-03-25 09:31:30"}
{"level":"info","message":"[Socket connected] userId: 695228e8999890489a028026, socketId: 64saKWRn-sLlRbV0AAAF","metadata":{},"timestamp":"2026-03-25 09:31:30"}
{"level":"info","message":"Backend running on http://localhost:5001","metadata":{},"timestamp":"2026-03-25 09:32:23"}
{"level":"info","message":"Redis connected","metadata":{},"timestamp":"2026-03-25 09:32:23"}
{"level":"info","message":"MongoDB connected successfully","metadata":{},"timestamp":"2026-03-25 09:32:23"}
{"level":"info","message":"[Socket connected] userId: 695a20c20a35db6ab36c2395, socketId: UcO4r2HmvBhZGbVAAAAD","metadata":{},"timestamp":"2026-03-25 09:32:25"}
{"level":"info","message":"[Socket connected] userId: 693d1d1c955b52394a731682, socketId: FsQT0--arm4gxIntAAAE","metadata":{},"timestamp":"2026-03-25 09:32:25"}
{"level":"info","message":"[Socket connected] userId: 695228e8999890489a028026, socketId: Sydy6a8rJePpplquAAAF","metadata":{},"timestamp":"2026-03-25 09:32:25"}
{"level":"info","message":"[Socket disconnected] userId: 693d1d1c955b52394a731682","metadata":{},"timestamp":"2026-03-25 09:34:11"}
{"level":"info","message":"[Socket connected] userId: 693d1d1c955b52394a731682, socketId: m067F_zu-vZPvGpQAAAI","metadata":{},"timestamp":"2026-03-25 09:34:11"}
{"level":"info","message":"Backend running on http://localhost:5001","metadata":{},"timestamp":"2026-03-25 09:35:15"}
{"level":"info","message":"Redis connected","metadata":{},"timestamp":"2026-03-25 09:35:15"}
{"level":"info","message":"MongoDB connected successfully","metadata":{},"timestamp":"2026-03-25 09:35:15"}
{"level":"info","message":"[Socket connected] userId: 695228e8999890489a028026, socketId: slV_OXQVMcVyjDxEAAAC","metadata":{},"timestamp":"2026-03-25 09:35:16"}
{"level":"info","message":"[Socket connected] userId: 693d1d1c955b52394a731682, socketId: y2IcU_rlC-Y_rmvwAAAD","metadata":{},"timestamp":"2026-03-25 09:35:16"}
{"level":"info","message":"[Socket connected] userId: 695a20c20a35db6ab36c2395, socketId: J3oteX5Bdz_jeZTMAAAF","metadata":{},"timestamp":"2026-03-25 09:35:17"}
{"level":"info","message":"[Socket disconnected] userId: 693d1d1c955b52394a731682","metadata":{},"timestamp":"2026-03-25 09:35:22"}
{"level":"info","message":"[Socket connected] userId: 693d1d1c955b52394a731682, socketId: 2pHpjo1VSREiwR_qAAAI","metadata":{},"timestamp":"2026-03-25 09:35:22"}
{"level":"info","message":"Backend running on http://localhost:5001","metadata":{},"timestamp":"2026-03-25 09:36:23"}
{"level":"info","message":"Redis connected","metadata":{},"timestamp":"2026-03-25 09:36:23"}
{"level":"info","message":"MongoDB connected successfully","metadata":{},"timestamp":"2026-03-25 09:36:23"}
{"level":"info","message":"[Socket connected] userId: 695a20c20a35db6ab36c2395, socketId: 1bhGL8Pcqz8v4JmjAAAB","metadata":{},"timestamp":"2026-03-25 09:36:25"}
{"level":"info","message":"[Socket connected] userId: 693d1d1c955b52394a731682, socketId: oFErTWYIgaUkAmdWAAAD","metadata":{},"timestamp":"2026-03-25 09:36:25"}
{"level":"info","message":"[Socket connected] userId: 695228e8999890489a028026, socketId: QEayRPTpnbdYoSibAAAF","metadata":{},"timestamp":"2026-03-25 09:36:28"}
{"level":"info","message":"Backend running on http://localhost:5001","metadata":{},"timestamp":"2026-03-25 09:39:05"}
{"level":"info","message":"Redis connected","metadata":{},"timestamp":"2026-03-25 09:39:05"}
{"level":"info","message":"MongoDB connected successfully","metadata":{},"timestamp":"2026-03-25 09:39:05"}
{"level":"info","message":"[Socket connected] userId: 693d1d1c955b52394a731682, socketId: H-ewNdODT_9OtzKSAAAC","metadata":{},"timestamp":"2026-03-25 09:39:06"}
{"level":"info","message":"[Socket connected] userId: 695228e8999890489a028026, socketId: bd32ok9Evfj76jmGAAAD","metadata":{},"timestamp":"2026-03-25 09:39:06"}
{"level":"info","message":"[Socket connected] userId: 695a20c20a35db6ab36c2395, socketId: t8axqF5-GBAfsD4cAAAF","metadata":{},"timestamp":"2026-03-25 09:39:07"}
{"level":"info","message":"[Socket disconnected] userId: 693d1d1c955b52394a731682","metadata":{},"timestamp":"2026-03-25 09:39:27"}
{"level":"info","message":"[Socket connected] userId: 693d1d1c955b52394a731682, socketId: bvvvsgUpzzk0t_MjAAAI","metadata":{},"timestamp":"2026-03-25 09:39:27"}
{"level":"info","message":"[Socket disconnected] userId: 693d1d1c955b52394a731682","metadata":{},"timestamp":"2026-03-25 09:42:02"}
{"level":"info","message":"[Socket connected] userId: 693d1d1c955b52394a731682, socketId: LeWNVX4rVODSnsn1AAAL","metadata":{},"timestamp":"2026-03-25 09:42:02"}
{"level":"info","message":"[Socket disconnected] userId: 693d1d1c955b52394a731682","metadata":{},"timestamp":"2026-03-25 09:42:25"}
{"level":"info","message":"[Socket connected] userId: 693d1d1c955b52394a731682, socketId: B6Xj3FDTj5i8zfZmAAAO","metadata":{},"timestamp":"2026-03-25 09:42:25"}
{"level":"info","message":"[Socket disconnected] userId: 693d1d1c955b52394a731682","metadata":{},"timestamp":"2026-03-25 09:44:14"}
{"level":"info","message":"[Socket connected] userId: 693d1d1c955b52394a731682, socketId: zJz2bhQlPbq-G2u3AAAR","metadata":{},"timestamp":"2026-03-25 09:44:39"}
{"level":"info","message":"[Socket disconnected] userId: 695228e8999890489a028026","metadata":{},"timestamp":"2026-03-25 09:45:12"}
{"level":"info","message":"[Socket connected] userId: 695228e8999890489a028026, socketId: qqXBJSu8vGb6rULCAAAU","metadata":{},"timestamp":"2026-03-25 09:45:13"}
{"level":"info","message":"[Socket disconnected] userId: 693d1d1c955b52394a731682","metadata":{},"timestamp":"2026-03-25 09:45:39"}
{"level":"info","message":"[Socket connected] userId: 693d1d1c955b52394a731682, socketId: z2YYYv5CPs4PteUuAAAX","metadata":{},"timestamp":"2026-03-25 09:45:39"}
{"level":"info","message":"Backend running on http://localhost:5001","metadata":{},"timestamp":"2026-03-25 09:52:25"}
{"level":"info","message":"Redis connected","metadata":{},"timestamp":"2026-03-25 09:52:25"}
{"level":"info","message":"MongoDB connected successfully","metadata":{},"timestamp":"2026-03-25 09:52:25"}
{"level":"info","message":"[Socket connected] userId: 695a20c20a35db6ab36c2395, socketId: JJv1AidmuU_tsEvMAAAC","metadata":{},"timestamp":"2026-03-25 09:52:26"}
{"level":"info","message":"[Socket connected] userId: 693d1d1c955b52394a731682, socketId: 4SjQXLMR5eFuwjZtAAAD","metadata":{},"timestamp":"2026-03-25 09:52:26"}
{"level":"info","message":"[Socket connected] userId: 695228e8999890489a028026, socketId: wjUEjjpaSjVWbYmDAAAF","metadata":{},"timestamp":"2026-03-25 09:52:28"}
{"level":"info","message":"Backend running on http://localhost:5001","metadata":{},"timestamp":"2026-03-25 09:52:45"}
{"level":"info","message":"Redis connected","metadata":{},"timestamp":"2026-03-25 09:52:45"}
{"level":"info","message":"MongoDB connected successfully","metadata":{},"timestamp":"2026-03-25 09:52:45"}
{"level":"info","message":"[Socket connected] userId: 693d1d1c955b52394a731682, socketId: ywXkEbSHoDUTzwwCAAAB","metadata":{},"timestamp":"2026-03-25 09:52:46"}
{"level":"info","message":"[Socket connected] userId: 695228e8999890489a028026, socketId: nnkXxdtpm0HHKytPAAAD","metadata":{},"timestamp":"2026-03-25 09:52:50"}
{"level":"info","message":"[Socket connected] userId: 695a20c20a35db6ab36c2395, socketId: oGkI0xwdWOnR1LLZAAAF","metadata":{},"timestamp":"2026-03-25 09:52:51"}
{"level":"info","message":"Backend running on http://localhost:5001","metadata":{},"timestamp":"2026-03-25 09:53:49"}
{"level":"info","message":"Redis connected","metadata":{},"timestamp":"2026-03-25 09:53:49"}
{"level":"info","message":"MongoDB connected successfully","metadata":{},"timestamp":"2026-03-25 09:53:49"}
{"level":"info","message":"[Socket connected] userId: 693d1d1c955b52394a731682, socketId: _Wlu85-F5N5P3YV6AAAC","metadata":{},"timestamp":"2026-03-25 09:53:54"}
{"level":"info","message":"[Socket connected] userId: 695a20c20a35db6ab36c2395, socketId: Br344r1tl4xMuQEAAAAD","metadata":{},"timestamp":"2026-03-25 09:53:54"}
{"level":"info","message":"[Socket connected] userId: 695228e8999890489a028026, socketId: z0kq1kHzAg99VPY8AAAF","metadata":{},"timestamp":"2026-03-25 09:53:55"}
{"level":"info","message":"Backend running on http://localhost:5001","metadata":{},"timestamp":"2026-03-25 09:54:14"}
{"level":"info","message":"Redis connected","metadata":{},"timestamp":"2026-03-25 09:54:14"}
{"level":"info","message":"MongoDB connected successfully","metadata":{},"timestamp":"2026-03-25 09:54:14"}
{"level":"info","message":"[Socket connected] userId: 695228e8999890489a028026, socketId: whGjVBS1yaymJHWPAAAD","metadata":{},"timestamp":"2026-03-25 09:54:15"}
{"level":"info","message":"[Socket connected] userId: 693d1d1c955b52394a731682, socketId: AxUf-42CBIlmI9VPAAAE","metadata":{},"timestamp":"2026-03-25 09:54:15"}
{"level":"info","message":"[Socket connected] userId: 695a20c20a35db6ab36c2395, socketId: FLpNVHo8wUDg5hA6AAAF","metadata":{},"timestamp":"2026-03-25 09:54:15"}
{"level":"info","message":"Backend running on http://localhost:5001","metadata":{},"timestamp":"2026-03-25 09:54:51"}
{"level":"info","message":"Redis connected","metadata":{},"timestamp":"2026-03-25 09:54:51"}
{"level":"info","message":"MongoDB connected successfully","metadata":{},"timestamp":"2026-03-25 09:54:51"}
{"level":"info","message":"[Socket connected] userId: 695228e8999890489a028026, socketId: peXxPsbwLs6dGGLWAAAC","metadata":{},"timestamp":"2026-03-25 09:54:52"}
{"level":"info","message":"[Socket connected] userId: 693d1d1c955b52394a731682, socketId: OVKXB8GhSJ6MTfXEAAAD","metadata":{},"timestamp":"2026-03-25 09:54:52"}
{"level":"info","message":"[Socket connected] userId: 695a20c20a35db6ab36c2395, socketId: GgrF5_qZH1PGnXhlAAAF","metadata":{},"timestamp":"2026-03-25 09:54:54"}
{"level":"info","message":"Backend running on http://localhost:5001","metadata":{},"timestamp":"2026-03-25 09:55:18"}
{"level":"info","message":"Redis connected","metadata":{},"timestamp":"2026-03-25 09:55:18"}
{"level":"info","message":"MongoDB connected successfully","metadata":{},"timestamp":"2026-03-25 09:55:18"}
{"level":"info","message":"[Socket connected] userId: 695228e8999890489a028026, socketId: wLTgVGq30de9hv-eAAAB","metadata":{},"timestamp":"2026-03-25 09:55:20"}
{"level":"info","message":"[Socket connected] userId: 693d1d1c955b52394a731682, socketId: ToPuNf8Q--YR7fteAAAD","metadata":{},"timestamp":"2026-03-25 09:55:21"}
{"level":"info","message":"[Socket connected] userId: 695a20c20a35db6ab36c2395, socketId: MDsaq9J6IIoKyT0hAAAF","metadata":{},"timestamp":"2026-03-25 09:55:23"}
{"level":"info","message":"Backend running on http://localhost:5001","metadata":{},"timestamp":"2026-03-25 09:55:37"}
{"level":"info","message":"Redis connected","metadata":{},"timestamp":"2026-03-25 09:55:37"}
{"level":"info","message":"MongoDB connected successfully","metadata":{},"timestamp":"2026-03-25 09:55:37"}
{"level":"info","message":"[Socket connected] userId: 693d1d1c955b52394a731682, socketId: dhm6grTYtoVrdqCrAAAB","metadata":{},"timestamp":"2026-03-25 09:55:37"}
{"level":"info","message":"[Socket connected] userId: 695228e8999890489a028026, socketId: 199_3f4Jg4T-wdewAAAD","metadata":{},"timestamp":"2026-03-25 09:55:39"}
{"level":"info","message":"Backend running on http://localhost:5001","metadata":{},"timestamp":"2026-03-25 09:57:22"}
{"level":"info","message":"Redis connected","metadata":{},"timestamp":"2026-03-25 09:57:22"}
{"level":"info","message":"MongoDB connected successfully","metadata":{},"timestamp":"2026-03-25 09:57:22"}
{"level":"info","message":"[Socket connected] userId: 693d1d1c955b52394a731682, socketId: OJKEqusRWo-whBjhAAAB","metadata":{},"timestamp":"2026-03-25 09:57:23"}
{"level":"info","message":"[Socket connected] userId: 695228e8999890489a028026, socketId: xzvwSHaHycvnctBaAAAE","metadata":{},"timestamp":"2026-03-25 09:57:24"}
{"level":"info","message":"[Socket connected] userId: 695a20c20a35db6ab36c2395, socketId: AP12VdM1ZZacKwYTAAAF","metadata":{},"timestamp":"2026-03-25 09:57:24"}
{"level":"info","message":"Backend running on http://localhost:5001","metadata":{},"timestamp":"2026-03-25 09:58:28"}
{"level":"info","message":"Redis connected","metadata":{},"timestamp":"2026-03-25 09:58:28"}
{"level":"info","message":"MongoDB connected successfully","metadata":{},"timestamp":"2026-03-25 09:58:28"}
{"level":"info","message":"[Socket connected] userId: 695a20c20a35db6ab36c2395, socketId: cjhEdZAK3BlBsFUoAAAB","metadata":{},"timestamp":"2026-03-25 09:58:29"}
{"level":"info","message":"[Socket connected] userId: 695228e8999890489a028026, socketId: htk6XJOJca2g_HGUAAAD","metadata":{},"timestamp":"2026-03-25 09:58:30"}
{"level":"info","message":"[Socket connected] userId: 693d1d1c955b52394a731682, socketId: 9my-8_E9RIY3sj07AAAF","metadata":{},"timestamp":"2026-03-25 09:58:32"}
{"level":"info","message":"Backend running on http://localhost:5001","metadata":{},"timestamp":"2026-03-25 10:02:01"}
{"level":"info","message":"Redis connected","metadata":{},"timestamp":"2026-03-25 10:02:01"}
{"level":"info","message":"MongoDB connected successfully","metadata":{},"timestamp":"2026-03-25 10:02:01"}
{"level":"info","message":"[Socket connected] userId: 695a20c20a35db6ab36c2395, socketId: iqHh9lU_q-UTZJRqAAAB","metadata":{},"timestamp":"2026-03-25 10:02:02"}
{"level":"info","message":"[Socket connected] userId: 695228e8999890489a028026, socketId: gBYtFUzcM0XU3QSpAAAD","metadata":{},"timestamp":"2026-03-25 10:02:03"}
{"level":"info","message":"[Socket connected] userId: 693d1d1c955b52394a731682, socketId: E9HpdmlxWfcz_0vxAAAF","metadata":{},"timestamp":"2026-03-25 10:02:07"}
{"level":"info","message":"Backend running on http://localhost:5001","metadata":{},"timestamp":"2026-03-25 10:26:43"}
{"level":"info","message":"Redis connected","metadata":{},"timestamp":"2026-03-25 10:26:43"}
{"level":"info","message":"MongoDB connected successfully","metadata":{},"timestamp":"2026-03-25 10:26:43"}
{"level":"info","message":"[Socket connected] userId: 695a20c20a35db6ab36c2395, socketId: UyBcHPOEr-_bOMAIAAAB","metadata":{},"timestamp":"2026-03-25 10:26:48"}
{"level":"info","message":"[Socket connected] userId: 695228e8999890489a028026, socketId: 3BmiGvlLAuC4eZNOAAAE","metadata":{},"timestamp":"2026-03-25 10:26:49"}
{"level":"info","message":"[Socket connected] userId: 693d1d1c955b52394a731682, socketId: 3WplMkvGfmN1s0d5AAAF","metadata":{},"timestamp":"2026-03-25 10:26:49"}
{"level":"info","message":"[Socket disconnected] userId: 695228e8999890489a028026","metadata":{},"timestamp":"2026-03-25 10:26:51"}
{"level":"info","message":"[Socket connected] userId: 695228e8999890489a028026, socketId: OrcmHZ--D0LcpYZQAAAI","metadata":{},"timestamp":"2026-03-25 10:26:51"}
{"level":"warn","message":"Handled AppError notificationId: Invalid input: expected string, received undefined, : Unrecognized key: \"id\"","metadata":{"method":"PATCH","statusCode":400,"url":"/api/notifications/69c34b17881fc7399f9952fb/read","userId":"695228e8999890489a028026"},"timestamp":"2026-03-25 10:26:54"}
{"level":"info","message":"Backend running on http://localhost:5001","metadata":{},"timestamp":"2026-03-25 10:29:54"}
{"level":"info","message":"Redis connected","metadata":{},"timestamp":"2026-03-25 10:29:54"}
{"level":"info","message":"MongoDB connected successfully","metadata":{},"timestamp":"2026-03-25 10:29:54"}
{"level":"info","message":"[Socket connected] userId: 695a20c20a35db6ab36c2395, socketId: tWjHodJs5ttmJXSYAAAB","metadata":{},"timestamp":"2026-03-25 10:29:55"}
{"level":"info","message":"[Socket connected] userId: 695228e8999890489a028026, socketId: 5UwKb_TkwOlqzJv9AAAD","metadata":{},"timestamp":"2026-03-25 10:29:56"}
{"level":"info","message":"[Socket connected] userId: 693d1d1c955b52394a731682, socketId: 09mIN9EylYPrvn_2AAAF","metadata":{},"timestamp":"2026-03-25 10:30:00"}
{"level":"info","message":"[Socket disconnected] userId: 695228e8999890489a028026","metadata":{},"timestamp":"2026-03-25 10:35:34"}
{"level":"info","message":"[Socket connected] userId: 695228e8999890489a028026, socketId: CsFRskmADvJCtrDMAAAI","metadata":{},"timestamp":"2026-03-25 10:35:34"}
{"level":"info","message":"Backend running on http://localhost:5001","metadata":{},"timestamp":"2026-03-25 10:42:16"}
{"level":"info","message":"Redis connected","metadata":{},"timestamp":"2026-03-25 10:42:16"}
{"level":"info","message":"MongoDB connected successfully","metadata":{},"timestamp":"2026-03-25 10:42:16"}
{"level":"info","message":"[Socket connected] userId: 695a20c20a35db6ab36c2395, socketId: C0B0JGzMnVvaERMMAAAB","metadata":{},"timestamp":"2026-03-25 10:42:20"}
{"level":"info","message":"[Socket connected] userId: 693d1d1c955b52394a731682, socketId: pj3XBux7ZVqGizriAAAD","metadata":{},"timestamp":"2026-03-25 10:42:21"}
{"level":"info","message":"[Socket connected] userId: 695228e8999890489a028026, socketId: PoM6MnaXpKDKpb6YAAAF","metadata":{},"timestamp":"2026-03-25 10:42:22"}
{"level":"info","message":"Backend running on http://localhost:5001","metadata":{},"timestamp":"2026-03-25 10:44:14"}
{"level":"info","message":"Redis connected","metadata":{},"timestamp":"2026-03-25 10:44:14"}
{"level":"info","message":"MongoDB connected successfully","metadata":{},"timestamp":"2026-03-25 10:44:14"}
{"level":"info","message":"[Socket connected] userId: 695228e8999890489a028026, socketId: iwkUmOpP2_l6vDAEAAAB","metadata":{},"timestamp":"2026-03-25 10:44:15"}
{"level":"info","message":"[Socket connected] userId: 695a20c20a35db6ab36c2395, socketId: s_O2DQbrk18CE-9gAAAD","metadata":{},"timestamp":"2026-03-25 10:44:19"}
{"level":"info","message":"[Socket connected] userId: 693d1d1c955b52394a731682, socketId: t8zkE53rtj4zTw5aAAAF","metadata":{},"timestamp":"2026-03-25 10:44:20"}
{"level":"info","message":"Backend running on http://localhost:5001","metadata":{},"timestamp":"2026-03-25 10:44:27"}
{"level":"info","message":"Redis connected","metadata":{},"timestamp":"2026-03-25 10:44:27"}
{"level":"info","message":"MongoDB connected successfully","metadata":{},"timestamp":"2026-03-25 10:44:27"}
{"level":"info","message":"[Socket connected] userId: 695a20c20a35db6ab36c2395, socketId: 0wXgHJBSSZF-C5x7AAAC","metadata":{},"timestamp":"2026-03-25 10:44:29"}
{"level":"info","message":"[Socket connected] userId: 695228e8999890489a028026, socketId: Q0KWDJC0OuUYnQv1AAAD","metadata":{},"timestamp":"2026-03-25 10:44:29"}
{"level":"info","message":"[Socket connected] userId: 693d1d1c955b52394a731682, socketId: h1QzDh2b9ASEOXV4AAAF","metadata":{},"timestamp":"2026-03-25 10:44:31"}
{"level":"info","message":"Backend running on http://localhost:5001","metadata":{},"timestamp":"2026-03-25 11:01:52"}
{"level":"info","message":"Redis connected","metadata":{},"timestamp":"2026-03-25 11:01:52"}
{"level":"info","message":"MongoDB connected successfully","metadata":{},"timestamp":"2026-03-25 11:01:52"}
{"level":"info","message":"[Socket connected] userId: 693d1d1c955b52394a731682, socketId: p70gE7Z5P1Z8wfY7AAAC","metadata":{},"timestamp":"2026-03-25 11:01:57"}
{"level":"info","message":"[Socket connected] userId: 695a20c20a35db6ab36c2395, socketId: 69vO4YkEUUsmpOy6AAAF","metadata":{},"timestamp":"2026-03-25 11:01:57"}
{"level":"info","message":"[Socket connected] userId: 695228e8999890489a028026, socketId: bttDQi5Fg1eduM7wAAAH","metadata":{},"timestamp":"2026-03-25 11:02:51"}
{"level":"info","message":"[Socket disconnected] userId: 693d1d1c955b52394a731682","metadata":{},"timestamp":"2026-03-25 11:02:53"}
{"level":"info","message":"[Socket connected] userId: 693d1d1c955b52394a731682, socketId: zj9QAGAeZE_4QV_RAAAK","metadata":{},"timestamp":"2026-03-25 11:02:53"}
{"level":"info","message":"Backend running on http://localhost:5001","metadata":{},"timestamp":"2026-03-25 11:17:39"}
{"level":"info","message":"Redis connected","metadata":{},"timestamp":"2026-03-25 11:17:39"}
{"level":"info","message":"MongoDB connected successfully","metadata":{},"timestamp":"2026-03-25 11:17:39"}
{"level":"info","message":"[Socket connected] userId: 695228e8999890489a028026, socketId: LCrP6rg5nSmkMsm7AAAC","metadata":{},"timestamp":"2026-03-25 11:17:41"}
{"level":"info","message":"[Socket connected] userId: 693d1d1c955b52394a731682, socketId: GbFF1i5jP6q1_BM_AAAD","metadata":{},"timestamp":"2026-03-25 11:17:41"}
{"level":"info","message":"[Socket connected] userId: 695a20c20a35db6ab36c2395, socketId: cEwNkju73hYMlolNAAAF","metadata":{},"timestamp":"2026-03-25 11:17:42"}
{"level":"info","message":"Backend running on http://localhost:5001","metadata":{},"timestamp":"2026-03-25 11:17:53"}
{"level":"info","message":"Redis connected","metadata":{},"timestamp":"2026-03-25 11:17:53"}
{"level":"info","message":"MongoDB connected successfully","metadata":{},"timestamp":"2026-03-25 11:17:53"}
{"level":"info","message":"[Socket connected] userId: 695a20c20a35db6ab36c2395, socketId: dzJGouwfr-M8PwmVAAAB","metadata":{},"timestamp":"2026-03-25 11:17:54"}
{"level":"info","message":"[Socket connected] userId: 693d1d1c955b52394a731682, socketId: 6hrIZ15w04BwOgcsAAAE","metadata":{},"timestamp":"2026-03-25 11:17:55"}
{"level":"info","message":"[Socket connected] userId: 695228e8999890489a028026, socketId: L51awfFLU_0Q651rAAAF","metadata":{},"timestamp":"2026-03-25 11:17:55"}
{"level":"info","message":"Backend running on http://localhost:5001","metadata":{},"timestamp":"2026-03-25 11:21:33"}
{"level":"info","message":"Redis connected","metadata":{},"timestamp":"2026-03-25 11:21:33"}
{"level":"info","message":"MongoDB connected successfully","metadata":{},"timestamp":"2026-03-25 11:21:33"}
{"level":"info","message":"[Socket connected] userId: 695228e8999890489a028026, socketId: 32emSyJCASCrVjR0AAAB","metadata":{},"timestamp":"2026-03-25 11:21:38"}
{"level":"info","message":"[Socket connected] userId: 695a20c20a35db6ab36c2395, socketId: 8HEO6uD1tPif6V2PAAAE","metadata":{},"timestamp":"2026-03-25 11:21:39"}
{"level":"info","message":"[Socket connected] userId: 693d1d1c955b52394a731682, socketId: ejQfDo7srwvnZQoaAAAF","metadata":{},"timestamp":"2026-03-25 11:21:39"}
{"level":"info","message":"Backend running on http://localhost:5001","metadata":{},"timestamp":"2026-03-25 11:22:39"}
{"level":"info","message":"Redis connected","metadata":{},"timestamp":"2026-03-25 11:22:39"}
{"level":"info","message":"MongoDB connected successfully","metadata":{},"timestamp":"2026-03-25 11:22:39"}
{"level":"info","message":"[Socket connected] userId: 695228e8999890489a028026, socketId: 6JYRbkTIL-DSKDsaAAAB","metadata":{},"timestamp":"2026-03-25 11:22:40"}
{"level":"info","message":"[Socket connected] userId: 695a20c20a35db6ab36c2395, socketId: ayMMT5EfifOiUIQjAAAE","metadata":{},"timestamp":"2026-03-25 11:22:41"}
{"level":"info","message":"[Socket connected] userId: 693d1d1c955b52394a731682, socketId: cWfQoQMoKB1bvuJSAAAF","metadata":{},"timestamp":"2026-03-25 11:22:41"}
{"level":"info","message":"Backend running on http://localhost:5001","metadata":{},"timestamp":"2026-03-25 11:23:14"}
{"level":"info","message":"Redis connected","metadata":{},"timestamp":"2026-03-25 11:23:14"}
{"level":"info","message":"MongoDB connected successfully","metadata":{},"timestamp":"2026-03-25 11:23:14"}
{"level":"info","message":"[Socket connected] userId: 695a20c20a35db6ab36c2395, socketId: 78BGAgdVCM-sr5mmAAAB","metadata":{},"timestamp":"2026-03-25 11:23:15"}
{"level":"info","message":"[Socket connected] userId: 693d1d1c955b52394a731682, socketId: 3sFl4J1vSVfO97Z_AAAD","metadata":{},"timestamp":"2026-03-25 11:23:16"}
{"level":"info","message":"[Socket connected] userId: 695228e8999890489a028026, socketId: 86zhgogYbp783qweAAAF","metadata":{},"timestamp":"2026-03-25 11:23:20"}
{"level":"info","message":"Backend running on http://localhost:5001","metadata":{},"timestamp":"2026-03-25 11:29:14"}
{"level":"info","message":"Redis connected","metadata":{},"timestamp":"2026-03-25 11:29:14"}
{"level":"info","message":"MongoDB connected successfully","metadata":{},"timestamp":"2026-03-25 11:29:14"}
{"level":"info","message":"[Socket connected] userId: 695228e8999890489a028026, socketId: 9UV_mwbS-KYxy65LAAAB","metadata":{},"timestamp":"2026-03-25 11:29:14"}
{"level":"info","message":"[Socket connected] userId: 693d1d1c955b52394a731682, socketId: MAxnSocQIy6AQkIFAAAD","metadata":{},"timestamp":"2026-03-25 11:29:16"}
{"level":"info","message":"[Socket connected] userId: 695a20c20a35db6ab36c2395, socketId: fBm6m5puoeopina7AAAF","metadata":{},"timestamp":"2026-03-25 11:29:18"}
{"level":"info","message":"Backend running on http://localhost:5001","metadata":{},"timestamp":"2026-03-25 11:29:42"}
{"level":"info","message":"Redis connected","metadata":{},"timestamp":"2026-03-25 11:29:42"}
{"level":"info","message":"MongoDB connected successfully","metadata":{},"timestamp":"2026-03-25 11:29:42"}
{"level":"info","message":"[Socket connected] userId: 693d1d1c955b52394a731682, socketId: rYniLfyY3kpEKgn1AAAB","metadata":{},"timestamp":"2026-03-25 11:29:44"}
{"level":"info","message":"[Socket connected] userId: 695a20c20a35db6ab36c2395, socketId: L4snITaDXsp2lEKwAAAE","metadata":{},"timestamp":"2026-03-25 11:29:45"}
{"level":"info","message":"[Socket connected] userId: 695228e8999890489a028026, socketId: 7XssAWvUbqRQ02S-AAAF","metadata":{},"timestamp":"2026-03-25 11:29:45"}
{"level":"info","message":"Backend running on http://localhost:5001","metadata":{},"timestamp":"2026-03-25 11:30:00"}
{"level":"info","message":"Redis connected","metadata":{},"timestamp":"2026-03-25 11:30:00"}
{"level":"info","message":"MongoDB connected successfully","metadata":{},"timestamp":"2026-03-25 11:30:00"}
{"level":"info","message":"[Socket connected] userId: 693d1d1c955b52394a731682, socketId: XoUWmR-QvdemKMjnAAAB","metadata":{},"timestamp":"2026-03-25 11:30:02"}
{"level":"info","message":"[Socket connected] userId: 695228e8999890489a028026, socketId: ySmteFrbNhsyLMQuAAAD","metadata":{},"timestamp":"2026-03-25 11:30:05"}
{"level":"info","message":"[Socket connected] userId: 695a20c20a35db6ab36c2395, socketId: dnbMJO43JrWduOuOAAAF","metadata":{},"timestamp":"2026-03-25 11:30:06"}
{"level":"info","message":"Backend running on http://localhost:5001","metadata":{},"timestamp":"2026-03-25 11:30:21"}
{"level":"info","message":"Redis connected","metadata":{},"timestamp":"2026-03-25 11:30:21"}
{"level":"info","message":"MongoDB connected successfully","metadata":{},"timestamp":"2026-03-25 11:30:21"}
{"level":"info","message":"[Socket connected] userId: 695228e8999890489a028026, socketId: 7cd3wx73O-OH7ju6AAAB","metadata":{},"timestamp":"2026-03-25 11:30:22"}
{"level":"info","message":"[Socket connected] userId: 695a20c20a35db6ab36c2395, socketId: OSVDWK6VEMjhTIl8AAAD","metadata":{},"timestamp":"2026-03-25 11:30:23"}
{"level":"info","message":"[Socket connected] userId: 693d1d1c955b52394a731682, socketId: PuKymsnCbCURjQmJAAAF","metadata":{},"timestamp":"2026-03-25 11:30:26"}
{"level":"info","message":"Backend running on http://localhost:5001","metadata":{},"timestamp":"2026-03-25 11:30:40"}
{"level":"info","message":"Redis connected","metadata":{},"timestamp":"2026-03-25 11:30:40"}
{"level":"info","message":"MongoDB connected successfully","metadata":{},"timestamp":"2026-03-25 11:30:40"}
{"level":"info","message":"[Socket connected] userId: 695a20c20a35db6ab36c2395, socketId: 9HO19E6vBIkNT99eAAAB","metadata":{},"timestamp":"2026-03-25 11:30:42"}
{"level":"info","message":"[Socket connected] userId: 693d1d1c955b52394a731682, socketId: nkYDdutogENnLcjVAAAD","metadata":{},"timestamp":"2026-03-25 11:30:45"}
{"level":"info","message":"[Socket connected] userId: 695228e8999890489a028026, socketId: NRRVSMBeN-QL7FTRAAAF","metadata":{},"timestamp":"2026-03-25 11:30:46"}
{"level":"info","message":"Backend running on http://localhost:5001","metadata":{},"timestamp":"2026-03-25 11:33:02"}
{"level":"info","message":"Redis connected","metadata":{},"timestamp":"2026-03-25 11:33:02"}
{"level":"info","message":"MongoDB connected successfully","metadata":{},"timestamp":"2026-03-25 11:33:02"}
{"level":"info","message":"[Socket connected] userId: 695a20c20a35db6ab36c2395, socketId: DZwzjuq2G4FA2RbFAAAB","metadata":{},"timestamp":"2026-03-25 11:33:04"}
{"level":"info","message":"[Socket connected] userId: 695228e8999890489a028026, socketId: 4HOm35FpjyO7wHa7AAAD","metadata":{},"timestamp":"2026-03-25 11:33:06"}
{"level":"info","message":"[Socket connected] userId: 693d1d1c955b52394a731682, socketId: lRzb4y_S5XimrjevAAAF","metadata":{},"timestamp":"2026-03-25 11:33:08"}
{"level":"info","message":"Backend running on http://localhost:5001","metadata":{},"timestamp":"2026-03-25 11:34:04"}
{"level":"info","message":"Redis connected","metadata":{},"timestamp":"2026-03-25 11:34:04"}
{"level":"info","message":"MongoDB connected successfully","metadata":{},"timestamp":"2026-03-25 11:34:04"}
{"level":"info","message":"[Socket connected] userId: 695a20c20a35db6ab36c2395, socketId: HXFqb1tYjI4ACP_VAAAC","metadata":{},"timestamp":"2026-03-25 11:34:07"}
{"level":"info","message":"[Socket connected] userId: 695228e8999890489a028026, socketId: AFmjGbERXCWBuUp3AAAD","metadata":{},"timestamp":"2026-03-25 11:34:07"}
{"level":"info","message":"[Socket connected] userId: 693d1d1c955b52394a731682, socketId: 8TR7MNgvpXJyvLw_AAAF","metadata":{},"timestamp":"2026-03-25 11:34:09"}
{"level":"info","message":"Backend running on http://localhost:5001","metadata":{},"timestamp":"2026-03-25 11:34:37"}
{"level":"info","message":"Redis connected","metadata":{},"timestamp":"2026-03-25 11:34:37"}
{"level":"info","message":"MongoDB connected successfully","metadata":{},"timestamp":"2026-03-25 11:34:37"}
{"level":"info","message":"[Socket connected] userId: 695228e8999890489a028026, socketId: vNwww-LfBnUIqcbeAAAB","metadata":{},"timestamp":"2026-03-25 11:34:37"}
{"level":"info","message":"[Socket connected] userId: 693d1d1c955b52394a731682, socketId: sahil2Nkl2_h9H6AAAAD","metadata":{},"timestamp":"2026-03-25 11:34:38"}
{"level":"info","message":"[Socket connected] userId: 695a20c20a35db6ab36c2395, socketId: EgUqkBokdShpq-VPAAAF","metadata":{},"timestamp":"2026-03-25 11:34:39"}
{"level":"info","message":"[Socket disconnected] userId: 695a20c20a35db6ab36c2395","metadata":{},"timestamp":"2026-03-25 11:35:03"}
{"level":"info","message":"[Socket connected] userId: 695a20c20a35db6ab36c2395, socketId: c8qLadhRdlvra0ChAAAI","metadata":{},"timestamp":"2026-03-25 11:35:03"}
{"level":"info","message":"[Socket connected] userId: 695a20c20a35db6ab36c2395, socketId: kZNZQk1RyqhrguxmAAAL","metadata":{},"timestamp":"2026-03-25 11:35:07"}
{"level":"info","message":"[Socket disconnected] userId: 695a20c20a35db6ab36c2395","metadata":{},"timestamp":"2026-03-25 11:35:08"}
{"level":"info","message":"[Socket connected] userId: 695a20c20a35db6ab36c2395, socketId: p9khV-hlhVTs7wFUAAAO","metadata":{},"timestamp":"2026-03-25 11:35:09"}
{"level":"info","message":"User 695a20c20a35db6ab36c2395 joined room 69c34af6881fc7399f99521e","metadata":{},"timestamp":"2026-03-25 11:35:11"}
{"level":"info","message":"User 695a20c20a35db6ab36c2395 joined room 69b352ff21c921073935eb05","metadata":{},"timestamp":"2026-03-25 11:35:12"}
{"level":"info","message":"Backend running on http://localhost:5001","metadata":{},"timestamp":"2026-03-25 11:39:43"}
{"level":"info","message":"Redis connected","metadata":{},"timestamp":"2026-03-25 11:39:43"}
{"level":"info","message":"MongoDB connected successfully","metadata":{},"timestamp":"2026-03-25 11:39:43"}
{"level":"info","message":"[Socket connected] userId: 695a20c20a35db6ab36c2395, socketId: Gv3qhB7UMP-dnfukAAAB","metadata":{},"timestamp":"2026-03-25 11:39:44"}
{"level":"info","message":"[Socket connected] userId: 695a20c20a35db6ab36c2395, socketId: HMIYumPMF9bz0SA4AAAD","metadata":{},"timestamp":"2026-03-25 11:39:46"}
{"level":"info","message":"User 695a20c20a35db6ab36c2395 joined room 69b352ff21c921073935eb05","metadata":{},"timestamp":"2026-03-25 11:39:46"}
{"level":"info","message":"[Socket connected] userId: 695228e8999890489a028026, socketId: ZSYsRs6jw7lTpWUHAAAF","metadata":{},"timestamp":"2026-03-25 11:39:47"}
{"level":"info","message":"[Socket connected] userId: 693d1d1c955b52394a731682, socketId: 1W8uUW0u7GfU7dYhAAAH","metadata":{},"timestamp":"2026-03-25 11:39:49"}
{"level":"info","message":"Backend running on http://localhost:5001","metadata":{},"timestamp":"2026-03-25 11:40:01"}
{"level":"info","message":"Redis connected","metadata":{},"timestamp":"2026-03-25 11:40:01"}
{"level":"info","message":"MongoDB connected successfully","metadata":{},"timestamp":"2026-03-25 11:40:01"}
{"level":"info","message":"[Socket connected] userId: 695a20c20a35db6ab36c2395, socketId: F33bEAwVXznjB9x4AAAC","metadata":{},"timestamp":"2026-03-25 11:40:02"}
{"level":"info","message":"[Socket connected] userId: 693d1d1c955b52394a731682, socketId: sUmUMabsuOeJhuOuAAAD","metadata":{},"timestamp":"2026-03-25 11:40:02"}
{"level":"info","message":"[Socket connected] userId: 695228e8999890489a028026, socketId: PzlhDQ-hwfcj-6x9AAAF","metadata":{},"timestamp":"2026-03-25 11:40:04"}
{"level":"info","message":"Backend running on http://localhost:5001","metadata":{},"timestamp":"2026-03-25 11:40:13"}
{"level":"info","message":"Redis connected","metadata":{},"timestamp":"2026-03-25 11:40:13"}
{"level":"info","message":"MongoDB connected successfully","metadata":{},"timestamp":"2026-03-25 11:40:13"}
{"level":"info","message":"[Socket connected] userId: 695228e8999890489a028026, socketId: CaQlpPcAbKn78heRAAAB","metadata":{},"timestamp":"2026-03-25 11:40:15"}
{"level":"info","message":"Backend running on http://localhost:5001","metadata":{},"timestamp":"2026-03-25 11:40:23"}
{"level":"info","message":"Redis connected","metadata":{},"timestamp":"2026-03-25 11:40:23"}
{"level":"info","message":"MongoDB connected successfully","metadata":{},"timestamp":"2026-03-25 11:40:23"}
{"level":"info","message":"[Socket connected] userId: 693d1d1c955b52394a731682, socketId: kR0rWIkFMplpmx0BAAAB","metadata":{},"timestamp":"2026-03-25 11:40:25"}
{"level":"info","message":"[Socket connected] userId: 695228e8999890489a028026, socketId: zPbX1Oshb3oluZMoAAAD","metadata":{},"timestamp":"2026-03-25 11:40:27"}
{"level":"info","message":"[Socket connected] userId: 695a20c20a35db6ab36c2395, socketId: 97gR263eb4UCtnRIAAAF","metadata":{},"timestamp":"2026-03-25 11:40:29"}
{"level":"info","message":"Backend running on http://localhost:5001","metadata":{},"timestamp":"2026-03-25 11:43:23"}
{"level":"info","message":"Redis connected","metadata":{},"timestamp":"2026-03-25 11:43:23"}
{"level":"info","message":"MongoDB connected successfully","metadata":{},"timestamp":"2026-03-25 11:43:23"}
{"level":"info","message":"[Socket connected] userId: 695228e8999890489a028026, socketId: Xx8MwyKEyKiNAU9ZAAAB","metadata":{},"timestamp":"2026-03-25 11:43:24"}
{"level":"info","message":"Backend running on http://localhost:5001","metadata":{},"timestamp":"2026-03-25 11:43:34"}
{"level":"info","message":"Redis connected","metadata":{},"timestamp":"2026-03-25 11:43:34"}
{"level":"info","message":"MongoDB connected successfully","metadata":{},"timestamp":"2026-03-25 11:43:34"}
{"level":"info","message":"[Socket connected] userId: 693d1d1c955b52394a731682, socketId: o_yq21PIdXthmx6pAAAC","metadata":{},"timestamp":"2026-03-25 11:43:35"}
{"level":"info","message":"[Socket connected] userId: 695a20c20a35db6ab36c2395, socketId: Kx8WqmL0W17uxDNhAAAD","metadata":{},"timestamp":"2026-03-25 11:43:35"}
{"level":"info","message":"[Socket connected] userId: 695228e8999890489a028026, socketId: jdVRSK6F6d8YJs7pAAAF","metadata":{},"timestamp":"2026-03-25 11:43:38"}
{"level":"info","message":"Backend running on http://localhost:5001","metadata":{},"timestamp":"2026-03-25 11:44:06"}
{"level":"info","message":"Redis connected","metadata":{},"timestamp":"2026-03-25 11:44:06"}
{"level":"info","message":"MongoDB connected successfully","metadata":{},"timestamp":"2026-03-25 11:44:06"}
{"level":"info","message":"[Socket connected] userId: 695228e8999890489a028026, socketId: UU9l80si8sJK8Es0AAAB","metadata":{},"timestamp":"2026-03-25 11:44:07"}
{"level":"info","message":"Backend running on http://localhost:5001","metadata":{},"timestamp":"2026-03-25 11:44:17"}
{"level":"info","message":"Redis connected","metadata":{},"timestamp":"2026-03-25 11:44:17"}
{"level":"info","message":"MongoDB connected successfully","metadata":{},"timestamp":"2026-03-25 11:44:17"}
{"level":"info","message":"[Socket connected] userId: 695228e8999890489a028026, socketId: GwkDP_-3S4j2da1YAAAB","metadata":{},"timestamp":"2026-03-25 11:44:20"}
{"level":"info","message":"[Socket connected] userId: 695a20c20a35db6ab36c2395, socketId: k2MAx-hIkqOPENIfAAAE","metadata":{},"timestamp":"2026-03-25 11:44:23"}
{"level":"info","message":"[Socket connected] userId: 693d1d1c955b52394a731682, socketId: rsvBWRHIDW9PiVPHAAAF","metadata":{},"timestamp":"2026-03-25 11:44:23"}
{"level":"info","message":"Backend running on http://localhost:5001","metadata":{},"timestamp":"2026-03-25 11:44:43"}
{"level":"info","message":"Redis connected","metadata":{},"timestamp":"2026-03-25 11:44:43"}
{"level":"info","message":"MongoDB connected successfully","metadata":{},"timestamp":"2026-03-25 11:44:43"}
{"level":"info","message":"[Socket connected] userId: 695a20c20a35db6ab36c2395, socketId: psgEAuFOZVlp2REhAAAB","metadata":{},"timestamp":"2026-03-25 11:44:44"}
{"level":"info","message":"[Socket connected] userId: 695228e8999890489a028026, socketId: V7UwRKjO9z0qGWUlAAAD","metadata":{},"timestamp":"2026-03-25 11:44:46"}
{"level":"info","message":"[Socket connected] userId: 693d1d1c955b52394a731682, socketId: EpqWi6D8dDSnzPyHAAAF","metadata":{},"timestamp":"2026-03-25 11:44:48"}
{"level":"info","message":"Backend running on http://localhost:5001","metadata":{},"timestamp":"2026-03-25 11:45:26"}
{"level":"info","message":"Redis connected","metadata":{},"timestamp":"2026-03-25 11:45:26"}
{"level":"info","message":"MongoDB connected successfully","metadata":{},"timestamp":"2026-03-25 11:45:26"}
{"level":"info","message":"[Socket connected] userId: 693d1d1c955b52394a731682, socketId: I28c-ZkwVuUoyNdeAAAC","metadata":{},"timestamp":"2026-03-25 11:45:27"}
{"level":"info","message":"[Socket connected] userId: 695a20c20a35db6ab36c2395, socketId: 5YGOfzxyVdAz4rAzAAAD","metadata":{},"timestamp":"2026-03-25 11:45:27"}
{"level":"info","message":"Backend running on http://localhost:5001","metadata":{},"timestamp":"2026-03-25 11:45:36"}
{"level":"info","message":"Redis connected","metadata":{},"timestamp":"2026-03-25 11:45:36"}
{"level":"info","message":"MongoDB connected successfully","metadata":{},"timestamp":"2026-03-25 11:45:36"}
{"level":"info","message":"[Socket connected] userId: 693d1d1c955b52394a731682, socketId: C3AbwgSc75jPLRvtAAAC","metadata":{},"timestamp":"2026-03-25 11:45:38"}
{"level":"info","message":"[Socket connected] userId: 695a20c20a35db6ab36c2395, socketId: VcMTQ0hNZ-aYg9MuAAAD","metadata":{},"timestamp":"2026-03-25 11:45:38"}
{"level":"info","message":"[Socket connected] userId: 695228e8999890489a028026, socketId: JyFzXQgskNErfiAAAAAF","metadata":{},"timestamp":"2026-03-25 11:45:41"}
{"level":"info","message":"Backend running on http://localhost:5001","metadata":{},"timestamp":"2026-03-25 11:45:53"}
{"level":"info","message":"Redis connected","metadata":{},"timestamp":"2026-03-25 11:45:53"}
{"level":"info","message":"MongoDB connected successfully","metadata":{},"timestamp":"2026-03-25 11:45:53"}
{"level":"info","message":"[Socket connected] userId: 695228e8999890489a028026, socketId: 87sDgd5OBl9toavzAAAB","metadata":{},"timestamp":"2026-03-25 11:45:54"}
{"level":"info","message":"[Socket connected] userId: 693d1d1c955b52394a731682, socketId: paL88R26ahFEGG-CAAAD","metadata":{},"timestamp":"2026-03-25 11:45:55"}
{"level":"info","message":"[Socket connected] userId: 695a20c20a35db6ab36c2395, socketId: EoBpOk4TD6rxOdE9AAAF","metadata":{},"timestamp":"2026-03-25 11:45:56"}
{"level":"info","message":"Backend running on http://localhost:5001","metadata":{},"timestamp":"2026-03-25 11:46:19"}
{"level":"info","message":"Redis connected","metadata":{},"timestamp":"2026-03-25 11:46:19"}
{"level":"info","message":"MongoDB connected successfully","metadata":{},"timestamp":"2026-03-25 11:46:19"}
{"level":"info","message":"[Socket connected] userId: 695228e8999890489a028026, socketId: cI8HoLwlJaJv4kT6AAAC","metadata":{},"timestamp":"2026-03-25 11:46:21"}
{"level":"info","message":"[Socket connected] userId: 695a20c20a35db6ab36c2395, socketId: MoAy1a-HfIqOZYGkAAAD","metadata":{},"timestamp":"2026-03-25 11:46:21"}
{"level":"info","message":"[Socket connected] userId: 693d1d1c955b52394a731682, socketId: Px_3E0kzMXbihgsaAAAF","metadata":{},"timestamp":"2026-03-25 11:46:25"}
{"level":"info","message":"Backend running on http://localhost:5001","metadata":{},"timestamp":"2026-03-25 11:47:02"}
{"level":"info","message":"Redis connected","metadata":{},"timestamp":"2026-03-25 11:47:02"}
{"level":"info","message":"MongoDB connected successfully","metadata":{},"timestamp":"2026-03-25 11:47:02"}
{"level":"info","message":"[Socket connected] userId: 693d1d1c955b52394a731682, socketId: NlgFMfdq2jkvqgXZAAAD","metadata":{},"timestamp":"2026-03-25 11:47:08"}
{"level":"info","message":"[Socket connected] userId: 695a20c20a35db6ab36c2395, socketId: pQ8-AWpHXbn8GpcUAAAE","metadata":{},"timestamp":"2026-03-25 11:47:08"}
{"level":"info","message":"[Socket connected] userId: 695228e8999890489a028026, socketId: BMtrXLdl-h8IiSopAAAF","metadata":{},"timestamp":"2026-03-25 11:47:08"}
{"level":"info","message":"Backend running on http://localhost:5001","metadata":{},"timestamp":"2026-03-25 11:49:04"}
{"level":"info","message":"Redis connected","metadata":{},"timestamp":"2026-03-25 11:49:04"}
{"level":"info","message":"MongoDB connected successfully","metadata":{},"timestamp":"2026-03-25 11:49:04"}
{"level":"info","message":"[Socket connected] userId: 695228e8999890489a028026, socketId: bgfhZJbw2ZniP148AAAB","metadata":{},"timestamp":"2026-03-25 11:49:04"}
{"level":"info","message":"[Socket connected] userId: 695a20c20a35db6ab36c2395, socketId: gfcJiDs8vIutVK4mAAAD","metadata":{},"timestamp":"2026-03-25 11:49:06"}
{"level":"info","message":"Backend running on http://localhost:5001","metadata":{},"timestamp":"2026-03-25 11:49:23"}
{"level":"info","message":"Redis connected","metadata":{},"timestamp":"2026-03-25 11:49:23"}
{"level":"info","message":"MongoDB connected successfully","metadata":{},"timestamp":"2026-03-25 11:49:23"}
{"level":"info","message":"[Socket connected] userId: 695228e8999890489a028026, socketId: keAPhOmEcqP0zANlAAAB","metadata":{},"timestamp":"2026-03-25 11:49:24"}
{"level":"info","message":"[Socket connected] userId: 693d1d1c955b52394a731682, socketId: QkNZZ14E-m0B2iRnAAAD","metadata":{},"timestamp":"2026-03-25 11:49:27"}
{"level":"info","message":"[Socket connected] userId: 695a20c20a35db6ab36c2395, socketId: ISliROPobWsANBXwAAAF","metadata":{},"timestamp":"2026-03-25 11:49:29"}
{"level":"info","message":"Backend running on http://localhost:5001","metadata":{},"timestamp":"2026-03-25 11:50:21"}
{"level":"info","message":"Redis connected","metadata":{},"timestamp":"2026-03-25 11:50:21"}
{"level":"info","message":"MongoDB connected successfully","metadata":{},"timestamp":"2026-03-25 11:50:21"}
{"level":"info","message":"[Socket connected] userId: 693d1d1c955b52394a731682, socketId: A7NuhczxP1jiRadTAAAB","metadata":{},"timestamp":"2026-03-25 11:50:24"}
{"level":"info","message":"Backend running on http://localhost:5001","metadata":{},"timestamp":"2026-03-25 11:50:35"}
{"level":"info","message":"Redis connected","metadata":{},"timestamp":"2026-03-25 11:50:35"}
{"level":"info","message":"MongoDB connected successfully","metadata":{},"timestamp":"2026-03-25 11:50:35"}
{"level":"info","message":"[Socket connected] userId: 695a20c20a35db6ab36c2395, socketId: oNaNrt5Cvzl8RorfAAAC","metadata":{},"timestamp":"2026-03-25 11:50:37"}
{"level":"info","message":"[Socket connected] userId: 695228e8999890489a028026, socketId: fUhdMGmkgGsiR-xhAAAD","metadata":{},"timestamp":"2026-03-25 11:50:37"}
{"level":"info","message":"[Socket connected] userId: 693d1d1c955b52394a731682, socketId: 04geBs-yJ4PvNCRPAAAF","metadata":{},"timestamp":"2026-03-25 11:50:38"}
{"level":"info","message":"Backend running on http://localhost:5001","metadata":{},"timestamp":"2026-03-25 19:50:28"}
{"level":"info","message":"Redis connected","metadata":{},"timestamp":"2026-03-25 19:50:28"}
{"level":"info","message":"MongoDB connected successfully","metadata":{},"timestamp":"2026-03-25 19:50:28"}
{"level":"info","message":"[Socket connected] userId: 695a20c20a35db6ab36c2395, socketId: XR_R2g9RcAVLMq2hAAAC","metadata":{},"timestamp":"2026-03-25 19:50:34"}
{"level":"info","message":"[Socket disconnected] userId: 695a20c20a35db6ab36c2395","metadata":{},"timestamp":"2026-03-25 19:50:51"}
{"level":"info","message":"[Socket connected] userId: 6952c5e37717bc70a397d947, socketId: K--ZDScDTmqn16WWAAAE","metadata":{},"timestamp":"2026-03-25 19:50:51"}
{"level":"info","message":"[Socket connected] userId: 695228e8999890489a028026, socketId: M0j-6tfBLZZ6y0nLAAAG","metadata":{},"timestamp":"2026-03-25 19:51:37"}
{"level":"info","message":"[Socket connected] userId: 693d1d1c955b52394a731682, socketId: 917A1ZaKFrmsacOJAAAJ","metadata":{},"timestamp":"2026-03-25 19:52:20"}
{"level":"info","message":"[Socket disconnected] userId: 693d1d1c955b52394a731682","metadata":{},"timestamp":"2026-03-25 19:52:24"}
{"level":"info","message":"[Socket connected] userId: 693d1d1c955b52394a731682, socketId: J0KTnLchI2aW_sytAAAM","metadata":{},"timestamp":"2026-03-25 19:52:24"}
{"level":"info","message":"[Socket disconnected] userId: 693d1d1c955b52394a731682","metadata":{},"timestamp":"2026-03-25 19:52:30"}
{"level":"info","message":"[Socket connected] userId: 693d1d1c955b52394a731682, socketId: YQ8gomjfYnbFSVjIAAAP","metadata":{},"timestamp":"2026-03-25 19:52:30"}
{"level":"info","message":"[Socket disconnected] userId: 693d1d1c955b52394a731682","metadata":{},"timestamp":"2026-03-25 19:52:50"}
{"level":"info","message":"[Socket connected] userId: 693d1d1c955b52394a731682, socketId: 2LnpDUxnr-mT1oNnAAAS","metadata":{},"timestamp":"2026-03-25 19:52:50"}
{"level":"info","message":"[Socket disconnected] userId: 693d1d1c955b52394a731682","metadata":{},"timestamp":"2026-03-25 19:52:51"}
{"level":"info","message":"[Socket connected] userId: 693d1d1c955b52394a731682, socketId: eodyClRxZUP4nkBaAAAV","metadata":{},"timestamp":"2026-03-25 19:52:51"}
{"level":"info","message":"[Socket disconnected] userId: 693d1d1c955b52394a731682","metadata":{},"timestamp":"2026-03-25 19:52:57"}
{"level":"info","message":"[Socket connected] userId: 693d1d1c955b52394a731682, socketId: Dgbaz6ODzu6N22gxAAAY","metadata":{},"timestamp":"2026-03-25 19:52:58"}
{"level":"info","message":"[Socket disconnected] userId: 6952c5e37717bc70a397d947","metadata":{},"timestamp":"2026-03-25 19:57:25"}
{"level":"info","message":"[Socket connected] userId: 6952c5e37717bc70a397d947, socketId: 70Udn4mnKMEFRBMfAAAb","metadata":{},"timestamp":"2026-03-25 19:57:25"}
{"level":"info","message":"[Socket disconnected] userId: 6952c5e37717bc70a397d947","metadata":{},"timestamp":"2026-03-25 19:57:31"}
{"level":"info","message":"[Socket connected] userId: 695adad0e5e49754e37c9c4b, socketId: 61Itpxc8OZ3FD7NqAAAd","metadata":{},"timestamp":"2026-03-25 19:57:31"}
{"level":"info","message":"[Socket connected] userId: 695adad0e5e49754e37c9c4b, socketId: Q4DcXt26-c2165AMAAAg","metadata":{},"timestamp":"2026-03-25 19:57:37"}
{"level":"info","message":"[Socket disconnected] userId: 695adad0e5e49754e37c9c4b","metadata":{},"timestamp":"2026-03-25 19:57:38"}
{"level":"info","message":"[Socket connected] userId: 695adad0e5e49754e37c9c4b, socketId: nO2mweQKyNc1g7LMAAAj","metadata":{},"timestamp":"2026-03-25 19:57:41"}
{"level":"info","message":"[Socket disconnected] userId: 695adad0e5e49754e37c9c4b","metadata":{},"timestamp":"2026-03-25 19:57:42"}
{"level":"info","message":"[Socket disconnected] userId: 693d1d1c955b52394a731682","metadata":{},"timestamp":"2026-03-25 20:01:26"}
{"level":"info","message":"[Socket connected] userId: 693d1d1c955b52394a731682, socketId: Khyre57MXgHtRL_kAAAm","metadata":{},"timestamp":"2026-03-25 20:01:26"}
{"level":"info","message":"Backend running on http://localhost:5001","metadata":{},"timestamp":"2026-03-25 20:02:33"}
{"level":"info","message":"Redis connected","metadata":{},"timestamp":"2026-03-25 20:02:33"}
{"level":"info","message":"MongoDB connected successfully","metadata":{},"timestamp":"2026-03-25 20:02:33"}
{"level":"info","message":"[Socket connected] userId: 695228e8999890489a028026, socketId: 5V0H3wtu-DspEmbRAAAB","metadata":{},"timestamp":"2026-03-25 20:02:33"}
{"level":"info","message":"[Socket connected] userId: 695adad0e5e49754e37c9c4b, socketId: z6q4nG3CFpfDt1gwAAAD","metadata":{},"timestamp":"2026-03-25 20:02:36"}
{"level":"info","message":"[Socket connected] userId: 693d1d1c955b52394a731682, socketId: w7Aa0FSNuc7672rOAAAF","metadata":{},"timestamp":"2026-03-25 20:02:38"}
{"level":"info","message":"[Socket disconnected] userId: 693d1d1c955b52394a731682","metadata":{},"timestamp":"2026-03-25 20:03:37"}
{"level":"info","message":"[Socket connected] userId: 693d1d1c955b52394a731682, socketId: hHsfbD5OZimEkvYXAAAI","metadata":{},"timestamp":"2026-03-25 20:03:38"}
{"level":"info","message":"Backend running on http://localhost:5001","metadata":{},"timestamp":"2026-03-25 20:07:29"}
{"level":"info","message":"Redis connected","metadata":{},"timestamp":"2026-03-25 20:07:29"}
{"level":"info","message":"MongoDB connected successfully","metadata":{},"timestamp":"2026-03-25 20:07:29"}
{"level":"info","message":"[Socket connected] userId: 693d1d1c955b52394a731682, socketId: vPJkiFow_teGwfr-AAAB","metadata":{},"timestamp":"2026-03-25 20:07:29"}
{"level":"info","message":"[Socket connected] userId: 695228e8999890489a028026, socketId: JFlLRHqN6jbidcoIAAAD","metadata":{},"timestamp":"2026-03-25 20:07:31"}
{"level":"info","message":"[Socket connected] userId: 695adad0e5e49754e37c9c4b, socketId: U0Hnn2aThH9LC_YLAAAF","metadata":{},"timestamp":"2026-03-25 20:07:34"}
{"level":"info","message":"Backend running on http://localhost:5001","metadata":{},"timestamp":"2026-03-25 20:10:20"}
{"level":"info","message":"Redis connected","metadata":{},"timestamp":"2026-03-25 20:10:20"}
{"level":"info","message":"MongoDB connected successfully","metadata":{},"timestamp":"2026-03-25 20:10:20"}
{"level":"info","message":"[Socket connected] userId: 695228e8999890489a028026, socketId: sIve1jqp-QTPH2mFAAAC","metadata":{},"timestamp":"2026-03-25 20:10:23"}
{"level":"info","message":"[Socket connected] userId: 693d1d1c955b52394a731682, socketId: ginLSX-wEy5Fy8-OAAAD","metadata":{},"timestamp":"2026-03-25 20:10:23"}
{"level":"info","message":"[Socket connected] userId: 695adad0e5e49754e37c9c4b, socketId: 9gIbwImI1Q1HiOIuAAAF","metadata":{},"timestamp":"2026-03-25 20:10:24"}
{"level":"info","message":"[Socket disconnected] userId: 693d1d1c955b52394a731682","metadata":{},"timestamp":"2026-03-25 20:11:00"}
{"level":"info","message":"[Socket connected] userId: 693d1d1c955b52394a731682, socketId: QQeVRFz1z6lStYRbAAAI","metadata":{},"timestamp":"2026-03-25 20:11:00"}
{"level":"info","message":"Backend running on http://localhost:5001","metadata":{},"timestamp":"2026-03-25 20:11:46"}
{"level":"info","message":"Redis connected","metadata":{},"timestamp":"2026-03-25 20:11:46"}
{"level":"info","message":"MongoDB connected successfully","metadata":{},"timestamp":"2026-03-25 20:11:46"}
{"level":"info","message":"[Socket connected] userId: 695adad0e5e49754e37c9c4b, socketId: Hh5Q3dSxMySW74vdAAAB","metadata":{},"timestamp":"2026-03-25 20:11:48"}
{"level":"info","message":"[Socket connected] userId: 693d1d1c955b52394a731682, socketId: NE40T7fRNJuPBaQpAAAD","metadata":{},"timestamp":"2026-03-25 20:11:49"}
{"level":"info","message":"[Socket connected] userId: 695228e8999890489a028026, socketId: rEM-XOycJM7PabX6AAAF","metadata":{},"timestamp":"2026-03-25 20:11:51"}
{"level":"info","message":"[Socket disconnected] userId: 695228e8999890489a028026","metadata":{},"timestamp":"2026-03-25 20:12:15"}
{"level":"info","message":"[Socket disconnected] userId: 695adad0e5e49754e37c9c4b","metadata":{},"timestamp":"2026-03-25 20:12:15"}
{"level":"info","message":"[Socket disconnected] userId: 693d1d1c955b52394a731682","metadata":{},"timestamp":"2026-03-25 20:12:15"}
{"level":"info","message":"[Socket connected] userId: 695228e8999890489a028026, socketId: ETgD3NLrBvSQbqefAAAH","metadata":{},"timestamp":"2026-03-25 20:12:16"}
{"level":"info","message":"[Socket connected] userId: 695adad0e5e49754e37c9c4b, socketId: RpeE00inCsNSa8MgAAAM","metadata":{},"timestamp":"2026-03-25 20:12:18"}
{"level":"info","message":"[Socket connected] userId: 693d1d1c955b52394a731682, socketId: WLhYNjpoifdYfZETAAAN","metadata":{},"timestamp":"2026-03-25 20:12:18"}
{"level":"info","message":"[Socket disconnected] userId: 693d1d1c955b52394a731682","metadata":{},"timestamp":"2026-03-25 20:12:19"}
{"level":"info","message":"[Socket disconnected] userId: 695228e8999890489a028026","metadata":{},"timestamp":"2026-03-25 20:12:19"}
{"level":"info","message":"[Socket disconnected] userId: 695adad0e5e49754e37c9c4b","metadata":{},"timestamp":"2026-03-25 20:12:19"}
{"level":"info","message":"[Socket connected] userId: 693d1d1c955b52394a731682, socketId: -aMg6iBCHTuNc-keAAAQ","metadata":{},"timestamp":"2026-03-25 20:12:19"}
{"level":"info","message":"[Socket connected] userId: 695adad0e5e49754e37c9c4b, socketId: fx0VZpnqgcI5YBueAAAT","metadata":{},"timestamp":"2026-03-25 20:12:20"}
{"level":"info","message":"[Socket connected] userId: 695228e8999890489a028026, socketId: rUILf0FyWEvv5v7zAAAV","metadata":{},"timestamp":"2026-03-25 20:12:20"}
