{"level":"info","message":"Backend running on http://localhost:5001","metadata":{},"timestamp":"2026-03-04 00:01:29"}
{"level":"info","message":"Redis connected","metadata":{},"timestamp":"2026-03-04 00:01:29"}
{"level":"info","message":"MongoDB connected successfully","metadata":{},"timestamp":"2026-03-04 00:01:29"}
{"level":"info","message":"Backend running on http://localhost:5001","metadata":{},"timestamp":"2026-03-04 00:02:20"}
{"level":"info","message":"Redis connected","metadata":{},"timestamp":"2026-03-04 00:02:20"}
{"level":"info","message":"MongoDB connected successfully","metadata":{},"timestamp":"2026-03-04 00:02:20"}
{"level":"info","message":"Backend running on http://localhost:5001","metadata":{},"timestamp":"2026-03-04 00:02:33"}
{"level":"info","message":"Redis connected","metadata":{},"timestamp":"2026-03-04 00:02:33"}
{"level":"info","message":"MongoDB connected successfully","metadata":{},"timestamp":"2026-03-04 00:02:33"}
{"level":"info","message":"Backend running on http://localhost:5001","metadata":{},"timestamp":"2026-03-04 00:02:51"}
{"level":"info","message":"Redis connected","metadata":{},"timestamp":"2026-03-04 00:02:51"}
{"level":"info","message":"MongoDB connected successfully","metadata":{},"timestamp":"2026-03-04 00:02:51"}
{"level":"info","message":"Backend running on http://localhost:5001","metadata":{},"timestamp":"2026-03-04 00:03:14"}
{"level":"info","message":"Redis connected","metadata":{},"timestamp":"2026-03-04 00:03:14"}
{"level":"info","message":"MongoDB connected successfully","metadata":{},"timestamp":"2026-03-04 00:03:14"}
{"level":"info","message":"Backend running on http://localhost:5001","metadata":{},"timestamp":"2026-03-04 00:04:56"}
{"level":"info","message":"Redis connected","metadata":{},"timestamp":"2026-03-04 00:04:56"}
{"level":"info","message":"MongoDB connected successfully","metadata":{},"timestamp":"2026-03-04 00:04:56"}
{"level":"warn","message":"Handled AppError No token provided","metadata":{"method":"POST","statusCode":401,"url":"/api/auth/refresh","userId":"anonymous"},"timestamp":"2026-03-04 00:06:55"}
{"level":"warn","message":"Handled AppError No token provided","metadata":{"method":"POST","statusCode":401,"url":"/api/auth/refresh","userId":"anonymous"},"timestamp":"2026-03-04 00:06:56"}
{"level":"warn","message":"Handled AppError No token provided","metadata":{"method":"POST","statusCode":401,"url":"/api/auth/refresh","userId":"anonymous"},"timestamp":"2026-03-04 00:07:32"}
{"level":"info","message":"Backend running on http://localhost:5001","metadata":{},"timestamp":"2026-03-04 00:08:47"}
{"level":"info","message":"Redis connected","metadata":{},"timestamp":"2026-03-04 00:08:47"}
{"level":"info","message":"MongoDB connected successfully","metadata":{},"timestamp":"2026-03-04 00:08:47"}
{"level":"info","message":"Backend running on http://localhost:5001","metadata":{},"timestamp":"2026-03-04 00:09:51"}
{"level":"info","message":"Redis connected","metadata":{},"timestamp":"2026-03-04 00:09:51"}
{"level":"info","message":"MongoDB connected successfully","metadata":{},"timestamp":"2026-03-04 00:09:51"}
{"level":"info","message":"Backend running on http://localhost:5001","metadata":{},"timestamp":"2026-03-04 00:10:32"}
{"level":"info","message":"Redis connected","metadata":{},"timestamp":"2026-03-04 00:10:32"}
{"level":"info","message":"MongoDB connected successfully","metadata":{},"timestamp":"2026-03-04 00:10:32"}
{"level":"info","message":"Backend running on http://localhost:5001","metadata":{},"timestamp":"2026-03-04 00:10:47"}
{"level":"info","message":"Redis connected","metadata":{},"timestamp":"2026-03-04 00:10:47"}
{"level":"info","message":"MongoDB connected successfully","metadata":{},"timestamp":"2026-03-04 00:10:47"}
{"level":"warn","message":"Handled AppError No token provided","metadata":{"method":"POST","statusCode":401,"url":"/api/auth/refresh","userId":"anonymous"},"timestamp":"2026-03-04 00:12:21"}
{"level":"warn","message":"Handled AppError No token provided","metadata":{"method":"POST","statusCode":401,"url":"/api/auth/refresh","userId":"anonymous"},"timestamp":"2026-03-04 00:12:22"}
{"level":"warn","message":"Handled AppError No token provided","metadata":{"method":"POST","statusCode":401,"url":"/api/auth/refresh","userId":"anonymous"},"timestamp":"2026-03-04 00:13:39"}
{"level":"warn","message":"Handled AppError No token provided","metadata":{"method":"POST","statusCode":401,"url":"/api/auth/refresh","userId":"anonymous"},"timestamp":"2026-03-04 00:24:27"}
{"level":"warn","message":"Handled AppError No token provided","metadata":{"method":"POST","statusCode":401,"url":"/api/auth/refresh","userId":"anonymous"},"timestamp":"2026-03-04 00:30:21"}
{"level":"warn","message":"Handled AppError No token provided","metadata":{"method":"POST","statusCode":401,"url":"/api/auth/refresh","userId":"anonymous"},"timestamp":"2026-03-04 00:32:46"}
{"level":"warn","message":"Handled AppError No token provided","metadata":{"method":"POST","statusCode":401,"url":"/api/auth/refresh","userId":"anonymous"},"timestamp":"2026-03-04 00:39:45"}
{"level":"warn","message":"Handled AppError No token provided","metadata":{"method":"POST","statusCode":401,"url":"/api/auth/refresh","userId":"anonymous"},"timestamp":"2026-03-04 00:45:48"}
{"level":"warn","message":"Handled AppError No token provided","metadata":{"method":"POST","statusCode":401,"url":"/api/auth/refresh","userId":"anonymous"},"timestamp":"2026-03-04 00:45:54"}
{"level":"error","message":"Unhandled Error input must be a 24 character hex string, 12 byte Uint8Array, or an integer","metadata":{"method":"POST","stack":"BSONError: input must be a 24 character hex string, 12 byte Uint8Array, or an integer\n    at new ObjectId (/Users/ashikmuhammed/Desktop/Saloon Booking Managment/backend/node_modules/bson/src/objectid.ts:113:15)\n    at toObjectId (/Users/ashikmuhammed/Desktop/Saloon Booking Managment/backend/src/common/utils/mongoose.util.ts:9:10)\n    at EscrowService.holdAmount (/Users/ashikmuhammed/Desktop/Saloon Booking Managment/backend/src/modules/escrow/service/escrow.service.ts:30:27)\n    at PaymentService.verifyPayment (/Users/ashikmuhammed/Desktop/Saloon Booking Managment/backend/src/modules/payment/service/payment.service.ts:120:32)\n    at processTicksAndRejections (node:internal/process/task_queues:105:5)\n    at async PaymentController.verifyPayment (/Users/ashikmuhammed/Desktop/Saloon Booking Managment/backend/src/modules/payment/controller/payment.controller.ts:31:20)","url":"/api/payments/verify","userId":"6952c5e37717bc70a397d947"},"timestamp":"2026-03-04 00:50:27"}
{"level":"info","message":"Backend running on http://localhost:5001","metadata":{},"timestamp":"2026-03-04 01:01:52"}
{"level":"info","message":"Redis connected","metadata":{},"timestamp":"2026-03-04 01:01:52"}
{"level":"info","message":"MongoDB connected successfully","metadata":{},"timestamp":"2026-03-04 01:01:52"}
{"level":"info","message":"Backend running on http://localhost:5001","metadata":{},"timestamp":"2026-03-04 01:02:23"}
{"level":"info","message":"Redis connected","metadata":{},"timestamp":"2026-03-04 01:02:23"}
{"level":"info","message":"MongoDB connected successfully","metadata":{},"timestamp":"2026-03-04 01:02:23"}
{"level":"info","message":"Backend running on http://localhost:5001","metadata":{},"timestamp":"2026-03-04 01:02:46"}
{"level":"info","message":"Redis connected","metadata":{},"timestamp":"2026-03-04 01:02:46"}
{"level":"info","message":"MongoDB connected successfully","metadata":{},"timestamp":"2026-03-04 01:02:46"}
{"level":"error","message":"Unhandled Error input must be a 24 character hex string, 12 byte Uint8Array, or an integer","metadata":{"method":"POST","stack":"BSONError: input must be a 24 character hex string, 12 byte Uint8Array, or an integer\n    at new ObjectId (/Users/ashikmuhammed/Desktop/Saloon Booking Managment/backend/node_modules/bson/src/objectid.ts:113:15)\n    at toObjectId (/Users/ashikmuhammed/Desktop/Saloon Booking Managment/backend/src/common/utils/mongoose.util.ts:9:10)\n    at EscrowService.holdAmount (/Users/ashikmuhammed/Desktop/Saloon Booking Managment/backend/src/modules/escrow/service/escrow.service.ts:30:27)\n    at PaymentService.verifyPayment (/Users/ashikmuhammed/Desktop/Saloon Booking Managment/backend/src/modules/payment/service/payment.service.ts:120:32)\n    at processTicksAndRejections (node:internal/process/task_queues:105:5)\n    at async PaymentController.verifyPayment (/Users/ashikmuhammed/Desktop/Saloon Booking Managment/backend/src/modules/payment/controller/payment.controller.ts:31:20)","url":"/api/payments/verify","userId":"6952c5e37717bc70a397d947"},"timestamp":"2026-03-04 01:05:12"}
{"level":"info","message":"Backend running on http://localhost:5001","metadata":{},"timestamp":"2026-03-04 01:15:06"}
{"level":"info","message":"Redis connected","metadata":{},"timestamp":"2026-03-04 01:15:06"}
{"level":"info","message":"MongoDB connected successfully","metadata":{},"timestamp":"2026-03-04 01:15:06"}
{"level":"info","message":"Backend running on http://localhost:5001","metadata":{},"timestamp":"2026-03-04 01:17:25"}
{"level":"info","message":"Redis connected","metadata":{},"timestamp":"2026-03-04 01:17:25"}
{"level":"info","message":"MongoDB connected successfully","metadata":{},"timestamp":"2026-03-04 01:17:25"}
{"level":"info","message":"Backend running on http://localhost:5001","metadata":{},"timestamp":"2026-03-04 01:18:22"}
{"level":"info","message":"Redis connected","metadata":{},"timestamp":"2026-03-04 01:18:22"}
{"level":"info","message":"MongoDB connected successfully","metadata":{},"timestamp":"2026-03-04 01:18:22"}
{"level":"error","message":"Unhandled Error input must be a 24 character hex string, 12 byte Uint8Array, or an integer","metadata":{"method":"POST","stack":"BSONError: input must be a 24 character hex string, 12 byte Uint8Array, or an integer\n    at new ObjectId (/Users/ashikmuhammed/Desktop/Saloon Booking Managment/backend/node_modules/bson/src/objectid.ts:113:15)\n    at toObjectId (/Users/ashikmuhammed/Desktop/Saloon Booking Managment/backend/src/common/utils/mongoose.util.ts:9:10)\n    at EscrowService.holdAmount (/Users/ashikmuhammed/Desktop/Saloon Booking Managment/backend/src/modules/escrow/service/escrow.service.ts:30:27)\n    at PaymentService.verifyPayment (/Users/ashikmuhammed/Desktop/Saloon Booking Managment/backend/src/modules/payment/service/payment.service.ts:120:32)\n    at processTicksAndRejections (node:internal/process/task_queues:105:5)\n    at async PaymentController.verifyPayment (/Users/ashikmuhammed/Desktop/Saloon Booking Managment/backend/src/modules/payment/controller/payment.controller.ts:31:20)","url":"/api/payments/verify","userId":"6952c5e37717bc70a397d947"},"timestamp":"2026-03-04 01:21:39"}
{"level":"error","message":"Unhandled Error input must be a 24 character hex string, 12 byte Uint8Array, or an integer","metadata":{"method":"POST","stack":"BSONError: input must be a 24 character hex string, 12 byte Uint8Array, or an integer\n    at new ObjectId (/Users/ashikmuhammed/Desktop/Saloon Booking Managment/backend/node_modules/bson/src/objectid.ts:113:15)\n    at toObjectId (/Users/ashikmuhammed/Desktop/Saloon Booking Managment/backend/src/common/utils/mongoose.util.ts:9:10)\n    at EscrowService.holdAmount (/Users/ashikmuhammed/Desktop/Saloon Booking Managment/backend/src/modules/escrow/service/escrow.service.ts:30:27)\n    at PaymentService.verifyPayment (/Users/ashikmuhammed/Desktop/Saloon Booking Managment/backend/src/modules/payment/service/payment.service.ts:120:32)\n    at processTicksAndRejections (node:internal/process/task_queues:105:5)\n    at async PaymentController.verifyPayment (/Users/ashikmuhammed/Desktop/Saloon Booking Managment/backend/src/modules/payment/controller/payment.controller.ts:31:20)","url":"/api/payments/verify","userId":"6952c5e37717bc70a397d947"},"timestamp":"2026-03-04 01:25:47"}
{"level":"info","message":"Backend running on http://localhost:5001","metadata":{},"timestamp":"2026-03-04 01:27:16"}
{"level":"info","message":"Redis connected","metadata":{},"timestamp":"2026-03-04 01:27:16"}
{"level":"info","message":"MongoDB connected successfully","metadata":{},"timestamp":"2026-03-04 01:27:16"}
{"level":"info","message":"Backend running on http://localhost:5001","metadata":{},"timestamp":"2026-03-04 01:31:58"}
{"level":"info","message":"Redis connected","metadata":{},"timestamp":"2026-03-04 01:31:58"}
{"level":"info","message":"MongoDB connected successfully","metadata":{},"timestamp":"2026-03-04 01:31:58"}
{"level":"info","message":"Backend running on http://localhost:5001","metadata":{},"timestamp":"2026-03-04 01:32:26"}
{"level":"info","message":"Redis connected","metadata":{},"timestamp":"2026-03-04 01:32:26"}
{"level":"info","message":"MongoDB connected successfully","metadata":{},"timestamp":"2026-03-04 01:32:26"}
{"level":"info","message":"Backend running on http://localhost:5001","metadata":{},"timestamp":"2026-03-04 01:48:49"}
{"level":"info","message":"Redis connected","metadata":{},"timestamp":"2026-03-04 01:48:49"}
{"level":"info","message":"MongoDB connected successfully","metadata":{},"timestamp":"2026-03-04 01:48:49"}
{"level":"info","message":"Backend running on http://localhost:5001","metadata":{},"timestamp":"2026-03-04 03:28:45"}
{"level":"info","message":"Redis connected","metadata":{},"timestamp":"2026-03-04 03:28:45"}
{"level":"info","message":"MongoDB connected successfully","metadata":{},"timestamp":"2026-03-04 03:28:45"}
{"level":"info","message":"Backend running on http://localhost:5001","metadata":{},"timestamp":"2026-03-04 03:29:23"}
{"level":"info","message":"Redis connected","metadata":{},"timestamp":"2026-03-04 03:29:23"}
{"level":"info","message":"MongoDB connected successfully","metadata":{},"timestamp":"2026-03-04 03:29:23"}
{"level":"info","message":"Backend running on http://localhost:5001","metadata":{},"timestamp":"2026-03-04 03:29:41"}
{"level":"info","message":"Redis connected","metadata":{},"timestamp":"2026-03-04 03:29:41"}
{"level":"info","message":"MongoDB connected successfully","metadata":{},"timestamp":"2026-03-04 03:29:42"}
{"level":"info","message":"Backend running on http://localhost:5001","metadata":{},"timestamp":"2026-03-04 03:30:10"}
{"level":"info","message":"Redis connected","metadata":{},"timestamp":"2026-03-04 03:30:10"}
{"level":"info","message":"MongoDB connected successfully","metadata":{},"timestamp":"2026-03-04 03:30:10"}
{"level":"warn","message":"Handled AppError Status update can only be performed after the booking start time","metadata":{"method":"PATCH","statusCode":400,"url":"/api/bookings/69a75ca163422a2eefe6a5d3/status","userId":"695adad0e5e49754e37c9c4b"},"timestamp":"2026-03-04 03:45:30"}
{"level":"warn","message":"Handled AppError Status update can only be performed after the booking start time","metadata":{"method":"PATCH","statusCode":400,"url":"/api/bookings/69a75ca163422a2eefe6a5d3/status","userId":"695adad0e5e49754e37c9c4b"},"timestamp":"2026-03-04 03:45:34"}
{"level":"info","message":"Backend running on http://localhost:5001","metadata":{},"timestamp":"2026-03-04 04:00:45"}
{"level":"info","message":"Redis connected","metadata":{},"timestamp":"2026-03-04 04:00:45"}
{"level":"info","message":"MongoDB connected successfully","metadata":{},"timestamp":"2026-03-04 04:00:45"}
{"level":"info","message":"Backend running on http://localhost:5001","metadata":{},"timestamp":"2026-03-04 04:01:18"}
{"level":"info","message":"Redis connected","metadata":{},"timestamp":"2026-03-04 04:01:18"}
{"level":"info","message":"MongoDB connected successfully","metadata":{},"timestamp":"2026-03-04 04:01:18"}
{"level":"info","message":"Backend running on http://localhost:5001","metadata":{},"timestamp":"2026-03-04 04:01:35"}
{"level":"info","message":"Redis connected","metadata":{},"timestamp":"2026-03-04 04:01:35"}
{"level":"info","message":"MongoDB connected successfully","metadata":{},"timestamp":"2026-03-04 04:01:35"}
{"level":"info","message":"Backend running on http://localhost:5001","metadata":{},"timestamp":"2026-03-04 04:01:49"}
{"level":"info","message":"Redis connected","metadata":{},"timestamp":"2026-03-04 04:01:49"}
{"level":"info","message":"MongoDB connected successfully","metadata":{},"timestamp":"2026-03-04 04:01:49"}
{"level":"info","message":"Backend running on http://localhost:5001","metadata":{},"timestamp":"2026-03-04 04:02:24"}
{"level":"info","message":"Redis connected","metadata":{},"timestamp":"2026-03-04 04:02:24"}
{"level":"info","message":"MongoDB connected successfully","metadata":{},"timestamp":"2026-03-04 04:02:24"}
{"level":"error","message":"Unhandled Error E11000 duplicate key error collection: salon_booking.bookings index: branchId_1_stylistId_1_date_1_startTime_1 dup key: { branchId: ObjectId('698b46bfe65366c147965cf4'), stylistId: ObjectId('695adad0e5e49754e37c9c4d'), date: new Date(1772582400000), startTime: \"14:15\" }","metadata":{"method":"POST","stack":"MongoServerError: E11000 duplicate key error collection: salon_booking.bookings index: branchId_1_stylistId_1_date_1_startTime_1 dup key: { branchId: ObjectId('698b46bfe65366c147965cf4'), stylistId: ObjectId('695adad0e5e49754e37c9c4d'), date: new Date(1772582400000), startTime: \"14:15\" }\n    at InsertOneOperation.handleOk (/Users/ashikmuhammed/Desktop/Saloon Booking Managment/backend/node_modules/mongodb/src/operations/insert.ts:79:13)\n    at tryOperation (/Users/ashikmuhammed/Desktop/Saloon Booking Managment/backend/node_modules/mongodb/src/operations/execute_operation.ts:294:26)\n    at processTicksAndRejections (node:internal/process/task_queues:105:5)\n    at async executeOperation (/Users/ashikmuhammed/Desktop/Saloon Booking Managment/backend/node_modules/mongodb/src/operations/execute_operation.ts:123:12)\n    at async Collection.insertOne (/Users/ashikmuhammed/Desktop/Saloon Booking Managment/backend/node_modules/mongodb/src/collection.ts:294:12)\n    at async model.$__save (/Users/ashikmuhammed/Desktop/Saloon Booking Managment/backend/node_modules/mongoose/lib/model.js:398:16)\n    at async model.save (/Users/ashikmuhammed/Desktop/Saloon Booking Managment/backend/node_modules/mongoose/lib/model.js:609:5)\n    at async BookingRepository.create (/Users/ashikmuhammed/Desktop/Saloon Booking Managment/backend/src/modules/booking/repository/booking.repository.ts:64:22)\n    at async BookingService.createBooking (/Users/ashikmuhammed/Desktop/Saloon Booking Managment/backend/src/modules/booking/service/booking.service.ts:64:21)\n    at async BookingController.create (/Users/ashikmuhammed/Desktop/Saloon Booking Managment/backend/src/modules/booking/controller/booking.controller.ts:53:21)","url":"/api/bookings","userId":"695228e8999890489a028026"},"timestamp":"2026-03-04 04:09:43"}
{"level":"info","message":"Backend running on http://localhost:5001","metadata":{},"timestamp":"2026-03-04 04:11:02"}
{"level":"info","message":"Redis connected","metadata":{},"timestamp":"2026-03-04 04:11:02"}
{"level":"info","message":"MongoDB connected successfully","metadata":{},"timestamp":"2026-03-04 04:11:02"}
{"level":"error","message":"Unhandled Error Unknown error","metadata":{"method":"POST","url":"/api/wallet/topup/create-order","userId":"695228e8999890489a028026"},"timestamp":"2026-03-04 04:12:16"}
{"level":"info","message":"Backend running on http://localhost:5001","metadata":{},"timestamp":"2026-03-04 04:13:17"}
{"level":"info","message":"Redis connected","metadata":{},"timestamp":"2026-03-04 04:13:17"}
{"level":"info","message":"MongoDB connected successfully","metadata":{},"timestamp":"2026-03-04 04:13:17"}
{"level":"info","message":"Backend running on http://localhost:5001","metadata":{},"timestamp":"2026-03-04 04:13:39"}
{"level":"info","message":"Redis connected","metadata":{},"timestamp":"2026-03-04 04:13:39"}
{"level":"info","message":"MongoDB connected successfully","metadata":{},"timestamp":"2026-03-04 04:13:39"}
{"level":"info","message":"Backend running on http://localhost:5001","metadata":{},"timestamp":"2026-03-04 04:13:58"}
{"level":"info","message":"Redis connected","metadata":{},"timestamp":"2026-03-04 04:13:58"}
{"level":"info","message":"MongoDB connected successfully","metadata":{},"timestamp":"2026-03-04 04:13:58"}
{"level":"info","message":"Backend running on http://localhost:5001","metadata":{},"timestamp":"2026-03-04 04:14:31"}
{"level":"info","message":"Redis connected","metadata":{},"timestamp":"2026-03-04 04:14:31"}
{"level":"info","message":"MongoDB connected successfully","metadata":{},"timestamp":"2026-03-04 04:14:31"}
{"level":"error","message":"Unhandled Error Unknown error","metadata":{"method":"POST","url":"/api/wallet/topup/create-order","userId":"6952c5e37717bc70a397d947"},"timestamp":"2026-03-04 04:14:41"}
{"level":"info","message":"Backend running on http://localhost:5001","metadata":{},"timestamp":"2026-03-04 04:16:44"}
{"level":"info","message":"Redis connected","metadata":{},"timestamp":"2026-03-04 04:16:44"}
{"level":"info","message":"MongoDB connected successfully","metadata":{},"timestamp":"2026-03-04 04:16:44"}
{"level":"info","message":"Backend running on http://localhost:5001","metadata":{},"timestamp":"2026-03-04 04:20:57"}
{"level":"info","message":"Redis connected","metadata":{},"timestamp":"2026-03-04 04:20:57"}
{"level":"info","message":"MongoDB connected successfully","metadata":{},"timestamp":"2026-03-04 04:20:57"}
{"level":"info","message":"Backend running on http://localhost:5001","metadata":{},"timestamp":"2026-03-04 04:28:35"}
{"level":"info","message":"Redis connected","metadata":{},"timestamp":"2026-03-04 04:28:35"}
{"level":"info","message":"MongoDB connected successfully","metadata":{},"timestamp":"2026-03-04 04:28:35"}
{"level":"error","message":"Unhandled Error Unknown error","metadata":{"method":"POST","url":"/api/wallet/topup/create-order","userId":"6952c5e37717bc70a397d947"},"timestamp":"2026-03-04 04:28:45"}
{"level":"info","message":"Backend running on http://localhost:5001","metadata":{},"timestamp":"2026-03-04 04:29:51"}
{"level":"info","message":"Redis connected","metadata":{},"timestamp":"2026-03-04 04:29:51"}
{"level":"info","message":"MongoDB connected successfully","metadata":{},"timestamp":"2026-03-04 04:29:51"}
{"level":"warn","message":"Handled AppError Unauthorized","metadata":{"method":"POST","statusCode":403,"url":"/api/payments/pay-with-wallet","userId":"6952c5e37717bc70a397d947"},"timestamp":"2026-03-04 04:33:00"}
{"level":"info","message":"Backend running on http://localhost:5001","metadata":{},"timestamp":"2026-03-04 04:35:52"}
{"level":"info","message":"Redis connected","metadata":{},"timestamp":"2026-03-04 04:35:52"}
{"level":"info","message":"MongoDB connected successfully","metadata":{},"timestamp":"2026-03-04 04:35:52"}
{"level":"error","message":"Unhandled Error input must be a 24 character hex string, 12 byte Uint8Array, or an integer","metadata":{"method":"POST","stack":"BSONError: input must be a 24 character hex string, 12 byte Uint8Array, or an integer\n    at new ObjectId (/Users/ashikmuhammed/Desktop/Saloon Booking Managment/backend/node_modules/bson/src/objectid.ts:113:15)\n    at toObjectId (/Users/ashikmuhammed/Desktop/Saloon Booking Managment/backend/src/common/utils/mongoose.util.ts:9:10)\n    at EscrowService.holdAmount (/Users/ashikmuhammed/Desktop/Saloon Booking Managment/backend/src/modules/escrow/service/escrow.service.ts:30:27)\n    at PaymentService.payWithWallet (/Users/ashikmuhammed/Desktop/Saloon Booking Managment/backend/src/modules/payment/service/payment.service.ts:187:32)\n    at processTicksAndRejections (node:internal/process/task_queues:105:5)\n    at async PaymentController.payWithWallet (/Users/ashikmuhammed/Desktop/Saloon Booking Managment/backend/src/modules/payment/controller/payment.controller.ts:38:20)","url":"/api/payments/pay-with-wallet","userId":"6952c5e37717bc70a397d947"},"timestamp":"2026-03-04 04:36:15"}
{"level":"error","message":"Unhandled Error input must be a 24 character hex string, 12 byte Uint8Array, or an integer","metadata":{"method":"POST","stack":"BSONError: input must be a 24 character hex string, 12 byte Uint8Array, or an integer\n    at new ObjectId (/Users/ashikmuhammed/Desktop/Saloon Booking Managment/backend/node_modules/bson/src/objectid.ts:113:15)\n    at toObjectId (/Users/ashikmuhammed/Desktop/Saloon Booking Managment/backend/src/common/utils/mongoose.util.ts:9:10)\n    at EscrowService.holdAmount (/Users/ashikmuhammed/Desktop/Saloon Booking Managment/backend/src/modules/escrow/service/escrow.service.ts:30:27)\n    at PaymentService.payWithWallet (/Users/ashikmuhammed/Desktop/Saloon Booking Managment/backend/src/modules/payment/service/payment.service.ts:187:32)\n    at processTicksAndRejections (node:internal/process/task_queues:105:5)\n    at async PaymentController.payWithWallet (/Users/ashikmuhammed/Desktop/Saloon Booking Managment/backend/src/modules/payment/controller/payment.controller.ts:38:20)","url":"/api/payments/pay-with-wallet","userId":"6952c5e37717bc70a397d947"},"timestamp":"2026-03-04 04:36:53"}
{"level":"info","message":"Backend running on http://localhost:5001","metadata":{},"timestamp":"2026-03-04 04:39:21"}
{"level":"info","message":"Redis connected","metadata":{},"timestamp":"2026-03-04 04:39:21"}
{"level":"info","message":"MongoDB connected successfully","metadata":{},"timestamp":"2026-03-04 04:39:21"}
{"level":"info","message":"Backend running on http://localhost:5001","metadata":{},"timestamp":"2026-03-04 16:03:16"}
{"level":"info","message":"Redis connected","metadata":{},"timestamp":"2026-03-04 16:03:16"}
{"level":"info","message":"MongoDB connected successfully","metadata":{},"timestamp":"2026-03-04 16:03:16"}
{"level":"info","message":"Backend running on http://localhost:5001","metadata":{},"timestamp":"2026-03-04 16:52:08"}
{"level":"info","message":"Redis connected","metadata":{},"timestamp":"2026-03-04 16:52:08"}
{"level":"info","message":"MongoDB connected successfully","metadata":{},"timestamp":"2026-03-04 16:52:08"}
{"level":"info","message":"Backend running on http://localhost:5001","metadata":{},"timestamp":"2026-03-04 16:53:09"}
{"level":"info","message":"Redis connected","metadata":{},"timestamp":"2026-03-04 16:53:09"}
{"level":"info","message":"MongoDB connected successfully","metadata":{},"timestamp":"2026-03-04 16:53:09"}
{"level":"info","message":"Backend running on http://localhost:5001","metadata":{},"timestamp":"2026-03-04 16:54:25"}
{"level":"info","message":"Redis connected","metadata":{},"timestamp":"2026-03-04 16:54:25"}
{"level":"info","message":"MongoDB connected successfully","metadata":{},"timestamp":"2026-03-04 16:54:25"}
{"level":"info","message":"Backend running on http://localhost:5001","metadata":{},"timestamp":"2026-03-04 16:55:11"}
{"level":"info","message":"Redis connected","metadata":{},"timestamp":"2026-03-04 16:55:11"}
{"level":"info","message":"MongoDB connected successfully","metadata":{},"timestamp":"2026-03-04 16:55:11"}
{"level":"info","message":"Backend running on http://localhost:5001","metadata":{},"timestamp":"2026-03-04 16:56:04"}
{"level":"info","message":"Redis connected","metadata":{},"timestamp":"2026-03-04 16:56:04"}
{"level":"info","message":"MongoDB connected successfully","metadata":{},"timestamp":"2026-03-04 16:56:04"}
{"level":"info","message":"Backend running on http://localhost:5001","metadata":{},"timestamp":"2026-03-04 16:57:35"}
{"level":"info","message":"Redis connected","metadata":{},"timestamp":"2026-03-04 16:57:35"}
{"level":"info","message":"MongoDB connected successfully","metadata":{},"timestamp":"2026-03-04 16:57:35"}
{"level":"info","message":"Backend running on http://localhost:5001","metadata":{},"timestamp":"2026-03-04 17:39:31"}
{"level":"info","message":"Redis connected","metadata":{},"timestamp":"2026-03-04 17:39:31"}
{"level":"info","message":"MongoDB connected successfully","metadata":{},"timestamp":"2026-03-04 17:39:31"}
{"level":"info","message":"Backend running on http://localhost:5001","metadata":{},"timestamp":"2026-03-04 17:42:17"}
{"level":"info","message":"Redis connected","metadata":{},"timestamp":"2026-03-04 17:42:17"}
{"level":"info","message":"MongoDB connected successfully","metadata":{},"timestamp":"2026-03-04 17:42:17"}
{"level":"warn","message":"Handled AppError Status updates can only be performed on the day of the booking","metadata":{"method":"PATCH","statusCode":400,"url":"/api/bookings/69a82404753b9ccc7f7e1980/status","userId":"695adad0e5e49754e37c9c4b"},"timestamp":"2026-03-04 17:53:38"}
{"level":"warn","message":"Handled AppError Status updates can only be performed on the day of the booking","metadata":{"method":"PATCH","statusCode":400,"url":"/api/bookings/69a82404753b9ccc7f7e1980/status","userId":"695adad0e5e49754e37c9c4b"},"timestamp":"2026-03-04 17:53:42"}
{"level":"info","message":"Backend running on http://localhost:5001","metadata":{},"timestamp":"2026-03-04 17:56:45"}
{"level":"info","message":"Redis connected","metadata":{},"timestamp":"2026-03-04 17:56:46"}
{"level":"info","message":"MongoDB connected successfully","metadata":{},"timestamp":"2026-03-04 17:56:46"}
{"level":"warn","message":"Handled AppError Status updates can only be performed on the day of the booking","metadata":{"method":"PATCH","statusCode":400,"url":"/api/bookings/69a82404753b9ccc7f7e1980/status","userId":"695adad0e5e49754e37c9c4b"},"timestamp":"2026-03-04 17:57:21"}
{"level":"warn","message":"Handled AppError Status updates can only be performed on the day of the booking","metadata":{"method":"PATCH","statusCode":400,"url":"/api/bookings/69a82404753b9ccc7f7e1980/status","userId":"695adad0e5e49754e37c9c4b"},"timestamp":"2026-03-04 17:57:59"}
{"level":"info","message":"Backend running on http://localhost:5001","metadata":{},"timestamp":"2026-03-04 18:00:08"}
{"level":"info","message":"Redis connected","metadata":{},"timestamp":"2026-03-04 18:00:08"}
{"level":"info","message":"MongoDB connected successfully","metadata":{},"timestamp":"2026-03-04 18:00:08"}
{"level":"info","message":"Backend running on http://localhost:5001","metadata":{},"timestamp":"2026-03-04 18:06:02"}
{"level":"info","message":"Redis connected","metadata":{},"timestamp":"2026-03-04 18:06:02"}
{"level":"info","message":"MongoDB connected successfully","metadata":{},"timestamp":"2026-03-04 18:06:02"}
{"level":"info","message":"Backend running on http://localhost:5001","metadata":{},"timestamp":"2026-03-04 18:06:12"}
{"level":"info","message":"Redis connected","metadata":{},"timestamp":"2026-03-04 18:06:12"}
{"level":"info","message":"MongoDB connected successfully","metadata":{},"timestamp":"2026-03-04 18:06:12"}
{"level":"info","message":"Backend running on http://localhost:5001","metadata":{},"timestamp":"2026-03-04 18:06:33"}
{"level":"info","message":"Redis connected","metadata":{},"timestamp":"2026-03-04 18:06:33"}
{"level":"info","message":"MongoDB connected successfully","metadata":{},"timestamp":"2026-03-04 18:06:33"}
{"level":"info","message":"Backend running on http://localhost:5001","metadata":{},"timestamp":"2026-03-04 18:06:48"}
{"level":"info","message":"Redis connected","metadata":{},"timestamp":"2026-03-04 18:06:48"}
{"level":"info","message":"MongoDB connected successfully","metadata":{},"timestamp":"2026-03-04 18:06:48"}
{"level":"info","message":"Backend running on http://localhost:5001","metadata":{},"timestamp":"2026-03-04 18:07:02"}
{"level":"info","message":"Redis connected","metadata":{},"timestamp":"2026-03-04 18:07:02"}
{"level":"info","message":"MongoDB connected successfully","metadata":{},"timestamp":"2026-03-04 18:07:02"}
{"level":"info","message":"Backend running on http://localhost:5001","metadata":{},"timestamp":"2026-03-04 20:03:19"}
{"level":"info","message":"Redis connected","metadata":{},"timestamp":"2026-03-04 20:03:19"}
{"level":"info","message":"MongoDB connected successfully","metadata":{},"timestamp":"2026-03-04 20:03:19"}
{"level":"info","message":"Backend running on http://localhost:5001","metadata":{},"timestamp":"2026-03-04 20:16:27"}
{"level":"info","message":"Redis connected","metadata":{},"timestamp":"2026-03-04 20:16:27"}
{"level":"info","message":"MongoDB connected successfully","metadata":{},"timestamp":"2026-03-04 20:16:27"}
{"level":"info","message":"Backend running on http://localhost:5001","metadata":{},"timestamp":"2026-03-04 20:16:34"}
{"level":"info","message":"Redis connected","metadata":{},"timestamp":"2026-03-04 20:16:34"}
{"level":"info","message":"MongoDB connected successfully","metadata":{},"timestamp":"2026-03-04 20:16:34"}
{"level":"info","message":"Backend running on http://localhost:5001","metadata":{},"timestamp":"2026-03-04 20:22:06"}
{"level":"info","message":"Redis connected","metadata":{},"timestamp":"2026-03-04 20:22:06"}
{"level":"info","message":"MongoDB connected successfully","metadata":{},"timestamp":"2026-03-04 20:22:06"}
{"level":"info","message":"Backend running on http://localhost:5001","metadata":{},"timestamp":"2026-03-04 20:22:42"}
{"level":"info","message":"Redis connected","metadata":{},"timestamp":"2026-03-04 20:22:42"}
{"level":"info","message":"MongoDB connected successfully","metadata":{},"timestamp":"2026-03-04 20:22:42"}
{"level":"info","message":"Backend running on http://localhost:5001","metadata":{},"timestamp":"2026-03-04 20:22:50"}
{"level":"info","message":"Redis connected","metadata":{},"timestamp":"2026-03-04 20:22:50"}
{"level":"info","message":"MongoDB connected successfully","metadata":{},"timestamp":"2026-03-04 20:22:50"}
