{"level":"info","message":"Backend running on http://localhost:5001","timestamp":"2026-02-01 14:02:54"}
{"level":"info","message":"Redis connected","timestamp":"2026-02-01 14:02:54"}
{"level":"info","message":"MongoDB connected successfully","timestamp":"2026-02-01 14:02:55"}
{"level":"info","message":"Backend running on http://localhost:5001","timestamp":"2026-02-01 14:05:47"}
{"level":"info","message":"Redis connected","timestamp":"2026-02-01 14:05:47"}
{"level":"info","message":"MongoDB connected successfully","timestamp":"2026-02-01 14:05:47"}
{"level":"info","message":"Backend running on http://localhost:5001","timestamp":"2026-02-01 14:06:48"}
{"level":"info","message":"Redis connected","timestamp":"2026-02-01 14:06:48"}
{"level":"info","message":"MongoDB connected successfully","timestamp":"2026-02-01 14:06:48"}
{"level":"error","message":"Unhandled Error Cannot read properties of undefined (reading 'isBlocked')","method":"PATCH","stack":"TypeError: Cannot read properties of undefined (reading 'isBlocked')\n    at StylistController.toggleBlock (/Users/ashikmuhammed/Desktop/Saloon Booking Managment/backend/src/modules/stylistInvite/controller/StylistController.ts:52:25)\n    at Layer.handleRequest (/Users/ashikmuhammed/Desktop/Saloon Booking Managment/backend/node_modules/router/lib/layer.js:152:17)\n    at next (/Users/ashikmuhammed/Desktop/Saloon Booking Managment/backend/node_modules/router/lib/route.js:157:13)\n    at /Users/ashikmuhammed/Desktop/Saloon Booking Managment/backend/src/common/middleware/role.middleware.ts:14:5\n    at Layer.handleRequest (/Users/ashikmuhammed/Desktop/Saloon Booking Managment/backend/node_modules/router/lib/layer.js:152:17)\n    at next (/Users/ashikmuhammed/Desktop/Saloon Booking Managment/backend/node_modules/router/lib/route.js:157:13)\n    at authMiddleware (/Users/ashikmuhammed/Desktop/Saloon Booking Managment/backend/src/common/middleware/auth.middleware.ts:37:5)\n    at Layer.handleRequest (/Users/ashikmuhammed/Desktop/Saloon Booking Managment/backend/node_modules/router/lib/layer.js:152:17)\n    at next (/Users/ashikmuhammed/Desktop/Saloon Booking Managment/backend/node_modules/router/lib/route.js:157:13)\n    at Route.dispatch (/Users/ashikmuhammed/Desktop/Saloon Booking Managment/backend/node_modules/router/lib/route.js:117:3)","timestamp":"2026-02-01 14:28:49","url":"/api/admin/stylists/696152a0b5f0134cfc12ef89/block","userId":"693d1d1c955b52394a731682"}
{"level":"info","message":"Backend running on http://localhost:5001","timestamp":"2026-02-01 14:33:07"}
{"level":"info","message":"Redis connected","timestamp":"2026-02-01 14:33:07"}
{"level":"info","message":"MongoDB connected successfully","timestamp":"2026-02-01 14:33:07"}
{"level":"info","message":"Backend running on http://localhost:5001","timestamp":"2026-02-01 14:33:34"}
{"level":"info","message":"Redis connected","timestamp":"2026-02-01 14:33:34"}
{"level":"info","message":"MongoDB connected successfully","timestamp":"2026-02-01 14:33:34"}
{"level":"info","message":"Backend running on http://localhost:5001","timestamp":"2026-02-01 14:33:41"}
{"level":"info","message":"Redis connected","timestamp":"2026-02-01 14:33:41"}
{"level":"info","message":"MongoDB connected successfully","timestamp":"2026-02-01 14:33:41"}
{"level":"info","message":"Backend running on http://localhost:5001","timestamp":"2026-02-01 14:34:07"}
{"level":"info","message":"Redis connected","timestamp":"2026-02-01 14:34:07"}
{"level":"info","message":"MongoDB connected successfully","timestamp":"2026-02-01 14:34:07"}
{"level":"info","message":"Backend running on http://localhost:5001","timestamp":"2026-02-01 14:37:08"}
{"level":"info","message":"Redis connected","timestamp":"2026-02-01 14:37:08"}
{"level":"info","message":"MongoDB connected successfully","timestamp":"2026-02-01 14:37:08"}
{"level":"info","message":"Backend running on http://localhost:5001","timestamp":"2026-02-01 14:39:29"}
{"level":"info","message":"Redis connected","timestamp":"2026-02-01 14:39:29"}
{"level":"info","message":"MongoDB connected successfully","timestamp":"2026-02-01 14:39:29"}
{"level":"info","message":"Backend running on http://localhost:5001","timestamp":"2026-02-01 14:40:17"}
{"level":"info","message":"Redis connected","timestamp":"2026-02-01 14:40:17"}
{"level":"info","message":"MongoDB connected successfully","timestamp":"2026-02-01 14:40:17"}
{"level":"warn","message":"Handled AppError Please verify email or phone before login","method":"POST","statusCode":403,"timestamp":"2026-02-01 14:48:30","url":"/api/auth/login","userId":"anonymous"}
{"level":"warn","message":"Handled AppError Your account has been blocked","method":"POST","statusCode":403,"timestamp":"2026-02-01 14:49:01","url":"/api/auth/login","userId":"anonymous"}
{"level":"info","message":"Backend running on http://localhost:5001","timestamp":"2026-02-01 14:52:04"}
{"level":"info","message":"Redis connected","timestamp":"2026-02-01 14:52:04"}
{"level":"info","message":"MongoDB connected successfully","timestamp":"2026-02-01 14:52:04"}
{"level":"info","message":"Backend running on http://localhost:5001","timestamp":"2026-02-01 14:52:47"}
{"level":"info","message":"Redis connected","timestamp":"2026-02-01 14:52:47"}
{"level":"info","message":"MongoDB connected successfully","timestamp":"2026-02-01 14:52:47"}
{"level":"info","message":"Backend running on http://localhost:5001","timestamp":"2026-02-01 14:52:55"}
{"level":"info","message":"Redis connected","timestamp":"2026-02-01 14:52:55"}
{"level":"info","message":"MongoDB connected successfully","timestamp":"2026-02-01 14:52:55"}
{"level":"info","message":"Backend running on http://localhost:5001","timestamp":"2026-02-01 14:53:07"}
{"level":"info","message":"Redis connected","timestamp":"2026-02-01 14:53:07"}
{"level":"info","message":"MongoDB connected successfully","timestamp":"2026-02-01 14:53:07"}
{"level":"info","message":"Backend running on http://localhost:5001","timestamp":"2026-02-01 14:53:43"}
{"level":"info","message":"Redis connected","timestamp":"2026-02-01 14:53:43"}
{"level":"info","message":"MongoDB connected successfully","timestamp":"2026-02-01 14:53:43"}
{"level":"info","message":"Backend running on http://localhost:5001","timestamp":"2026-02-01 14:54:10"}
{"level":"info","message":"Redis connected","timestamp":"2026-02-01 14:54:10"}
{"level":"info","message":"MongoDB connected successfully","timestamp":"2026-02-01 14:54:10"}
{"level":"info","message":"Backend running on http://localhost:5001","timestamp":"2026-02-01 14:54:39"}
{"level":"info","message":"Redis connected","timestamp":"2026-02-01 14:54:39"}
{"level":"info","message":"MongoDB connected successfully","timestamp":"2026-02-01 14:54:39"}
{"level":"info","message":"Backend running on http://localhost:5001","timestamp":"2026-02-01 14:54:49"}
{"level":"info","message":"Redis connected","timestamp":"2026-02-01 14:54:49"}
{"level":"info","message":"MongoDB connected successfully","timestamp":"2026-02-01 14:54:49"}
{"level":"info","message":"Backend running on http://localhost:5001","timestamp":"2026-02-01 14:55:01"}
{"level":"info","message":"Redis connected","timestamp":"2026-02-01 14:55:01"}
{"level":"info","message":"MongoDB connected successfully","timestamp":"2026-02-01 14:55:01"}
{"level":"error","message":"Unhandled Error Cast to ObjectId failed for value \":userId\" (type string) at path \"_id\" for model \"Stylist\"","method":"PATCH","stack":"CastError: Cast to ObjectId failed for value \":userId\" (type string) at path \"_id\" for model \"Stylist\"\n    at SchemaObjectId.cast (/Users/ashikmuhammed/Desktop/Saloon Booking Managment/backend/node_modules/mongoose/lib/schema/objectId.js:253:11)\n    at SchemaObjectId.SchemaType.applySetters (/Users/ashikmuhammed/Desktop/Saloon Booking Managment/backend/node_modules/mongoose/lib/schemaType.js:1280:12)\n    at SchemaObjectId.SchemaType.castForQuery (/Users/ashikmuhammed/Desktop/Saloon Booking Managment/backend/node_modules/mongoose/lib/schemaType.js:1706:17)\n    at cast (/Users/ashikmuhammed/Desktop/Saloon Booking Managment/backend/node_modules/mongoose/lib/cast.js:390:32)\n    at model.Query.Query.cast (/Users/ashikmuhammed/Desktop/Saloon Booking Managment/backend/node_modules/mongoose/lib/query.js:5016:12)\n    at model.Query.Query._castConditions (/Users/ashikmuhammed/Desktop/Saloon Booking Managment/backend/node_modules/mongoose/lib/query.js:2380:10)\n    at model.Query._findOne (/Users/ashikmuhammed/Desktop/Saloon Booking Managment/backend/node_modules/mongoose/lib/query.js:2708:8)\n    at model.Query.exec (/Users/ashikmuhammed/Desktop/Saloon Booking Managment/backend/node_modules/mongoose/lib/query.js:4627:80)\n    at processTicksAndRejections (node:internal/process/task_queues:105:5)\n    at async StylistRepository.setBlockedById (/Users/ashikmuhammed/Desktop/Saloon Booking Managment/backend/src/modules/stylistInvite/repository/StylistRepository.ts:200:21)","timestamp":"2026-02-01 15:28:26","url":"/api/admin/stylists/:userId/block","userId":"693d1d1c955b52394a731682"}
{"level":"error","message":"Unhandled Error Cast to ObjectId failed for value \":userId\" (type string) at path \"_id\" for model \"Stylist\"","method":"PATCH","stack":"CastError: Cast to ObjectId failed for value \":userId\" (type string) at path \"_id\" for model \"Stylist\"\n    at SchemaObjectId.cast (/Users/ashikmuhammed/Desktop/Saloon Booking Managment/backend/node_modules/mongoose/lib/schema/objectId.js:253:11)\n    at SchemaObjectId.SchemaType.applySetters (/Users/ashikmuhammed/Desktop/Saloon Booking Managment/backend/node_modules/mongoose/lib/schemaType.js:1280:12)\n    at SchemaObjectId.SchemaType.castForQuery (/Users/ashikmuhammed/Desktop/Saloon Booking Managment/backend/node_modules/mongoose/lib/schemaType.js:1706:17)\n    at cast (/Users/ashikmuhammed/Desktop/Saloon Booking Managment/backend/node_modules/mongoose/lib/cast.js:390:32)\n    at model.Query.Query.cast (/Users/ashikmuhammed/Desktop/Saloon Booking Managment/backend/node_modules/mongoose/lib/query.js:5016:12)\n    at model.Query.Query._castConditions (/Users/ashikmuhammed/Desktop/Saloon Booking Managment/backend/node_modules/mongoose/lib/query.js:2380:10)\n    at model.Query._findOne (/Users/ashikmuhammed/Desktop/Saloon Booking Managment/backend/node_modules/mongoose/lib/query.js:2708:8)\n    at model.Query.exec (/Users/ashikmuhammed/Desktop/Saloon Booking Managment/backend/node_modules/mongoose/lib/query.js:4627:80)\n    at processTicksAndRejections (node:internal/process/task_queues:105:5)\n    at async StylistRepository.setBlockedById (/Users/ashikmuhammed/Desktop/Saloon Booking Managment/backend/src/modules/stylistInvite/repository/StylistRepository.ts:200:21)","timestamp":"2026-02-01 15:28:29","url":"/api/admin/stylists/:userId/block","userId":"693d1d1c955b52394a731682"}
{"level":"info","message":"Backend running on http://localhost:5001","timestamp":"2026-02-01 15:31:31"}
{"level":"info","message":"Redis connected","timestamp":"2026-02-01 15:31:31"}
{"level":"info","message":"MongoDB connected successfully","timestamp":"2026-02-01 15:31:31"}
{"level":"info","message":"Backend running on http://localhost:5001","timestamp":"2026-02-01 15:32:02"}
{"level":"info","message":"Redis connected","timestamp":"2026-02-01 15:32:02"}
{"level":"info","message":"MongoDB connected successfully","timestamp":"2026-02-01 15:32:02"}
{"level":"info","message":"Backend running on http://localhost:5001","timestamp":"2026-02-01 15:32:22"}
{"level":"info","message":"Redis connected","timestamp":"2026-02-01 15:32:22"}
{"level":"info","message":"MongoDB connected successfully","timestamp":"2026-02-01 15:32:22"}
{"level":"info","message":"Backend running on http://localhost:5001","timestamp":"2026-02-01 16:03:06"}
{"level":"info","message":"Redis connected","timestamp":"2026-02-01 16:03:06"}
{"level":"info","message":"MongoDB connected successfully","timestamp":"2026-02-01 16:03:06"}
{"level":"info","message":"Backend running on http://localhost:5001","timestamp":"2026-02-01 16:05:33"}
{"level":"info","message":"Redis connected","timestamp":"2026-02-01 16:05:33"}
{"level":"info","message":"MongoDB connected successfully","timestamp":"2026-02-01 16:05:33"}
{"level":"info","message":"Backend running on http://localhost:5001","timestamp":"2026-02-01 16:05:39"}
{"level":"info","message":"Redis connected","timestamp":"2026-02-01 16:05:39"}
{"level":"info","message":"MongoDB connected successfully","timestamp":"2026-02-01 16:05:39"}
{"level":"info","message":"Backend running on http://localhost:5001","timestamp":"2026-02-01 16:47:57"}
{"level":"info","message":"Redis connected","timestamp":"2026-02-01 16:47:57"}
{"level":"info","message":"MongoDB connected successfully","timestamp":"2026-02-01 16:47:57"}
{"level":"info","message":"Backend running on http://localhost:5001","timestamp":"2026-02-01 16:48:03"}
{"level":"info","message":"Redis connected","timestamp":"2026-02-01 16:48:03"}
{"level":"info","message":"MongoDB connected successfully","timestamp":"2026-02-01 16:48:03"}
{"level":"info","message":"Backend running on http://localhost:5001","timestamp":"2026-02-01 16:49:20"}
{"level":"info","message":"Redis connected","timestamp":"2026-02-01 16:49:20"}
{"level":"info","message":"MongoDB connected successfully","timestamp":"2026-02-01 16:49:20"}
{"level":"info","message":"Backend running on http://localhost:5001","timestamp":"2026-02-01 16:49:52"}
{"level":"info","message":"Redis connected","timestamp":"2026-02-01 16:49:52"}
{"level":"info","message":"MongoDB connected successfully","timestamp":"2026-02-01 16:49:52"}
{"level":"info","message":"Backend running on http://localhost:5001","timestamp":"2026-02-01 16:50:11"}
{"level":"info","message":"Redis connected","timestamp":"2026-02-01 16:50:11"}
{"level":"info","message":"MongoDB connected successfully","timestamp":"2026-02-01 16:50:11"}
{"level":"info","message":"Backend running on http://localhost:5001","timestamp":"2026-02-01 16:50:39"}
{"level":"info","message":"Redis connected","timestamp":"2026-02-01 16:50:39"}
{"level":"info","message":"MongoDB connected successfully","timestamp":"2026-02-01 16:50:39"}
{"level":"info","message":"Backend running on http://localhost:5001","timestamp":"2026-02-01 16:51:31"}
{"level":"info","message":"Redis connected","timestamp":"2026-02-01 16:51:31"}
{"level":"info","message":"MongoDB connected successfully","timestamp":"2026-02-01 16:51:31"}
{"level":"info","message":"Backend running on http://localhost:5001","timestamp":"2026-02-01 16:52:02"}
{"level":"info","message":"Redis connected","timestamp":"2026-02-01 16:52:02"}
{"level":"info","message":"MongoDB connected successfully","timestamp":"2026-02-01 16:52:02"}
