{"level":"info","message":"MongoDB connected successfully","timestamp":"2026-02-13 10:49:50"}
{"level":"info","message":"MongoDB connected successfully","timestamp":"2026-02-13 10:50:18"}
{"level":"info","message":"MongoDB connected successfully","timestamp":"2026-02-13 10:50:34"}
{"level":"info","message":"MongoDB connected successfully","timestamp":"2026-02-13 10:51:05"}
{"level":"info","message":"MongoDB connected successfully","timestamp":"2026-02-13 11:05:43"}
{"level":"info","message":"Backend running on http://localhost:5001","timestamp":"2026-02-13 11:34:26"}
{"level":"info","message":"Redis connected","timestamp":"2026-02-13 11:34:26"}
{"level":"info","message":"MongoDB connected successfully","timestamp":"2026-02-13 11:34:26"}
{"level":"info","message":"Backend running on http://localhost:5001","timestamp":"2026-02-13 11:34:42"}
{"level":"info","message":"Redis connected","timestamp":"2026-02-13 11:34:42"}
{"level":"info","message":"MongoDB connected successfully","timestamp":"2026-02-13 11:34:42"}
{"level":"info","message":"Backend running on http://localhost:5001","timestamp":"2026-02-13 11:35:04"}
{"level":"info","message":"Redis connected","timestamp":"2026-02-13 11:35:04"}
{"level":"info","message":"MongoDB connected successfully","timestamp":"2026-02-13 11:35:04"}
{"level":"info","message":"Backend running on http://localhost:5001","timestamp":"2026-02-13 11:35:13"}
{"level":"info","message":"Redis connected","timestamp":"2026-02-13 11:35:13"}
{"level":"info","message":"MongoDB connected successfully","timestamp":"2026-02-13 11:35:13"}
{"level":"warn","message":"Handled AppError No token provided","method":"POST","statusCode":401,"timestamp":"2026-02-13 11:35:38","url":"/api/auth/refresh","userId":"anonymous"}
{"level":"info","message":"Backend running on http://localhost:5001","timestamp":"2026-02-13 11:38:18"}
{"level":"info","message":"Redis connected","timestamp":"2026-02-13 11:38:18"}
{"level":"info","message":"MongoDB connected successfully","timestamp":"2026-02-13 11:38:18"}
{"level":"info","message":"Backend running on http://localhost:5001","timestamp":"2026-02-13 11:38:42"}
{"level":"info","message":"Redis connected","timestamp":"2026-02-13 11:38:42"}
{"level":"info","message":"MongoDB connected successfully","timestamp":"2026-02-13 11:38:42"}
{"level":"warn","message":"Handled AppError No token provided","method":"POST","statusCode":401,"timestamp":"2026-02-13 11:39:42","url":"/api/auth/refresh","userId":"anonymous"}
{"level":"warn","message":"Handled AppError No token provided","method":"POST","statusCode":401,"timestamp":"2026-02-13 17:08:32","url":"/api/auth/refresh","userId":"anonymous"}
{"level":"info","message":"MongoDB connected successfully","timestamp":"2026-02-13 18:24:42"}
{"level":"info","message":"MongoDB connected successfully","timestamp":"2026-02-13 18:25:08"}
{"level":"info","message":"MongoDB connected successfully","timestamp":"2026-02-13 18:25:42"}
{"level":"info","message":"Redis connected","timestamp":"2026-02-13 18:28:38"}
{"level":"info","message":"MongoDB connected successfully","timestamp":"2026-02-13 18:28:38"}
{"level":"info","message":"Redis connected","timestamp":"2026-02-13 18:29:28"}
{"level":"info","message":"MongoDB connected successfully","timestamp":"2026-02-13 18:29:28"}
{"level":"info","message":"Redis connected","timestamp":"2026-02-13 18:29:59"}
{"level":"info","message":"MongoDB connected successfully","timestamp":"2026-02-13 18:29:59"}
{"level":"info","message":"MongoDB connected successfully","timestamp":"2026-02-13 18:31:02"}
{"level":"info","message":"Backend running on http://localhost:5001","timestamp":"2026-02-13 18:57:10"}
{"level":"info","message":"Redis connected","timestamp":"2026-02-13 18:57:10"}
{"level":"info","message":"MongoDB connected successfully","timestamp":"2026-02-13 18:57:10"}
{"level":"info","message":"Backend running on http://localhost:5001","timestamp":"2026-02-13 18:59:03"}
{"level":"info","message":"Redis connected","timestamp":"2026-02-13 18:59:03"}
{"level":"info","message":"MongoDB connected successfully","timestamp":"2026-02-13 18:59:03"}
{"level":"warn","message":"Handled AppError No token provided","method":"POST","statusCode":401,"timestamp":"2026-02-13 18:59:12","url":"/api/auth/refresh","userId":"anonymous"}
{"level":"warn","message":"Handled AppError No token provided","method":"POST","statusCode":401,"timestamp":"2026-02-13 18:59:19","url":"/api/auth/refresh","userId":"anonymous"}
{"level":"warn","message":"Handled AppError No token provided","method":"POST","statusCode":401,"timestamp":"2026-02-13 19:01:38","url":"/api/auth/refresh","userId":"anonymous"}
{"level":"warn","message":"Handled AppError No token provided","method":"POST","statusCode":401,"timestamp":"2026-02-13 19:01:40","url":"/api/auth/refresh","userId":"anonymous"}
{"level":"warn","message":"Handled AppError No token provided","method":"POST","statusCode":401,"timestamp":"2026-02-13 19:03:28","url":"/api/auth/refresh","userId":"anonymous"}
{"level":"warn","message":"Handled AppError Service not found","method":"GET","statusCode":404,"timestamp":"2026-02-13 19:03:28","url":"/api/branches/698b46bfe65366c147965cf4/services/698c092a3c97fd2ec1155fc5","userId":"anonymous"}
{"level":"warn","message":"Handled AppError Service not found","method":"GET","statusCode":404,"timestamp":"2026-02-13 19:03:28","url":"/api/branches/698b46bfe65366c147965cf4/services/698c092a3c97fd2ec1155fc5","userId":"anonymous"}
{"level":"warn","message":"Handled AppError No token provided","method":"POST","statusCode":401,"timestamp":"2026-02-13 19:03:37","url":"/api/auth/refresh","userId":"anonymous"}
{"level":"warn","message":"Handled AppError Service not found","method":"GET","statusCode":404,"timestamp":"2026-02-13 19:03:37","url":"/api/branches/698b46bfe65366c147965cf4/services/698c092a3c97fd2ec1155fc5","userId":"anonymous"}
{"level":"warn","message":"Handled AppError Service not found","method":"GET","statusCode":404,"timestamp":"2026-02-13 19:03:37","url":"/api/branches/698b46bfe65366c147965cf4/services/698c092a3c97fd2ec1155fc5","userId":"anonymous"}
{"level":"warn","message":"Handled AppError No token provided","method":"POST","statusCode":401,"timestamp":"2026-02-13 19:04:05","url":"/api/auth/refresh","userId":"anonymous"}
