{"level":"info","message":"Backend running on http://localhost:5001","metadata":{},"timestamp":"2026-03-09 02:49:40"}
{"level":"info","message":"Redis connected","metadata":{},"timestamp":"2026-03-09 02:49:40"}
{"level":"info","message":"MongoDB connected successfully","metadata":{},"timestamp":"2026-03-09 02:49:40"}
{"level":"error","message":"Unhandled Error Booking validation failed: bookingNumber: Path `bookingNumber` is required.","metadata":{"method":"POST","stack":"ValidationError: Booking validation failed: bookingNumber: Path `bookingNumber` is required.\n    at model.Document.invalidate (/Users/ashikmuhammed/Desktop/Saloon Booking Managment/backend/node_modules/mongoose/lib/document.js:3370:32)\n    at validatePath (/Users/ashikmuhammed/Desktop/Saloon Booking Managment/backend/node_modules/mongoose/lib/document.js:3145:13)\n    at processTicksAndRejections (node:internal/process/task_queues:105:5)\n    at async Promise.all (index 0)\n    at async model.$__validate (/Users/ashikmuhammed/Desktop/Saloon Booking Managment/backend/node_modules/mongoose/lib/document.js:3086:3)\n    at async model.validate (/Users/ashikmuhammed/Desktop/Saloon Booking Managment/backend/node_modules/mongoose/lib/document.js:2663:5)\n    at async model.validateBeforeSave (/Users/ashikmuhammed/Desktop/Saloon Booking Managment/backend/node_modules/mongoose/lib/plugins/validateBeforeSave.js:34:7)\n    at async Kareem.execPre (/Users/ashikmuhammed/Desktop/Saloon Booking Managment/backend/node_modules/kareem/index.js:65:24)\n    at async model.$__save (/Users/ashikmuhammed/Desktop/Saloon Booking Managment/backend/node_modules/mongoose/lib/model.js:369:5)\n    at async model.save (/Users/ashikmuhammed/Desktop/Saloon Booking Managment/backend/node_modules/mongoose/lib/model.js:609:5)","url":"/api/bookings","userId":"6952c5e37717bc70a397d947"},"timestamp":"2026-03-09 02:50:19"}
{"level":"error","message":"Unhandled Error Booking validation failed: bookingNumber: Path `bookingNumber` is required.","metadata":{"method":"POST","stack":"ValidationError: Booking validation failed: bookingNumber: Path `bookingNumber` is required.\n    at model.Document.invalidate (/Users/ashikmuhammed/Desktop/Saloon Booking Managment/backend/node_modules/mongoose/lib/document.js:3370:32)\n    at validatePath (/Users/ashikmuhammed/Desktop/Saloon Booking Managment/backend/node_modules/mongoose/lib/document.js:3145:13)\n    at processTicksAndRejections (node:internal/process/task_queues:105:5)\n    at async Promise.all (index 0)\n    at async model.$__validate (/Users/ashikmuhammed/Desktop/Saloon Booking Managment/backend/node_modules/mongoose/lib/document.js:3086:3)\n    at async model.validate (/Users/ashikmuhammed/Desktop/Saloon Booking Managment/backend/node_modules/mongoose/lib/document.js:2663:5)\n    at async model.validateBeforeSave (/Users/ashikmuhammed/Desktop/Saloon Booking Managment/backend/node_modules/mongoose/lib/plugins/validateBeforeSave.js:34:7)\n    at async Kareem.execPre (/Users/ashikmuhammed/Desktop/Saloon Booking Managment/backend/node_modules/kareem/index.js:65:24)\n    at async model.$__save (/Users/ashikmuhammed/Desktop/Saloon Booking Managment/backend/node_modules/mongoose/lib/model.js:369:5)\n    at async model.save (/Users/ashikmuhammed/Desktop/Saloon Booking Managment/backend/node_modules/mongoose/lib/model.js:609:5)","url":"/api/bookings","userId":"6952c5e37717bc70a397d947"},"timestamp":"2026-03-09 02:50:31"}
{"level":"info","message":"Backend running on http://localhost:5001","metadata":{},"timestamp":"2026-03-09 02:54:08"}
{"level":"info","message":"Redis connected","metadata":{},"timestamp":"2026-03-09 02:54:08"}
{"level":"info","message":"MongoDB connected successfully","metadata":{},"timestamp":"2026-03-09 02:54:08"}
{"level":"info","message":"Backend running on http://localhost:5001","metadata":{},"timestamp":"2026-03-09 03:03:20"}
{"level":"info","message":"Redis connected","metadata":{},"timestamp":"2026-03-09 03:03:20"}
{"level":"info","message":"MongoDB connected successfully","metadata":{},"timestamp":"2026-03-09 03:03:20"}
{"level":"info","message":"Backend running on http://localhost:5001","metadata":{},"timestamp":"2026-03-09 03:03:42"}
{"level":"info","message":"Redis connected","metadata":{},"timestamp":"2026-03-09 03:03:42"}
{"level":"info","message":"MongoDB connected successfully","metadata":{},"timestamp":"2026-03-09 03:03:42"}
{"level":"info","message":"Backend running on http://localhost:5001","metadata":{},"timestamp":"2026-03-09 03:03:58"}
{"level":"info","message":"Redis connected","metadata":{},"timestamp":"2026-03-09 03:03:58"}
{"level":"info","message":"MongoDB connected successfully","metadata":{},"timestamp":"2026-03-09 03:03:58"}
{"level":"info","message":"Backend running on http://localhost:5001","metadata":{},"timestamp":"2026-03-09 03:25:17"}
{"level":"info","message":"Redis connected","metadata":{},"timestamp":"2026-03-09 03:25:17"}
{"level":"info","message":"MongoDB connected successfully","metadata":{},"timestamp":"2026-03-09 03:25:17"}
{"level":"info","message":"Backend running on http://localhost:5001","metadata":{},"timestamp":"2026-03-09 03:25:38"}
{"level":"info","message":"Redis connected","metadata":{},"timestamp":"2026-03-09 03:25:38"}
{"level":"info","message":"MongoDB connected successfully","metadata":{},"timestamp":"2026-03-09 03:25:38"}
{"level":"info","message":"Backend running on http://localhost:5001","metadata":{},"timestamp":"2026-03-09 03:26:14"}
{"level":"info","message":"Redis connected","metadata":{},"timestamp":"2026-03-09 03:26:14"}
{"level":"info","message":"MongoDB connected successfully","metadata":{},"timestamp":"2026-03-09 03:26:14"}
{"level":"warn","message":"Handled AppError No token provided","metadata":{"method":"POST","statusCode":401,"url":"/api/auth/refresh","userId":"anonymous"},"timestamp":"2026-03-09 03:31:46"}
{"level":"warn","message":"Handled AppError No token provided","metadata":{"method":"POST","statusCode":401,"url":"/api/auth/refresh","userId":"anonymous"},"timestamp":"2026-03-09 03:31:57"}
{"level":"warn","message":"Handled AppError No token provided","metadata":{"method":"POST","statusCode":401,"url":"/api/auth/refresh","userId":"anonymous"},"timestamp":"2026-03-09 03:32:09"}
{"level":"info","message":"Backend running on http://localhost:5001","metadata":{},"timestamp":"2026-03-09 03:35:51"}
{"level":"info","message":"Redis connected","metadata":{},"timestamp":"2026-03-09 03:35:51"}
{"level":"info","message":"MongoDB connected successfully","metadata":{},"timestamp":"2026-03-09 03:35:51"}
