{"level":"info","message":"Backend running on http://localhost:5001","timestamp":"2026-02-26 13:01:53"}
{"level":"info","message":"Redis connected","timestamp":"2026-02-26 13:01:53"}
{"level":"info","message":"MongoDB connected successfully","timestamp":"2026-02-26 13:01:53"}
{"level":"info","message":"Backend running on http://localhost:5001","timestamp":"2026-02-26 13:36:08"}
{"level":"info","message":"Redis connected","timestamp":"2026-02-26 13:36:08"}
{"level":"info","message":"MongoDB connected successfully","timestamp":"2026-02-26 13:36:08"}
{"level":"info","message":"Backend running on http://localhost:5001","timestamp":"2026-02-26 13:36:40"}
{"level":"info","message":"Redis connected","timestamp":"2026-02-26 13:36:40"}
{"level":"info","message":"MongoDB connected successfully","timestamp":"2026-02-26 13:36:40"}
{"level":"error","message":"Unhandled Error Booking validation failed: status: `SPECIAL` is not a valid enum value for path `status`.","method":"POST","stack":"ValidationError: Booking validation failed: status: `SPECIAL` is not a valid enum value for path `status`.\n    at model.Document.invalidate (/Users/ashikmuhammed/Desktop/Saloon Booking Managment/backend/node_modules/mongoose/lib/document.js:3370:32)\n    at validatePath (/Users/ashikmuhammed/Desktop/Saloon Booking Managment/backend/node_modules/mongoose/lib/document.js:3145:13)\n    at processTicksAndRejections (node:internal/process/task_queues:105:5)\n    at async Promise.all (index 7)\n    at async model.$__validate (/Users/ashikmuhammed/Desktop/Saloon Booking Managment/backend/node_modules/mongoose/lib/document.js:3086:3)\n    at async model.validate (/Users/ashikmuhammed/Desktop/Saloon Booking Managment/backend/node_modules/mongoose/lib/document.js:2663:5)\n    at async model.validateBeforeSave (/Users/ashikmuhammed/Desktop/Saloon Booking Managment/backend/node_modules/mongoose/lib/plugins/validateBeforeSave.js:34:7)\n    at async Kareem.execPre (/Users/ashikmuhammed/Desktop/Saloon Booking Managment/backend/node_modules/kareem/index.js:65:24)\n    at async model.$__save (/Users/ashikmuhammed/Desktop/Saloon Booking Managment/backend/node_modules/mongoose/lib/model.js:369:5)\n    at async model.save (/Users/ashikmuhammed/Desktop/Saloon Booking Managment/backend/node_modules/mongoose/lib/model.js:609:5)","timestamp":"2026-02-26 13:38:14","url":"/api/slots/special","userId":"695adad0e5e49754e37c9c4b"}
{"level":"info","message":"Backend running on http://localhost:5001","timestamp":"2026-02-26 13:39:20"}
{"level":"info","message":"Redis connected","timestamp":"2026-02-26 13:39:20"}
{"level":"info","message":"MongoDB connected successfully","timestamp":"2026-02-26 13:39:20"}
{"level":"info","message":"Backend running on http://localhost:5001","timestamp":"2026-02-26 13:41:28"}
{"level":"info","message":"Redis connected","timestamp":"2026-02-26 13:41:28"}
{"level":"info","message":"MongoDB connected successfully","timestamp":"2026-02-26 13:41:28"}
{"level":"info","message":"Backend running on http://localhost:5001","timestamp":"2026-02-26 13:41:52"}
{"level":"info","message":"Redis connected","timestamp":"2026-02-26 13:41:52"}
{"level":"info","message":"MongoDB connected successfully","timestamp":"2026-02-26 13:41:52"}
{"level":"info","message":"Backend running on http://localhost:5001","timestamp":"2026-02-26 13:44:39"}
{"level":"info","message":"Redis connected","timestamp":"2026-02-26 13:44:39"}
{"level":"info","message":"MongoDB connected successfully","timestamp":"2026-02-26 13:44:39"}
{"level":"info","message":"Backend running on http://localhost:5001","timestamp":"2026-02-26 13:49:05"}
{"level":"info","message":"Redis connected","timestamp":"2026-02-26 13:49:05"}
{"level":"info","message":"MongoDB connected successfully","timestamp":"2026-02-26 13:49:05"}
{"level":"info","message":"Backend running on http://localhost:5001","timestamp":"2026-02-26 13:49:34"}
{"level":"info","message":"Redis connected","timestamp":"2026-02-26 13:49:34"}
{"level":"info","message":"MongoDB connected successfully","timestamp":"2026-02-26 13:49:34"}
{"level":"info","message":"Backend running on http://localhost:5001","timestamp":"2026-02-26 13:51:56"}
{"level":"info","message":"Redis connected","timestamp":"2026-02-26 13:51:56"}
{"level":"info","message":"MongoDB connected successfully","timestamp":"2026-02-26 13:51:56"}
{"level":"info","message":"Backend running on http://localhost:5001","timestamp":"2026-02-26 13:52:07"}
{"level":"info","message":"Redis connected","timestamp":"2026-02-26 13:52:07"}
{"level":"info","message":"MongoDB connected successfully","timestamp":"2026-02-26 13:52:07"}
{"level":"info","message":"Backend running on http://localhost:5001","timestamp":"2026-02-26 13:52:31"}
{"level":"info","message":"Redis connected","timestamp":"2026-02-26 13:52:31"}
{"level":"info","message":"MongoDB connected successfully","timestamp":"2026-02-26 13:52:31"}
{"level":"info","message":"Backend running on http://localhost:5001","timestamp":"2026-02-26 13:56:41"}
{"level":"info","message":"Redis connected","timestamp":"2026-02-26 13:56:41"}
{"level":"info","message":"MongoDB connected successfully","timestamp":"2026-02-26 13:56:41"}
{"level":"info","message":"Backend running on http://localhost:5001","timestamp":"2026-02-26 13:57:09"}
{"level":"info","message":"Redis connected","timestamp":"2026-02-26 13:57:09"}
{"level":"info","message":"MongoDB connected successfully","timestamp":"2026-02-26 13:57:09"}
{"level":"info","message":"Backend running on http://localhost:5001","timestamp":"2026-02-26 13:57:23"}
{"level":"info","message":"Redis connected","timestamp":"2026-02-26 13:57:23"}
{"level":"info","message":"MongoDB connected successfully","timestamp":"2026-02-26 13:57:23"}
{"level":"info","message":"Backend running on http://localhost:5001","timestamp":"2026-02-26 13:57:53"}
{"level":"info","message":"Redis connected","timestamp":"2026-02-26 13:57:53"}
{"level":"info","message":"MongoDB connected successfully","timestamp":"2026-02-26 13:57:53"}
{"level":"info","message":"Backend running on http://localhost:5001","timestamp":"2026-02-26 13:58:04"}
{"level":"info","message":"Redis connected","timestamp":"2026-02-26 13:58:04"}
{"level":"info","message":"MongoDB connected successfully","timestamp":"2026-02-26 13:58:04"}
{"level":"info","message":"Backend running on http://localhost:5001","timestamp":"2026-02-26 14:00:50"}
{"level":"info","message":"Redis connected","timestamp":"2026-02-26 14:00:50"}
{"level":"info","message":"MongoDB connected successfully","timestamp":"2026-02-26 14:00:50"}
{"level":"info","message":"Backend running on http://localhost:5001","timestamp":"2026-02-26 14:01:59"}
{"level":"info","message":"Redis connected","timestamp":"2026-02-26 14:01:59"}
{"level":"info","message":"MongoDB connected successfully","timestamp":"2026-02-26 14:01:59"}
{"level":"info","message":"Backend running on http://localhost:5001","timestamp":"2026-02-26 14:08:06"}
{"level":"info","message":"Redis connected","timestamp":"2026-02-26 14:08:06"}
{"level":"info","message":"MongoDB connected successfully","timestamp":"2026-02-26 14:08:06"}
{"level":"warn","message":"Handled AppError Slot for 698c092a3c97fd2ec1155fc0 is unavailable","method":"POST","statusCode":400,"timestamp":"2026-02-26 14:11:50","url":"/api/bookings","userId":"6952c5e37717bc70a397d947"}
{"level":"info","message":"Backend running on http://localhost:5001","timestamp":"2026-02-26 14:17:16"}
{"level":"info","message":"Redis connected","timestamp":"2026-02-26 14:17:16"}
{"level":"info","message":"MongoDB connected successfully","timestamp":"2026-02-26 14:17:16"}
{"level":"info","message":"Backend running on http://localhost:5001","timestamp":"2026-02-26 14:17:53"}
{"level":"info","message":"Redis connected","timestamp":"2026-02-26 14:17:53"}
{"level":"info","message":"MongoDB connected successfully","timestamp":"2026-02-26 14:17:53"}
{"level":"info","message":"Backend running on http://localhost:5001","timestamp":"2026-02-26 14:18:10"}
{"level":"info","message":"Redis connected","timestamp":"2026-02-26 14:18:10"}
{"level":"info","message":"MongoDB connected successfully","timestamp":"2026-02-26 14:18:10"}
{"level":"info","message":"Backend running on http://localhost:5001","timestamp":"2026-02-26 14:18:33"}
{"level":"info","message":"Redis connected","timestamp":"2026-02-26 14:18:33"}
{"level":"info","message":"MongoDB connected successfully","timestamp":"2026-02-26 14:18:33"}
{"level":"info","message":"Backend running on http://localhost:5001","timestamp":"2026-02-26 14:18:52"}
{"level":"info","message":"Redis connected","timestamp":"2026-02-26 14:18:52"}
{"level":"info","message":"MongoDB connected successfully","timestamp":"2026-02-26 14:18:52"}
{"level":"info","message":"Backend running on http://localhost:5001","timestamp":"2026-02-26 14:19:14"}
{"level":"info","message":"Redis connected","timestamp":"2026-02-26 14:19:14"}
{"level":"info","message":"MongoDB connected successfully","timestamp":"2026-02-26 14:19:14"}
{"level":"info","message":"Backend running on http://localhost:5001","timestamp":"2026-02-26 14:20:53"}
{"level":"info","message":"Redis connected","timestamp":"2026-02-26 14:20:53"}
{"level":"info","message":"MongoDB connected successfully","timestamp":"2026-02-26 14:20:53"}
{"level":"info","message":"Backend running on http://localhost:5001","timestamp":"2026-02-26 14:21:41"}
{"level":"info","message":"Redis connected","timestamp":"2026-02-26 14:21:41"}
{"level":"info","message":"MongoDB connected successfully","timestamp":"2026-02-26 14:21:41"}
{"level":"info","message":"Backend running on http://localhost:5001","timestamp":"2026-02-26 14:22:20"}
{"level":"info","message":"Redis connected","timestamp":"2026-02-26 14:22:20"}
{"level":"info","message":"MongoDB connected successfully","timestamp":"2026-02-26 14:22:20"}
{"level":"info","message":"Backend running on http://localhost:5001","timestamp":"2026-02-26 14:22:56"}
{"level":"info","message":"Redis connected","timestamp":"2026-02-26 14:22:56"}
{"level":"info","message":"MongoDB connected successfully","timestamp":"2026-02-26 14:22:56"}
{"level":"info","message":"Backend running on http://localhost:5001","timestamp":"2026-02-26 14:23:25"}
{"level":"info","message":"Redis connected","timestamp":"2026-02-26 14:23:25"}
{"level":"info","message":"MongoDB connected successfully","timestamp":"2026-02-26 14:23:25"}
{"level":"info","message":"Backend running on http://localhost:5001","timestamp":"2026-02-26 14:24:17"}
{"level":"info","message":"Redis connected","timestamp":"2026-02-26 14:24:17"}
{"level":"info","message":"MongoDB connected successfully","timestamp":"2026-02-26 14:24:17"}
{"level":"info","message":"Backend running on http://localhost:5001","timestamp":"2026-02-26 14:24:39"}
{"level":"info","message":"Redis connected","timestamp":"2026-02-26 14:24:39"}
{"level":"info","message":"MongoDB connected successfully","timestamp":"2026-02-26 14:24:39"}
{"level":"info","message":"Backend running on http://localhost:5001","timestamp":"2026-02-26 14:24:46"}
{"level":"info","message":"Redis connected","timestamp":"2026-02-26 14:24:46"}
{"level":"info","message":"MongoDB connected successfully","timestamp":"2026-02-26 14:24:46"}
{"level":"info","message":"Backend running on http://localhost:5001","timestamp":"2026-02-26 14:29:22"}
{"level":"info","message":"Redis connected","timestamp":"2026-02-26 14:29:22"}
{"level":"info","message":"MongoDB connected successfully","timestamp":"2026-02-26 14:29:22"}
{"level":"warn","message":"Handled AppError Cannot create a special slot on an approved off-day","method":"POST","statusCode":400,"timestamp":"2026-02-26 14:32:12","url":"/api/slots/special","userId":"695adad0e5e49754e37c9c4b"}
{"level":"info","message":"Backend running on http://localhost:5001","timestamp":"2026-02-26 14:32:57"}
{"level":"info","message":"Redis connected","timestamp":"2026-02-26 14:32:57"}
{"level":"info","message":"MongoDB connected successfully","timestamp":"2026-02-26 14:32:57"}
{"level":"info","message":"Backend running on http://localhost:5001","timestamp":"2026-02-26 14:37:43"}
{"level":"info","message":"Redis connected","timestamp":"2026-02-26 14:37:44"}
{"level":"info","message":"MongoDB connected successfully","timestamp":"2026-02-26 14:37:44"}
{"level":"info","message":"Backend running on http://localhost:5001","timestamp":"2026-02-26 14:42:32"}
{"level":"info","message":"Redis connected","timestamp":"2026-02-26 14:42:32"}
{"level":"info","message":"MongoDB connected successfully","timestamp":"2026-02-26 14:42:32"}
{"level":"info","message":"Backend running on http://localhost:5001","timestamp":"2026-02-26 14:48:59"}
{"level":"info","message":"Redis connected","timestamp":"2026-02-26 14:48:59"}
{"level":"info","message":"MongoDB connected successfully","timestamp":"2026-02-26 14:48:59"}
{"level":"info","message":"Backend running on http://localhost:5001","timestamp":"2026-02-26 14:49:23"}
{"level":"info","message":"Redis connected","timestamp":"2026-02-26 14:49:23"}
{"level":"info","message":"MongoDB connected successfully","timestamp":"2026-02-26 14:49:23"}
{"level":"info","message":"Backend running on http://localhost:5001","timestamp":"2026-02-26 14:50:10"}
{"level":"info","message":"Redis connected","timestamp":"2026-02-26 14:50:10"}
{"level":"info","message":"MongoDB connected successfully","timestamp":"2026-02-26 14:50:10"}
{"level":"info","message":"Backend running on http://localhost:5001","timestamp":"2026-02-26 15:01:32"}
{"level":"info","message":"Redis connected","timestamp":"2026-02-26 15:01:32"}
{"level":"info","message":"MongoDB connected successfully","timestamp":"2026-02-26 15:01:32"}
{"level":"info","message":"Backend running on http://localhost:5001","timestamp":"2026-02-26 15:01:46"}
{"level":"info","message":"Redis connected","timestamp":"2026-02-26 15:01:46"}
{"level":"info","message":"MongoDB connected successfully","timestamp":"2026-02-26 15:01:46"}
{"level":"info","message":"Backend running on http://localhost:5001","timestamp":"2026-02-26 15:31:13"}
{"level":"info","message":"Redis connected","timestamp":"2026-02-26 15:31:13"}
{"level":"info","message":"MongoDB connected successfully","timestamp":"2026-02-26 15:31:13"}
{"level":"info","message":"Backend running on http://localhost:5001","timestamp":"2026-02-26 15:32:29"}
{"level":"info","message":"Redis connected","timestamp":"2026-02-26 15:32:29"}
{"level":"info","message":"MongoDB connected successfully","timestamp":"2026-02-26 15:32:29"}
{"level":"info","message":"Backend running on http://localhost:5001","timestamp":"2026-02-26 15:40:20"}
{"level":"info","message":"Redis connected","timestamp":"2026-02-26 15:40:20"}
{"level":"info","message":"MongoDB connected successfully","timestamp":"2026-02-26 15:40:20"}
{"level":"info","message":"Backend running on http://localhost:5001","timestamp":"2026-02-26 15:40:28"}
{"level":"info","message":"Redis connected","timestamp":"2026-02-26 15:40:28"}
{"level":"info","message":"MongoDB connected successfully","timestamp":"2026-02-26 15:40:28"}
{"level":"info","message":"Backend running on http://localhost:5001","timestamp":"2026-02-26 15:50:54"}
{"level":"info","message":"Redis connected","timestamp":"2026-02-26 15:50:54"}
{"level":"info","message":"MongoDB connected successfully","timestamp":"2026-02-26 15:50:54"}
{"level":"info","message":"Backend running on http://localhost:5001","timestamp":"2026-02-26 16:01:15"}
{"level":"info","message":"Redis connected","timestamp":"2026-02-26 16:01:15"}
{"level":"info","message":"MongoDB connected successfully","timestamp":"2026-02-26 16:01:15"}
{"level":"warn","message":"Handled AppError No token provided","method":"POST","statusCode":401,"timestamp":"2026-02-26 16:03:19","url":"/api/auth/refresh","userId":"anonymous"}
{"level":"warn","message":"Handled AppError Slot for 698c0af63c97fd2ec1155fe0 is unavailable","method":"POST","statusCode":400,"timestamp":"2026-02-26 16:04:55","url":"/api/bookings","userId":"6952c5e37717bc70a397d947"}
{"level":"warn","message":"Handled AppError Slot for 698c0af63c97fd2ec1155fe0 is unavailable","method":"POST","statusCode":400,"timestamp":"2026-02-26 16:05:04","url":"/api/bookings","userId":"6952c5e37717bc70a397d947"}
{"level":"info","message":"Backend running on http://localhost:5001","timestamp":"2026-02-26 16:09:24"}
{"level":"info","message":"Redis connected","timestamp":"2026-02-26 16:09:24"}
{"level":"info","message":"MongoDB connected successfully","timestamp":"2026-02-26 16:09:24"}
{"level":"info","message":"Backend running on http://localhost:5001","timestamp":"2026-02-26 16:10:16"}
{"level":"info","message":"Redis connected","timestamp":"2026-02-26 16:10:16"}
{"level":"info","message":"MongoDB connected successfully","timestamp":"2026-02-26 16:10:16"}
{"level":"info","message":"Backend running on http://localhost:5001","timestamp":"2026-02-26 16:10:33"}
{"level":"info","message":"Redis connected","timestamp":"2026-02-26 16:10:33"}
{"level":"info","message":"MongoDB connected successfully","timestamp":"2026-02-26 16:10:33"}
{"level":"info","message":"Backend running on http://localhost:5001","timestamp":"2026-02-26 17:03:17"}
{"level":"info","message":"Redis connected","timestamp":"2026-02-26 17:03:17"}
{"level":"info","message":"MongoDB connected successfully","timestamp":"2026-02-26 17:03:17"}
{"level":"info","message":"Backend running on http://localhost:5001","timestamp":"2026-02-26 17:07:09"}
{"level":"info","message":"Redis connected","timestamp":"2026-02-26 17:07:09"}
{"level":"info","message":"MongoDB connected successfully","timestamp":"2026-02-26 17:07:09"}
{"level":"info","message":"Backend running on http://localhost:5001","timestamp":"2026-02-26 17:10:10"}
{"level":"info","message":"Redis connected","timestamp":"2026-02-26 17:10:10"}
{"level":"info","message":"MongoDB connected successfully","timestamp":"2026-02-26 17:10:10"}
{"level":"info","message":"Backend running on http://localhost:5001","timestamp":"2026-02-26 17:12:08"}
{"level":"info","message":"Redis connected","timestamp":"2026-02-26 17:12:08"}
{"level":"info","message":"MongoDB connected successfully","timestamp":"2026-02-26 17:12:08"}
{"level":"warn","message":"Handled AppError You are not authorized to cancel this booking","method":"PATCH","statusCode":403,"timestamp":"2026-02-26 17:45:42","url":"/api/bookings/69a03907616ca94f095dc958/cancel","userId":"6952c5e37717bc70a397d947"}
{"level":"warn","message":"Handled AppError You are not authorized to cancel this booking","method":"PATCH","statusCode":403,"timestamp":"2026-02-26 17:45:57","url":"/api/bookings/69a03907616ca94f095dc958/cancel","userId":"6952c5e37717bc70a397d947"}
{"level":"warn","message":"Handled AppError You are not authorized to cancel this booking","method":"PATCH","statusCode":403,"timestamp":"2026-02-26 17:46:24","url":"/api/bookings/69a03907616ca94f095dc958/cancel","userId":"6952c5e37717bc70a397d947"}
{"level":"warn","message":"Handled AppError Only the customer can reschedule their booking","method":"PATCH","statusCode":403,"timestamp":"2026-02-26 17:47:17","url":"/api/bookings/69a03907616ca94f095dc958/reschedule","userId":"6952c5e37717bc70a397d947"}
