{"level":"info","message":"Backend running on http://localhost:5001","timestamp":"2026-02-18 11:15:34"}
{"level":"error","message":"Redis error {\"errno\":-61,\"code\":\"ECONNREFUSED\",\"syscall\":\"connect\",\"address\":\"127.0.0.1\",\"port\":6379}","timestamp":"2026-02-18 11:15:34"}
{"level":"info","message":"MongoDB connected successfully","timestamp":"2026-02-18 11:15:34"}
{"level":"error","message":"Redis error {\"errno\":-61,\"code\":\"ECONNREFUSED\",\"syscall\":\"connect\",\"address\":\"127.0.0.1\",\"port\":6379}","timestamp":"2026-02-18 11:15:34"}
{"level":"error","message":"Redis error {\"errno\":-61,\"code\":\"ECONNREFUSED\",\"syscall\":\"connect\",\"address\":\"127.0.0.1\",\"port\":6379}","timestamp":"2026-02-18 11:15:34"}
{"level":"error","message":"Redis error {\"errno\":-61,\"code\":\"ECONNREFUSED\",\"syscall\":\"connect\",\"address\":\"127.0.0.1\",\"port\":6379}","timestamp":"2026-02-18 11:15:34"}
{"level":"error","message":"Redis error {\"errno\":-61,\"code\":\"ECONNREFUSED\",\"syscall\":\"connect\",\"address\":\"127.0.0.1\",\"port\":6379}","timestamp":"2026-02-18 11:15:35"}
{"level":"error","message":"Redis error {\"errno\":-61,\"code\":\"ECONNREFUSED\",\"syscall\":\"connect\",\"address\":\"127.0.0.1\",\"port\":6379}","timestamp":"2026-02-18 11:15:36"}
{"level":"error","message":"Redis error {\"errno\":-61,\"code\":\"ECONNREFUSED\",\"syscall\":\"connect\",\"address\":\"127.0.0.1\",\"port\":6379}","timestamp":"2026-02-18 11:15:37"}
{"level":"error","message":"Redis error {\"errno\":-61,\"code\":\"ECONNREFUSED\",\"syscall\":\"connect\",\"address\":\"127.0.0.1\",\"port\":6379}","timestamp":"2026-02-18 11:15:39"}
{"level":"info","message":"Redis connected","timestamp":"2026-02-18 11:15:42"}
{"level":"info","message":"Backend running on http://localhost:5001","timestamp":"2026-02-18 11:59:36"}
{"level":"info","message":"Redis connected","timestamp":"2026-02-18 11:59:36"}
{"level":"info","message":"MongoDB connected successfully","timestamp":"2026-02-18 11:59:36"}
{"level":"info","message":"Backend running on http://localhost:5001","timestamp":"2026-02-18 12:00:42"}
{"level":"info","message":"Redis connected","timestamp":"2026-02-18 12:00:42"}
{"level":"info","message":"MongoDB connected successfully","timestamp":"2026-02-18 12:00:42"}
{"level":"info","message":"Backend running on http://localhost:5001","timestamp":"2026-02-18 12:01:52"}
{"level":"info","message":"Redis connected","timestamp":"2026-02-18 12:01:52"}
{"level":"info","message":"MongoDB connected successfully","timestamp":"2026-02-18 12:01:52"}
{"level":"info","message":"Backend running on http://localhost:5001","timestamp":"2026-02-18 12:02:37"}
{"level":"info","message":"Redis connected","timestamp":"2026-02-18 12:02:37"}
{"level":"info","message":"MongoDB connected successfully","timestamp":"2026-02-18 12:02:37"}
{"level":"info","message":"Backend running on http://localhost:5001","timestamp":"2026-02-18 12:02:44"}
{"level":"info","message":"Redis connected","timestamp":"2026-02-18 12:02:44"}
{"level":"info","message":"MongoDB connected successfully","timestamp":"2026-02-18 12:02:44"}
{"level":"info","message":"Backend running on http://localhost:5001","timestamp":"2026-02-18 12:02:59"}
{"level":"info","message":"Redis connected","timestamp":"2026-02-18 12:02:59"}
{"level":"info","message":"MongoDB connected successfully","timestamp":"2026-02-18 12:02:59"}
{"level":"info","message":"Backend running on http://localhost:5001","timestamp":"2026-02-18 12:03:30"}
{"level":"info","message":"Redis connected","timestamp":"2026-02-18 12:03:30"}
{"level":"info","message":"MongoDB connected successfully","timestamp":"2026-02-18 12:03:30"}
{"level":"info","message":"Backend running on http://localhost:5001","timestamp":"2026-02-18 12:03:54"}
{"level":"info","message":"Redis connected","timestamp":"2026-02-18 12:03:54"}
{"level":"info","message":"MongoDB connected successfully","timestamp":"2026-02-18 12:03:54"}
{"level":"info","message":"Backend running on http://localhost:5001","timestamp":"2026-02-18 12:04:23"}
{"level":"info","message":"Redis connected","timestamp":"2026-02-18 12:04:23"}
{"level":"info","message":"MongoDB connected successfully","timestamp":"2026-02-18 12:04:23"}
{"level":"info","message":"Backend running on http://localhost:5001","timestamp":"2026-02-18 12:05:07"}
{"level":"info","message":"Redis connected","timestamp":"2026-02-18 12:05:07"}
{"level":"info","message":"MongoDB connected successfully","timestamp":"2026-02-18 12:05:07"}
{"level":"info","message":"Backend running on http://localhost:5001","timestamp":"2026-02-18 12:05:35"}
{"level":"info","message":"Redis connected","timestamp":"2026-02-18 12:05:35"}
{"level":"info","message":"MongoDB connected successfully","timestamp":"2026-02-18 12:05:35"}
{"level":"info","message":"Backend running on http://localhost:5001","timestamp":"2026-02-18 12:06:00"}
{"level":"info","message":"Redis connected","timestamp":"2026-02-18 12:06:00"}
{"level":"info","message":"MongoDB connected successfully","timestamp":"2026-02-18 12:06:00"}
{"level":"info","message":"Backend running on http://localhost:5001","timestamp":"2026-02-18 12:08:02"}
{"level":"info","message":"Redis connected","timestamp":"2026-02-18 12:08:02"}
{"level":"info","message":"MongoDB connected successfully","timestamp":"2026-02-18 12:08:02"}
{"level":"info","message":"Backend running on http://localhost:5001","timestamp":"2026-02-18 12:09:25"}
{"level":"info","message":"Redis connected","timestamp":"2026-02-18 12:09:25"}
{"level":"info","message":"MongoDB connected successfully","timestamp":"2026-02-18 12:09:25"}
{"level":"error","message":"Unhandled Error Booking validation failed: totalPrice: Path `totalPrice` is required., serviceId: Path `serviceId` is required., slotId: Path `slotId` is required.","method":"PATCH","stack":"ValidationError: Booking validation failed: totalPrice: Path `totalPrice` is required., serviceId: Path `serviceId` is required., slotId: Path `slotId` is required.\n    at model.Document.invalidate (/Users/ashikmuhammed/Desktop/Saloon Booking Managment/backend/node_modules/mongoose/lib/document.js:3370:32)\n    at validatePath (/Users/ashikmuhammed/Desktop/Saloon Booking Managment/backend/node_modules/mongoose/lib/document.js:3145:13)\n    at processTicksAndRejections (node:internal/process/task_queues:105:5)\n    at async Promise.all (index 0)\n    at async model.$__validate (/Users/ashikmuhammed/Desktop/Saloon Booking Managment/backend/node_modules/mongoose/lib/document.js:3086:3)\n    at async model.validate (/Users/ashikmuhammed/Desktop/Saloon Booking Managment/backend/node_modules/mongoose/lib/document.js:2663:5)\n    at async model.validateBeforeSave (/Users/ashikmuhammed/Desktop/Saloon Booking Managment/backend/node_modules/mongoose/lib/plugins/validateBeforeSave.js:34:7)\n    at async Kareem.execPre (/Users/ashikmuhammed/Desktop/Saloon Booking Managment/backend/node_modules/kareem/index.js:65:24)\n    at async model.$__save (/Users/ashikmuhammed/Desktop/Saloon Booking Managment/backend/node_modules/mongoose/lib/model.js:369:5)\n    at async model.save (/Users/ashikmuhammed/Desktop/Saloon Booking Managment/backend/node_modules/mongoose/lib/model.js:609:5)","timestamp":"2026-02-18 12:22:29","url":"/api/slots/dynamic_698b6f16631cd31ee6bc0881_695d0633e27ca4cb3d8be0e8_2026-02-18_09:00_09:30/block","userId":"693d1d1c955b52394a731682"}
{"level":"error","message":"Unhandled Error Booking validation failed: totalPrice: Path `totalPrice` is required., serviceId: Path `serviceId` is required., slotId: Path `slotId` is required.","method":"PATCH","stack":"ValidationError: Booking validation failed: totalPrice: Path `totalPrice` is required., serviceId: Path `serviceId` is required., slotId: Path `slotId` is required.\n    at model.Document.invalidate (/Users/ashikmuhammed/Desktop/Saloon Booking Managment/backend/node_modules/mongoose/lib/document.js:3370:32)\n    at validatePath (/Users/ashikmuhammed/Desktop/Saloon Booking Managment/backend/node_modules/mongoose/lib/document.js:3145:13)\n    at processTicksAndRejections (node:internal/process/task_queues:105:5)\n    at async Promise.all (index 0)\n    at async model.$__validate (/Users/ashikmuhammed/Desktop/Saloon Booking Managment/backend/node_modules/mongoose/lib/document.js:3086:3)\n    at async model.validate (/Users/ashikmuhammed/Desktop/Saloon Booking Managment/backend/node_modules/mongoose/lib/document.js:2663:5)\n    at async model.validateBeforeSave (/Users/ashikmuhammed/Desktop/Saloon Booking Managment/backend/node_modules/mongoose/lib/plugins/validateBeforeSave.js:34:7)\n    at async Kareem.execPre (/Users/ashikmuhammed/Desktop/Saloon Booking Managment/backend/node_modules/kareem/index.js:65:24)\n    at async model.$__save (/Users/ashikmuhammed/Desktop/Saloon Booking Managment/backend/node_modules/mongoose/lib/model.js:369:5)\n    at async model.save (/Users/ashikmuhammed/Desktop/Saloon Booking Managment/backend/node_modules/mongoose/lib/model.js:609:5)","timestamp":"2026-02-18 12:22:31","url":"/api/slots/dynamic_698b6f16631cd31ee6bc0881_695d0633e27ca4cb3d8be0e8_2026-02-18_09:00_09:30/block","userId":"693d1d1c955b52394a731682"}
{"level":"error","message":"Unhandled Error Booking validation failed: totalPrice: Path `totalPrice` is required., serviceId: Path `serviceId` is required., slotId: Path `slotId` is required.","method":"PATCH","stack":"ValidationError: Booking validation failed: totalPrice: Path `totalPrice` is required., serviceId: Path `serviceId` is required., slotId: Path `slotId` is required.\n    at model.Document.invalidate (/Users/ashikmuhammed/Desktop/Saloon Booking Managment/backend/node_modules/mongoose/lib/document.js:3370:32)\n    at validatePath (/Users/ashikmuhammed/Desktop/Saloon Booking Managment/backend/node_modules/mongoose/lib/document.js:3145:13)\n    at processTicksAndRejections (node:internal/process/task_queues:105:5)\n    at async Promise.all (index 0)\n    at async model.$__validate (/Users/ashikmuhammed/Desktop/Saloon Booking Managment/backend/node_modules/mongoose/lib/document.js:3086:3)\n    at async model.validate (/Users/ashikmuhammed/Desktop/Saloon Booking Managment/backend/node_modules/mongoose/lib/document.js:2663:5)\n    at async model.validateBeforeSave (/Users/ashikmuhammed/Desktop/Saloon Booking Managment/backend/node_modules/mongoose/lib/plugins/validateBeforeSave.js:34:7)\n    at async Kareem.execPre (/Users/ashikmuhammed/Desktop/Saloon Booking Managment/backend/node_modules/kareem/index.js:65:24)\n    at async model.$__save (/Users/ashikmuhammed/Desktop/Saloon Booking Managment/backend/node_modules/mongoose/lib/model.js:369:5)\n    at async model.save (/Users/ashikmuhammed/Desktop/Saloon Booking Managment/backend/node_modules/mongoose/lib/model.js:609:5)","timestamp":"2026-02-18 12:22:34","url":"/api/slots/dynamic_698b6f16631cd31ee6bc0881_695d0633e27ca4cb3d8be0e8_2026-02-18_09:00_09:30/block","userId":"693d1d1c955b52394a731682"}
{"level":"warn","message":"Handled AppError No token provided","method":"POST","statusCode":401,"timestamp":"2026-02-18 12:24:19","url":"/api/auth/refresh","userId":"anonymous"}
{"level":"warn","message":"Handled AppError No token provided","method":"POST","statusCode":401,"timestamp":"2026-02-18 12:24:21","url":"/api/auth/refresh","userId":"anonymous"}
{"level":"info","message":"Backend running on http://localhost:5001","timestamp":"2026-02-18 12:27:20"}
{"level":"info","message":"Redis connected","timestamp":"2026-02-18 12:27:20"}
{"level":"info","message":"MongoDB connected successfully","timestamp":"2026-02-18 12:27:20"}
{"level":"info","message":"Backend running on http://localhost:5001","timestamp":"2026-02-18 12:32:01"}
{"level":"info","message":"Redis connected","timestamp":"2026-02-18 12:32:01"}
{"level":"info","message":"MongoDB connected successfully","timestamp":"2026-02-18 12:32:01"}
{"level":"info","message":"Backend running on http://localhost:5001","timestamp":"2026-02-18 12:32:29"}
{"level":"info","message":"Redis connected","timestamp":"2026-02-18 12:32:29"}
{"level":"info","message":"MongoDB connected successfully","timestamp":"2026-02-18 12:32:29"}
{"level":"info","message":"Backend running on http://localhost:5001","timestamp":"2026-02-18 12:32:36"}
{"level":"info","message":"Redis connected","timestamp":"2026-02-18 12:32:36"}
{"level":"info","message":"MongoDB connected successfully","timestamp":"2026-02-18 12:32:36"}
{"level":"info","message":"Backend running on http://localhost:5001","timestamp":"2026-02-18 12:56:29"}
{"level":"info","message":"Redis connected","timestamp":"2026-02-18 12:56:29"}
{"level":"info","message":"Backend running on http://localhost:5001","timestamp":"2026-02-18 12:56:29"}
{"level":"info","message":"Redis connected","timestamp":"2026-02-18 12:56:29"}
{"level":"info","message":"MongoDB connected successfully","timestamp":"2026-02-18 12:56:29"}
{"level":"info","message":"MongoDB connected successfully","timestamp":"2026-02-18 12:56:29"}
{"level":"info","message":"Backend running on http://localhost:5001","timestamp":"2026-02-18 12:56:49"}
{"level":"info","message":"Redis connected","timestamp":"2026-02-18 12:56:49"}
{"level":"info","message":"Backend running on http://localhost:5001","timestamp":"2026-02-18 12:56:49"}
{"level":"info","message":"MongoDB connected successfully","timestamp":"2026-02-18 12:56:49"}
{"level":"info","message":"Redis connected","timestamp":"2026-02-18 12:56:49"}
{"level":"info","message":"MongoDB connected successfully","timestamp":"2026-02-18 12:56:49"}
{"level":"info","message":"Backend running on http://localhost:5001","timestamp":"2026-02-18 12:57:07"}
{"level":"info","message":"Redis connected","timestamp":"2026-02-18 12:57:07"}
{"level":"info","message":"MongoDB connected successfully","timestamp":"2026-02-18 12:57:07"}
{"level":"info","message":"Backend running on http://localhost:5001","timestamp":"2026-02-18 12:57:07"}
{"level":"info","message":"Redis connected","timestamp":"2026-02-18 12:57:07"}
{"level":"info","message":"MongoDB connected successfully","timestamp":"2026-02-18 12:57:07"}
{"level":"info","message":"Backend running on http://localhost:5001","timestamp":"2026-02-18 12:57:23"}
{"level":"info","message":"Redis connected","timestamp":"2026-02-18 12:57:23"}
{"level":"info","message":"MongoDB connected successfully","timestamp":"2026-02-18 12:57:23"}
{"level":"info","message":"Backend running on http://localhost:5001","timestamp":"2026-02-18 12:58:01"}
{"level":"info","message":"Redis connected","timestamp":"2026-02-18 12:58:01"}
{"level":"info","message":"MongoDB connected successfully","timestamp":"2026-02-18 12:58:01"}
{"level":"warn","message":"Handled AppError No token provided","method":"POST","statusCode":401,"timestamp":"2026-02-18 12:58:03","url":"/api/auth/refresh","userId":"anonymous"}
{"level":"error","message":"Unhandled Error Booking validation failed: totalPrice: Path `totalPrice` is required., serviceId: Path `serviceId` is required.","method":"PATCH","stack":"ValidationError: Booking validation failed: totalPrice: Path `totalPrice` is required., serviceId: Path `serviceId` is required.\n    at model.Document.invalidate (/Users/ashikmuhammed/Desktop/Saloon Booking Managment/backend/node_modules/mongoose/lib/document.js:3370:32)\n    at validatePath (/Users/ashikmuhammed/Desktop/Saloon Booking Managment/backend/node_modules/mongoose/lib/document.js:3145:13)\n    at processTicksAndRejections (node:internal/process/task_queues:105:5)\n    at async Promise.all (index 0)\n    at async model.$__validate (/Users/ashikmuhammed/Desktop/Saloon Booking Managment/backend/node_modules/mongoose/lib/document.js:3086:3)\n    at async model.validate (/Users/ashikmuhammed/Desktop/Saloon Booking Managment/backend/node_modules/mongoose/lib/document.js:2663:5)\n    at async model.validateBeforeSave (/Users/ashikmuhammed/Desktop/Saloon Booking Managment/backend/node_modules/mongoose/lib/plugins/validateBeforeSave.js:34:7)\n    at async Kareem.execPre (/Users/ashikmuhammed/Desktop/Saloon Booking Managment/backend/node_modules/kareem/index.js:65:24)\n    at async model.$__save (/Users/ashikmuhammed/Desktop/Saloon Booking Managment/backend/node_modules/mongoose/lib/model.js:369:5)\n    at async model.save (/Users/ashikmuhammed/Desktop/Saloon Booking Managment/backend/node_modules/mongoose/lib/model.js:609:5)","timestamp":"2026-02-18 12:59:22","url":"/api/slots/dynamic_698b5b07e65366c147965d3c_695cc09d35167b2c1e543df3_2026-04-07_09:00_09:30/block","userId":"693d1d1c955b52394a731682"}
{"level":"info","message":"Backend running on http://localhost:5001","timestamp":"2026-02-18 13:10:04"}
{"level":"info","message":"Backend running on http://localhost:5001","timestamp":"2026-02-18 13:10:04"}
{"level":"info","message":"Redis connected","timestamp":"2026-02-18 13:10:04"}
{"level":"info","message":"Redis connected","timestamp":"2026-02-18 13:10:04"}
{"level":"info","message":"MongoDB connected successfully","timestamp":"2026-02-18 13:10:04"}
{"level":"info","message":"MongoDB connected successfully","timestamp":"2026-02-18 13:10:04"}
{"level":"info","message":"Backend running on http://localhost:5001","timestamp":"2026-02-18 15:44:39"}
{"level":"info","message":"Redis connected","timestamp":"2026-02-18 15:44:39"}
{"level":"info","message":"Backend running on http://localhost:5001","timestamp":"2026-02-18 15:44:39"}
{"level":"info","message":"Redis connected","timestamp":"2026-02-18 15:44:39"}
{"level":"info","message":"MongoDB connected successfully","timestamp":"2026-02-18 15:44:39"}
{"level":"info","message":"MongoDB connected successfully","timestamp":"2026-02-18 15:44:39"}
{"level":"info","message":"Backend running on http://localhost:5001","timestamp":"2026-02-18 15:48:49"}
{"level":"info","message":"Redis connected","timestamp":"2026-02-18 15:48:49"}
{"level":"info","message":"MongoDB connected successfully","timestamp":"2026-02-18 15:48:49"}
{"level":"info","message":"Backend running on http://localhost:5001","timestamp":"2026-02-18 15:48:50"}
{"level":"info","message":"Redis connected","timestamp":"2026-02-18 15:48:50"}
{"level":"info","message":"MongoDB connected successfully","timestamp":"2026-02-18 15:48:50"}
{"level":"info","message":"Backend running on http://localhost:5001","timestamp":"2026-02-18 15:49:00"}
{"level":"info","message":"Backend running on http://localhost:5001","timestamp":"2026-02-18 15:49:00"}
{"level":"info","message":"Redis connected","timestamp":"2026-02-18 15:49:00"}
{"level":"info","message":"Redis connected","timestamp":"2026-02-18 15:49:00"}
{"level":"info","message":"MongoDB connected successfully","timestamp":"2026-02-18 15:49:00"}
{"level":"info","message":"MongoDB connected successfully","timestamp":"2026-02-18 15:49:00"}
{"level":"info","message":"Backend running on http://localhost:5001","timestamp":"2026-02-18 15:49:14"}
{"level":"info","message":"Backend running on http://localhost:5001","timestamp":"2026-02-18 15:49:14"}
{"level":"info","message":"Redis connected","timestamp":"2026-02-18 15:49:14"}
{"level":"info","message":"Redis connected","timestamp":"2026-02-18 15:49:14"}
{"level":"info","message":"MongoDB connected successfully","timestamp":"2026-02-18 15:49:14"}
{"level":"info","message":"MongoDB connected successfully","timestamp":"2026-02-18 15:49:14"}
{"level":"info","message":"Backend running on http://localhost:5001","timestamp":"2026-02-18 15:49:50"}
{"level":"info","message":"Redis connected","timestamp":"2026-02-18 15:49:50"}
{"level":"info","message":"MongoDB connected successfully","timestamp":"2026-02-18 15:49:50"}
{"level":"info","message":"Backend running on http://localhost:5001","timestamp":"2026-02-18 15:49:50"}
{"level":"info","message":"Redis connected","timestamp":"2026-02-18 15:49:50"}
{"level":"info","message":"MongoDB connected successfully","timestamp":"2026-02-18 15:49:50"}
{"level":"info","message":"Backend running on http://localhost:5001","timestamp":"2026-02-18 15:50:20"}
{"level":"info","message":"Backend running on http://localhost:5001","timestamp":"2026-02-18 15:50:20"}
{"level":"info","message":"Redis connected","timestamp":"2026-02-18 15:50:20"}
{"level":"info","message":"Redis connected","timestamp":"2026-02-18 15:50:20"}
{"level":"info","message":"MongoDB connected successfully","timestamp":"2026-02-18 15:50:20"}
{"level":"info","message":"MongoDB connected successfully","timestamp":"2026-02-18 15:50:20"}
{"level":"info","message":"Backend running on http://localhost:5001","timestamp":"2026-02-18 15:50:38"}
{"level":"info","message":"Redis connected","timestamp":"2026-02-18 15:50:38"}
{"level":"info","message":"Backend running on http://localhost:5001","timestamp":"2026-02-18 15:50:38"}
{"level":"info","message":"Redis connected","timestamp":"2026-02-18 15:50:38"}
{"level":"info","message":"MongoDB connected successfully","timestamp":"2026-02-18 15:50:38"}
{"level":"info","message":"MongoDB connected successfully","timestamp":"2026-02-18 15:50:38"}
{"level":"info","message":"Backend running on http://localhost:5001","timestamp":"2026-02-18 15:50:51"}
{"level":"info","message":"Redis connected","timestamp":"2026-02-18 15:50:51"}
{"level":"info","message":"Backend running on http://localhost:5001","timestamp":"2026-02-18 15:50:51"}
{"level":"info","message":"MongoDB connected successfully","timestamp":"2026-02-18 15:50:51"}
{"level":"info","message":"Redis connected","timestamp":"2026-02-18 15:50:51"}
{"level":"info","message":"MongoDB connected successfully","timestamp":"2026-02-18 15:50:51"}
{"level":"info","message":"Backend running on http://localhost:5001","timestamp":"2026-02-18 15:51:06"}
{"level":"info","message":"Backend running on http://localhost:5001","timestamp":"2026-02-18 15:51:06"}
{"level":"info","message":"Redis connected","timestamp":"2026-02-18 15:51:06"}
{"level":"info","message":"Redis connected","timestamp":"2026-02-18 15:51:06"}
{"level":"info","message":"MongoDB connected successfully","timestamp":"2026-02-18 15:51:06"}
{"level":"info","message":"MongoDB connected successfully","timestamp":"2026-02-18 15:51:06"}
{"level":"info","message":"Backend running on http://localhost:5001","timestamp":"2026-02-18 15:51:19"}
{"level":"info","message":"Backend running on http://localhost:5001","timestamp":"2026-02-18 15:51:19"}
{"level":"info","message":"Redis connected","timestamp":"2026-02-18 15:51:19"}
{"level":"info","message":"Redis connected","timestamp":"2026-02-18 15:51:19"}
{"level":"info","message":"MongoDB connected successfully","timestamp":"2026-02-18 15:51:19"}
{"level":"info","message":"MongoDB connected successfully","timestamp":"2026-02-18 15:51:19"}
{"level":"info","message":"Backend running on http://localhost:5001","timestamp":"2026-02-18 15:51:37"}
{"level":"info","message":"Backend running on http://localhost:5001","timestamp":"2026-02-18 15:51:37"}
{"level":"info","message":"Redis connected","timestamp":"2026-02-18 15:51:37"}
{"level":"info","message":"Redis connected","timestamp":"2026-02-18 15:51:37"}
{"level":"info","message":"MongoDB connected successfully","timestamp":"2026-02-18 15:51:37"}
{"level":"info","message":"MongoDB connected successfully","timestamp":"2026-02-18 15:51:37"}
{"level":"error","message":"Unhandled Error Booking validation failed: totalPrice: Path `totalPrice` is required., serviceId: Path `serviceId` is required.","method":"PATCH","stack":"ValidationError: Booking validation failed: totalPrice: Path `totalPrice` is required., serviceId: Path `serviceId` is required.\n    at model.Document.invalidate (/Users/ashikmuhammed/Desktop/Saloon Booking Managment/backend/node_modules/mongoose/lib/document.js:3370:32)\n    at validatePath (/Users/ashikmuhammed/Desktop/Saloon Booking Managment/backend/node_modules/mongoose/lib/document.js:3145:13)\n    at processTicksAndRejections (node:internal/process/task_queues:105:5)\n    at async Promise.all (index 0)\n    at async model.$__validate (/Users/ashikmuhammed/Desktop/Saloon Booking Managment/backend/node_modules/mongoose/lib/document.js:3086:3)\n    at async model.validate (/Users/ashikmuhammed/Desktop/Saloon Booking Managment/backend/node_modules/mongoose/lib/document.js:2663:5)\n    at async model.validateBeforeSave (/Users/ashikmuhammed/Desktop/Saloon Booking Managment/backend/node_modules/mongoose/lib/plugins/validateBeforeSave.js:34:7)\n    at async Kareem.execPre (/Users/ashikmuhammed/Desktop/Saloon Booking Managment/backend/node_modules/kareem/index.js:65:24)\n    at async model.$__save (/Users/ashikmuhammed/Desktop/Saloon Booking Managment/backend/node_modules/mongoose/lib/model.js:369:5)\n    at async model.save (/Users/ashikmuhammed/Desktop/Saloon Booking Managment/backend/node_modules/mongoose/lib/model.js:609:5)","timestamp":"2026-02-18 16:03:25","url":"/api/slots/dynamic_698b6f16631cd31ee6bc0881_695d0633e27ca4cb3d8be0e8_2026-02-18_09:00_09:30/block","userId":"695d0633e27ca4cb3d8be0e6"}
{"level":"warn","message":"Handled AppError No token provided","method":"POST","statusCode":401,"timestamp":"2026-02-18 16:06:38","url":"/api/auth/refresh","userId":"anonymous"}
{"level":"warn","message":"Handled AppError No token provided","method":"POST","statusCode":401,"timestamp":"2026-02-18 16:06:40","url":"/api/auth/refresh","userId":"anonymous"}
{"level":"error","message":"Unhandled Error Transaction numbers are only allowed on a replica set member or mongos","method":"POST","stack":"MongoServerError: Transaction numbers are only allowed on a replica set member or mongos\n    at Connection.sendCommand (/Users/ashikmuhammed/Desktop/Saloon Booking Managment/backend/node_modules/mongodb/src/cmap/connection.ts:557:17)\n    at processTicksAndRejections (node:internal/process/task_queues:105:5)\n    at async Connection.command (/Users/ashikmuhammed/Desktop/Saloon Booking Managment/backend/node_modules/mongodb/src/cmap/connection.ts:627:22)\n    at async Server.command (/Users/ashikmuhammed/Desktop/Saloon Booking Managment/backend/node_modules/mongodb/src/sdam/server.ts:350:21)\n    at async tryOperation (/Users/ashikmuhammed/Desktop/Saloon Booking Managment/backend/node_modules/mongodb/src/operations/execute_operation.ts:293:24)\n    at async executeOperation (/Users/ashikmuhammed/Desktop/Saloon Booking Managment/backend/node_modules/mongodb/src/operations/execute_operation.ts:123:12)\n    at async Collection.insertOne (/Users/ashikmuhammed/Desktop/Saloon Booking Managment/backend/node_modules/mongodb/src/collection.ts:294:12)\n    at async model.$__save (/Users/ashikmuhammed/Desktop/Saloon Booking Managment/backend/node_modules/mongoose/lib/model.js:398:16)\n    at async model.save (/Users/ashikmuhammed/Desktop/Saloon Booking Managment/backend/node_modules/mongoose/lib/model.js:609:5)\n    at async /Users/ashikmuhammed/Desktop/Saloon Booking Managment/backend/node_modules/mongoose/lib/model.js:2722:9","timestamp":"2026-02-18 16:07:17","url":"/api/bookings","userId":"6952c5e37717bc70a397d947"}
{"level":"error","message":"Unhandled Error Transaction numbers are only allowed on a replica set member or mongos","method":"POST","stack":"MongoServerError: Transaction numbers are only allowed on a replica set member or mongos\n    at Connection.sendCommand (/Users/ashikmuhammed/Desktop/Saloon Booking Managment/backend/node_modules/mongodb/src/cmap/connection.ts:557:17)\n    at processTicksAndRejections (node:internal/process/task_queues:105:5)\n    at async Connection.command (/Users/ashikmuhammed/Desktop/Saloon Booking Managment/backend/node_modules/mongodb/src/cmap/connection.ts:627:22)\n    at async Server.command (/Users/ashikmuhammed/Desktop/Saloon Booking Managment/backend/node_modules/mongodb/src/sdam/server.ts:350:21)\n    at async tryOperation (/Users/ashikmuhammed/Desktop/Saloon Booking Managment/backend/node_modules/mongodb/src/operations/execute_operation.ts:293:24)\n    at async executeOperation (/Users/ashikmuhammed/Desktop/Saloon Booking Managment/backend/node_modules/mongodb/src/operations/execute_operation.ts:123:12)\n    at async Collection.insertOne (/Users/ashikmuhammed/Desktop/Saloon Booking Managment/backend/node_modules/mongodb/src/collection.ts:294:12)\n    at async model.$__save (/Users/ashikmuhammed/Desktop/Saloon Booking Managment/backend/node_modules/mongoose/lib/model.js:398:16)\n    at async model.save (/Users/ashikmuhammed/Desktop/Saloon Booking Managment/backend/node_modules/mongoose/lib/model.js:609:5)\n    at async /Users/ashikmuhammed/Desktop/Saloon Booking Managment/backend/node_modules/mongoose/lib/model.js:2722:9","timestamp":"2026-02-18 16:07:18","url":"/api/bookings","userId":"6952c5e37717bc70a397d947"}
{"level":"error","message":"Unhandled Error Transaction numbers are only allowed on a replica set member or mongos","method":"POST","stack":"MongoServerError: Transaction numbers are only allowed on a replica set member or mongos\n    at Connection.sendCommand (/Users/ashikmuhammed/Desktop/Saloon Booking Managment/backend/node_modules/mongodb/src/cmap/connection.ts:557:17)\n    at processTicksAndRejections (node:internal/process/task_queues:105:5)\n    at async Connection.command (/Users/ashikmuhammed/Desktop/Saloon Booking Managment/backend/node_modules/mongodb/src/cmap/connection.ts:627:22)\n    at async Server.command (/Users/ashikmuhammed/Desktop/Saloon Booking Managment/backend/node_modules/mongodb/src/sdam/server.ts:350:21)\n    at async tryOperation (/Users/ashikmuhammed/Desktop/Saloon Booking Managment/backend/node_modules/mongodb/src/operations/execute_operation.ts:293:24)\n    at async executeOperation (/Users/ashikmuhammed/Desktop/Saloon Booking Managment/backend/node_modules/mongodb/src/operations/execute_operation.ts:123:12)\n    at async Collection.insertOne (/Users/ashikmuhammed/Desktop/Saloon Booking Managment/backend/node_modules/mongodb/src/collection.ts:294:12)\n    at async model.$__save (/Users/ashikmuhammed/Desktop/Saloon Booking Managment/backend/node_modules/mongoose/lib/model.js:398:16)\n    at async model.save (/Users/ashikmuhammed/Desktop/Saloon Booking Managment/backend/node_modules/mongoose/lib/model.js:609:5)\n    at async /Users/ashikmuhammed/Desktop/Saloon Booking Managment/backend/node_modules/mongoose/lib/model.js:2722:9","timestamp":"2026-02-18 16:07:22","url":"/api/bookings","userId":"6952c5e37717bc70a397d947"}
{"level":"info","message":"Backend running on http://localhost:5001","timestamp":"2026-02-18 16:10:51"}
{"level":"info","message":"Redis connected","timestamp":"2026-02-18 16:10:51"}
{"level":"info","message":"MongoDB connected successfully","timestamp":"2026-02-18 16:10:51"}
{"level":"info","message":"Backend running on http://localhost:5001","timestamp":"2026-02-18 16:10:51"}
{"level":"info","message":"Redis connected","timestamp":"2026-02-18 16:10:51"}
{"level":"info","message":"MongoDB connected successfully","timestamp":"2026-02-18 16:10:51"}
{"level":"warn","message":"Handled AppError No token provided","method":"POST","statusCode":401,"timestamp":"2026-02-18 17:13:52","url":"/api/auth/refresh","userId":"anonymous"}
{"level":"warn","message":"Handled AppError No token provided","method":"POST","statusCode":401,"timestamp":"2026-02-18 17:19:35","url":"/api/auth/refresh","userId":"anonymous"}
{"level":"warn","message":"Handled AppError No token provided","method":"POST","statusCode":401,"timestamp":"2026-02-18 17:19:41","url":"/api/auth/refresh","userId":"anonymous"}
{"level":"warn","message":"Handled AppError No token provided","method":"POST","statusCode":401,"timestamp":"2026-02-18 17:19:47","url":"/api/auth/refresh","userId":"anonymous"}
{"level":"warn","message":"Handled AppError No token provided","method":"POST","statusCode":401,"timestamp":"2026-02-18 17:19:54","url":"/api/auth/refresh","userId":"anonymous"}
{"level":"warn","message":"Handled AppError No token provided","method":"POST","statusCode":401,"timestamp":"2026-02-18 17:20:00","url":"/api/auth/refresh","userId":"anonymous"}
{"level":"warn","message":"Handled AppError No token provided","method":"POST","statusCode":401,"timestamp":"2026-02-18 17:20:07","url":"/api/auth/refresh","userId":"anonymous"}
{"level":"warn","message":"Handled AppError No token provided","method":"POST","statusCode":401,"timestamp":"2026-02-18 17:20:07","url":"/api/auth/refresh","userId":"anonymous"}
{"level":"warn","message":"Handled AppError No token provided","method":"POST","statusCode":401,"timestamp":"2026-02-18 17:20:16","url":"/api/auth/refresh","userId":"anonymous"}
{"level":"warn","message":"Handled AppError Unauthorized role access","method":"POST","statusCode":403,"timestamp":"2026-02-18 17:20:18","url":"/api/auth/login","userId":"anonymous"}
{"level":"warn","message":"Handled AppError No token provided","method":"POST","statusCode":401,"timestamp":"2026-02-18 17:20:32","url":"/api/auth/refresh","userId":"anonymous"}
{"level":"warn","message":"Handled AppError No token provided","method":"POST","statusCode":401,"timestamp":"2026-02-18 17:48:49","url":"/api/auth/refresh","userId":"anonymous"}
{"level":"warn","message":"Handled AppError No token provided","method":"POST","statusCode":401,"timestamp":"2026-02-18 17:48:57","url":"/api/auth/refresh","userId":"anonymous"}
{"level":"warn","message":"Handled AppError Invalid email/phone or password","method":"POST","statusCode":401,"timestamp":"2026-02-18 17:49:02","url":"/api/auth/login","userId":"anonymous"}
{"level":"warn","message":"Handled AppError No token provided","method":"POST","statusCode":401,"timestamp":"2026-02-18 17:49:02","url":"/api/auth/refresh","userId":"anonymous"}
