{"level":"info","message":"Backend running on http://localhost:5001","metadata":{},"timestamp":"2026-03-26 07:38:50"}
{"level":"info","message":"Redis connected","metadata":{},"timestamp":"2026-03-26 07:38:50"}
{"level":"info","message":"MongoDB connected successfully","metadata":{},"timestamp":"2026-03-26 07:38:50"}
{"level":"info","message":"Backend running on http://localhost:5001","metadata":{},"timestamp":"2026-03-26 07:40:17"}
{"level":"info","message":"Redis connected","metadata":{},"timestamp":"2026-03-26 07:40:17"}
{"level":"info","message":"MongoDB connected successfully","metadata":{},"timestamp":"2026-03-26 07:40:17"}
{"level":"info","message":"Backend running on http://localhost:5001","metadata":{},"timestamp":"2026-03-26 07:40:35"}
{"level":"info","message":"Redis connected","metadata":{},"timestamp":"2026-03-26 07:40:35"}
{"level":"info","message":"MongoDB connected successfully","metadata":{},"timestamp":"2026-03-26 07:40:35"}
{"level":"info","message":"Backend running on http://localhost:5001","metadata":{},"timestamp":"2026-03-26 07:42:46"}
{"level":"info","message":"Redis connected","metadata":{},"timestamp":"2026-03-26 07:42:46"}
{"level":"info","message":"MongoDB connected successfully","metadata":{},"timestamp":"2026-03-26 07:42:46"}
{"level":"info","message":"Backend running on http://localhost:5001","metadata":{},"timestamp":"2026-03-26 07:45:02"}
{"level":"info","message":"Redis connected","metadata":{},"timestamp":"2026-03-26 07:45:02"}
{"level":"info","message":"MongoDB connected successfully","metadata":{},"timestamp":"2026-03-26 07:45:02"}
{"level":"info","message":"Backend running on http://localhost:5001","metadata":{},"timestamp":"2026-03-26 07:46:01"}
{"level":"info","message":"Redis connected","metadata":{},"timestamp":"2026-03-26 07:46:01"}
{"level":"info","message":"MongoDB connected successfully","metadata":{},"timestamp":"2026-03-26 07:46:01"}
{"level":"info","message":"Backend running on http://localhost:5001","metadata":{},"timestamp":"2026-03-26 07:46:38"}
{"level":"info","message":"Redis connected","metadata":{},"timestamp":"2026-03-26 07:46:38"}
{"level":"info","message":"MongoDB connected successfully","metadata":{},"timestamp":"2026-03-26 07:46:38"}
{"level":"info","message":"Backend running on http://localhost:5001","metadata":{},"timestamp":"2026-03-26 07:46:54"}
{"level":"info","message":"Redis connected","metadata":{},"timestamp":"2026-03-26 07:46:54"}
{"level":"info","message":"MongoDB connected successfully","metadata":{},"timestamp":"2026-03-26 07:46:54"}
{"level":"info","message":"Backend running on http://localhost:5001","metadata":{},"timestamp":"2026-03-26 07:47:54"}
{"level":"info","message":"Redis connected","metadata":{},"timestamp":"2026-03-26 07:47:54"}
{"level":"info","message":"MongoDB connected successfully","metadata":{},"timestamp":"2026-03-26 07:47:54"}
{"level":"info","message":"Backend running on http://localhost:5001","metadata":{},"timestamp":"2026-03-26 07:48:15"}
{"level":"info","message":"Redis connected","metadata":{},"timestamp":"2026-03-26 07:48:15"}
{"level":"info","message":"MongoDB connected successfully","metadata":{},"timestamp":"2026-03-26 07:48:15"}
{"level":"info","message":"Backend running on http://localhost:5001","metadata":{},"timestamp":"2026-03-26 07:48:26"}
{"level":"info","message":"Redis connected","metadata":{},"timestamp":"2026-03-26 07:48:26"}
{"level":"info","message":"MongoDB connected successfully","metadata":{},"timestamp":"2026-03-26 07:48:26"}
{"level":"info","message":"Backend running on http://localhost:5001","metadata":{},"timestamp":"2026-03-26 07:49:09"}
{"level":"info","message":"Redis connected","metadata":{},"timestamp":"2026-03-26 07:49:09"}
{"level":"info","message":"MongoDB connected successfully","metadata":{},"timestamp":"2026-03-26 07:49:09"}
{"level":"info","message":"Backend running on http://localhost:5001","metadata":{},"timestamp":"2026-03-26 07:49:17"}
{"level":"info","message":"Redis connected","metadata":{},"timestamp":"2026-03-26 07:49:17"}
{"level":"info","message":"MongoDB connected successfully","metadata":{},"timestamp":"2026-03-26 07:49:17"}
{"level":"info","message":"Backend running on http://localhost:5001","metadata":{},"timestamp":"2026-03-26 07:49:57"}
{"level":"info","message":"Redis connected","metadata":{},"timestamp":"2026-03-26 07:49:57"}
{"level":"info","message":"MongoDB connected successfully","metadata":{},"timestamp":"2026-03-26 07:49:57"}
{"level":"info","message":"Backend running on http://localhost:5001","metadata":{},"timestamp":"2026-03-26 07:50:13"}
{"level":"info","message":"Redis connected","metadata":{},"timestamp":"2026-03-26 07:50:13"}
{"level":"info","message":"MongoDB connected successfully","metadata":{},"timestamp":"2026-03-26 07:50:13"}
{"level":"info","message":"Backend running on http://localhost:5001","metadata":{},"timestamp":"2026-03-26 07:51:41"}
{"level":"info","message":"Redis connected","metadata":{},"timestamp":"2026-03-26 07:51:41"}
{"level":"info","message":"MongoDB connected successfully","metadata":{},"timestamp":"2026-03-26 07:51:41"}
{"level":"info","message":"Backend running on http://localhost:5001","metadata":{},"timestamp":"2026-03-26 07:56:38"}
{"level":"info","message":"Redis connected","metadata":{},"timestamp":"2026-03-26 07:56:38"}
{"level":"info","message":"MongoDB connected successfully","metadata":{},"timestamp":"2026-03-26 07:56:38"}
{"level":"info","message":"Backend running on http://localhost:5001","metadata":{},"timestamp":"2026-03-26 07:57:54"}
{"level":"info","message":"Redis connected","metadata":{},"timestamp":"2026-03-26 07:57:54"}
{"level":"info","message":"MongoDB connected successfully","metadata":{},"timestamp":"2026-03-26 07:57:54"}
{"level":"info","message":"Backend running on http://localhost:5001","metadata":{},"timestamp":"2026-03-26 08:07:10"}
{"level":"info","message":"Redis connected","metadata":{},"timestamp":"2026-03-26 08:07:10"}
{"level":"info","message":"MongoDB connected successfully","metadata":{},"timestamp":"2026-03-26 08:07:10"}
{"level":"info","message":"Backend running on http://localhost:5001","metadata":{},"timestamp":"2026-03-26 08:07:28"}
{"level":"info","message":"Redis connected","metadata":{},"timestamp":"2026-03-26 08:07:28"}
{"level":"info","message":"MongoDB connected successfully","metadata":{},"timestamp":"2026-03-26 08:07:28"}
{"level":"info","message":"Backend running on http://localhost:5001","metadata":{},"timestamp":"2026-03-26 08:07:38"}
{"level":"info","message":"Redis connected","metadata":{},"timestamp":"2026-03-26 08:07:38"}
{"level":"info","message":"MongoDB connected successfully","metadata":{},"timestamp":"2026-03-26 08:07:38"}
{"level":"info","message":"Backend running on http://localhost:5001","metadata":{},"timestamp":"2026-03-26 08:08:20"}
{"level":"info","message":"Redis connected","metadata":{},"timestamp":"2026-03-26 08:08:21"}
{"level":"info","message":"MongoDB connected successfully","metadata":{},"timestamp":"2026-03-26 08:08:21"}
{"level":"info","message":"Backend running on http://localhost:5001","metadata":{},"timestamp":"2026-03-26 08:08:39"}
{"level":"info","message":"Redis connected","metadata":{},"timestamp":"2026-03-26 08:08:39"}
{"level":"info","message":"MongoDB connected successfully","metadata":{},"timestamp":"2026-03-26 08:08:39"}
{"level":"info","message":"Backend running on http://localhost:5001","metadata":{},"timestamp":"2026-03-26 08:08:56"}
{"level":"info","message":"Redis connected","metadata":{},"timestamp":"2026-03-26 08:08:56"}
{"level":"info","message":"MongoDB connected successfully","metadata":{},"timestamp":"2026-03-26 08:08:56"}
{"level":"info","message":"Backend running on http://localhost:5001","metadata":{},"timestamp":"2026-03-26 08:09:06"}
{"level":"info","message":"Redis connected","metadata":{},"timestamp":"2026-03-26 08:09:06"}
{"level":"info","message":"MongoDB connected successfully","metadata":{},"timestamp":"2026-03-26 08:09:06"}
{"level":"info","message":"Backend running on http://localhost:5001","metadata":{},"timestamp":"2026-03-26 08:28:46"}
{"level":"info","message":"Redis connected","metadata":{},"timestamp":"2026-03-26 08:28:46"}
{"level":"info","message":"MongoDB connected successfully","metadata":{},"timestamp":"2026-03-26 08:28:46"}
{"level":"info","message":"Backend running on http://localhost:5001","metadata":{},"timestamp":"2026-03-26 08:29:16"}
{"level":"info","message":"Redis connected","metadata":{},"timestamp":"2026-03-26 08:29:16"}
{"level":"info","message":"MongoDB connected successfully","metadata":{},"timestamp":"2026-03-26 08:29:16"}
{"level":"info","message":"Backend running on http://localhost:5001","metadata":{},"timestamp":"2026-03-26 08:32:06"}
{"level":"info","message":"Redis connected","metadata":{},"timestamp":"2026-03-26 08:32:06"}
{"level":"info","message":"MongoDB connected successfully","metadata":{},"timestamp":"2026-03-26 08:32:06"}
{"level":"info","message":"Backend running on http://localhost:5001","metadata":{},"timestamp":"2026-03-26 08:33:17"}
{"level":"info","message":"Redis connected","metadata":{},"timestamp":"2026-03-26 08:33:17"}
{"level":"info","message":"MongoDB connected successfully","metadata":{},"timestamp":"2026-03-26 08:33:17"}
{"level":"info","message":"Backend running on http://localhost:5001","metadata":{},"timestamp":"2026-03-26 08:33:59"}
{"level":"info","message":"Redis connected","metadata":{},"timestamp":"2026-03-26 08:33:59"}
{"level":"info","message":"MongoDB connected successfully","metadata":{},"timestamp":"2026-03-26 08:33:59"}
{"level":"info","message":"Backend running on http://localhost:5001","metadata":{},"timestamp":"2026-03-26 08:34:47"}
{"level":"info","message":"Redis connected","metadata":{},"timestamp":"2026-03-26 08:34:47"}
{"level":"info","message":"MongoDB connected successfully","metadata":{},"timestamp":"2026-03-26 08:34:47"}
{"level":"info","message":"Backend running on http://localhost:5001","metadata":{},"timestamp":"2026-03-26 08:35:53"}
{"level":"info","message":"Redis connected","metadata":{},"timestamp":"2026-03-26 08:35:53"}
{"level":"info","message":"MongoDB connected successfully","metadata":{},"timestamp":"2026-03-26 08:35:53"}
{"level":"info","message":"Backend running on http://localhost:5001","metadata":{},"timestamp":"2026-03-26 08:36:14"}
{"level":"info","message":"Redis connected","metadata":{},"timestamp":"2026-03-26 08:36:14"}
{"level":"info","message":"MongoDB connected successfully","metadata":{},"timestamp":"2026-03-26 08:36:14"}
{"level":"info","message":"Backend running on http://localhost:5001","metadata":{},"timestamp":"2026-03-26 08:36:50"}
{"level":"info","message":"Redis connected","metadata":{},"timestamp":"2026-03-26 08:36:50"}
{"level":"info","message":"MongoDB connected successfully","metadata":{},"timestamp":"2026-03-26 08:36:50"}
{"level":"info","message":"Backend running on http://localhost:5001","metadata":{},"timestamp":"2026-03-26 08:37:18"}
{"level":"info","message":"Redis connected","metadata":{},"timestamp":"2026-03-26 08:37:18"}
{"level":"info","message":"MongoDB connected successfully","metadata":{},"timestamp":"2026-03-26 08:37:18"}
{"level":"info","message":"Backend running on http://localhost:5001","metadata":{},"timestamp":"2026-03-26 08:37:29"}
{"level":"info","message":"Redis connected","metadata":{},"timestamp":"2026-03-26 08:37:29"}
{"level":"info","message":"MongoDB connected successfully","metadata":{},"timestamp":"2026-03-26 08:37:29"}
{"level":"info","message":"Backend running on http://localhost:5001","metadata":{},"timestamp":"2026-03-26 08:37:42"}
{"level":"info","message":"Redis connected","metadata":{},"timestamp":"2026-03-26 08:37:42"}
{"level":"info","message":"MongoDB connected successfully","metadata":{},"timestamp":"2026-03-26 08:37:42"}
{"level":"info","message":"Backend running on http://localhost:5001","metadata":{},"timestamp":"2026-03-26 08:38:00"}
{"level":"info","message":"Redis connected","metadata":{},"timestamp":"2026-03-26 08:38:00"}
{"level":"info","message":"MongoDB connected successfully","metadata":{},"timestamp":"2026-03-26 08:38:00"}
{"level":"info","message":"Backend running on http://localhost:5001","metadata":{},"timestamp":"2026-03-26 08:38:21"}
{"level":"info","message":"Redis connected","metadata":{},"timestamp":"2026-03-26 08:38:21"}
{"level":"info","message":"MongoDB connected successfully","metadata":{},"timestamp":"2026-03-26 08:38:21"}
{"level":"info","message":"Backend running on http://localhost:5001","metadata":{},"timestamp":"2026-03-26 08:39:04"}
{"level":"info","message":"Redis connected","metadata":{},"timestamp":"2026-03-26 08:39:04"}
{"level":"info","message":"MongoDB connected successfully","metadata":{},"timestamp":"2026-03-26 08:39:04"}
{"level":"info","message":"Backend running on http://localhost:5001","metadata":{},"timestamp":"2026-03-26 08:39:33"}
{"level":"info","message":"Redis connected","metadata":{},"timestamp":"2026-03-26 08:39:33"}
{"level":"info","message":"MongoDB connected successfully","metadata":{},"timestamp":"2026-03-26 08:39:33"}
{"level":"info","message":"Backend running on http://localhost:5001","metadata":{},"timestamp":"2026-03-26 08:39:46"}
{"level":"info","message":"Redis connected","metadata":{},"timestamp":"2026-03-26 08:39:46"}
{"level":"info","message":"MongoDB connected successfully","metadata":{},"timestamp":"2026-03-26 08:39:46"}
{"level":"info","message":"Backend running on http://localhost:5001","metadata":{},"timestamp":"2026-03-26 08:40:28"}
{"level":"info","message":"Redis connected","metadata":{},"timestamp":"2026-03-26 08:40:28"}
{"level":"info","message":"MongoDB connected successfully","metadata":{},"timestamp":"2026-03-26 08:40:28"}
{"level":"info","message":"Backend running on http://localhost:5001","metadata":{},"timestamp":"2026-03-26 08:40:57"}
{"level":"info","message":"Redis connected","metadata":{},"timestamp":"2026-03-26 08:40:57"}
{"level":"info","message":"MongoDB connected successfully","metadata":{},"timestamp":"2026-03-26 08:40:57"}
{"level":"info","message":"Backend running on http://localhost:5001","metadata":{},"timestamp":"2026-03-26 08:41:08"}
{"level":"info","message":"Redis connected","metadata":{},"timestamp":"2026-03-26 08:41:08"}
{"level":"info","message":"MongoDB connected successfully","metadata":{},"timestamp":"2026-03-26 08:41:08"}
{"level":"info","message":"Backend running on http://localhost:5001","metadata":{},"timestamp":"2026-03-26 08:41:18"}
{"level":"info","message":"Redis connected","metadata":{},"timestamp":"2026-03-26 08:41:18"}
{"level":"info","message":"MongoDB connected successfully","metadata":{},"timestamp":"2026-03-26 08:41:18"}
{"level":"info","message":"Backend running on http://localhost:5001","metadata":{},"timestamp":"2026-03-26 08:41:52"}
{"level":"info","message":"Redis connected","metadata":{},"timestamp":"2026-03-26 08:41:52"}
{"level":"info","message":"MongoDB connected successfully","metadata":{},"timestamp":"2026-03-26 08:41:52"}
{"level":"info","message":"Backend running on http://localhost:5001","metadata":{},"timestamp":"2026-03-26 08:42:36"}
{"level":"info","message":"Redis connected","metadata":{},"timestamp":"2026-03-26 08:42:36"}
{"level":"info","message":"MongoDB connected successfully","metadata":{},"timestamp":"2026-03-26 08:42:36"}
{"level":"info","message":"Backend running on http://localhost:5001","metadata":{},"timestamp":"2026-03-26 08:43:08"}
{"level":"info","message":"Redis connected","metadata":{},"timestamp":"2026-03-26 08:43:08"}
{"level":"info","message":"MongoDB connected successfully","metadata":{},"timestamp":"2026-03-26 08:43:08"}
{"level":"info","message":"Backend running on http://localhost:5001","metadata":{},"timestamp":"2026-03-26 08:43:18"}
{"level":"info","message":"Redis connected","metadata":{},"timestamp":"2026-03-26 08:43:18"}
{"level":"info","message":"MongoDB connected successfully","metadata":{},"timestamp":"2026-03-26 08:43:18"}
{"level":"info","message":"Backend running on http://localhost:5001","metadata":{},"timestamp":"2026-03-26 08:45:20"}
{"level":"info","message":"Redis connected","metadata":{},"timestamp":"2026-03-26 08:45:20"}
{"level":"info","message":"MongoDB connected successfully","metadata":{},"timestamp":"2026-03-26 08:45:20"}
{"level":"info","message":"Backend running on http://localhost:5001","metadata":{},"timestamp":"2026-03-26 08:47:47"}
{"level":"info","message":"Redis connected","metadata":{},"timestamp":"2026-03-26 08:47:47"}
{"level":"info","message":"MongoDB connected successfully","metadata":{},"timestamp":"2026-03-26 08:47:47"}
{"level":"info","message":"Backend running on http://localhost:5001","metadata":{},"timestamp":"2026-03-26 08:49:14"}
{"level":"info","message":"Redis connected","metadata":{},"timestamp":"2026-03-26 08:49:14"}
{"level":"info","message":"MongoDB connected successfully","metadata":{},"timestamp":"2026-03-26 08:49:14"}
{"level":"info","message":"Backend running on http://localhost:5001","metadata":{},"timestamp":"2026-03-26 08:51:40"}
{"level":"info","message":"Redis connected","metadata":{},"timestamp":"2026-03-26 08:51:40"}
{"level":"info","message":"MongoDB connected successfully","metadata":{},"timestamp":"2026-03-26 08:51:40"}
{"level":"info","message":"[Socket connected] userId: 695adad0e5e49754e37c9c4b, socketId: y9ZO2F1bqenPIEVUAAAC","metadata":{},"timestamp":"2026-03-26 08:53:13"}
{"level":"info","message":"[Socket disconnected] userId: 695adad0e5e49754e37c9c4b","metadata":{},"timestamp":"2026-03-26 08:55:02"}
{"level":"info","message":"[Socket connected] userId: 69c4a6e1ac61da18c69f1c4c, socketId: J2IfIId4Kh8TsuglAAAE","metadata":{},"timestamp":"2026-03-26 08:55:02"}
{"level":"info","message":"Backend running on http://localhost:5001","metadata":{},"timestamp":"2026-03-26 08:59:32"}
{"level":"info","message":"Redis connected","metadata":{},"timestamp":"2026-03-26 08:59:32"}
{"level":"info","message":"MongoDB connected successfully","metadata":{},"timestamp":"2026-03-26 08:59:32"}
{"level":"info","message":"[Socket connected] userId: 69c4a6e1ac61da18c69f1c4c, socketId: pgVlDi7pN9Tzfx7uAAAB","metadata":{},"timestamp":"2026-03-26 08:59:33"}
{"level":"info","message":"Backend running on http://localhost:5001","metadata":{},"timestamp":"2026-03-26 08:59:50"}
{"level":"info","message":"Redis connected","metadata":{},"timestamp":"2026-03-26 08:59:50"}
{"level":"info","message":"MongoDB connected successfully","metadata":{},"timestamp":"2026-03-26 08:59:50"}
{"level":"info","message":"[Socket connected] userId: 69c4a6e1ac61da18c69f1c4c, socketId: 8PNI33LyH5XIpI1rAAAB","metadata":{},"timestamp":"2026-03-26 08:59:52"}
{"level":"info","message":"Backend running on http://localhost:5001","metadata":{},"timestamp":"2026-03-26 09:00:09"}
{"level":"info","message":"Redis connected","metadata":{},"timestamp":"2026-03-26 09:00:09"}
{"level":"info","message":"MongoDB connected successfully","metadata":{},"timestamp":"2026-03-26 09:00:09"}
{"level":"info","message":"[Socket connected] userId: 69c4a6e1ac61da18c69f1c4c, socketId: Q9s5cSbotqKd1U4HAAAB","metadata":{},"timestamp":"2026-03-26 09:00:15"}
{"level":"info","message":"Backend running on http://localhost:5001","metadata":{},"timestamp":"2026-03-26 09:00:57"}
{"level":"info","message":"Redis connected","metadata":{},"timestamp":"2026-03-26 09:00:57"}
{"level":"info","message":"MongoDB connected successfully","metadata":{},"timestamp":"2026-03-26 09:00:57"}
{"level":"info","message":"[Socket connected] userId: 69c4a6e1ac61da18c69f1c4c, socketId: IN3a1vfgqnTqUN0CAAAB","metadata":{},"timestamp":"2026-03-26 09:01:00"}
{"level":"info","message":"Backend running on http://localhost:5001","metadata":{},"timestamp":"2026-03-26 09:01:43"}
{"level":"info","message":"Redis connected","metadata":{},"timestamp":"2026-03-26 09:01:43"}
{"level":"info","message":"MongoDB connected successfully","metadata":{},"timestamp":"2026-03-26 09:01:43"}
{"level":"info","message":"[Socket connected] userId: 69c4a6e1ac61da18c69f1c4c, socketId: itBTExbhqRjObSGoAAAB","metadata":{},"timestamp":"2026-03-26 09:01:45"}
{"level":"info","message":"Backend running on http://localhost:5001","metadata":{},"timestamp":"2026-03-26 09:02:14"}
{"level":"info","message":"Redis connected","metadata":{},"timestamp":"2026-03-26 09:02:14"}
{"level":"info","message":"MongoDB connected successfully","metadata":{},"timestamp":"2026-03-26 09:02:14"}
{"level":"info","message":"[Socket connected] userId: 69c4a6e1ac61da18c69f1c4c, socketId: lsKvOuF2tJi0GmofAAAB","metadata":{},"timestamp":"2026-03-26 09:02:19"}
{"level":"info","message":"[Socket disconnected] userId: 69c4a6e1ac61da18c69f1c4c","metadata":{},"timestamp":"2026-03-26 09:02:57"}
{"level":"info","message":"[Socket connected] userId: 69c4a6e1ac61da18c69f1c4c, socketId: plbaSczqMDM8vntlAAAE","metadata":{},"timestamp":"2026-03-26 09:02:57"}
{"level":"info","message":"[Socket connected] userId: 69c4a6e1ac61da18c69f1c4c, socketId: 5ewdTqwMqxmXZG8uAAAH","metadata":{},"timestamp":"2026-03-26 09:04:19"}
{"level":"info","message":"[Socket disconnected] userId: 69c4a6e1ac61da18c69f1c4c","metadata":{},"timestamp":"2026-03-26 09:04:20"}
{"level":"error","message":"Unhandled Error E11000 duplicate key error collection: salon_booking.wallets index: userId_1 dup key: { userId: ObjectId('69c4a6e1ac61da18c69f1c4c') }","metadata":{"method":"GET","stack":"MongoServerError: E11000 duplicate key error collection: salon_booking.wallets index: userId_1 dup key: { userId: ObjectId('69c4a6e1ac61da18c69f1c4c') }\n    at InsertOneOperation.handleOk (/Users/ashikmuhammed/Desktop/Saloon Booking Managment/backend/node_modules/mongodb/src/operations/insert.ts:79:13)\n    at tryOperation (/Users/ashikmuhammed/Desktop/Saloon Booking Managment/backend/node_modules/mongodb/src/operations/execute_operation.ts:294:26)\n    at processTicksAndRejections (node:internal/process/task_queues:105:5)\n    at async executeOperation (/Users/ashikmuhammed/Desktop/Saloon Booking Managment/backend/node_modules/mongodb/src/operations/execute_operation.ts:123:12)\n    at async Collection.insertOne (/Users/ashikmuhammed/Desktop/Saloon Booking Managment/backend/node_modules/mongodb/src/collection.ts:294:12)\n    at async model.$__save (/Users/ashikmuhammed/Desktop/Saloon Booking Managment/backend/node_modules/mongoose/lib/model.js:398:16)\n    at async model.save (/Users/ashikmuhammed/Desktop/Saloon Booking Managment/backend/node_modules/mongoose/lib/model.js:609:5)\n    at async WalletRepository.create (/Users/ashikmuhammed/Desktop/Saloon Booking Managment/backend/src/common/repository/baseRepository.ts:66:22)\n    at async WalletService.ensureWalletExists (/Users/ashikmuhammed/Desktop/Saloon Booking Managment/backend/src/modules/wallet/service/wallet.service.ts:47:16)\n    at async WalletService.getTransactionHistory (/Users/ashikmuhammed/Desktop/Saloon Booking Managment/backend/src/modules/wallet/service/wallet.service.ts:131:20)","url":"/api/wallet/transactions","userId":"69c4a6e1ac61da18c69f1c4c"},"timestamp":"2026-03-26 09:04:23"}
{"level":"info","message":"[Socket disconnected] userId: 69c4a6e1ac61da18c69f1c4c","metadata":{},"timestamp":"2026-03-26 09:04:24"}
{"level":"warn","message":"Handled AppError No token provided","metadata":{"method":"POST","statusCode":401,"url":"/api/auth/refresh","userId":"anonymous"},"timestamp":"2026-03-26 09:04:24"}
{"level":"warn","message":"Handled AppError No token provided","metadata":{"method":"POST","statusCode":401,"url":"/api/auth/refresh","userId":"anonymous"},"timestamp":"2026-03-26 09:04:24"}
{"level":"info","message":"[Socket connected] userId: 69c4a6e1ac61da18c69f1c4c, socketId: OQClwzK-XIxgRXi6AAAJ","metadata":{},"timestamp":"2026-03-26 09:04:32"}
{"level":"info","message":"[Socket connected] userId: 69c4a6e1ac61da18c69f1c4c, socketId: Hf5BN1fScIyjk7atAAAM","metadata":{},"timestamp":"2026-03-26 09:04:45"}
{"level":"info","message":"[Socket disconnected] userId: 69c4a6e1ac61da18c69f1c4c","metadata":{},"timestamp":"2026-03-26 09:04:50"}
{"level":"info","message":"[Socket connected] userId: 695adad0e5e49754e37c9c4b, socketId: 9SJvAePBrw84dYLPAAAO","metadata":{},"timestamp":"2026-03-26 09:04:50"}
{"level":"info","message":"[Socket connected] userId: 695adad0e5e49754e37c9c4b, socketId: zk8_hjjstkUyA5RHAAAR","metadata":{},"timestamp":"2026-03-26 09:04:58"}
{"level":"info","message":"[Socket disconnected] userId: 695adad0e5e49754e37c9c4b","metadata":{},"timestamp":"2026-03-26 09:04:59"}
{"level":"info","message":"[Socket connected] userId: 693d1d1c955b52394a731682, socketId: 6QclzU8EgHxvBCA0AAAU","metadata":{},"timestamp":"2026-03-26 09:05:07"}
{"level":"info","message":"[Socket disconnected] userId: 69c4a6e1ac61da18c69f1c4c","metadata":{},"timestamp":"2026-03-26 09:06:40"}
{"level":"info","message":"[Socket disconnected] userId: 695adad0e5e49754e37c9c4b","metadata":{},"timestamp":"2026-03-26 09:06:40"}
{"level":"info","message":"[Socket disconnected] userId: 693d1d1c955b52394a731682","metadata":{},"timestamp":"2026-03-26 09:06:40"}
{"level":"info","message":"[Socket connected] userId: 693d1d1c955b52394a731682, socketId: 9j5GTsIrjIjpByQVAAAX","metadata":{},"timestamp":"2026-03-26 09:06:41"}
{"level":"info","message":"[Socket connected] userId: 695adad0e5e49754e37c9c4b, socketId: 3w7OxSYzC3kXlTh9AAAa","metadata":{},"timestamp":"2026-03-26 09:06:41"}
{"level":"info","message":"[Socket connected] userId: 69c4a6e1ac61da18c69f1c4c, socketId: uaQtLe0IBrpHBkKaAAAd","metadata":{},"timestamp":"2026-03-26 09:06:41"}
{"level":"info","message":"[Socket disconnected] userId: 69c4a6e1ac61da18c69f1c4c","metadata":{},"timestamp":"2026-03-26 09:40:17"}
{"level":"warn","message":"Handled AppError Your account has been blocked","metadata":{"method":"POST","statusCode":403,"url":"/api/auth/refresh","userId":"anonymous"},"timestamp":"2026-03-26 09:40:17"}
{"level":"warn","message":"Handled AppError Your account has been blocked","metadata":{"method":"POST","statusCode":403,"url":"/api/auth/refresh","userId":"anonymous"},"timestamp":"2026-03-26 09:40:17"}
{"level":"warn","message":"Handled AppError Your account has been blocked","metadata":{"method":"POST","statusCode":403,"url":"/api/auth/refresh","userId":"anonymous"},"timestamp":"2026-03-26 09:40:17"}
{"level":"warn","message":"Handled AppError Your account has been blocked","metadata":{"method":"POST","statusCode":403,"url":"/api/auth/login","userId":"anonymous"},"timestamp":"2026-03-26 09:40:32"}
{"level":"info","message":"[Socket connected] userId: 69c4a6e1ac61da18c69f1c4c, socketId: ydTUx4kPLCCrnCQ_AAAf","metadata":{},"timestamp":"2026-03-26 09:40:41"}
{"level":"info","message":"[Socket disconnected] userId: 69c4a6e1ac61da18c69f1c4c","metadata":{},"timestamp":"2026-03-26 09:41:50"}
{"level":"info","message":"[Socket connected] userId: 69c4a6e1ac61da18c69f1c4c, socketId: IuL6G2JtP6kXqgg4AAAi","metadata":{},"timestamp":"2026-03-26 09:41:50"}
{"level":"info","message":"Backend running on http://localhost:5001","metadata":{},"timestamp":"2026-03-26 09:43:00"}
{"level":"info","message":"Redis connected","metadata":{},"timestamp":"2026-03-26 09:43:00"}
{"level":"info","message":"MongoDB connected successfully","metadata":{},"timestamp":"2026-03-26 09:43:00"}
{"level":"info","message":"[Socket connected] userId: 69c4a6e1ac61da18c69f1c4c, socketId: tOyXVATy2LesjxxfAAAB","metadata":{},"timestamp":"2026-03-26 09:43:01"}
{"level":"info","message":"[Socket connected] userId: 695adad0e5e49754e37c9c4b, socketId: hHOWGXtNyffT_E-dAAAD","metadata":{},"timestamp":"2026-03-26 09:43:03"}
{"level":"info","message":"[Socket connected] userId: 693d1d1c955b52394a731682, socketId: eRaI8lc3oQWRBKOsAAAF","metadata":{},"timestamp":"2026-03-26 09:43:05"}
{"level":"info","message":"[Socket disconnected] userId: 693d1d1c955b52394a731682","metadata":{},"timestamp":"2026-03-26 09:49:40"}
{"level":"info","message":"[Socket disconnected] userId: 695adad0e5e49754e37c9c4b","metadata":{},"timestamp":"2026-03-26 09:49:40"}
{"level":"info","message":"[Socket disconnected] userId: 69c4a6e1ac61da18c69f1c4c","metadata":{},"timestamp":"2026-03-26 09:49:40"}
{"level":"info","message":"[Socket connected] userId: 693d1d1c955b52394a731682, socketId: bsrX8AtkIOj44iL2AAAK","metadata":{},"timestamp":"2026-03-26 09:49:41"}
{"level":"info","message":"[Socket connected] userId: 695adad0e5e49754e37c9c4b, socketId: ZAGVGVpkabv-kbgHAAAL","metadata":{},"timestamp":"2026-03-26 09:49:41"}
{"level":"info","message":"[Socket connected] userId: 69c4a6e1ac61da18c69f1c4c, socketId: HNyWgxAkz7443GE3AAAO","metadata":{},"timestamp":"2026-03-26 09:49:41"}
{"level":"info","message":"[Socket disconnected] userId: 693d1d1c955b52394a731682","metadata":{},"timestamp":"2026-03-26 09:49:41"}
{"level":"info","message":"[Socket disconnected] userId: 695adad0e5e49754e37c9c4b","metadata":{},"timestamp":"2026-03-26 09:49:41"}
{"level":"info","message":"[Socket disconnected] userId: 69c4a6e1ac61da18c69f1c4c","metadata":{},"timestamp":"2026-03-26 09:49:41"}
{"level":"info","message":"[Socket connected] userId: 695adad0e5e49754e37c9c4b, socketId: 44Sl_WDR_KAW87G9AAAR","metadata":{},"timestamp":"2026-03-26 09:49:41"}
{"level":"info","message":"[Socket connected] userId: 693d1d1c955b52394a731682, socketId: l6x1FUO7TvhQ8ZOOAAAU","metadata":{},"timestamp":"2026-03-26 09:49:41"}
{"level":"info","message":"[Socket connected] userId: 69c4a6e1ac61da18c69f1c4c, socketId: AyssZE5UUkv4M5T2AAAX","metadata":{},"timestamp":"2026-03-26 09:49:42"}
{"level":"info","message":"[Socket disconnected] userId: 693d1d1c955b52394a731682","metadata":{},"timestamp":"2026-03-26 09:50:08"}
{"level":"info","message":"[Socket disconnected] userId: 695adad0e5e49754e37c9c4b","metadata":{},"timestamp":"2026-03-26 09:50:08"}
{"level":"info","message":"[Socket disconnected] userId: 69c4a6e1ac61da18c69f1c4c","metadata":{},"timestamp":"2026-03-26 09:50:08"}
{"level":"info","message":"[Socket connected] userId: 695adad0e5e49754e37c9c4b, socketId: DT6fJMl5-Hte31-zAAAa","metadata":{},"timestamp":"2026-03-26 09:50:08"}
{"level":"info","message":"[Socket connected] userId: 693d1d1c955b52394a731682, socketId: UA2eLfwB49haBYgiAAAd","metadata":{},"timestamp":"2026-03-26 09:50:08"}
{"level":"info","message":"[Socket connected] userId: 69c4a6e1ac61da18c69f1c4c, socketId: H5SCfpvOPoCFe2OkAAAg","metadata":{},"timestamp":"2026-03-26 09:50:09"}
{"level":"info","message":"[Socket disconnected] userId: 693d1d1c955b52394a731682","metadata":{},"timestamp":"2026-03-26 09:50:19"}
{"level":"info","message":"[Socket disconnected] userId: 695adad0e5e49754e37c9c4b","metadata":{},"timestamp":"2026-03-26 09:50:19"}
{"level":"info","message":"[Socket disconnected] userId: 69c4a6e1ac61da18c69f1c4c","metadata":{},"timestamp":"2026-03-26 09:50:19"}
{"level":"info","message":"[Socket connected] userId: 695adad0e5e49754e37c9c4b, socketId: hnfqiq0VemdkG4PzAAAl","metadata":{},"timestamp":"2026-03-26 09:50:20"}
{"level":"info","message":"[Socket connected] userId: 693d1d1c955b52394a731682, socketId: 38qaMvzbNBpsLn6JAAAm","metadata":{},"timestamp":"2026-03-26 09:50:20"}
{"level":"info","message":"[Socket connected] userId: 69c4a6e1ac61da18c69f1c4c, socketId: ptHXLfnaSfHNlQURAAAp","metadata":{},"timestamp":"2026-03-26 09:50:20"}
{"level":"info","message":"[Socket disconnected] userId: 695adad0e5e49754e37c9c4b","metadata":{},"timestamp":"2026-03-26 09:51:15"}
{"level":"info","message":"[Socket disconnected] userId: 69c4a6e1ac61da18c69f1c4c","metadata":{},"timestamp":"2026-03-26 09:51:15"}
{"level":"info","message":"[Socket disconnected] userId: 693d1d1c955b52394a731682","metadata":{},"timestamp":"2026-03-26 09:51:15"}
{"level":"info","message":"[Socket connected] userId: 695adad0e5e49754e37c9c4b, socketId: Gbzf1lYfw0f4LM5aAAAs","metadata":{},"timestamp":"2026-03-26 09:51:15"}
{"level":"info","message":"[Socket connected] userId: 693d1d1c955b52394a731682, socketId: mRiueA7zklpHzvMoAAAv","metadata":{},"timestamp":"2026-03-26 09:51:16"}
{"level":"info","message":"[Socket connected] userId: 69c4a6e1ac61da18c69f1c4c, socketId: AfGjw6b2933LgfKKAAAy","metadata":{},"timestamp":"2026-03-26 09:51:16"}
{"level":"info","message":"[Socket disconnected] userId: 693d1d1c955b52394a731682","metadata":{},"timestamp":"2026-03-26 09:51:26"}
{"level":"info","message":"[Socket disconnected] userId: 695adad0e5e49754e37c9c4b","metadata":{},"timestamp":"2026-03-26 09:51:26"}
{"level":"info","message":"[Socket disconnected] userId: 69c4a6e1ac61da18c69f1c4c","metadata":{},"timestamp":"2026-03-26 09:51:26"}
{"level":"info","message":"[Socket connected] userId: 693d1d1c955b52394a731682, socketId: v4HcWxpHOUj4r5N6AAA3","metadata":{},"timestamp":"2026-03-26 09:51:37"}
{"level":"info","message":"[Socket connected] userId: 695adad0e5e49754e37c9c4b, socketId: ky0e9ViSVPpPDtW4AAA6","metadata":{},"timestamp":"2026-03-26 09:51:37"}
{"level":"info","message":"[Socket connected] userId: 69c4a6e1ac61da18c69f1c4c, socketId: bf4jHaJNsSEpCEFcAAA7","metadata":{},"timestamp":"2026-03-26 09:51:37"}
{"level":"info","message":"[Socket disconnected] userId: 693d1d1c955b52394a731682","metadata":{},"timestamp":"2026-03-26 09:53:12"}
{"level":"info","message":"[Socket disconnected] userId: 69c4a6e1ac61da18c69f1c4c","metadata":{},"timestamp":"2026-03-26 09:53:12"}
{"level":"info","message":"[Socket disconnected] userId: 695adad0e5e49754e37c9c4b","metadata":{},"timestamp":"2026-03-26 09:53:12"}
{"level":"info","message":"[Socket connected] userId: 693d1d1c955b52394a731682, socketId: 5vQ0Oawxp4_LguwoAAA-","metadata":{},"timestamp":"2026-03-26 09:53:12"}
{"level":"info","message":"[Socket connected] userId: 69c4a6e1ac61da18c69f1c4c, socketId: 3hw7hqWE0o2C1vGFAABC","metadata":{},"timestamp":"2026-03-26 09:53:13"}
{"level":"info","message":"[Socket connected] userId: 695adad0e5e49754e37c9c4b, socketId: xz8UpQmGkQT-TmmPAABE","metadata":{},"timestamp":"2026-03-26 09:53:13"}
{"level":"info","message":"[Socket disconnected] userId: 693d1d1c955b52394a731682","metadata":{},"timestamp":"2026-03-26 09:53:17"}
{"level":"info","message":"[Socket disconnected] userId: 695adad0e5e49754e37c9c4b","metadata":{},"timestamp":"2026-03-26 09:53:17"}
{"level":"info","message":"[Socket disconnected] userId: 69c4a6e1ac61da18c69f1c4c","metadata":{},"timestamp":"2026-03-26 09:53:17"}
{"level":"info","message":"[Socket connected] userId: 693d1d1c955b52394a731682, socketId: JlOyo_RQ7r85PgdGAABH","metadata":{},"timestamp":"2026-03-26 09:53:17"}
{"level":"info","message":"[Socket connected] userId: 695adad0e5e49754e37c9c4b, socketId: NSf86hM0zIZ0NQhmAABL","metadata":{},"timestamp":"2026-03-26 09:53:17"}
{"level":"info","message":"[Socket connected] userId: 69c4a6e1ac61da18c69f1c4c, socketId: T71IwOKU_sOoWAN8AABN","metadata":{},"timestamp":"2026-03-26 09:53:17"}
{"level":"info","message":"[Socket disconnected] userId: 69c4a6e1ac61da18c69f1c4c","metadata":{},"timestamp":"2026-03-26 09:54:07"}
{"level":"info","message":"[Socket disconnected] userId: 693d1d1c955b52394a731682","metadata":{},"timestamp":"2026-03-26 09:54:07"}
{"level":"info","message":"[Socket disconnected] userId: 695adad0e5e49754e37c9c4b","metadata":{},"timestamp":"2026-03-26 09:54:07"}
{"level":"info","message":"[Socket connected] userId: 693d1d1c955b52394a731682, socketId: OCfYJzcS6PAWkCtDAABQ","metadata":{},"timestamp":"2026-03-26 09:54:08"}
{"level":"info","message":"[Socket connected] userId: 695adad0e5e49754e37c9c4b, socketId: EgkrJPAzBqWCJBe4AABT","metadata":{},"timestamp":"2026-03-26 09:54:08"}
{"level":"info","message":"[Socket connected] userId: 69c4a6e1ac61da18c69f1c4c, socketId: AxHLtDD1kCBz7Qu8AABW","metadata":{},"timestamp":"2026-03-26 09:54:08"}
{"level":"info","message":"[Socket disconnected] userId: 69c4a6e1ac61da18c69f1c4c","metadata":{},"timestamp":"2026-03-26 09:54:34"}
{"level":"info","message":"[Socket disconnected] userId: 693d1d1c955b52394a731682","metadata":{},"timestamp":"2026-03-26 09:54:34"}
{"level":"info","message":"[Socket disconnected] userId: 695adad0e5e49754e37c9c4b","metadata":{},"timestamp":"2026-03-26 09:54:34"}
{"level":"info","message":"[Socket connected] userId: 695adad0e5e49754e37c9c4b, socketId: 5LJIqGIxH7h7B1i_AABb","metadata":{},"timestamp":"2026-03-26 09:54:34"}
{"level":"info","message":"[Socket connected] userId: 693d1d1c955b52394a731682, socketId: lf9wk91eXTa3jTnuAABc","metadata":{},"timestamp":"2026-03-26 09:54:35"}
{"level":"info","message":"[Socket connected] userId: 69c4a6e1ac61da18c69f1c4c, socketId: moyfRMW1k2XucxYnAABf","metadata":{},"timestamp":"2026-03-26 09:54:35"}
{"level":"info","message":"[Socket disconnected] userId: 693d1d1c955b52394a731682","metadata":{},"timestamp":"2026-03-26 09:55:26"}
{"level":"info","message":"[Socket disconnected] userId: 69c4a6e1ac61da18c69f1c4c","metadata":{},"timestamp":"2026-03-26 09:55:26"}
{"level":"info","message":"[Socket disconnected] userId: 695adad0e5e49754e37c9c4b","metadata":{},"timestamp":"2026-03-26 09:55:26"}
{"level":"info","message":"[Socket connected] userId: 693d1d1c955b52394a731682, socketId: hlfYOUlN83pVN0hFAABi","metadata":{},"timestamp":"2026-03-26 09:55:27"}
{"level":"info","message":"[Socket connected] userId: 695adad0e5e49754e37c9c4b, socketId: xkx1ri1pSHkm_QplAABn","metadata":{},"timestamp":"2026-03-26 09:55:27"}
{"level":"info","message":"[Socket connected] userId: 69c4a6e1ac61da18c69f1c4c, socketId: h7_9iSRdSE6SdY1QAABo","metadata":{},"timestamp":"2026-03-26 09:55:27"}
{"level":"info","message":"[Socket disconnected] userId: 693d1d1c955b52394a731682","metadata":{},"timestamp":"2026-03-26 09:56:04"}
{"level":"info","message":"[Socket disconnected] userId: 695adad0e5e49754e37c9c4b","metadata":{},"timestamp":"2026-03-26 09:56:04"}
{"level":"info","message":"[Socket disconnected] userId: 69c4a6e1ac61da18c69f1c4c","metadata":{},"timestamp":"2026-03-26 09:56:04"}
{"level":"info","message":"[Socket connected] userId: 693d1d1c955b52394a731682, socketId: rqSxnpEht2MvkdN1AABt","metadata":{},"timestamp":"2026-03-26 09:56:05"}
{"level":"info","message":"[Socket connected] userId: 695adad0e5e49754e37c9c4b, socketId: 5CMhqWA-HdVURLqaAABu","metadata":{},"timestamp":"2026-03-26 09:56:05"}
{"level":"info","message":"[Socket connected] userId: 69c4a6e1ac61da18c69f1c4c, socketId: EyWMIGp3hQ6EtySXAABx","metadata":{},"timestamp":"2026-03-26 09:56:05"}
{"level":"info","message":"[Socket disconnected] userId: 693d1d1c955b52394a731682","metadata":{},"timestamp":"2026-03-26 10:04:15"}
{"level":"info","message":"[Socket disconnected] userId: 695adad0e5e49754e37c9c4b","metadata":{},"timestamp":"2026-03-26 10:04:15"}
{"level":"info","message":"[Socket disconnected] userId: 69c4a6e1ac61da18c69f1c4c","metadata":{},"timestamp":"2026-03-26 10:04:15"}
{"level":"info","message":"[Socket connected] userId: 693d1d1c955b52394a731682, socketId: wVBp1SNrFSVvs6CWAAB0","metadata":{},"timestamp":"2026-03-26 10:04:16"}
{"level":"info","message":"[Socket connected] userId: 69c4a6e1ac61da18c69f1c4c, socketId: _kwG_Rx75t_-dRT-AAB3","metadata":{},"timestamp":"2026-03-26 10:04:16"}
{"level":"info","message":"[Socket connected] userId: 695adad0e5e49754e37c9c4b, socketId: 9OIEi2GBQz0UdzvkAAB6","metadata":{},"timestamp":"2026-03-26 10:04:16"}
{"level":"info","message":"[Socket disconnected] userId: 693d1d1c955b52394a731682","metadata":{},"timestamp":"2026-03-26 10:04:23"}
{"level":"info","message":"[Socket disconnected] userId: 69c4a6e1ac61da18c69f1c4c","metadata":{},"timestamp":"2026-03-26 10:04:23"}
{"level":"info","message":"[Socket disconnected] userId: 695adad0e5e49754e37c9c4b","metadata":{},"timestamp":"2026-03-26 10:04:23"}
{"level":"info","message":"[Socket connected] userId: 695adad0e5e49754e37c9c4b, socketId: MUpiTWbqh5qXh3cTAACA","metadata":{},"timestamp":"2026-03-26 10:04:23"}
{"level":"info","message":"[Socket connected] userId: 693d1d1c955b52394a731682, socketId: ZSwTuo_GxA9hViTjAACC","metadata":{},"timestamp":"2026-03-26 10:04:23"}
{"level":"info","message":"[Socket connected] userId: 69c4a6e1ac61da18c69f1c4c, socketId: yCpjKnGjsK4VQwhXAACD","metadata":{},"timestamp":"2026-03-26 10:04:24"}
{"level":"info","message":"[Socket disconnected] userId: 693d1d1c955b52394a731682","metadata":{},"timestamp":"2026-03-26 10:06:16"}
{"level":"info","message":"[Socket connected] userId: 693d1d1c955b52394a731682, socketId: Hjxqw0nJej3coKJkAACG","metadata":{},"timestamp":"2026-03-26 10:06:17"}
{"level":"info","message":"[Socket disconnected] userId: 693d1d1c955b52394a731682","metadata":{},"timestamp":"2026-03-26 10:12:21"}
{"level":"info","message":"[Socket disconnected] userId: 695adad0e5e49754e37c9c4b","metadata":{},"timestamp":"2026-03-26 10:12:21"}
{"level":"info","message":"[Socket disconnected] userId: 69c4a6e1ac61da18c69f1c4c","metadata":{},"timestamp":"2026-03-26 10:12:21"}
{"level":"info","message":"[Socket connected] userId: 695adad0e5e49754e37c9c4b, socketId: HSfHEqNTnAICq0egAACL","metadata":{},"timestamp":"2026-03-26 10:12:22"}
{"level":"info","message":"[Socket connected] userId: 693d1d1c955b52394a731682, socketId: vvLDT4OToAwdm94lAACN","metadata":{},"timestamp":"2026-03-26 10:12:22"}
{"level":"info","message":"[Socket connected] userId: 69c4a6e1ac61da18c69f1c4c, socketId: U9FX3MuVgj_i9maPAACP","metadata":{},"timestamp":"2026-03-26 10:12:22"}
{"level":"info","message":"[Socket disconnected] userId: 695adad0e5e49754e37c9c4b","metadata":{},"timestamp":"2026-03-26 10:12:41"}
{"level":"info","message":"[Socket disconnected] userId: 693d1d1c955b52394a731682","metadata":{},"timestamp":"2026-03-26 10:12:41"}
{"level":"info","message":"[Socket disconnected] userId: 69c4a6e1ac61da18c69f1c4c","metadata":{},"timestamp":"2026-03-26 10:12:41"}
{"level":"info","message":"[Socket connected] userId: 695adad0e5e49754e37c9c4b, socketId: O8m8G7On6ucflH-mAACS","metadata":{},"timestamp":"2026-03-26 10:12:41"}
{"level":"info","message":"[Socket connected] userId: 69c4a6e1ac61da18c69f1c4c, socketId: qZKPbCYlZ-RzfZT1AACX","metadata":{},"timestamp":"2026-03-26 10:12:42"}
{"level":"info","message":"[Socket connected] userId: 693d1d1c955b52394a731682, socketId: 0Ks9yxKL1JFWn-b8AACY","metadata":{},"timestamp":"2026-03-26 10:12:42"}
{"level":"info","message":"[Socket disconnected] userId: 695adad0e5e49754e37c9c4b","metadata":{},"timestamp":"2026-03-26 10:13:07"}
{"level":"info","message":"[Socket disconnected] userId: 69c4a6e1ac61da18c69f1c4c","metadata":{},"timestamp":"2026-03-26 10:13:07"}
{"level":"info","message":"[Socket disconnected] userId: 693d1d1c955b52394a731682","metadata":{},"timestamp":"2026-03-26 10:13:07"}
{"level":"info","message":"[Socket connected] userId: 693d1d1c955b52394a731682, socketId: SgIbDfLnug7VHxXHAACb","metadata":{},"timestamp":"2026-03-26 10:13:08"}
{"level":"info","message":"[Socket connected] userId: 69c4a6e1ac61da18c69f1c4c, socketId: 57WlN76w8jkrH3_XAACg","metadata":{},"timestamp":"2026-03-26 10:13:08"}
{"level":"info","message":"[Socket connected] userId: 695adad0e5e49754e37c9c4b, socketId: HuW-X6fTpEav52i1AACh","metadata":{},"timestamp":"2026-03-26 10:13:08"}
{"level":"info","message":"[Socket disconnected] userId: 695adad0e5e49754e37c9c4b","metadata":{},"timestamp":"2026-03-26 10:13:09"}
{"level":"info","message":"[Socket disconnected] userId: 693d1d1c955b52394a731682","metadata":{},"timestamp":"2026-03-26 10:13:09"}
{"level":"info","message":"[Socket disconnected] userId: 69c4a6e1ac61da18c69f1c4c","metadata":{},"timestamp":"2026-03-26 10:13:09"}
{"level":"info","message":"[Socket connected] userId: 695adad0e5e49754e37c9c4b, socketId: Pcs1vPFVN8btHxxGAACk","metadata":{},"timestamp":"2026-03-26 10:13:09"}
{"level":"info","message":"[Socket connected] userId: 693d1d1c955b52394a731682, socketId: BrktEFsU8cWjirEQAACp","metadata":{},"timestamp":"2026-03-26 10:13:09"}
{"level":"info","message":"[Socket connected] userId: 69c4a6e1ac61da18c69f1c4c, socketId: 7XhF9187FS855uwjAACq","metadata":{},"timestamp":"2026-03-26 10:13:09"}
{"level":"info","message":"[Socket disconnected] userId: 69c4a6e1ac61da18c69f1c4c","metadata":{},"timestamp":"2026-03-26 10:13:32"}
{"level":"info","message":"[Socket disconnected] userId: 695adad0e5e49754e37c9c4b","metadata":{},"timestamp":"2026-03-26 10:13:32"}
{"level":"info","message":"[Socket disconnected] userId: 693d1d1c955b52394a731682","metadata":{},"timestamp":"2026-03-26 10:13:32"}
{"level":"info","message":"[Socket connected] userId: 695adad0e5e49754e37c9c4b, socketId: -XypET8sAJlzJdHPAACt","metadata":{},"timestamp":"2026-03-26 10:13:33"}
{"level":"info","message":"[Socket connected] userId: 69c4a6e1ac61da18c69f1c4c, socketId: oaL6-BUWAO1uDzX4AACw","metadata":{},"timestamp":"2026-03-26 10:13:33"}
{"level":"info","message":"[Socket connected] userId: 693d1d1c955b52394a731682, socketId: BSp34DhlbbaAKepRAACz","metadata":{},"timestamp":"2026-03-26 10:13:33"}
{"level":"info","message":"[Socket disconnected] userId: 693d1d1c955b52394a731682","metadata":{},"timestamp":"2026-03-26 10:13:34"}
{"level":"info","message":"[Socket disconnected] userId: 695adad0e5e49754e37c9c4b","metadata":{},"timestamp":"2026-03-26 10:13:34"}
{"level":"info","message":"[Socket disconnected] userId: 69c4a6e1ac61da18c69f1c4c","metadata":{},"timestamp":"2026-03-26 10:13:34"}
{"level":"info","message":"[Socket connected] userId: 695adad0e5e49754e37c9c4b, socketId: oU0823LmDQNzemLDAAC2","metadata":{},"timestamp":"2026-03-26 10:13:34"}
{"level":"info","message":"[Socket connected] userId: 693d1d1c955b52394a731682, socketId: JxSWJwpFD-T87LEIAAC7","metadata":{},"timestamp":"2026-03-26 10:13:34"}
{"level":"info","message":"[Socket connected] userId: 69c4a6e1ac61da18c69f1c4c, socketId: fmDmHx7G63mEVEVsAAC8","metadata":{},"timestamp":"2026-03-26 10:13:34"}
{"level":"info","message":"[Socket disconnected] userId: 695adad0e5e49754e37c9c4b","metadata":{},"timestamp":"2026-03-26 10:18:56"}
{"level":"info","message":"[Socket disconnected] userId: 693d1d1c955b52394a731682","metadata":{},"timestamp":"2026-03-26 10:18:56"}
{"level":"info","message":"[Socket disconnected] userId: 69c4a6e1ac61da18c69f1c4c","metadata":{},"timestamp":"2026-03-26 10:18:56"}
{"level":"info","message":"[Socket connected] userId: 695adad0e5e49754e37c9c4b, socketId: 6eiCYTbkdsXdX-_HAAC_","metadata":{},"timestamp":"2026-03-26 10:18:56"}
{"level":"info","message":"[Socket connected] userId: 69c4a6e1ac61da18c69f1c4c, socketId: M4O6RttyI50YXP85AADC","metadata":{},"timestamp":"2026-03-26 10:18:57"}
{"level":"info","message":"[Socket connected] userId: 693d1d1c955b52394a731682, socketId: wv15OwEfburr2GCOAADF","metadata":{},"timestamp":"2026-03-26 10:18:57"}
{"level":"info","message":"[Socket disconnected] userId: 69c4a6e1ac61da18c69f1c4c","metadata":{},"timestamp":"2026-03-26 10:19:06"}
{"level":"info","message":"[Socket disconnected] userId: 693d1d1c955b52394a731682","metadata":{},"timestamp":"2026-03-26 10:19:06"}
{"level":"info","message":"[Socket disconnected] userId: 695adad0e5e49754e37c9c4b","metadata":{},"timestamp":"2026-03-26 10:19:06"}
{"level":"info","message":"[Socket connected] userId: 69c4a6e1ac61da18c69f1c4c, socketId: PAmTegZ_CRUKcpTLAADJ","metadata":{},"timestamp":"2026-03-26 10:19:07"}
{"level":"info","message":"[Socket connected] userId: 695adad0e5e49754e37c9c4b, socketId: qigijJ7lMdM9jhAWAADL","metadata":{},"timestamp":"2026-03-26 10:19:07"}
{"level":"info","message":"[Socket connected] userId: 693d1d1c955b52394a731682, socketId: _f0OWZea8LHIYe2zAADO","metadata":{},"timestamp":"2026-03-26 10:19:07"}
{"level":"info","message":"[Socket disconnected] userId: 695adad0e5e49754e37c9c4b","metadata":{},"timestamp":"2026-03-26 10:19:12"}
{"level":"info","message":"[Socket disconnected] userId: 69c4a6e1ac61da18c69f1c4c","metadata":{},"timestamp":"2026-03-26 10:19:12"}
{"level":"info","message":"[Socket disconnected] userId: 693d1d1c955b52394a731682","metadata":{},"timestamp":"2026-03-26 10:19:12"}
{"level":"info","message":"[Socket connected] userId: 69c4a6e1ac61da18c69f1c4c, socketId: 3F1-QNDiRtT02x-KAADT","metadata":{},"timestamp":"2026-03-26 10:19:15"}
{"level":"info","message":"[Socket connected] userId: 695adad0e5e49754e37c9c4b, socketId: ESe0HmgCFx3YL9QXAADU","metadata":{},"timestamp":"2026-03-26 10:19:16"}
{"level":"info","message":"[Socket connected] userId: 693d1d1c955b52394a731682, socketId: W_urMnpqg574RHJoAADX","metadata":{},"timestamp":"2026-03-26 10:19:16"}
{"level":"info","message":"[Socket disconnected] userId: 695adad0e5e49754e37c9c4b","metadata":{},"timestamp":"2026-03-26 10:22:13"}
{"level":"info","message":"[Socket disconnected] userId: 69c4a6e1ac61da18c69f1c4c","metadata":{},"timestamp":"2026-03-26 10:22:13"}
{"level":"info","message":"[Socket disconnected] userId: 693d1d1c955b52394a731682","metadata":{},"timestamp":"2026-03-26 10:22:13"}
{"level":"info","message":"[Socket connected] userId: 693d1d1c955b52394a731682, socketId: zNGuM3A3M_r2-RA7AADb","metadata":{},"timestamp":"2026-03-26 10:22:14"}
{"level":"info","message":"[Socket connected] userId: 69c4a6e1ac61da18c69f1c4c, socketId: yEHGwyp-uedAQefTAADd","metadata":{},"timestamp":"2026-03-26 10:22:14"}
{"level":"info","message":"[Socket connected] userId: 695adad0e5e49754e37c9c4b, socketId: rMUowGDadpqNPiCNAADg","metadata":{},"timestamp":"2026-03-26 10:22:14"}
{"level":"info","message":"[Socket disconnected] userId: 693d1d1c955b52394a731682","metadata":{},"timestamp":"2026-03-26 10:22:28"}
{"level":"info","message":"[Socket disconnected] userId: 695adad0e5e49754e37c9c4b","metadata":{},"timestamp":"2026-03-26 10:22:28"}
{"level":"info","message":"[Socket disconnected] userId: 69c4a6e1ac61da18c69f1c4c","metadata":{},"timestamp":"2026-03-26 10:22:28"}
{"level":"info","message":"[Socket connected] userId: 695adad0e5e49754e37c9c4b, socketId: MHZetpxO02aNWRbbAADl","metadata":{},"timestamp":"2026-03-26 10:22:28"}
{"level":"info","message":"[Socket connected] userId: 693d1d1c955b52394a731682, socketId: R1reVIYymama5WBrAADn","metadata":{},"timestamp":"2026-03-26 10:22:28"}
{"level":"info","message":"[Socket connected] userId: 69c4a6e1ac61da18c69f1c4c, socketId: MjlBIqZ_Wf8oNgrXAADp","metadata":{},"timestamp":"2026-03-26 10:22:29"}
{"level":"info","message":"[Socket disconnected] userId: 695adad0e5e49754e37c9c4b","metadata":{},"timestamp":"2026-03-26 10:27:12"}
{"level":"info","message":"[Socket disconnected] userId: 69c4a6e1ac61da18c69f1c4c","metadata":{},"timestamp":"2026-03-26 10:27:12"}
{"level":"info","message":"[Socket disconnected] userId: 693d1d1c955b52394a731682","metadata":{},"timestamp":"2026-03-26 10:27:12"}
{"level":"info","message":"[Socket connected] userId: 69c4a6e1ac61da18c69f1c4c, socketId: keNjqsWuoDVT_fU6AADu","metadata":{},"timestamp":"2026-03-26 10:27:13"}
{"level":"info","message":"[Socket connected] userId: 693d1d1c955b52394a731682, socketId: 8lcrswvUqjlRGtRvAADv","metadata":{},"timestamp":"2026-03-26 10:27:13"}
{"level":"info","message":"[Socket connected] userId: 695adad0e5e49754e37c9c4b, socketId: htUXVNdJHNN69oCuAADy","metadata":{},"timestamp":"2026-03-26 10:27:13"}
{"level":"info","message":"[Socket disconnected] userId: 693d1d1c955b52394a731682","metadata":{},"timestamp":"2026-03-26 10:27:26"}
{"level":"info","message":"[Socket disconnected] userId: 69c4a6e1ac61da18c69f1c4c","metadata":{},"timestamp":"2026-03-26 10:27:26"}
{"level":"info","message":"[Socket disconnected] userId: 695adad0e5e49754e37c9c4b","metadata":{},"timestamp":"2026-03-26 10:27:26"}
{"level":"info","message":"[Socket connected] userId: 695adad0e5e49754e37c9c4b, socketId: 5Zwkp4PiLrzwozlcAAD5","metadata":{},"timestamp":"2026-03-26 10:27:27"}
{"level":"info","message":"[Socket connected] userId: 69c4a6e1ac61da18c69f1c4c, socketId: foeFL4xkHsDNGPEQAAD6","metadata":{},"timestamp":"2026-03-26 10:27:27"}
{"level":"info","message":"[Socket connected] userId: 693d1d1c955b52394a731682, socketId: qMzThKeSDeVB25HBAAD7","metadata":{},"timestamp":"2026-03-26 10:27:27"}
{"level":"info","message":"[Socket disconnected] userId: 695adad0e5e49754e37c9c4b","metadata":{},"timestamp":"2026-03-26 10:28:27"}
{"level":"info","message":"[Socket disconnected] userId: 69c4a6e1ac61da18c69f1c4c","metadata":{},"timestamp":"2026-03-26 10:28:27"}
{"level":"info","message":"[Socket disconnected] userId: 693d1d1c955b52394a731682","metadata":{},"timestamp":"2026-03-26 10:28:27"}
{"level":"info","message":"[Socket connected] userId: 693d1d1c955b52394a731682, socketId: whZUHdkr0y8Xrxq_AAD-","metadata":{},"timestamp":"2026-03-26 10:28:28"}
{"level":"info","message":"[Socket connected] userId: 69c4a6e1ac61da18c69f1c4c, socketId: Iu6rT7eijf28Tk1DAAEC","metadata":{},"timestamp":"2026-03-26 10:28:28"}
{"level":"info","message":"[Socket connected] userId: 695adad0e5e49754e37c9c4b, socketId: 7LwROf96OZetD3BgAAEE","metadata":{},"timestamp":"2026-03-26 10:28:28"}
{"level":"info","message":"[Socket disconnected] userId: 69c4a6e1ac61da18c69f1c4c","metadata":{},"timestamp":"2026-03-26 10:28:47"}
{"level":"info","message":"[Socket disconnected] userId: 695adad0e5e49754e37c9c4b","metadata":{},"timestamp":"2026-03-26 10:28:47"}
{"level":"info","message":"[Socket disconnected] userId: 693d1d1c955b52394a731682","metadata":{},"timestamp":"2026-03-26 10:28:47"}
{"level":"info","message":"[Socket connected] userId: 695adad0e5e49754e37c9c4b, socketId: DnuAQpJOuXP4DTfaAAEJ","metadata":{},"timestamp":"2026-03-26 10:28:48"}
{"level":"info","message":"[Socket connected] userId: 693d1d1c955b52394a731682, socketId: 3SwEMqrw4QsTft_0AAEK","metadata":{},"timestamp":"2026-03-26 10:28:48"}
{"level":"info","message":"[Socket connected] userId: 69c4a6e1ac61da18c69f1c4c, socketId: HlRCUfUKIQe8QTGlAAEN","metadata":{},"timestamp":"2026-03-26 10:28:48"}
{"level":"info","message":"[Socket disconnected] userId: 69c4a6e1ac61da18c69f1c4c","metadata":{},"timestamp":"2026-03-26 10:32:05"}
{"level":"info","message":"[Socket disconnected] userId: 695adad0e5e49754e37c9c4b","metadata":{},"timestamp":"2026-03-26 10:32:05"}
{"level":"info","message":"[Socket disconnected] userId: 693d1d1c955b52394a731682","metadata":{},"timestamp":"2026-03-26 10:32:05"}
{"level":"info","message":"[Socket connected] userId: 69c4a6e1ac61da18c69f1c4c, socketId: 2IN_76W6iB3ydjZQAAEQ","metadata":{},"timestamp":"2026-03-26 10:32:06"}
{"level":"info","message":"[Socket connected] userId: 695adad0e5e49754e37c9c4b, socketId: YruGMKYMXaZFl6TcAAEV","metadata":{},"timestamp":"2026-03-26 10:32:06"}
{"level":"info","message":"[Socket connected] userId: 693d1d1c955b52394a731682, socketId: qbCO_jQCZ4kxcqCVAAEW","metadata":{},"timestamp":"2026-03-26 10:32:06"}
{"level":"info","message":"[Socket disconnected] userId: 695adad0e5e49754e37c9c4b","metadata":{},"timestamp":"2026-03-26 10:32:09"}
{"level":"info","message":"[Socket disconnected] userId: 69c4a6e1ac61da18c69f1c4c","metadata":{},"timestamp":"2026-03-26 10:32:09"}
{"level":"info","message":"[Socket disconnected] userId: 693d1d1c955b52394a731682","metadata":{},"timestamp":"2026-03-26 10:32:09"}
{"level":"info","message":"[Socket connected] userId: 693d1d1c955b52394a731682, socketId: nfT1wzMXrdtptVy7AAEd","metadata":{},"timestamp":"2026-03-26 10:32:10"}
{"level":"info","message":"[Socket connected] userId: 695adad0e5e49754e37c9c4b, socketId: GnN_nt7_4XLh9v64AAEe","metadata":{},"timestamp":"2026-03-26 10:32:10"}
{"level":"info","message":"[Socket connected] userId: 69c4a6e1ac61da18c69f1c4c, socketId: 3ngDQUWfQlgs8unWAAEf","metadata":{},"timestamp":"2026-03-26 10:32:10"}
{"level":"info","message":"[Socket disconnected] userId: 695adad0e5e49754e37c9c4b","metadata":{},"timestamp":"2026-03-26 10:32:11"}
{"level":"info","message":"[Socket disconnected] userId: 693d1d1c955b52394a731682","metadata":{},"timestamp":"2026-03-26 10:32:11"}
{"level":"info","message":"[Socket disconnected] userId: 69c4a6e1ac61da18c69f1c4c","metadata":{},"timestamp":"2026-03-26 10:32:11"}
{"level":"info","message":"[Socket connected] userId: 69c4a6e1ac61da18c69f1c4c, socketId: RnP1l9Fyt0sRBguvAAEi","metadata":{},"timestamp":"2026-03-26 10:32:11"}
{"level":"info","message":"[Socket connected] userId: 693d1d1c955b52394a731682, socketId: WNRNRnGb0ZfxoZ0NAAEn","metadata":{},"timestamp":"2026-03-26 10:32:12"}
{"level":"info","message":"[Socket connected] userId: 695adad0e5e49754e37c9c4b, socketId: kqbGcywiqhTHz4xRAAEo","metadata":{},"timestamp":"2026-03-26 10:32:12"}
{"level":"info","message":"[Socket disconnected] userId: 695adad0e5e49754e37c9c4b","metadata":{},"timestamp":"2026-03-26 10:32:17"}
{"level":"info","message":"[Socket disconnected] userId: 69c4a6e1ac61da18c69f1c4c","metadata":{},"timestamp":"2026-03-26 10:32:17"}
{"level":"info","message":"[Socket disconnected] userId: 693d1d1c955b52394a731682","metadata":{},"timestamp":"2026-03-26 10:32:17"}
{"level":"info","message":"[Socket connected] userId: 69c4a6e1ac61da18c69f1c4c, socketId: lfoooE-V90TzNqzSAAEt","metadata":{},"timestamp":"2026-03-26 10:32:18"}
{"level":"info","message":"[Socket connected] userId: 693d1d1c955b52394a731682, socketId: bomuI6QgQL9PFEV4AAEu","metadata":{},"timestamp":"2026-03-26 10:32:18"}
{"level":"info","message":"[Socket connected] userId: 695adad0e5e49754e37c9c4b, socketId: 3cgVi2N91Ire7kKoAAEx","metadata":{},"timestamp":"2026-03-26 10:32:18"}
{"level":"info","message":"[Socket disconnected] userId: 693d1d1c955b52394a731682","metadata":{},"timestamp":"2026-03-26 10:32:24"}
{"level":"info","message":"[Socket disconnected] userId: 69c4a6e1ac61da18c69f1c4c","metadata":{},"timestamp":"2026-03-26 10:32:24"}
{"level":"info","message":"[Socket disconnected] userId: 695adad0e5e49754e37c9c4b","metadata":{},"timestamp":"2026-03-26 10:32:24"}
{"level":"info","message":"[Socket connected] userId: 693d1d1c955b52394a731682, socketId: 32BudPVlJx-CizCaAAE0","metadata":{},"timestamp":"2026-03-26 10:32:25"}
{"level":"info","message":"[Socket connected] userId: 695adad0e5e49754e37c9c4b, socketId: r-9bZZ9PZBrgZkXtAAE5","metadata":{},"timestamp":"2026-03-26 10:32:25"}
{"level":"info","message":"[Socket connected] userId: 69c4a6e1ac61da18c69f1c4c, socketId: r57BBMfjQpoQnfPKAAE6","metadata":{},"timestamp":"2026-03-26 10:32:25"}
{"level":"info","message":"[Socket disconnected] userId: 693d1d1c955b52394a731682","metadata":{},"timestamp":"2026-03-26 10:36:53"}
{"level":"info","message":"[Socket disconnected] userId: 695adad0e5e49754e37c9c4b","metadata":{},"timestamp":"2026-03-26 10:36:53"}
{"level":"info","message":"[Socket disconnected] userId: 69c4a6e1ac61da18c69f1c4c","metadata":{},"timestamp":"2026-03-26 10:36:53"}
{"level":"info","message":"[Socket connected] userId: 69c4a6e1ac61da18c69f1c4c, socketId: hds81BdiY1HG3ssjAAE_","metadata":{},"timestamp":"2026-03-26 10:36:54"}
{"level":"info","message":"[Socket connected] userId: 693d1d1c955b52394a731682, socketId: TPlel6MuXqZyVhbiAAFA","metadata":{},"timestamp":"2026-03-26 10:36:54"}
{"level":"info","message":"[Socket connected] userId: 695adad0e5e49754e37c9c4b, socketId: jQTWcC5DkuUFH7euAAFD","metadata":{},"timestamp":"2026-03-26 10:36:54"}
{"level":"info","message":"[Socket disconnected] userId: 693d1d1c955b52394a731682","metadata":{},"timestamp":"2026-03-26 17:05:24"}
{"level":"info","message":"[Socket disconnected] userId: 69c4a6e1ac61da18c69f1c4c","metadata":{},"timestamp":"2026-03-26 17:05:25"}
{"level":"info","message":"[Socket disconnected] userId: 695adad0e5e49754e37c9c4b","metadata":{},"timestamp":"2026-03-26 17:05:25"}
{"level":"info","message":"[Socket connected] userId: 69c4a6e1ac61da18c69f1c4c, socketId: e8ejbD1gQzXisPBAAAFI","metadata":{},"timestamp":"2026-03-26 17:05:25"}
{"level":"info","message":"[Socket connected] userId: 693d1d1c955b52394a731682, socketId: I8FIWkjYuGNh5AlcAAFK","metadata":{},"timestamp":"2026-03-26 17:05:25"}
{"level":"info","message":"[Socket connected] userId: 695adad0e5e49754e37c9c4b, socketId: YVRfEFjeB5ZsEDYGAAFM","metadata":{},"timestamp":"2026-03-26 17:05:25"}
{"level":"info","message":"[Socket disconnected] userId: 69c4a6e1ac61da18c69f1c4c","metadata":{},"timestamp":"2026-03-26 17:05:52"}
{"level":"info","message":"[Socket disconnected] userId: 693d1d1c955b52394a731682","metadata":{},"timestamp":"2026-03-26 17:05:53"}
{"level":"info","message":"[Socket disconnected] userId: 695adad0e5e49754e37c9c4b","metadata":{},"timestamp":"2026-03-26 17:05:53"}
{"level":"info","message":"[Socket connected] userId: 693d1d1c955b52394a731682, socketId: 9n1TRyeXsRAbWqjDAAFP","metadata":{},"timestamp":"2026-03-26 17:05:53"}
{"level":"info","message":"[Socket connected] userId: 69c4a6e1ac61da18c69f1c4c, socketId: 7r25MzrkVcQ7JL9sAAFS","metadata":{},"timestamp":"2026-03-26 17:05:53"}
{"level":"info","message":"[Socket connected] userId: 695adad0e5e49754e37c9c4b, socketId: 3LaA5FHzHPJ77MhfAAFV","metadata":{},"timestamp":"2026-03-26 17:05:53"}
{"level":"info","message":"[Socket disconnected] userId: 69c4a6e1ac61da18c69f1c4c","metadata":{},"timestamp":"2026-03-26 17:05:54"}
{"level":"info","message":"[Socket disconnected] userId: 693d1d1c955b52394a731682","metadata":{},"timestamp":"2026-03-26 17:05:54"}
{"level":"info","message":"[Socket disconnected] userId: 695adad0e5e49754e37c9c4b","metadata":{},"timestamp":"2026-03-26 17:05:55"}
{"level":"info","message":"[Socket connected] userId: 69c4a6e1ac61da18c69f1c4c, socketId: WtATJPjCDDwbVUylAAFa","metadata":{},"timestamp":"2026-03-26 17:05:55"}
{"level":"info","message":"[Socket connected] userId: 693d1d1c955b52394a731682, socketId: IMCsQBjSxv2M9e75AAFb","metadata":{},"timestamp":"2026-03-26 17:05:55"}
{"level":"info","message":"[Socket connected] userId: 695adad0e5e49754e37c9c4b, socketId: G1JMLO4HoS_cbb7lAAFe","metadata":{},"timestamp":"2026-03-26 17:05:55"}
{"level":"info","message":"[Socket disconnected] userId: 69c4a6e1ac61da18c69f1c4c","metadata":{},"timestamp":"2026-03-26 17:05:56"}
{"level":"info","message":"[Socket disconnected] userId: 695adad0e5e49754e37c9c4b","metadata":{},"timestamp":"2026-03-26 17:05:56"}
{"level":"info","message":"[Socket disconnected] userId: 693d1d1c955b52394a731682","metadata":{},"timestamp":"2026-03-26 17:05:57"}
{"level":"info","message":"[Socket connected] userId: 69c4a6e1ac61da18c69f1c4c, socketId: MntM40ZNmifhcr7wAAFh","metadata":{},"timestamp":"2026-03-26 17:05:57"}
{"level":"info","message":"[Socket connected] userId: 693d1d1c955b52394a731682, socketId: XiOufbjAHuiYx_m7AAFm","metadata":{},"timestamp":"2026-03-26 17:05:57"}
{"level":"info","message":"[Socket connected] userId: 695adad0e5e49754e37c9c4b, socketId: lkC3Px4H8Ptw6KCVAAFn","metadata":{},"timestamp":"2026-03-26 17:05:57"}
{"level":"info","message":"[Socket disconnected] userId: 693d1d1c955b52394a731682","metadata":{},"timestamp":"2026-03-26 17:07:46"}
{"level":"info","message":"[Socket disconnected] userId: 69c4a6e1ac61da18c69f1c4c","metadata":{},"timestamp":"2026-03-26 17:07:46"}
{"level":"info","message":"[Socket disconnected] userId: 695adad0e5e49754e37c9c4b","metadata":{},"timestamp":"2026-03-26 17:07:47"}
{"level":"info","message":"[Socket connected] userId: 695adad0e5e49754e37c9c4b, socketId: jfWa7rqCe0Q6PebNAAFu","metadata":{},"timestamp":"2026-03-26 17:19:03"}
{"level":"info","message":"[Socket connected] userId: 69c4a6e1ac61da18c69f1c4c, socketId: mwtXXvTFp6-5UIorAAFv","metadata":{},"timestamp":"2026-03-26 17:19:03"}
{"level":"info","message":"[Socket connected] userId: 693d1d1c955b52394a731682, socketId: k65WryvOuNrMMVyoAAFw","metadata":{},"timestamp":"2026-03-26 17:19:03"}
{"level":"info","message":"[Socket disconnected] userId: 69c4a6e1ac61da18c69f1c4c","metadata":{},"timestamp":"2026-03-26 17:20:36"}
{"level":"info","message":"[Socket disconnected] userId: 695adad0e5e49754e37c9c4b","metadata":{},"timestamp":"2026-03-26 17:20:36"}
{"level":"info","message":"[Socket disconnected] userId: 693d1d1c955b52394a731682","metadata":{},"timestamp":"2026-03-26 17:20:36"}
{"level":"info","message":"[Socket connected] userId: 69c4a6e1ac61da18c69f1c4c, socketId: V_BlF9W2t5vUgesgAAF1","metadata":{},"timestamp":"2026-03-26 17:20:36"}
{"level":"info","message":"[Socket connected] userId: 693d1d1c955b52394a731682, socketId: S0oOLdICTjG9xx0YAAF4","metadata":{},"timestamp":"2026-03-26 17:20:36"}
{"level":"info","message":"[Socket connected] userId: 695adad0e5e49754e37c9c4b, socketId: SXObZ5bw4zZV8xSiAAF5","metadata":{},"timestamp":"2026-03-26 17:20:36"}
{"level":"info","message":"[Socket disconnected] userId: 695adad0e5e49754e37c9c4b","metadata":{},"timestamp":"2026-03-26 17:20:38"}
{"level":"info","message":"[Socket disconnected] userId: 693d1d1c955b52394a731682","metadata":{},"timestamp":"2026-03-26 17:20:39"}
{"level":"info","message":"[Socket disconnected] userId: 69c4a6e1ac61da18c69f1c4c","metadata":{},"timestamp":"2026-03-26 17:20:39"}
{"level":"info","message":"[Socket connected] userId: 69c4a6e1ac61da18c69f1c4c, socketId: VSJzagARVSCq7asLAAF-","metadata":{},"timestamp":"2026-03-26 17:20:49"}
{"level":"info","message":"[Socket connected] userId: 693d1d1c955b52394a731682, socketId: sxCclHjG4IJcbJLMAAF_","metadata":{},"timestamp":"2026-03-26 17:20:49"}
{"level":"info","message":"[Socket connected] userId: 695adad0e5e49754e37c9c4b, socketId: __nP_NZz8HtSb1mFAAGC","metadata":{},"timestamp":"2026-03-26 17:20:49"}
{"level":"info","message":"[Socket disconnected] userId: 693d1d1c955b52394a731682","metadata":{},"timestamp":"2026-03-26 17:21:00"}
{"level":"info","message":"[Socket disconnected] userId: 695adad0e5e49754e37c9c4b","metadata":{},"timestamp":"2026-03-26 17:21:00"}
{"level":"info","message":"[Socket disconnected] userId: 69c4a6e1ac61da18c69f1c4c","metadata":{},"timestamp":"2026-03-26 17:21:00"}
{"level":"info","message":"[Socket connected] userId: 693d1d1c955b52394a731682, socketId: HmzxHOv4LGdzqELLAAGH","metadata":{},"timestamp":"2026-03-26 17:21:01"}
{"level":"info","message":"[Socket connected] userId: 69c4a6e1ac61da18c69f1c4c, socketId: az6wa3ukEAdpSz_4AAGI","metadata":{},"timestamp":"2026-03-26 17:21:01"}
{"level":"info","message":"[Socket connected] userId: 695adad0e5e49754e37c9c4b, socketId: xfoIIBDao5O3Iz5zAAGL","metadata":{},"timestamp":"2026-03-26 17:21:01"}
{"level":"info","message":"[Socket disconnected] userId: 69c4a6e1ac61da18c69f1c4c","metadata":{},"timestamp":"2026-03-26 17:21:02"}
{"level":"info","message":"[Socket disconnected] userId: 695adad0e5e49754e37c9c4b","metadata":{},"timestamp":"2026-03-26 17:21:02"}
{"level":"info","message":"[Socket disconnected] userId: 693d1d1c955b52394a731682","metadata":{},"timestamp":"2026-03-26 17:21:02"}
{"level":"info","message":"[Socket connected] userId: 69c4a6e1ac61da18c69f1c4c, socketId: JOzTFzHxjEqqphMPAAGQ","metadata":{},"timestamp":"2026-03-26 17:21:03"}
{"level":"info","message":"[Socket connected] userId: 693d1d1c955b52394a731682, socketId: ov9sfdg5Oa_R1kZmAAGR","metadata":{},"timestamp":"2026-03-26 17:21:03"}
{"level":"info","message":"[Socket connected] userId: 695adad0e5e49754e37c9c4b, socketId: 7UfXH5JdcM52CF6zAAGU","metadata":{},"timestamp":"2026-03-26 17:21:03"}
{"level":"warn","message":"Handled AppError Unauthorized","metadata":{"method":"POST","statusCode":403,"url":"/api/bookings/69c51e3df2d85667e289cdf5/apply-coupon","userId":"69c4a6e1ac61da18c69f1c4c"},"timestamp":"2026-03-26 17:23:39"}
{"level":"info","message":"[Socket connected] userId: 69c4a6e1ac61da18c69f1c4c, socketId: 420zBP1-PwugefA9AAGX","metadata":{},"timestamp":"2026-03-26 17:24:52"}
{"level":"info","message":"User 69c4a6e1ac61da18c69f1c4c joined room 69c51e5ef2d85667e289ce3f","metadata":{},"timestamp":"2026-03-26 17:24:52"}
{"level":"info","message":"[Socket connected] userId: 695adad0e5e49754e37c9c4b, socketId: 5kUsI9AjL0JSSzKgAAGa","metadata":{},"timestamp":"2026-03-26 17:25:00"}
{"level":"info","message":"User 695adad0e5e49754e37c9c4b joined room 69c51e5ef2d85667e289ce3f","metadata":{},"timestamp":"2026-03-26 17:25:01"}
{"level":"info","message":"[Socket disconnected] userId: 695adad0e5e49754e37c9c4b","metadata":{},"timestamp":"2026-03-26 17:25:09"}
{"level":"info","message":"[Socket connected] userId: 695adad0e5e49754e37c9c4b, socketId: b5Uc3I8a6q4QwlA5AAGd","metadata":{},"timestamp":"2026-03-26 17:25:10"}
{"level":"info","message":"User 695adad0e5e49754e37c9c4b joined room 69c51e5ef2d85667e289ce3f","metadata":{},"timestamp":"2026-03-26 17:25:10"}
{"level":"info","message":"User 69c4a6e1ac61da18c69f1c4c joined room 69c51e5ef2d85667e289ce3f","metadata":{},"timestamp":"2026-03-26 17:25:42"}
{"level":"warn","message":"Handled AppError notificationId: Invalid input: expected string, received undefined, : Unrecognized key: \"id\"","metadata":{"method":"PATCH","statusCode":400,"url":"/api/notifications/69c51ee0f2d85667e289cf4a/read","userId":"69c4a6e1ac61da18c69f1c4c"},"timestamp":"2026-03-26 17:26:21"}
{"level":"warn","message":"Handled AppError notificationId: Invalid input: expected string, received undefined, : Unrecognized key: \"id\"","metadata":{"method":"PATCH","statusCode":400,"url":"/api/notifications/69c51ee0f2d85667e289cf4a/read","userId":"69c4a6e1ac61da18c69f1c4c"},"timestamp":"2026-03-26 17:26:22"}
{"level":"warn","message":"Handled AppError notificationId: Invalid input: expected string, received undefined, : Unrecognized key: \"id\"","metadata":{"method":"PATCH","statusCode":400,"url":"/api/notifications/69c51ee0f2d85667e289cf4a/read","userId":"69c4a6e1ac61da18c69f1c4c"},"timestamp":"2026-03-26 17:26:22"}
{"level":"warn","message":"Handled AppError notificationId: Invalid input: expected string, received undefined, : Unrecognized key: \"id\"","metadata":{"method":"PATCH","statusCode":400,"url":"/api/notifications/69c51ee0f2d85667e289cf4a/read","userId":"69c4a6e1ac61da18c69f1c4c"},"timestamp":"2026-03-26 17:26:22"}
{"level":"info","message":"[Socket disconnected] userId: 69c4a6e1ac61da18c69f1c4c","metadata":{},"timestamp":"2026-03-26 17:30:15"}
{"level":"info","message":"Backend running on http://localhost:5001","metadata":{},"timestamp":"2026-03-26 17:32:57"}
{"level":"info","message":"Redis connected","metadata":{},"timestamp":"2026-03-26 17:32:57"}
{"level":"info","message":"MongoDB connected successfully","metadata":{},"timestamp":"2026-03-26 17:32:57"}
{"level":"info","message":"[Socket connected] userId: 693d1d1c955b52394a731682, socketId: tu5gC65hTB4PoxkUAAAB","metadata":{},"timestamp":"2026-03-26 17:32:58"}
{"level":"info","message":"[Socket connected] userId: 69c4a6e1ac61da18c69f1c4c, socketId: P1Mdr-pr2St6xMpFAAAD","metadata":{},"timestamp":"2026-03-26 17:33:00"}
{"level":"info","message":"[Socket connected] userId: 695adad0e5e49754e37c9c4b, socketId: N0ApfsiUAX0NQeZbAAAG","metadata":{},"timestamp":"2026-03-26 17:33:02"}
{"level":"info","message":"[Socket connected] userId: 695adad0e5e49754e37c9c4b, socketId: zU01l-jVGI2iir4PAAAH","metadata":{},"timestamp":"2026-03-26 17:33:02"}
{"level":"info","message":"User 695adad0e5e49754e37c9c4b joined room 69c51e5ef2d85667e289ce3f","metadata":{},"timestamp":"2026-03-26 17:33:02"}
{"level":"info","message":"[Socket disconnected] userId: 69c4a6e1ac61da18c69f1c4c","metadata":{},"timestamp":"2026-03-26 17:36:39"}
{"level":"info","message":"[Socket connected] userId: 69c4a6e1ac61da18c69f1c4c, socketId: dNrY0vPeIKzAWuCpAAAK","metadata":{},"timestamp":"2026-03-26 17:36:39"}
{"level":"info","message":"[Socket disconnected] userId: 69c4a6e1ac61da18c69f1c4c","metadata":{},"timestamp":"2026-03-26 17:51:23"}
{"level":"info","message":"[Socket connected] userId: 69c4a6e1ac61da18c69f1c4c, socketId: fVA1R8SCrtupyYkKAAAN","metadata":{},"timestamp":"2026-03-26 17:51:23"}
{"level":"info","message":"[Socket disconnected] userId: 69c4a6e1ac61da18c69f1c4c","metadata":{},"timestamp":"2026-03-26 17:51:24"}
{"level":"info","message":"[Socket connected] userId: 69c4a6e1ac61da18c69f1c4c, socketId: VHzS5x0o12ZMkIZQAAAQ","metadata":{},"timestamp":"2026-03-26 17:51:25"}
{"level":"info","message":"[Socket disconnected] userId: 69c4a6e1ac61da18c69f1c4c","metadata":{},"timestamp":"2026-03-26 17:51:44"}
{"level":"info","message":"[Socket connected] userId: 69c4a6e1ac61da18c69f1c4c, socketId: EAVV4dQxoRHkS40NAAAT","metadata":{},"timestamp":"2026-03-26 17:51:45"}
{"level":"info","message":"[Socket disconnected] userId: 69c4a6e1ac61da18c69f1c4c","metadata":{},"timestamp":"2026-03-26 18:01:03"}
{"level":"info","message":"[Socket connected] userId: 69c4a6e1ac61da18c69f1c4c, socketId: 3mhIOzkh-ffJPuttAAAW","metadata":{},"timestamp":"2026-03-26 18:01:04"}
{"level":"info","message":"[Socket disconnected] userId: 69c4a6e1ac61da18c69f1c4c","metadata":{},"timestamp":"2026-03-26 18:03:14"}
{"level":"info","message":"[Socket connected] userId: 69c4a6e1ac61da18c69f1c4c, socketId: J_S0jAlWbSkSxQzPAAAZ","metadata":{},"timestamp":"2026-03-26 18:03:15"}
{"level":"info","message":"[Socket disconnected] userId: 69c4a6e1ac61da18c69f1c4c","metadata":{},"timestamp":"2026-03-26 18:11:28"}
{"level":"info","message":"[Socket connected] userId: 69c4a6e1ac61da18c69f1c4c, socketId: hCE4oJwN43vu1okJAAAc","metadata":{},"timestamp":"2026-03-26 18:12:00"}
{"level":"info","message":"[Socket disconnected] userId: 695adad0e5e49754e37c9c4b","metadata":{},"timestamp":"2026-03-26 18:15:10"}
{"level":"info","message":"[Socket disconnected] userId: 69c4a6e1ac61da18c69f1c4c","metadata":{},"timestamp":"2026-03-26 18:19:50"}
{"level":"info","message":"[Socket connected] userId: 69c4a6e1ac61da18c69f1c4c, socketId: TJp2CcqRVsIeHsRSAAAf","metadata":{},"timestamp":"2026-03-26 18:19:51"}
{"level":"info","message":"[Socket disconnected] userId: 69c4a6e1ac61da18c69f1c4c","metadata":{},"timestamp":"2026-03-26 18:20:10"}
{"level":"info","message":"[Socket connected] userId: 69c4a6e1ac61da18c69f1c4c, socketId: ULaayexYxe86QEcfAAAi","metadata":{},"timestamp":"2026-03-26 18:20:11"}
{"level":"info","message":"[Socket disconnected] userId: 69c4a6e1ac61da18c69f1c4c","metadata":{},"timestamp":"2026-03-26 18:20:22"}
{"level":"info","message":"[Socket connected] userId: 69c4a6e1ac61da18c69f1c4c, socketId: GjmmIBcJOEMy8y_ZAAAl","metadata":{},"timestamp":"2026-03-26 18:20:23"}
{"level":"info","message":"[Socket disconnected] userId: 69c4a6e1ac61da18c69f1c4c","metadata":{},"timestamp":"2026-03-26 18:31:35"}
{"level":"info","message":"[Socket connected] userId: 69c4a6e1ac61da18c69f1c4c, socketId: ST46hcWfAmvLbsAjAAAo","metadata":{},"timestamp":"2026-03-26 18:31:36"}
{"level":"info","message":"[Socket disconnected] userId: 69c4a6e1ac61da18c69f1c4c","metadata":{},"timestamp":"2026-03-26 18:31:44"}
{"level":"info","message":"[Socket connected] userId: 69c4a6e1ac61da18c69f1c4c, socketId: kGVL_FplUwRcpJbDAAAr","metadata":{},"timestamp":"2026-03-26 18:31:45"}
{"level":"info","message":"[Socket connected] userId: 695adad0e5e49754e37c9c4b, socketId: 7YzD3kDEawCUMJzIAAAu","metadata":{},"timestamp":"2026-03-26 18:32:28"}
{"level":"info","message":"User 695adad0e5e49754e37c9c4b joined room 69c51e5ef2d85667e289ce3f","metadata":{},"timestamp":"2026-03-26 18:32:29"}
{"level":"info","message":"[Socket disconnected] userId: 69c4a6e1ac61da18c69f1c4c","metadata":{},"timestamp":"2026-03-26 18:37:51"}
{"level":"info","message":"[Socket connected] userId: 69c4a6e1ac61da18c69f1c4c, socketId: wj8ml0V_p_BbnA0UAAAx","metadata":{},"timestamp":"2026-03-26 18:37:52"}
{"level":"info","message":"[Socket disconnected] userId: 69c4a6e1ac61da18c69f1c4c","metadata":{},"timestamp":"2026-03-26 18:38:32"}
{"level":"info","message":"[Socket connected] userId: 69c4a6e1ac61da18c69f1c4c, socketId: 9K98VtVdwcKHmJMuAAA0","metadata":{},"timestamp":"2026-03-26 18:38:33"}
{"level":"info","message":"[Socket disconnected] userId: 69c4a6e1ac61da18c69f1c4c","metadata":{},"timestamp":"2026-03-26 18:38:33"}
{"level":"info","message":"[Socket connected] userId: 69c4a6e1ac61da18c69f1c4c, socketId: 0um9xXuROGTTVGT_AAA3","metadata":{},"timestamp":"2026-03-26 18:38:34"}
{"level":"info","message":"[Socket disconnected] userId: 69c4a6e1ac61da18c69f1c4c","metadata":{},"timestamp":"2026-03-26 18:46:42"}
{"level":"info","message":"[Socket connected] userId: 69c4a6e1ac61da18c69f1c4c, socketId: Tw0A3k6IOV8AkB4MAAA6","metadata":{},"timestamp":"2026-03-26 18:46:45"}
{"level":"info","message":"[Socket disconnected] userId: 695adad0e5e49754e37c9c4b","metadata":{},"timestamp":"2026-03-26 18:47:09"}
{"level":"info","message":"[Socket disconnected] userId: 69c4a6e1ac61da18c69f1c4c","metadata":{},"timestamp":"2026-03-26 18:47:11"}
{"level":"info","message":"[Socket connected] userId: 69c4a6e1ac61da18c69f1c4c, socketId: EBUOahvT8r91vpvzAAA9","metadata":{},"timestamp":"2026-03-26 18:47:12"}
{"level":"info","message":"[Socket disconnected] userId: 69c4a6e1ac61da18c69f1c4c","metadata":{},"timestamp":"2026-03-26 18:55:15"}
{"level":"info","message":"[Socket connected] userId: 69c4a6e1ac61da18c69f1c4c, socketId: -A2uZAw5VpNUYtDmAABA","metadata":{},"timestamp":"2026-03-26 18:55:41"}
{"level":"info","message":"[Socket disconnected] userId: 69c4a6e1ac61da18c69f1c4c","metadata":{},"timestamp":"2026-03-26 18:56:01"}
{"level":"info","message":"[Socket connected] userId: 69c4a6e1ac61da18c69f1c4c, socketId: dFfhwZ_eT_V-ZWVgAABD","metadata":{},"timestamp":"2026-03-26 18:56:02"}
{"level":"info","message":"[Socket disconnected] userId: 69c4a6e1ac61da18c69f1c4c","metadata":{},"timestamp":"2026-03-26 18:56:27"}
{"level":"info","message":"[Socket connected] userId: 69c4a6e1ac61da18c69f1c4c, socketId: tLJBdj-e8e15YCKNAABG","metadata":{},"timestamp":"2026-03-26 19:04:05"}
{"level":"info","message":"[Socket disconnected] userId: 69c4a6e1ac61da18c69f1c4c","metadata":{},"timestamp":"2026-03-26 19:04:06"}
{"level":"info","message":"[Socket connected] userId: 69c4a6e1ac61da18c69f1c4c, socketId: k2QHDk3X8IAFRVsHAABJ","metadata":{},"timestamp":"2026-03-26 19:04:07"}
{"level":"info","message":"[Socket disconnected] userId: 69c4a6e1ac61da18c69f1c4c","metadata":{},"timestamp":"2026-03-26 19:21:43"}
{"level":"info","message":"[Socket disconnected] userId: 693d1d1c955b52394a731682","metadata":{},"timestamp":"2026-03-26 19:21:43"}
{"level":"info","message":"[Socket disconnected] userId: 695adad0e5e49754e37c9c4b","metadata":{},"timestamp":"2026-03-26 19:21:43"}
{"level":"info","message":"[Socket connected] userId: 695adad0e5e49754e37c9c4b, socketId: 9J6JRbObbxz0mHRtAABM","metadata":{},"timestamp":"2026-03-26 19:21:45"}
{"level":"info","message":"[Socket connected] userId: 693d1d1c955b52394a731682, socketId: QgoOtXVWxz479tPzAABP","metadata":{},"timestamp":"2026-03-26 19:21:45"}
{"level":"info","message":"[Socket connected] userId: 69c4a6e1ac61da18c69f1c4c, socketId: mU1Ngrn9hf9jetD5AABS","metadata":{},"timestamp":"2026-03-26 19:21:45"}
{"level":"info","message":"Backend running on http://localhost:5001","metadata":{},"timestamp":"2026-03-26 21:29:06"}
{"level":"info","message":"Redis connected","metadata":{},"timestamp":"2026-03-26 21:29:06"}
{"level":"info","message":"MongoDB connected successfully","metadata":{},"timestamp":"2026-03-26 21:29:06"}
{"level":"info","message":"[Socket connected] userId: 693d1d1c955b52394a731682, socketId: olfvYagUD5eXD6egAAAC","metadata":{},"timestamp":"2026-03-26 21:29:10"}
{"level":"info","message":"[Socket connected] userId: 69c4a6e1ac61da18c69f1c4c, socketId: s8ijCurHR-l6pgg3AAAD","metadata":{},"timestamp":"2026-03-26 21:29:10"}
{"level":"info","message":"[Socket connected] userId: 695adad0e5e49754e37c9c4b, socketId: rUiGAkEHmbIGrKGIAAAF","metadata":{},"timestamp":"2026-03-26 21:29:11"}
{"level":"info","message":"[Socket disconnected] userId: 695adad0e5e49754e37c9c4b","metadata":{},"timestamp":"2026-03-26 21:29:43"}
{"level":"info","message":"[Socket connected] userId: 695adad0e5e49754e37c9c4b, socketId: TApxem0CowstBJofAAAI","metadata":{},"timestamp":"2026-03-26 21:29:44"}
{"level":"info","message":"[Socket disconnected] userId: 693d1d1c955b52394a731682","metadata":{},"timestamp":"2026-03-26 21:29:45"}
{"level":"info","message":"[Socket connected] userId: 693d1d1c955b52394a731682, socketId: IS7WiAm7MBvYk0wBAAAL","metadata":{},"timestamp":"2026-03-26 21:29:45"}
{"level":"info","message":"[Socket disconnected] userId: 693d1d1c955b52394a731682","metadata":{},"timestamp":"2026-03-26 21:36:15"}
{"level":"info","message":"[Socket connected] userId: 693d1d1c955b52394a731682, socketId: aJXZSqNOLUYZXhWxAAAO","metadata":{},"timestamp":"2026-03-26 21:36:16"}
{"level":"info","message":"[Socket disconnected] userId: 693d1d1c955b52394a731682","metadata":{},"timestamp":"2026-03-26 21:43:52"}
{"level":"info","message":"[Socket connected] userId: 693d1d1c955b52394a731682, socketId: HEb6lHHUegr5k3DnAAAR","metadata":{},"timestamp":"2026-03-26 21:43:52"}
{"level":"info","message":"[Socket disconnected] userId: 693d1d1c955b52394a731682","metadata":{},"timestamp":"2026-03-26 21:43:53"}
{"level":"info","message":"[Socket connected] userId: 693d1d1c955b52394a731682, socketId: PqywMnCV6-JY4pB8AAAU","metadata":{},"timestamp":"2026-03-26 21:43:54"}
{"level":"info","message":"[Socket disconnected] userId: 693d1d1c955b52394a731682","metadata":{},"timestamp":"2026-03-26 21:43:55"}
{"level":"info","message":"[Socket connected] userId: 693d1d1c955b52394a731682, socketId: 5Y1W8fJWsgKYW3V0AAAX","metadata":{},"timestamp":"2026-03-26 21:43:56"}
{"level":"info","message":"Backend running on http://localhost:5001","metadata":{},"timestamp":"2026-03-26 21:49:26"}
{"level":"info","message":"Redis connected","metadata":{},"timestamp":"2026-03-26 21:49:26"}
{"level":"info","message":"MongoDB connected successfully","metadata":{},"timestamp":"2026-03-26 21:49:26"}
{"level":"info","message":"Backend running on http://localhost:5001","metadata":{},"timestamp":"2026-03-26 22:01:47"}
{"level":"info","message":"Redis connected","metadata":{},"timestamp":"2026-03-26 22:01:47"}
{"level":"info","message":"MongoDB connected successfully","metadata":{},"timestamp":"2026-03-26 22:01:47"}
{"level":"info","message":"[Socket connected] userId: 695adad0e5e49754e37c9c4b, socketId: 43sbtvD2ugNkkcLvAAAB","metadata":{},"timestamp":"2026-03-26 22:01:51"}
{"level":"info","message":"[Socket connected] userId: 693d1d1c955b52394a731682, socketId: faGHOg_gUpUJvPDDAAAD","metadata":{},"timestamp":"2026-03-26 22:01:52"}
{"level":"info","message":"[Socket connected] userId: 69c4a6e1ac61da18c69f1c4c, socketId: uaAXdFsF4UB-rJqqAAAF","metadata":{},"timestamp":"2026-03-26 22:01:53"}
{"level":"info","message":"[Socket disconnected] userId: 695adad0e5e49754e37c9c4b","metadata":{},"timestamp":"2026-03-26 22:03:12"}
{"level":"info","message":"[Socket disconnected] userId: 693d1d1c955b52394a731682","metadata":{},"timestamp":"2026-03-26 22:03:12"}
{"level":"info","message":"[Socket connected] userId: 695adad0e5e49754e37c9c4b, socketId: dHbFn-QH4AwzpddeAAAK","metadata":{},"timestamp":"2026-03-26 22:03:13"}
{"level":"info","message":"[Socket connected] userId: 693d1d1c955b52394a731682, socketId: YAoVz1FGQVJrz5v9AAAL","metadata":{},"timestamp":"2026-03-26 22:03:13"}
{"level":"info","message":"[Socket disconnected] userId: 693d1d1c955b52394a731682","metadata":{},"timestamp":"2026-03-26 22:15:28"}
{"level":"info","message":"[Socket disconnected] userId: 69c4a6e1ac61da18c69f1c4c","metadata":{},"timestamp":"2026-03-26 22:15:28"}
{"level":"info","message":"[Socket disconnected] userId: 695adad0e5e49754e37c9c4b","metadata":{},"timestamp":"2026-03-26 22:15:28"}
