{"level":"info","message":"Backend running on http://localhost:5001","metadata":{},"timestamp":"2026-02-28 15:01:06"}
{"level":"info","message":"Redis connected","metadata":{},"timestamp":"2026-02-28 15:01:06"}
{"level":"info","message":"MongoDB connected successfully","metadata":{},"timestamp":"2026-02-28 15:01:06"}
{"level":"warn","message":"Handled AppError Only the customer can reschedule their booking","metadata":{"method":"PATCH","statusCode":403,"url":"/api/bookings/69a2b7236dd2ec670342aa7e/reschedule","userId":"6952c5e37717bc70a397d947"},"timestamp":"2026-02-28 15:07:46"}
{"level":"info","message":"Backend running on http://localhost:5001","metadata":{},"timestamp":"2026-02-28 15:10:49"}
{"level":"info","message":"Redis connected","metadata":{},"timestamp":"2026-02-28 15:10:49"}
{"level":"info","message":"MongoDB connected successfully","metadata":{},"timestamp":"2026-02-28 15:10:49"}
{"level":"info","message":"Backend running on http://localhost:5001","metadata":{},"timestamp":"2026-02-28 15:11:03"}
{"level":"info","message":"Redis connected","metadata":{},"timestamp":"2026-02-28 15:11:03"}
{"level":"info","message":"MongoDB connected successfully","metadata":{},"timestamp":"2026-02-28 15:11:03"}
{"level":"info","message":"Backend running on http://localhost:5001","metadata":{},"timestamp":"2026-02-28 15:11:46"}
{"level":"info","message":"Redis connected","metadata":{},"timestamp":"2026-02-28 15:11:46"}
{"level":"info","message":"MongoDB connected successfully","metadata":{},"timestamp":"2026-02-28 15:11:46"}
{"level":"warn","message":"Handled AppError You are not authorized to reschedule this booking","metadata":{"method":"PATCH","statusCode":403,"url":"/api/bookings/69a2b7236dd2ec670342aa7e/reschedule","userId":"6952c5e37717bc70a397d947"},"timestamp":"2026-02-28 15:12:45"}
{"level":"info","message":"Backend running on http://localhost:5001","metadata":{},"timestamp":"2026-02-28 15:14:57"}
{"level":"info","message":"Redis connected","metadata":{},"timestamp":"2026-02-28 15:14:57"}
{"level":"info","message":"MongoDB connected successfully","metadata":{},"timestamp":"2026-02-28 15:14:57"}
{"level":"info","message":"Reschedule Auth Check","metadata":{"bookingId":"69a2b7236dd2ec670342aa7e","bookingUserId":"{\n  _id: new ObjectId('6952c5e37717bc70a397d947'),\n  name: 'Muhammed Ashik BCR70'\n}","isAdmin":false,"isOwner":false,"role":"USER","userId":"6952c5e37717bc70a397d947"},"timestamp":"2026-02-28 15:16:12"}
{"level":"warn","message":"Handled AppError You are not authorized to reschedule this booking","metadata":{"method":"PATCH","statusCode":403,"url":"/api/bookings/69a2b7236dd2ec670342aa7e/reschedule","userId":"6952c5e37717bc70a397d947"},"timestamp":"2026-02-28 15:16:12"}
{"level":"info","message":"Reschedule Auth Check","metadata":{"bookingId":"69a2b7236dd2ec670342aa7e","bookingUserId":"{\n  _id: new ObjectId('6952c5e37717bc70a397d947'),\n  name: 'Muhammed Ashik BCR70'\n}","isAdmin":false,"isOwner":false,"role":"USER","userId":"6952c5e37717bc70a397d947"},"timestamp":"2026-02-28 15:17:19"}
{"level":"warn","message":"Handled AppError You are not authorized to reschedule this booking","metadata":{"method":"PATCH","statusCode":403,"url":"/api/bookings/69a2b7236dd2ec670342aa7e/reschedule","userId":"6952c5e37717bc70a397d947"},"timestamp":"2026-02-28 15:17:19"}
{"level":"info","message":"Backend running on http://localhost:5001","metadata":{},"timestamp":"2026-02-28 15:17:54"}
{"level":"info","message":"Redis connected","metadata":{},"timestamp":"2026-02-28 15:17:54"}
{"level":"info","message":"MongoDB connected successfully","metadata":{},"timestamp":"2026-02-28 15:17:54"}
{"level":"info","message":"Backend running on http://localhost:5001","metadata":{},"timestamp":"2026-02-28 15:18:21"}
{"level":"info","message":"Redis connected","metadata":{},"timestamp":"2026-02-28 15:18:21"}
{"level":"info","message":"MongoDB connected successfully","metadata":{},"timestamp":"2026-02-28 15:18:22"}
{"level":"info","message":"Backend running on http://localhost:5001","metadata":{},"timestamp":"2026-02-28 15:18:43"}
{"level":"info","message":"Redis connected","metadata":{},"timestamp":"2026-02-28 15:18:43"}
{"level":"info","message":"MongoDB connected successfully","metadata":{},"timestamp":"2026-02-28 15:18:43"}
{"level":"info","message":"Booking rescheduled successfully","metadata":{"bookingId":"69a2b7236dd2ec670342aa7e","userId":"6952c5e37717bc70a397d947"},"timestamp":"2026-02-28 15:19:21"}
{"level":"info","message":"Booking cancelled successfully","metadata":{"bookingId":"69a2b7236dd2ec670342aa7e","userId":"6952c5e37717bc70a397d947"},"timestamp":"2026-02-28 15:21:23"}
{"level":"info","message":"Backend running on http://localhost:5001","metadata":{},"timestamp":"2026-02-28 15:23:00"}
{"level":"info","message":"Redis connected","metadata":{},"timestamp":"2026-02-28 15:23:00"}
{"level":"info","message":"MongoDB connected successfully","metadata":{},"timestamp":"2026-02-28 15:23:00"}
{"level":"info","message":"Backend running on http://localhost:5001","metadata":{},"timestamp":"2026-02-28 15:24:40"}
{"level":"info","message":"Redis connected","metadata":{},"timestamp":"2026-02-28 15:24:40"}
{"level":"info","message":"MongoDB connected successfully","metadata":{},"timestamp":"2026-02-28 15:24:40"}
{"level":"info","message":"Backend running on http://localhost:5001","metadata":{},"timestamp":"2026-02-28 15:24:48"}
{"level":"info","message":"Redis connected","metadata":{},"timestamp":"2026-02-28 15:24:48"}
{"level":"info","message":"MongoDB connected successfully","metadata":{},"timestamp":"2026-02-28 15:24:48"}
{"level":"info","message":"Backend running on http://localhost:5001","metadata":{},"timestamp":"2026-02-28 15:25:17"}
{"level":"info","message":"Redis connected","metadata":{},"timestamp":"2026-02-28 15:25:17"}
{"level":"info","message":"MongoDB connected successfully","metadata":{},"timestamp":"2026-02-28 15:25:17"}
{"level":"info","message":"Backend running on http://localhost:5001","metadata":{},"timestamp":"2026-02-28 15:25:37"}
{"level":"info","message":"Redis connected","metadata":{},"timestamp":"2026-02-28 15:25:37"}
{"level":"info","message":"MongoDB connected successfully","metadata":{},"timestamp":"2026-02-28 15:25:37"}
{"level":"info","message":"Backend running on http://localhost:5001","metadata":{},"timestamp":"2026-02-28 15:30:21"}
{"level":"info","message":"Redis connected","metadata":{},"timestamp":"2026-02-28 15:30:21"}
{"level":"info","message":"MongoDB connected successfully","metadata":{},"timestamp":"2026-02-28 15:30:21"}
{"level":"info","message":"Backend running on http://localhost:5001","metadata":{},"timestamp":"2026-02-28 15:30:31"}
{"level":"info","message":"Redis connected","metadata":{},"timestamp":"2026-02-28 15:30:31"}
{"level":"info","message":"MongoDB connected successfully","metadata":{},"timestamp":"2026-02-28 15:30:31"}
{"level":"info","message":"Backend running on http://localhost:5001","metadata":{},"timestamp":"2026-02-28 15:30:50"}
{"level":"info","message":"Redis connected","metadata":{},"timestamp":"2026-02-28 15:30:50"}
{"level":"info","message":"MongoDB connected successfully","metadata":{},"timestamp":"2026-02-28 15:30:50"}
{"level":"info","message":"Backend running on http://localhost:5001","metadata":{},"timestamp":"2026-02-28 15:31:58"}
{"level":"info","message":"Redis connected","metadata":{},"timestamp":"2026-02-28 15:31:58"}
{"level":"info","message":"MongoDB connected successfully","metadata":{},"timestamp":"2026-02-28 15:31:58"}
{"level":"info","message":"Backend running on http://localhost:5001","metadata":{},"timestamp":"2026-02-28 15:33:07"}
{"level":"info","message":"Redis connected","metadata":{},"timestamp":"2026-02-28 15:33:07"}
{"level":"info","message":"MongoDB connected successfully","metadata":{},"timestamp":"2026-02-28 15:33:07"}
{"level":"info","message":"Backend running on http://localhost:5001","metadata":{},"timestamp":"2026-02-28 15:34:50"}
{"level":"info","message":"Redis connected","metadata":{},"timestamp":"2026-02-28 15:34:50"}
{"level":"info","message":"MongoDB connected successfully","metadata":{},"timestamp":"2026-02-28 15:34:50"}
{"level":"info","message":"Backend running on http://localhost:5001","metadata":{},"timestamp":"2026-02-28 15:44:00"}
{"level":"info","message":"Redis connected","metadata":{},"timestamp":"2026-02-28 15:44:00"}
{"level":"info","message":"MongoDB connected successfully","metadata":{},"timestamp":"2026-02-28 15:44:00"}
{"level":"info","message":"Backend running on http://localhost:5001","metadata":{},"timestamp":"2026-02-28 16:38:31"}
{"level":"info","message":"Redis connected","metadata":{},"timestamp":"2026-02-28 16:38:31"}
{"level":"info","message":"MongoDB connected successfully","metadata":{},"timestamp":"2026-02-28 16:38:31"}
{"level":"info","message":"Backend running on http://localhost:5001","metadata":{},"timestamp":"2026-02-28 16:39:01"}
{"level":"info","message":"Redis connected","metadata":{},"timestamp":"2026-02-28 16:39:01"}
{"level":"info","message":"MongoDB connected successfully","metadata":{},"timestamp":"2026-02-28 16:39:01"}
{"level":"info","message":"Backend running on http://localhost:5001","metadata":{},"timestamp":"2026-02-28 16:39:26"}
{"level":"info","message":"Redis connected","metadata":{},"timestamp":"2026-02-28 16:39:26"}
{"level":"info","message":"MongoDB connected successfully","metadata":{},"timestamp":"2026-02-28 16:39:26"}
{"level":"info","message":"Backend running on http://localhost:5001","metadata":{},"timestamp":"2026-02-28 16:39:47"}
{"level":"info","message":"Redis connected","metadata":{},"timestamp":"2026-02-28 16:39:47"}
{"level":"info","message":"MongoDB connected successfully","metadata":{},"timestamp":"2026-02-28 16:39:47"}
{"level":"info","message":"Backend running on http://localhost:5001","metadata":{},"timestamp":"2026-02-28 16:43:27"}
{"level":"info","message":"Redis connected","metadata":{},"timestamp":"2026-02-28 16:43:27"}
{"level":"info","message":"MongoDB connected successfully","metadata":{},"timestamp":"2026-02-28 16:43:27"}
{"level":"info","message":"Backend running on http://localhost:5001","metadata":{},"timestamp":"2026-02-28 16:46:35"}
{"level":"info","message":"Redis connected","metadata":{},"timestamp":"2026-02-28 16:46:35"}
{"level":"info","message":"MongoDB connected successfully","metadata":{},"timestamp":"2026-02-28 16:46:35"}
{"level":"info","message":"Backend running on http://localhost:5001","metadata":{},"timestamp":"2026-02-28 16:56:39"}
{"level":"info","message":"Redis connected","metadata":{},"timestamp":"2026-02-28 16:56:39"}
{"level":"info","message":"MongoDB connected successfully","metadata":{},"timestamp":"2026-02-28 16:56:39"}
{"level":"info","message":"Backend running on http://localhost:5001","metadata":{},"timestamp":"2026-02-28 16:57:05"}
{"level":"info","message":"Redis connected","metadata":{},"timestamp":"2026-02-28 16:57:05"}
{"level":"info","message":"MongoDB connected successfully","metadata":{},"timestamp":"2026-02-28 16:57:05"}
{"level":"info","message":"Backend running on http://localhost:5001","metadata":{},"timestamp":"2026-02-28 16:57:55"}
{"level":"info","message":"Redis connected","metadata":{},"timestamp":"2026-02-28 16:57:55"}
{"level":"info","message":"MongoDB connected successfully","metadata":{},"timestamp":"2026-02-28 16:57:55"}
{"level":"info","message":"Backend running on http://localhost:5001","metadata":{},"timestamp":"2026-02-28 16:58:29"}
{"level":"info","message":"Redis connected","metadata":{},"timestamp":"2026-02-28 16:58:29"}
{"level":"info","message":"MongoDB connected successfully","metadata":{},"timestamp":"2026-02-28 16:58:29"}
{"level":"info","message":"Backend running on http://localhost:5001","metadata":{},"timestamp":"2026-02-28 16:58:57"}
{"level":"info","message":"Redis connected","metadata":{},"timestamp":"2026-02-28 16:58:57"}
{"level":"info","message":"MongoDB connected successfully","metadata":{},"timestamp":"2026-02-28 16:58:57"}
{"level":"info","message":"Backend running on http://localhost:5001","metadata":{},"timestamp":"2026-02-28 16:59:17"}
{"level":"info","message":"Redis connected","metadata":{},"timestamp":"2026-02-28 16:59:17"}
{"level":"info","message":"MongoDB connected successfully","metadata":{},"timestamp":"2026-02-28 16:59:17"}
{"level":"info","message":"Backend running on http://localhost:5001","metadata":{},"timestamp":"2026-02-28 16:59:32"}
{"level":"info","message":"Redis connected","metadata":{},"timestamp":"2026-02-28 16:59:32"}
{"level":"info","message":"MongoDB connected successfully","metadata":{},"timestamp":"2026-02-28 16:59:32"}
{"level":"info","message":"Backend running on http://localhost:5001","metadata":{},"timestamp":"2026-02-28 17:11:27"}
{"level":"info","message":"Redis connected","metadata":{},"timestamp":"2026-02-28 17:11:27"}
{"level":"info","message":"MongoDB connected successfully","metadata":{},"timestamp":"2026-02-28 17:11:27"}
{"level":"info","message":"Backend running on http://localhost:5001","metadata":{},"timestamp":"2026-02-28 17:14:28"}
{"level":"info","message":"Redis connected","metadata":{},"timestamp":"2026-02-28 17:14:28"}
{"level":"info","message":"MongoDB connected successfully","metadata":{},"timestamp":"2026-02-28 17:14:28"}
{"level":"info","message":"Backend running on http://localhost:5001","metadata":{},"timestamp":"2026-02-28 17:15:47"}
{"level":"info","message":"Redis connected","metadata":{},"timestamp":"2026-02-28 17:15:47"}
{"level":"info","message":"MongoDB connected successfully","metadata":{},"timestamp":"2026-02-28 17:15:47"}
{"level":"info","message":"Backend running on http://localhost:5001","metadata":{},"timestamp":"2026-02-28 17:35:57"}
{"level":"info","message":"Redis connected","metadata":{},"timestamp":"2026-02-28 17:35:57"}
{"level":"info","message":"MongoDB connected successfully","metadata":{},"timestamp":"2026-02-28 17:35:58"}
{"level":"info","message":"Backend running on http://localhost:5001","metadata":{},"timestamp":"2026-02-28 17:36:11"}
{"level":"info","message":"Redis connected","metadata":{},"timestamp":"2026-02-28 17:36:11"}
{"level":"info","message":"MongoDB connected successfully","metadata":{},"timestamp":"2026-02-28 17:36:11"}
{"level":"info","message":"Backend running on http://localhost:5001","metadata":{},"timestamp":"2026-02-28 17:36:26"}
{"level":"info","message":"Redis connected","metadata":{},"timestamp":"2026-02-28 17:36:26"}
{"level":"info","message":"MongoDB connected successfully","metadata":{},"timestamp":"2026-02-28 17:36:26"}
{"level":"info","message":"Backend running on http://localhost:5001","metadata":{},"timestamp":"2026-02-28 17:38:16"}
{"level":"info","message":"Redis connected","metadata":{},"timestamp":"2026-02-28 17:38:16"}
{"level":"info","message":"MongoDB connected successfully","metadata":{},"timestamp":"2026-02-28 17:38:16"}
{"level":"info","message":"Backend running on http://localhost:5001","metadata":{},"timestamp":"2026-02-28 17:42:06"}
{"level":"info","message":"Redis connected","metadata":{},"timestamp":"2026-02-28 17:42:06"}
{"level":"info","message":"MongoDB connected successfully","metadata":{},"timestamp":"2026-02-28 17:42:06"}
{"level":"info","message":"Backend running on http://localhost:5001","metadata":{},"timestamp":"2026-02-28 17:42:19"}
{"level":"info","message":"Redis connected","metadata":{},"timestamp":"2026-02-28 17:42:19"}
{"level":"info","message":"MongoDB connected successfully","metadata":{},"timestamp":"2026-02-28 17:42:19"}
{"level":"info","message":"Backend running on http://localhost:5001","metadata":{},"timestamp":"2026-02-28 17:45:04"}
{"level":"info","message":"Redis connected","metadata":{},"timestamp":"2026-02-28 17:45:04"}
{"level":"info","message":"MongoDB connected successfully","metadata":{},"timestamp":"2026-02-28 17:45:04"}
{"level":"info","message":"Backend running on http://localhost:5001","metadata":{},"timestamp":"2026-02-28 21:58:48"}
{"level":"info","message":"Redis connected","metadata":{},"timestamp":"2026-02-28 21:58:48"}
{"level":"info","message":"MongoDB connected successfully","metadata":{},"timestamp":"2026-02-28 21:58:48"}
{"level":"info","message":"Backend running on http://localhost:5001","metadata":{},"timestamp":"2026-02-28 21:59:11"}
{"level":"info","message":"Redis connected","metadata":{},"timestamp":"2026-02-28 21:59:11"}
{"level":"info","message":"MongoDB connected successfully","metadata":{},"timestamp":"2026-02-28 21:59:11"}
{"level":"info","message":"Backend running on http://localhost:5001","metadata":{},"timestamp":"2026-02-28 21:59:29"}
{"level":"info","message":"Redis connected","metadata":{},"timestamp":"2026-02-28 21:59:29"}
{"level":"info","message":"MongoDB connected successfully","metadata":{},"timestamp":"2026-02-28 21:59:29"}
{"level":"info","message":"Backend running on http://localhost:5001","metadata":{},"timestamp":"2026-02-28 21:59:42"}
{"level":"info","message":"Redis connected","metadata":{},"timestamp":"2026-02-28 21:59:42"}
{"level":"info","message":"MongoDB connected successfully","metadata":{},"timestamp":"2026-02-28 21:59:42"}
{"level":"info","message":"Backend running on http://localhost:5001","metadata":{},"timestamp":"2026-02-28 22:02:11"}
{"level":"info","message":"Redis connected","metadata":{},"timestamp":"2026-02-28 22:02:11"}
{"level":"info","message":"MongoDB connected successfully","metadata":{},"timestamp":"2026-02-28 22:02:11"}
{"level":"info","message":"Backend running on http://localhost:5001","metadata":{},"timestamp":"2026-02-28 22:02:47"}
{"level":"info","message":"Redis connected","metadata":{},"timestamp":"2026-02-28 22:02:47"}
{"level":"info","message":"MongoDB connected successfully","metadata":{},"timestamp":"2026-02-28 22:02:47"}
{"level":"info","message":"Backend running on http://localhost:5001","metadata":{},"timestamp":"2026-02-28 22:03:29"}
{"level":"info","message":"Redis connected","metadata":{},"timestamp":"2026-02-28 22:03:29"}
{"level":"info","message":"MongoDB connected successfully","metadata":{},"timestamp":"2026-02-28 22:03:29"}
{"level":"info","message":"Backend running on http://localhost:5001","metadata":{},"timestamp":"2026-02-28 22:08:48"}
{"level":"info","message":"Redis connected","metadata":{},"timestamp":"2026-02-28 22:08:48"}
{"level":"info","message":"MongoDB connected successfully","metadata":{},"timestamp":"2026-02-28 22:08:48"}
{"level":"info","message":"Backend running on http://localhost:5001","metadata":{},"timestamp":"2026-02-28 22:09:11"}
{"level":"info","message":"Redis connected","metadata":{},"timestamp":"2026-02-28 22:09:11"}
{"level":"info","message":"MongoDB connected successfully","metadata":{},"timestamp":"2026-02-28 22:09:11"}
{"level":"info","message":"Backend running on http://localhost:5001","metadata":{},"timestamp":"2026-02-28 22:09:20"}
{"level":"info","message":"Redis connected","metadata":{},"timestamp":"2026-02-28 22:09:20"}
{"level":"info","message":"MongoDB connected successfully","metadata":{},"timestamp":"2026-02-28 22:09:20"}
{"level":"info","message":"Backend running on http://localhost:5001","metadata":{},"timestamp":"2026-02-28 22:09:42"}
{"level":"info","message":"Redis connected","metadata":{},"timestamp":"2026-02-28 22:09:42"}
{"level":"info","message":"MongoDB connected successfully","metadata":{},"timestamp":"2026-02-28 22:09:42"}
{"level":"info","message":"Backend running on http://localhost:5001","metadata":{},"timestamp":"2026-02-28 22:15:22"}
{"level":"info","message":"Redis connected","metadata":{},"timestamp":"2026-02-28 22:15:22"}
{"level":"info","message":"MongoDB connected successfully","metadata":{},"timestamp":"2026-02-28 22:15:22"}
{"level":"info","message":"Backend running on http://localhost:5001","metadata":{},"timestamp":"2026-02-28 22:15:57"}
{"level":"info","message":"Redis connected","metadata":{},"timestamp":"2026-02-28 22:15:57"}
{"level":"info","message":"MongoDB connected successfully","metadata":{},"timestamp":"2026-02-28 22:15:57"}
{"level":"info","message":"Backend running on http://localhost:5001","metadata":{},"timestamp":"2026-02-28 22:16:18"}
{"level":"info","message":"Redis connected","metadata":{},"timestamp":"2026-02-28 22:16:18"}
{"level":"info","message":"MongoDB connected successfully","metadata":{},"timestamp":"2026-02-28 22:16:18"}
{"level":"info","message":"Backend running on http://localhost:5001","metadata":{},"timestamp":"2026-02-28 22:16:33"}
{"level":"info","message":"Redis connected","metadata":{},"timestamp":"2026-02-28 22:16:33"}
{"level":"info","message":"MongoDB connected successfully","metadata":{},"timestamp":"2026-02-28 22:16:33"}
{"level":"warn","message":"Handled AppError Unauthorized","metadata":{"method":"PATCH","statusCode":403,"url":"/api/bookings/699e1b50ee64ac815af28400/status","userId":"695adad0e5e49754e37c9c4b"},"timestamp":"2026-02-28 22:17:09"}
{"level":"warn","message":"Handled AppError Unauthorized","metadata":{"method":"PATCH","statusCode":403,"url":"/api/bookings/69a2dcae5f14262bd9e20973/status","userId":"695adad0e5e49754e37c9c4b"},"timestamp":"2026-02-28 22:18:05"}
{"level":"info","message":"Backend running on http://localhost:5001","metadata":{},"timestamp":"2026-02-28 22:21:32"}
{"level":"info","message":"Redis connected","metadata":{},"timestamp":"2026-02-28 22:21:32"}
{"level":"info","message":"MongoDB connected successfully","metadata":{},"timestamp":"2026-02-28 22:21:32"}
{"level":"info","message":"Backend running on http://localhost:5001","metadata":{},"timestamp":"2026-02-28 22:23:33"}
{"level":"info","message":"Redis connected","metadata":{},"timestamp":"2026-02-28 22:23:33"}
{"level":"info","message":"MongoDB connected successfully","metadata":{},"timestamp":"2026-02-28 22:23:33"}
{"level":"info","message":"Backend running on http://localhost:5001","metadata":{},"timestamp":"2026-02-28 22:24:16"}
{"level":"info","message":"Redis connected","metadata":{},"timestamp":"2026-02-28 22:24:16"}
{"level":"info","message":"MongoDB connected successfully","metadata":{},"timestamp":"2026-02-28 22:24:16"}
{"level":"info","message":"Backend running on http://localhost:5001","metadata":{},"timestamp":"2026-02-28 22:24:43"}
{"level":"info","message":"Redis connected","metadata":{},"timestamp":"2026-02-28 22:24:43"}
{"level":"info","message":"MongoDB connected successfully","metadata":{},"timestamp":"2026-02-28 22:24:43"}
{"level":"warn","message":"Handled AppError Status updates can only be performed on the day of the booking","metadata":{"method":"PATCH","statusCode":400,"url":"/api/bookings/69a2dcae5f14262bd9e20973/status","userId":"695adad0e5e49754e37c9c4b"},"timestamp":"2026-02-28 22:27:00"}
{"level":"warn","message":"Handled AppError Status updates can only be performed on the day of the booking","metadata":{"method":"PATCH","statusCode":400,"url":"/api/bookings/69a2dcae5f14262bd9e20973/status","userId":"695adad0e5e49754e37c9c4b"},"timestamp":"2026-02-28 22:27:05"}
{"level":"warn","message":"Handled AppError Status updates can only be performed on the day of the booking","metadata":{"method":"PATCH","statusCode":400,"url":"/api/bookings/69a2dcae5f14262bd9e20973/status","userId":"695adad0e5e49754e37c9c4b"},"timestamp":"2026-02-28 22:27:11"}
{"level":"warn","message":"Handled AppError Status updates can only be performed on the day of the booking","metadata":{"method":"PATCH","statusCode":400,"url":"/api/bookings/69a2dcae5f14262bd9e20973/status","userId":"695adad0e5e49754e37c9c4b"},"timestamp":"2026-02-28 22:27:23"}
{"level":"warn","message":"Handled AppError Status updates can only be performed on the day of the booking","metadata":{"method":"PATCH","statusCode":400,"url":"/api/bookings/69a2dcae5f14262bd9e20973/status","userId":"695adad0e5e49754e37c9c4b"},"timestamp":"2026-02-28 22:27:31"}
{"level":"warn","message":"Handled AppError Status updates can only be performed on the day of the booking","metadata":{"method":"PATCH","statusCode":400,"url":"/api/bookings/69a2dcae5f14262bd9e20973/status","userId":"695adad0e5e49754e37c9c4b"},"timestamp":"2026-02-28 22:27:49"}
{"level":"warn","message":"Handled AppError Status updates can only be performed on the day of the booking","metadata":{"method":"PATCH","statusCode":400,"url":"/api/bookings/69a2dcae5f14262bd9e20973/status","userId":"695adad0e5e49754e37c9c4b"},"timestamp":"2026-02-28 22:27:53"}
{"level":"warn","message":"Handled AppError Status updates can only be performed on the day of the booking","metadata":{"method":"PATCH","statusCode":400,"url":"/api/bookings/69a03907616ca94f095dc958/status","userId":"695adad0e5e49754e37c9c4b"},"timestamp":"2026-02-28 22:39:42"}
{"level":"warn","message":"Handled AppError Status updates can only be performed on the day of the booking","metadata":{"method":"PATCH","statusCode":400,"url":"/api/bookings/69a03907616ca94f095dc958/status","userId":"695adad0e5e49754e37c9c4b"},"timestamp":"2026-02-28 22:41:24"}
{"level":"info","message":"Backend running on http://localhost:5001","metadata":{},"timestamp":"2026-02-28 22:43:58"}
{"level":"info","message":"Redis connected","metadata":{},"timestamp":"2026-02-28 22:43:58"}
{"level":"info","message":"MongoDB connected successfully","metadata":{},"timestamp":"2026-02-28 22:43:58"}
{"level":"info","message":"Backend running on http://localhost:5001","metadata":{},"timestamp":"2026-02-28 22:44:07"}
{"level":"info","message":"Redis connected","metadata":{},"timestamp":"2026-02-28 22:44:07"}
{"level":"info","message":"MongoDB connected successfully","metadata":{},"timestamp":"2026-02-28 22:44:07"}
{"level":"info","message":"Backend running on http://localhost:5001","metadata":{},"timestamp":"2026-02-28 22:53:40"}
{"level":"info","message":"Redis connected","metadata":{},"timestamp":"2026-02-28 22:53:40"}
{"level":"info","message":"MongoDB connected successfully","metadata":{},"timestamp":"2026-02-28 22:53:40"}
{"level":"info","message":"Backend running on http://localhost:5001","metadata":{},"timestamp":"2026-02-28 23:11:42"}
{"level":"info","message":"Redis connected","metadata":{},"timestamp":"2026-02-28 23:11:42"}
{"level":"info","message":"MongoDB connected successfully","metadata":{},"timestamp":"2026-02-28 23:11:42"}
{"level":"info","message":"Backend running on http://localhost:5001","metadata":{},"timestamp":"2026-02-28 23:13:03"}
{"level":"info","message":"Redis connected","metadata":{},"timestamp":"2026-02-28 23:13:03"}
{"level":"info","message":"MongoDB connected successfully","metadata":{},"timestamp":"2026-02-28 23:13:03"}
{"level":"info","message":"Backend running on http://localhost:5001","metadata":{},"timestamp":"2026-02-28 23:17:45"}
{"level":"info","message":"Redis connected","metadata":{},"timestamp":"2026-02-28 23:17:45"}
{"level":"info","message":"MongoDB connected successfully","metadata":{},"timestamp":"2026-02-28 23:17:45"}
{"level":"info","message":"Backend running on http://localhost:5001","metadata":{},"timestamp":"2026-02-28 23:29:19"}
{"level":"info","message":"Redis connected","metadata":{},"timestamp":"2026-02-28 23:29:19"}
{"level":"info","message":"MongoDB connected successfully","metadata":{},"timestamp":"2026-02-28 23:29:19"}
{"level":"info","message":"Backend running on http://localhost:5001","metadata":{},"timestamp":"2026-02-28 23:48:31"}
{"level":"info","message":"Redis connected","metadata":{},"timestamp":"2026-02-28 23:48:31"}
{"level":"info","message":"MongoDB connected successfully","metadata":{},"timestamp":"2026-02-28 23:48:31"}
