{"level":"info","message":"Backend running on http://localhost:5001","timestamp":"2026-02-17 11:38:43"}
{"level":"info","message":"Redis connected","timestamp":"2026-02-17 11:38:43"}
{"level":"info","message":"MongoDB connected successfully","timestamp":"2026-02-17 11:38:43"}
{"level":"warn","message":"Handled AppError No token provided","method":"POST","statusCode":401,"timestamp":"2026-02-17 11:38:54","url":"/api/auth/refresh","userId":"anonymous"}
{"level":"info","message":"Backend running on http://localhost:5001","timestamp":"2026-02-17 12:15:26"}
{"level":"info","message":"Redis connected","timestamp":"2026-02-17 12:15:26"}
{"level":"info","message":"MongoDB connected successfully","timestamp":"2026-02-17 12:15:26"}
{"level":"warn","message":"Handled AppError No token provided","method":"POST","statusCode":401,"timestamp":"2026-02-17 12:16:35","url":"/api/auth/refresh","userId":"anonymous"}
{"level":"info","message":"Backend running on http://localhost:5001","timestamp":"2026-02-17 12:18:28"}
{"level":"info","message":"Redis connected","timestamp":"2026-02-17 12:18:28"}
{"level":"info","message":"MongoDB connected successfully","timestamp":"2026-02-17 12:18:28"}
{"level":"info","message":"Backend running on http://localhost:5001","timestamp":"2026-02-17 12:18:39"}
{"level":"info","message":"Redis connected","timestamp":"2026-02-17 12:18:39"}
{"level":"info","message":"MongoDB connected successfully","timestamp":"2026-02-17 12:18:39"}
{"level":"info","message":"Backend running on http://localhost:5001","timestamp":"2026-02-17 12:18:47"}
{"level":"info","message":"Redis connected","timestamp":"2026-02-17 12:18:47"}
{"level":"info","message":"MongoDB connected successfully","timestamp":"2026-02-17 12:18:47"}
{"level":"warn","message":"Handled AppError No token provided","method":"POST","statusCode":401,"timestamp":"2026-02-17 12:20:03","url":"/api/auth/refresh","userId":"anonymous"}
{"level":"warn","message":"Handled AppError No token provided","method":"POST","statusCode":401,"timestamp":"2026-02-17 12:23:21","url":"/api/auth/refresh","userId":"anonymous"}
{"level":"warn","message":"Handled AppError No token provided","method":"POST","statusCode":401,"timestamp":"2026-02-17 12:23:51","url":"/api/auth/refresh","userId":"anonymous"}
{"level":"warn","message":"Handled AppError No token provided","method":"POST","statusCode":401,"timestamp":"2026-02-17 12:23:58","url":"/api/auth/refresh","userId":"anonymous"}
{"level":"warn","message":"Handled AppError No token provided","method":"POST","statusCode":401,"timestamp":"2026-02-17 12:25:00","url":"/api/auth/refresh","userId":"anonymous"}
{"level":"warn","message":"Handled AppError No token provided","method":"POST","statusCode":401,"timestamp":"2026-02-17 12:25:01","url":"/api/auth/refresh","userId":"anonymous"}
{"level":"info","message":"Backend running on http://localhost:5001","timestamp":"2026-02-17 12:43:09"}
{"level":"info","message":"Redis connected","timestamp":"2026-02-17 12:43:09"}
{"level":"info","message":"MongoDB connected successfully","timestamp":"2026-02-17 12:43:09"}
{"level":"warn","message":"Handled AppError No token provided","method":"POST","statusCode":401,"timestamp":"2026-02-17 14:07:37","url":"/api/auth/refresh","userId":"anonymous"}
{"level":"warn","message":"Handled AppError No token provided","method":"POST","statusCode":401,"timestamp":"2026-02-17 14:13:43","url":"/api/auth/refresh","userId":"anonymous"}
{"level":"info","message":"Backend running on http://localhost:5001","timestamp":"2026-02-17 14:15:54"}
{"level":"info","message":"Redis connected","timestamp":"2026-02-17 14:15:54"}
{"level":"info","message":"MongoDB connected successfully","timestamp":"2026-02-17 14:15:54"}
{"level":"info","message":"Backend running on http://localhost:5001","timestamp":"2026-02-17 14:17:33"}
{"level":"info","message":"Redis connected","timestamp":"2026-02-17 14:17:33"}
{"level":"info","message":"MongoDB connected successfully","timestamp":"2026-02-17 14:17:33"}
{"level":"info","message":"Backend running on http://localhost:5001","timestamp":"2026-02-17 14:37:50"}
{"level":"info","message":"Redis connected","timestamp":"2026-02-17 14:37:50"}
{"level":"info","message":"MongoDB connected successfully","timestamp":"2026-02-17 14:37:50"}
{"level":"info","message":"Backend running on http://localhost:5001","timestamp":"2026-02-17 14:38:40"}
{"level":"info","message":"Redis connected","timestamp":"2026-02-17 14:38:40"}
{"level":"info","message":"MongoDB connected successfully","timestamp":"2026-02-17 14:38:40"}
{"level":"info","message":"Backend running on http://localhost:5001","timestamp":"2026-02-17 14:41:52"}
{"level":"info","message":"Redis connected","timestamp":"2026-02-17 14:41:52"}
{"level":"info","message":"MongoDB connected successfully","timestamp":"2026-02-17 14:41:52"}
{"level":"warn","message":"Handled AppError No token provided","method":"POST","statusCode":401,"timestamp":"2026-02-17 14:42:12","url":"/api/auth/refresh","userId":"anonymous"}
{"level":"info","message":"Backend running on http://localhost:5001","timestamp":"2026-02-17 14:45:00"}
{"level":"info","message":"Redis connected","timestamp":"2026-02-17 14:45:00"}
{"level":"info","message":"MongoDB connected successfully","timestamp":"2026-02-17 14:45:00"}
{"level":"info","message":"Backend running on http://localhost:5001","timestamp":"2026-02-17 14:45:34"}
{"level":"info","message":"Redis connected","timestamp":"2026-02-17 14:45:34"}
{"level":"info","message":"MongoDB connected successfully","timestamp":"2026-02-17 14:45:34"}
{"level":"info","message":"Backend running on http://localhost:5001","timestamp":"2026-02-17 14:45:59"}
{"level":"info","message":"Redis connected","timestamp":"2026-02-17 14:45:59"}
{"level":"info","message":"MongoDB connected successfully","timestamp":"2026-02-17 14:45:59"}
{"level":"warn","message":"Handled AppError No token provided","method":"POST","statusCode":401,"timestamp":"2026-02-17 14:48:01","url":"/api/auth/refresh","userId":"anonymous"}
{"level":"warn","message":"Handled AppError Working days must have at least one shift","method":"PATCH","statusCode":400,"timestamp":"2026-02-17 14:48:38","url":"/api/schedules/weekly/1","userId":"695cc09d35167b2c1e543df1"}
{"level":"warn","message":"Handled AppError Working days must have at least one shift","method":"PATCH","statusCode":400,"timestamp":"2026-02-17 14:48:40","url":"/api/schedules/weekly/1","userId":"695cc09d35167b2c1e543df1"}
{"level":"warn","message":"Handled AppError Working days must have at least one shift","method":"PATCH","statusCode":400,"timestamp":"2026-02-17 14:49:37","url":"/api/schedules/weekly/1","userId":"695cc09d35167b2c1e543df1"}
{"level":"warn","message":"Handled AppError Working days must have at least one shift","method":"PATCH","statusCode":400,"timestamp":"2026-02-17 14:49:38","url":"/api/schedules/weekly/1","userId":"695cc09d35167b2c1e543df1"}
{"level":"warn","message":"Handled AppError Working days must have at least one shift","method":"PATCH","statusCode":400,"timestamp":"2026-02-17 14:49:43","url":"/api/schedules/weekly/1","userId":"695cc09d35167b2c1e543df1"}
{"level":"warn","message":"Handled AppError Working days must have at least one shift","method":"PATCH","statusCode":400,"timestamp":"2026-02-17 14:49:54","url":"/api/schedules/weekly/0","userId":"695cc09d35167b2c1e543df1"}
{"level":"warn","message":"Handled AppError Working days must have at least one shift","method":"PATCH","statusCode":400,"timestamp":"2026-02-17 14:51:12","url":"/api/schedules/weekly/0","userId":"695cc09d35167b2c1e543df1"}
{"level":"warn","message":"Handled AppError Working days must have at least one shift","method":"PATCH","statusCode":400,"timestamp":"2026-02-17 14:51:13","url":"/api/schedules/weekly/0","userId":"695cc09d35167b2c1e543df1"}
{"level":"warn","message":"Handled AppError Working days must have at least one shift","method":"PATCH","statusCode":400,"timestamp":"2026-02-17 14:51:14","url":"/api/schedules/weekly/0","userId":"695cc09d35167b2c1e543df1"}
{"level":"info","message":"Backend running on http://localhost:5001","timestamp":"2026-02-17 15:00:22"}
{"level":"info","message":"Redis connected","timestamp":"2026-02-17 15:00:22"}
{"level":"info","message":"MongoDB connected successfully","timestamp":"2026-02-17 15:00:22"}
{"level":"info","message":"Backend running on http://localhost:5001","timestamp":"2026-02-17 15:01:09"}
{"level":"info","message":"Redis connected","timestamp":"2026-02-17 15:01:09"}
{"level":"info","message":"MongoDB connected successfully","timestamp":"2026-02-17 15:01:09"}
{"level":"error","message":"Unhandled Error Cannot read properties of null (reading '_id')","method":"GET","stack":"TypeError: Cannot read properties of null (reading '_id')\n    at Function.toResponse (/Users/ashikmuhammed/Desktop/Saloon Booking Managment/backend/src/modules/slot/mapper/slot.mapper.ts:9:42)\n    at /Users/ashikmuhammed/Desktop/Saloon Booking Managment/backend/src/modules/slot/service/slot.service.ts:208:43\n    at Array.map (<anonymous>)\n    at SlotService.getAllSlotsForAdmin (/Users/ashikmuhammed/Desktop/Saloon Booking Managment/backend/src/modules/slot/service/slot.service.ts:208:18)\n    at processTicksAndRejections (node:internal/process/task_queues:105:5)\n    at async SlotController.adminListSlots (/Users/ashikmuhammed/Desktop/Saloon Booking Managment/backend/src/modules/slot/controller/slot.controller.ts:37:19)","timestamp":"2026-02-17 15:01:31","url":"/api/slots/admin?branchId=698b5b07e65366c147965d3c&date=2026-02-17&stylistId=695cc09d35167b2c1e543df1","userId":"693d1d1c955b52394a731682"}
{"level":"error","message":"Unhandled Error Cannot read properties of null (reading '_id')","method":"GET","stack":"TypeError: Cannot read properties of null (reading '_id')\n    at Function.toResponse (/Users/ashikmuhammed/Desktop/Saloon Booking Managment/backend/src/modules/slot/mapper/slot.mapper.ts:9:42)\n    at /Users/ashikmuhammed/Desktop/Saloon Booking Managment/backend/src/modules/slot/service/slot.service.ts:222:43\n    at Array.map (<anonymous>)\n    at SlotService.getStylistSlots (/Users/ashikmuhammed/Desktop/Saloon Booking Managment/backend/src/modules/slot/service/slot.service.ts:222:18)\n    at processTicksAndRejections (node:internal/process/task_queues:105:5)\n    at async SlotController.getStylistSlots (/Users/ashikmuhammed/Desktop/Saloon Booking Managment/backend/src/modules/slot/controller/slot.controller.ts:51:19)","timestamp":"2026-02-17 15:02:11","url":"/api/slots/stylist?branchId=698b5b07e65366c147965d3c&date=2026-02-17","userId":"695cc09d35167b2c1e543df1"}
{"level":"error","message":"Unhandled Error Cannot read properties of null (reading '_id')","method":"GET","stack":"TypeError: Cannot read properties of null (reading '_id')\n    at Function.toResponse (/Users/ashikmuhammed/Desktop/Saloon Booking Managment/backend/src/modules/slot/mapper/slot.mapper.ts:9:42)\n    at /Users/ashikmuhammed/Desktop/Saloon Booking Managment/backend/src/modules/slot/service/slot.service.ts:208:43\n    at Array.map (<anonymous>)\n    at SlotService.getAllSlotsForAdmin (/Users/ashikmuhammed/Desktop/Saloon Booking Managment/backend/src/modules/slot/service/slot.service.ts:208:18)\n    at processTicksAndRejections (node:internal/process/task_queues:105:5)\n    at async SlotController.adminListSlots (/Users/ashikmuhammed/Desktop/Saloon Booking Managment/backend/src/modules/slot/controller/slot.controller.ts:37:19)","timestamp":"2026-02-17 15:06:18","url":"/api/slots/admin?branchId=698b5b07e65366c147965d3c&date=2026-02-18&stylistId=695cc09d35167b2c1e543df1","userId":"693d1d1c955b52394a731682"}
{"level":"info","message":"Backend running on http://localhost:5001","timestamp":"2026-02-17 15:07:22"}
{"level":"info","message":"Redis connected","timestamp":"2026-02-17 15:07:22"}
{"level":"info","message":"MongoDB connected successfully","timestamp":"2026-02-17 15:07:22"}
{"level":"error","message":"Unhandled Error Cannot read properties of null (reading '_id')","method":"GET","stack":"TypeError: Cannot read properties of null (reading '_id')\n    at Function.toResponse (/Users/ashikmuhammed/Desktop/Saloon Booking Managment/backend/src/modules/slot/mapper/slot.mapper.ts:9:42)\n    at /Users/ashikmuhammed/Desktop/Saloon Booking Managment/backend/src/modules/slot/service/slot.service.ts:211:43\n    at Array.map (<anonymous>)\n    at SlotService.getAllSlotsForAdmin (/Users/ashikmuhammed/Desktop/Saloon Booking Managment/backend/src/modules/slot/service/slot.service.ts:211:18)\n    at processTicksAndRejections (node:internal/process/task_queues:105:5)\n    at async SlotController.adminListSlots (/Users/ashikmuhammed/Desktop/Saloon Booking Managment/backend/src/modules/slot/controller/slot.controller.ts:37:19)","timestamp":"2026-02-17 15:07:38","url":"/api/slots/admin?branchId=698b5b07e65366c147965d3c&date=2026-02-18&stylistId=695cc09d35167b2c1e543df1","userId":"693d1d1c955b52394a731682"}
{"level":"error","message":"Unhandled Error Cannot read properties of null (reading '_id')","method":"GET","stack":"TypeError: Cannot read properties of null (reading '_id')\n    at Function.toResponse (/Users/ashikmuhammed/Desktop/Saloon Booking Managment/backend/src/modules/slot/mapper/slot.mapper.ts:9:42)\n    at /Users/ashikmuhammed/Desktop/Saloon Booking Managment/backend/src/modules/slot/service/slot.service.ts:211:43\n    at Array.map (<anonymous>)\n    at SlotService.getAllSlotsForAdmin (/Users/ashikmuhammed/Desktop/Saloon Booking Managment/backend/src/modules/slot/service/slot.service.ts:211:18)\n    at processTicksAndRejections (node:internal/process/task_queues:105:5)\n    at async SlotController.adminListSlots (/Users/ashikmuhammed/Desktop/Saloon Booking Managment/backend/src/modules/slot/controller/slot.controller.ts:37:19)","timestamp":"2026-02-17 15:07:43","url":"/api/slots/admin?branchId=698b5b07e65366c147965d3c&date=2026-02-17","userId":"693d1d1c955b52394a731682"}
{"level":"error","message":"Unhandled Error Cannot read properties of null (reading '_id')","method":"GET","stack":"TypeError: Cannot read properties of null (reading '_id')\n    at Function.toResponse (/Users/ashikmuhammed/Desktop/Saloon Booking Managment/backend/src/modules/slot/mapper/slot.mapper.ts:9:42)\n    at /Users/ashikmuhammed/Desktop/Saloon Booking Managment/backend/src/modules/slot/service/slot.service.ts:211:43\n    at Array.map (<anonymous>)\n    at SlotService.getAllSlotsForAdmin (/Users/ashikmuhammed/Desktop/Saloon Booking Managment/backend/src/modules/slot/service/slot.service.ts:211:18)\n    at processTicksAndRejections (node:internal/process/task_queues:105:5)\n    at async SlotController.adminListSlots (/Users/ashikmuhammed/Desktop/Saloon Booking Managment/backend/src/modules/slot/controller/slot.controller.ts:37:19)","timestamp":"2026-02-17 15:07:56","url":"/api/slots/admin?branchId=698b5b07e65366c147965d3c&date=2026-02-17","userId":"693d1d1c955b52394a731682"}
{"level":"error","message":"Unhandled Error Cannot read properties of null (reading '_id')","method":"GET","stack":"TypeError: Cannot read properties of null (reading '_id')\n    at Function.toResponse (/Users/ashikmuhammed/Desktop/Saloon Booking Managment/backend/src/modules/slot/mapper/slot.mapper.ts:9:42)\n    at /Users/ashikmuhammed/Desktop/Saloon Booking Managment/backend/src/modules/slot/service/slot.service.ts:225:43\n    at Array.map (<anonymous>)\n    at SlotService.getStylistSlots (/Users/ashikmuhammed/Desktop/Saloon Booking Managment/backend/src/modules/slot/service/slot.service.ts:225:18)\n    at processTicksAndRejections (node:internal/process/task_queues:105:5)\n    at async SlotController.getStylistSlots (/Users/ashikmuhammed/Desktop/Saloon Booking Managment/backend/src/modules/slot/controller/slot.controller.ts:51:19)","timestamp":"2026-02-17 15:08:57","url":"/api/slots/stylist?branchId=698b5b07e65366c147965d3c&date=2026-02-17","userId":"695cc09d35167b2c1e543df1"}
{"level":"error","message":"Unhandled Error Cannot read properties of null (reading '_id')","method":"GET","stack":"TypeError: Cannot read properties of null (reading '_id')\n    at Function.toResponse (/Users/ashikmuhammed/Desktop/Saloon Booking Managment/backend/src/modules/slot/mapper/slot.mapper.ts:9:42)\n    at /Users/ashikmuhammed/Desktop/Saloon Booking Managment/backend/src/modules/slot/service/slot.service.ts:225:43\n    at Array.map (<anonymous>)\n    at SlotService.getStylistSlots (/Users/ashikmuhammed/Desktop/Saloon Booking Managment/backend/src/modules/slot/service/slot.service.ts:225:18)\n    at processTicksAndRejections (node:internal/process/task_queues:105:5)\n    at async SlotController.getStylistSlots (/Users/ashikmuhammed/Desktop/Saloon Booking Managment/backend/src/modules/slot/controller/slot.controller.ts:51:19)","timestamp":"2026-02-17 15:09:00","url":"/api/slots/stylist?branchId=698b5b07e65366c147965d3c&date=2026-02-17","userId":"695cc09d35167b2c1e543df1"}
{"level":"error","message":"Unhandled Error Cannot read properties of null (reading '_id')","method":"GET","stack":"TypeError: Cannot read properties of null (reading '_id')\n    at Function.toResponse (/Users/ashikmuhammed/Desktop/Saloon Booking Managment/backend/src/modules/slot/mapper/slot.mapper.ts:9:42)\n    at /Users/ashikmuhammed/Desktop/Saloon Booking Managment/backend/src/modules/slot/service/slot.service.ts:225:43\n    at Array.map (<anonymous>)\n    at SlotService.getStylistSlots (/Users/ashikmuhammed/Desktop/Saloon Booking Managment/backend/src/modules/slot/service/slot.service.ts:225:18)\n    at processTicksAndRejections (node:internal/process/task_queues:105:5)\n    at async SlotController.getStylistSlots (/Users/ashikmuhammed/Desktop/Saloon Booking Managment/backend/src/modules/slot/controller/slot.controller.ts:51:19)","timestamp":"2026-02-17 15:09:01","url":"/api/slots/stylist?branchId=698b5b07e65366c147965d3c&date=2026-02-17","userId":"695cc09d35167b2c1e543df1"}
{"level":"error","message":"Unhandled Error Cannot read properties of null (reading '_id')","method":"GET","stack":"TypeError: Cannot read properties of null (reading '_id')\n    at Function.toResponse (/Users/ashikmuhammed/Desktop/Saloon Booking Managment/backend/src/modules/slot/mapper/slot.mapper.ts:9:42)\n    at /Users/ashikmuhammed/Desktop/Saloon Booking Managment/backend/src/modules/slot/service/slot.service.ts:225:43\n    at Array.map (<anonymous>)\n    at SlotService.getStylistSlots (/Users/ashikmuhammed/Desktop/Saloon Booking Managment/backend/src/modules/slot/service/slot.service.ts:225:18)\n    at processTicksAndRejections (node:internal/process/task_queues:105:5)\n    at async SlotController.getStylistSlots (/Users/ashikmuhammed/Desktop/Saloon Booking Managment/backend/src/modules/slot/controller/slot.controller.ts:51:19)","timestamp":"2026-02-17 15:09:01","url":"/api/slots/stylist?branchId=698b5b07e65366c147965d3c&date=2026-02-17","userId":"695cc09d35167b2c1e543df1"}
{"level":"error","message":"Unhandled Error Cannot read properties of null (reading '_id')","method":"GET","stack":"TypeError: Cannot read properties of null (reading '_id')\n    at Function.toResponse (/Users/ashikmuhammed/Desktop/Saloon Booking Managment/backend/src/modules/slot/mapper/slot.mapper.ts:9:42)\n    at /Users/ashikmuhammed/Desktop/Saloon Booking Managment/backend/src/modules/slot/service/slot.service.ts:225:43\n    at Array.map (<anonymous>)\n    at SlotService.getStylistSlots (/Users/ashikmuhammed/Desktop/Saloon Booking Managment/backend/src/modules/slot/service/slot.service.ts:225:18)\n    at processTicksAndRejections (node:internal/process/task_queues:105:5)\n    at async SlotController.getStylistSlots (/Users/ashikmuhammed/Desktop/Saloon Booking Managment/backend/src/modules/slot/controller/slot.controller.ts:51:19)","timestamp":"2026-02-17 15:09:01","url":"/api/slots/stylist?branchId=698b5b07e65366c147965d3c&date=2026-02-17","userId":"695cc09d35167b2c1e543df1"}
{"level":"info","message":"Backend running on http://localhost:5001","timestamp":"2026-02-17 15:09:23"}
{"level":"info","message":"Redis connected","timestamp":"2026-02-17 15:09:23"}
{"level":"info","message":"MongoDB connected successfully","timestamp":"2026-02-17 15:09:23"}
{"level":"error","message":"Unhandled Error Cannot read properties of null (reading '_id')","method":"GET","stack":"TypeError: Cannot read properties of null (reading '_id')\n    at Function.toResponse (/Users/ashikmuhammed/Desktop/Saloon Booking Managment/backend/src/modules/slot/mapper/slot.mapper.ts:9:42)\n    at /Users/ashikmuhammed/Desktop/Saloon Booking Managment/backend/src/modules/slot/service/slot.service.ts:225:43\n    at Array.map (<anonymous>)\n    at SlotService.getStylistSlots (/Users/ashikmuhammed/Desktop/Saloon Booking Managment/backend/src/modules/slot/service/slot.service.ts:225:18)\n    at processTicksAndRejections (node:internal/process/task_queues:105:5)\n    at async SlotController.getStylistSlots (/Users/ashikmuhammed/Desktop/Saloon Booking Managment/backend/src/modules/slot/controller/slot.controller.ts:51:19)","timestamp":"2026-02-17 15:09:42","url":"/api/slots/stylist?branchId=698b5b07e65366c147965d3c&date=2026-02-17","userId":"695cc09d35167b2c1e543df1"}
{"level":"error","message":"Unhandled Error Cannot read properties of null (reading '_id')","method":"GET","stack":"TypeError: Cannot read properties of null (reading '_id')\n    at Function.toResponse (/Users/ashikmuhammed/Desktop/Saloon Booking Managment/backend/src/modules/slot/mapper/slot.mapper.ts:9:42)\n    at /Users/ashikmuhammed/Desktop/Saloon Booking Managment/backend/src/modules/slot/service/slot.service.ts:225:43\n    at Array.map (<anonymous>)\n    at SlotService.getStylistSlots (/Users/ashikmuhammed/Desktop/Saloon Booking Managment/backend/src/modules/slot/service/slot.service.ts:225:18)\n    at processTicksAndRejections (node:internal/process/task_queues:105:5)\n    at async SlotController.getStylistSlots (/Users/ashikmuhammed/Desktop/Saloon Booking Managment/backend/src/modules/slot/controller/slot.controller.ts:51:19)","timestamp":"2026-02-17 15:09:44","url":"/api/slots/stylist?branchId=698b5b07e65366c147965d3c&date=2026-02-17","userId":"695cc09d35167b2c1e543df1"}
{"level":"error","message":"Unhandled Error Cannot read properties of null (reading '_id')","method":"GET","stack":"TypeError: Cannot read properties of null (reading '_id')\n    at Function.toResponse (/Users/ashikmuhammed/Desktop/Saloon Booking Managment/backend/src/modules/slot/mapper/slot.mapper.ts:9:42)\n    at /Users/ashikmuhammed/Desktop/Saloon Booking Managment/backend/src/modules/slot/service/slot.service.ts:211:43\n    at Array.map (<anonymous>)\n    at SlotService.getAllSlotsForAdmin (/Users/ashikmuhammed/Desktop/Saloon Booking Managment/backend/src/modules/slot/service/slot.service.ts:211:18)\n    at processTicksAndRejections (node:internal/process/task_queues:105:5)\n    at async SlotController.adminListSlots (/Users/ashikmuhammed/Desktop/Saloon Booking Managment/backend/src/modules/slot/controller/slot.controller.ts:37:19)","timestamp":"2026-02-17 15:10:27","url":"/api/slots/admin?branchId=698b5b07e65366c147965d3c&date=2026-02-17","userId":"693d1d1c955b52394a731682"}
{"level":"info","message":"Backend running on http://localhost:5001","timestamp":"2026-02-17 15:12:39"}
{"level":"info","message":"Redis connected","timestamp":"2026-02-17 15:12:39"}
{"level":"info","message":"MongoDB connected successfully","timestamp":"2026-02-17 15:12:39"}
{"level":"info","message":"Backend running on http://localhost:5001","timestamp":"2026-02-17 15:13:05"}
{"level":"info","message":"Redis connected","timestamp":"2026-02-17 15:13:05"}
{"level":"info","message":"MongoDB connected successfully","timestamp":"2026-02-17 15:13:05"}
{"level":"info","message":"Backend running on http://localhost:5001","timestamp":"2026-02-17 15:15:52"}
{"level":"info","message":"Redis connected","timestamp":"2026-02-17 15:15:52"}
{"level":"info","message":"MongoDB connected successfully","timestamp":"2026-02-17 15:15:52"}
{"level":"info","message":"Backend running on http://localhost:5001","timestamp":"2026-02-17 15:18:07"}
{"level":"info","message":"Redis connected","timestamp":"2026-02-17 15:18:07"}
{"level":"info","message":"MongoDB connected successfully","timestamp":"2026-02-17 15:18:07"}
{"level":"warn","message":"Handled AppError No token provided","method":"POST","statusCode":401,"timestamp":"2026-02-17 15:20:56","url":"/api/auth/refresh","userId":"anonymous"}
{"level":"info","message":"Backend running on http://localhost:5001","timestamp":"2026-02-17 15:32:52"}
{"level":"info","message":"Redis connected","timestamp":"2026-02-17 15:32:52"}
{"level":"info","message":"MongoDB connected successfully","timestamp":"2026-02-17 15:32:52"}
{"level":"info","message":"Backend running on http://localhost:5001","timestamp":"2026-02-17 15:33:04"}
{"level":"info","message":"Redis connected","timestamp":"2026-02-17 15:33:04"}
{"level":"info","message":"MongoDB connected successfully","timestamp":"2026-02-17 15:33:04"}
{"level":"warn","message":"Handled AppError No token provided","method":"POST","statusCode":401,"timestamp":"2026-02-17 15:33:21","url":"/api/auth/refresh","userId":"anonymous"}
{"level":"info","message":"Backend running on http://localhost:5001","timestamp":"2026-02-17 15:39:55"}
{"level":"info","message":"Redis connected","timestamp":"2026-02-17 15:39:55"}
{"level":"info","message":"MongoDB connected successfully","timestamp":"2026-02-17 15:39:55"}
{"level":"info","message":"Backend running on http://localhost:5001","timestamp":"2026-02-17 15:40:11"}
{"level":"info","message":"Redis connected","timestamp":"2026-02-17 15:40:11"}
{"level":"info","message":"MongoDB connected successfully","timestamp":"2026-02-17 15:40:11"}
