{"level":"info","message":"Backend running on http://localhost:5001","timestamp":"2026-02-25 03:06:35"}
{"level":"info","message":"Redis connected","timestamp":"2026-02-25 03:06:35"}
{"level":"info","message":"MongoDB connected successfully","timestamp":"2026-02-25 03:06:35"}
{"level":"warn","message":"Handled AppError No token provided","method":"POST","statusCode":401,"timestamp":"2026-02-25 03:06:45","url":"/api/auth/refresh","userId":"anonymous"}
{"level":"warn","message":"Handled AppError No token provided","method":"POST","statusCode":401,"timestamp":"2026-02-25 03:07:35","url":"/api/auth/refresh","userId":"anonymous"}
{"level":"info","message":"Backend running on http://localhost:5001","timestamp":"2026-02-25 03:10:01"}
{"level":"info","message":"Redis connected","timestamp":"2026-02-25 03:10:01"}
{"level":"info","message":"MongoDB connected successfully","timestamp":"2026-02-25 03:10:01"}
{"level":"warn","message":"Handled AppError No token provided","method":"POST","statusCode":401,"timestamp":"2026-02-25 04:39:04","url":"/api/auth/refresh","userId":"anonymous"}
{"level":"warn","message":"Handled AppError No token provided","method":"POST","statusCode":401,"timestamp":"2026-02-25 04:39:28","url":"/api/auth/refresh","userId":"anonymous"}
{"level":"warn","message":"Handled AppError No token provided","method":"POST","statusCode":401,"timestamp":"2026-02-25 04:39:41","url":"/api/auth/refresh","userId":"anonymous"}
{"level":"warn","message":"Handled AppError No token provided","method":"POST","statusCode":401,"timestamp":"2026-02-25 04:42:55","url":"/api/auth/refresh","userId":"anonymous"}
{"level":"warn","message":"Handled AppError No token provided","method":"POST","statusCode":401,"timestamp":"2026-02-25 04:43:28","url":"/api/auth/refresh","userId":"anonymous"}
{"level":"warn","message":"Handled AppError No token provided","method":"POST","statusCode":401,"timestamp":"2026-02-25 04:43:30","url":"/api/auth/refresh","userId":"anonymous"}
{"level":"warn","message":"Handled AppError No token provided","method":"POST","statusCode":401,"timestamp":"2026-02-25 05:00:47","url":"/api/auth/refresh","userId":"anonymous"}
{"level":"warn","message":"Handled AppError No token provided","method":"POST","statusCode":401,"timestamp":"2026-02-25 05:00:58","url":"/api/auth/refresh","userId":"anonymous"}
{"level":"warn","message":"Handled AppError No token provided","method":"POST","statusCode":401,"timestamp":"2026-02-25 05:01:02","url":"/api/auth/refresh","userId":"anonymous"}
{"level":"warn","message":"Handled AppError No token provided","method":"POST","statusCode":401,"timestamp":"2026-02-25 05:01:08","url":"/api/auth/refresh","userId":"anonymous"}
{"level":"warn","message":"Handled AppError No token provided","method":"POST","statusCode":401,"timestamp":"2026-02-25 05:02:34","url":"/api/auth/refresh","userId":"anonymous"}
{"level":"warn","message":"Handled AppError No token provided","method":"POST","statusCode":401,"timestamp":"2026-02-25 05:02:39","url":"/api/auth/refresh","userId":"anonymous"}
{"level":"warn","message":"Handled AppError No token provided","method":"POST","statusCode":401,"timestamp":"2026-02-25 05:20:39","url":"/api/auth/refresh","userId":"anonymous"}
{"level":"warn","message":"Handled AppError No token provided","method":"POST","statusCode":401,"timestamp":"2026-02-25 05:21:55","url":"/api/auth/refresh","userId":"anonymous"}
{"level":"info","message":"Backend running on http://localhost:5001","timestamp":"2026-02-25 05:31:05"}
{"level":"info","message":"Redis connected","timestamp":"2026-02-25 05:31:05"}
{"level":"info","message":"MongoDB connected successfully","timestamp":"2026-02-25 05:31:05"}
{"level":"warn","message":"Handled AppError No token provided","method":"POST","statusCode":401,"timestamp":"2026-02-25 05:31:06","url":"/api/auth/refresh","userId":"anonymous"}
{"level":"warn","message":"Handled AppError No token provided","method":"POST","statusCode":401,"timestamp":"2026-02-25 05:31:07","url":"/api/auth/refresh","userId":"anonymous"}
{"level":"warn","message":"Handled AppError No token provided","method":"POST","statusCode":401,"timestamp":"2026-02-25 05:31:07","url":"/api/auth/refresh","userId":"anonymous"}
{"level":"warn","message":"Handled AppError No token provided","method":"POST","statusCode":401,"timestamp":"2026-02-25 05:31:16","url":"/api/auth/refresh","userId":"anonymous"}
{"level":"warn","message":"Handled AppError No token provided","method":"POST","statusCode":401,"timestamp":"2026-02-25 05:31:16","url":"/api/auth/refresh","userId":"anonymous"}
{"level":"warn","message":"Handled AppError No token provided","method":"POST","statusCode":401,"timestamp":"2026-02-25 05:31:16","url":"/api/auth/refresh","userId":"anonymous"}
{"level":"warn","message":"Handled AppError No token provided","method":"POST","statusCode":401,"timestamp":"2026-02-25 05:31:23","url":"/api/auth/refresh","userId":"anonymous"}
{"level":"warn","message":"Handled AppError No token provided","method":"POST","statusCode":401,"timestamp":"2026-02-25 05:31:23","url":"/api/auth/refresh","userId":"anonymous"}
{"level":"warn","message":"Handled AppError No token provided","method":"POST","statusCode":401,"timestamp":"2026-02-25 05:31:23","url":"/api/auth/refresh","userId":"anonymous"}
{"level":"info","message":"Backend running on http://localhost:5001","timestamp":"2026-02-25 05:31:51"}
{"level":"info","message":"Redis connected","timestamp":"2026-02-25 05:31:51"}
{"level":"info","message":"MongoDB connected successfully","timestamp":"2026-02-25 05:31:51"}
{"level":"warn","message":"Handled AppError No token provided","method":"POST","statusCode":401,"timestamp":"2026-02-25 05:32:48","url":"/api/auth/refresh","userId":"anonymous"}
{"level":"warn","message":"Handled AppError No token provided","method":"POST","statusCode":401,"timestamp":"2026-02-25 05:32:49","url":"/api/auth/refresh","userId":"anonymous"}
{"level":"warn","message":"Handled AppError No token provided","method":"POST","statusCode":401,"timestamp":"2026-02-25 05:32:49","url":"/api/auth/refresh","userId":"anonymous"}
{"level":"warn","message":"Handled AppError No token provided","method":"POST","statusCode":401,"timestamp":"2026-02-25 05:32:49","url":"/api/auth/refresh","userId":"anonymous"}
{"level":"warn","message":"Handled AppError No token provided","method":"POST","statusCode":401,"timestamp":"2026-02-25 05:32:49","url":"/api/auth/refresh","userId":"anonymous"}
{"level":"warn","message":"Handled AppError No token provided","method":"POST","statusCode":401,"timestamp":"2026-02-25 05:32:49","url":"/api/auth/refresh","userId":"anonymous"}
{"level":"warn","message":"Handled AppError No token provided","method":"POST","statusCode":401,"timestamp":"2026-02-25 05:33:05","url":"/api/auth/refresh","userId":"anonymous"}
{"level":"warn","message":"Handled AppError No token provided","method":"POST","statusCode":401,"timestamp":"2026-02-25 05:33:05","url":"/api/auth/refresh","userId":"anonymous"}
{"level":"warn","message":"Handled AppError No token provided","method":"POST","statusCode":401,"timestamp":"2026-02-25 05:33:05","url":"/api/auth/refresh","userId":"anonymous"}
{"level":"info","message":"Backend running on http://localhost:5001","timestamp":"2026-02-25 13:05:36"}
{"level":"info","message":"Redis connected","timestamp":"2026-02-25 13:05:36"}
{"level":"info","message":"MongoDB connected successfully","timestamp":"2026-02-25 13:05:36"}
{"level":"warn","message":"Handled AppError No token provided","method":"POST","statusCode":401,"timestamp":"2026-02-25 13:06:00","url":"/api/auth/refresh","userId":"anonymous"}
{"level":"warn","message":"Handled AppError No token provided","method":"POST","statusCode":401,"timestamp":"2026-02-25 13:06:05","url":"/api/auth/refresh","userId":"anonymous"}
{"level":"warn","message":"Handled AppError No token provided","method":"POST","statusCode":401,"timestamp":"2026-02-25 13:06:11","url":"/api/auth/refresh","userId":"anonymous"}
{"level":"warn","message":"Handled AppError No token provided","method":"POST","statusCode":401,"timestamp":"2026-02-25 13:06:19","url":"/api/auth/refresh","userId":"anonymous"}
{"level":"warn","message":"Handled AppError No token provided","method":"POST","statusCode":401,"timestamp":"2026-02-25 13:06:34","url":"/api/auth/refresh","userId":"anonymous"}
{"level":"info","message":"Backend running on http://localhost:5001","timestamp":"2026-02-25 13:10:43"}
{"level":"info","message":"Redis connected","timestamp":"2026-02-25 13:10:43"}
{"level":"info","message":"MongoDB connected successfully","timestamp":"2026-02-25 13:10:43"}
{"level":"warn","message":"Handled AppError No token provided","method":"POST","statusCode":401,"timestamp":"2026-02-25 13:11:47","url":"/api/auth/refresh","userId":"anonymous"}
{"level":"warn","message":"Handled AppError No token provided","method":"POST","statusCode":401,"timestamp":"2026-02-25 13:11:47","url":"/api/auth/refresh","userId":"anonymous"}
{"level":"warn","message":"Handled AppError No token provided","method":"POST","statusCode":401,"timestamp":"2026-02-25 13:12:32","url":"/api/auth/refresh","userId":"anonymous"}
{"level":"warn","message":"Handled AppError No token provided","method":"POST","statusCode":401,"timestamp":"2026-02-25 13:12:40","url":"/api/auth/refresh","userId":"anonymous"}
{"level":"warn","message":"Handled AppError No token provided","method":"POST","statusCode":401,"timestamp":"2026-02-25 13:12:40","url":"/api/auth/refresh","userId":"anonymous"}
{"level":"warn","message":"Handled AppError No token provided","method":"POST","statusCode":401,"timestamp":"2026-02-25 13:14:43","url":"/api/auth/refresh","userId":"anonymous"}
{"level":"warn","message":"Handled AppError No token provided","method":"POST","statusCode":401,"timestamp":"2026-02-25 13:14:43","url":"/api/auth/refresh","userId":"anonymous"}
{"level":"warn","message":"Handled AppError No token provided","method":"POST","statusCode":401,"timestamp":"2026-02-25 13:14:46","url":"/api/auth/refresh","userId":"anonymous"}
{"level":"warn","message":"Handled AppError No token provided","method":"POST","statusCode":401,"timestamp":"2026-02-25 13:14:46","url":"/api/auth/refresh","userId":"anonymous"}
{"level":"warn","message":"Handled AppError No token provided","method":"POST","statusCode":401,"timestamp":"2026-02-25 13:14:47","url":"/api/auth/refresh","userId":"anonymous"}
{"level":"warn","message":"Handled AppError No token provided","method":"POST","statusCode":401,"timestamp":"2026-02-25 13:14:47","url":"/api/auth/refresh","userId":"anonymous"}
{"level":"warn","message":"Handled AppError No token provided","method":"POST","statusCode":401,"timestamp":"2026-02-25 13:14:48","url":"/api/auth/refresh","userId":"anonymous"}
{"level":"warn","message":"Handled AppError No token provided","method":"POST","statusCode":401,"timestamp":"2026-02-25 13:14:48","url":"/api/auth/refresh","userId":"anonymous"}
{"level":"warn","message":"Handled AppError No token provided","method":"POST","statusCode":401,"timestamp":"2026-02-25 13:14:53","url":"/api/auth/refresh","userId":"anonymous"}
{"level":"warn","message":"Handled AppError No token provided","method":"POST","statusCode":401,"timestamp":"2026-02-25 13:14:53","url":"/api/auth/refresh","userId":"anonymous"}
{"level":"warn","message":"Handled AppError No token provided","method":"POST","statusCode":401,"timestamp":"2026-02-25 13:16:18","url":"/api/auth/refresh","userId":"anonymous"}
{"level":"warn","message":"Handled AppError No token provided","method":"POST","statusCode":401,"timestamp":"2026-02-25 13:16:52","url":"/api/auth/refresh","userId":"anonymous"}
{"level":"warn","message":"Handled AppError No token provided","method":"POST","statusCode":401,"timestamp":"2026-02-25 13:17:14","url":"/api/auth/refresh","userId":"anonymous"}
{"level":"warn","message":"Handled AppError No token provided","method":"POST","statusCode":401,"timestamp":"2026-02-25 13:17:19","url":"/api/auth/refresh","userId":"anonymous"}
{"level":"warn","message":"Handled AppError No token provided","method":"POST","statusCode":401,"timestamp":"2026-02-25 13:17:24","url":"/api/auth/refresh","userId":"anonymous"}
{"level":"warn","message":"Handled AppError No token provided","method":"POST","statusCode":401,"timestamp":"2026-02-25 13:17:26","url":"/api/auth/refresh","userId":"anonymous"}
{"level":"info","message":"Backend running on http://localhost:5001","timestamp":"2026-02-25 13:25:52"}
{"level":"info","message":"Redis connected","timestamp":"2026-02-25 13:25:52"}
{"level":"info","message":"MongoDB connected successfully","timestamp":"2026-02-25 13:25:52"}
{"level":"info","message":"Backend running on http://localhost:5001","timestamp":"2026-02-25 13:25:59"}
{"level":"info","message":"Redis connected","timestamp":"2026-02-25 13:25:59"}
{"level":"info","message":"MongoDB connected successfully","timestamp":"2026-02-25 13:25:59"}
{"level":"info","message":"Backend running on http://localhost:5001","timestamp":"2026-02-25 13:36:53"}
{"level":"info","message":"Redis connected","timestamp":"2026-02-25 13:36:53"}
{"level":"info","message":"MongoDB connected successfully","timestamp":"2026-02-25 13:36:53"}
{"level":"info","message":"Backend running on http://localhost:5001","timestamp":"2026-02-25 13:42:50"}
{"level":"info","message":"Redis connected","timestamp":"2026-02-25 13:42:50"}
{"level":"info","message":"MongoDB connected successfully","timestamp":"2026-02-25 13:42:50"}
{"level":"info","message":"Backend running on http://localhost:5001","timestamp":"2026-02-25 13:43:10"}
{"level":"info","message":"Redis connected","timestamp":"2026-02-25 13:43:10"}
{"level":"info","message":"MongoDB connected successfully","timestamp":"2026-02-25 13:43:10"}
{"level":"info","message":"Backend running on http://localhost:5001","timestamp":"2026-02-25 13:44:18"}
{"level":"info","message":"Redis connected","timestamp":"2026-02-25 13:44:18"}
{"level":"info","message":"MongoDB connected successfully","timestamp":"2026-02-25 13:44:18"}
{"level":"info","message":"Backend running on http://localhost:5001","timestamp":"2026-02-25 13:54:44"}
{"level":"info","message":"Redis connected","timestamp":"2026-02-25 13:54:44"}
{"level":"info","message":"MongoDB connected successfully","timestamp":"2026-02-25 13:54:44"}
{"level":"info","message":"Backend running on http://localhost:5001","timestamp":"2026-02-25 13:57:58"}
{"level":"info","message":"Redis connected","timestamp":"2026-02-25 13:57:58"}
{"level":"info","message":"MongoDB connected successfully","timestamp":"2026-02-25 13:57:58"}
{"level":"info","message":"Backend running on http://localhost:5001","timestamp":"2026-02-25 13:58:18"}
{"level":"info","message":"Redis connected","timestamp":"2026-02-25 13:58:18"}
{"level":"info","message":"MongoDB connected successfully","timestamp":"2026-02-25 13:58:18"}
{"level":"info","message":"Backend running on http://localhost:5001","timestamp":"2026-02-25 13:58:47"}
{"level":"info","message":"Redis connected","timestamp":"2026-02-25 13:58:47"}
{"level":"info","message":"MongoDB connected successfully","timestamp":"2026-02-25 13:58:47"}
{"level":"info","message":"Backend running on http://localhost:5001","timestamp":"2026-02-25 14:15:55"}
{"level":"info","message":"Redis connected","timestamp":"2026-02-25 14:15:55"}
{"level":"info","message":"MongoDB connected successfully","timestamp":"2026-02-25 14:15:55"}
{"level":"info","message":"Backend running on http://localhost:5001","timestamp":"2026-02-25 14:16:39"}
{"level":"info","message":"Redis connected","timestamp":"2026-02-25 14:16:39"}
{"level":"info","message":"MongoDB connected successfully","timestamp":"2026-02-25 14:16:39"}
{"level":"info","message":"Backend running on http://localhost:5001","timestamp":"2026-02-25 14:18:21"}
{"level":"info","message":"Redis connected","timestamp":"2026-02-25 14:18:21"}
{"level":"info","message":"MongoDB connected successfully","timestamp":"2026-02-25 14:18:21"}
{"level":"info","message":"Backend running on http://localhost:5001","timestamp":"2026-02-25 14:32:21"}
{"level":"info","message":"Redis connected","timestamp":"2026-02-25 14:32:21"}
{"level":"info","message":"MongoDB connected successfully","timestamp":"2026-02-25 14:32:21"}
{"level":"info","message":"Backend running on http://localhost:5001","timestamp":"2026-02-25 14:39:16"}
{"level":"info","message":"Redis connected","timestamp":"2026-02-25 14:39:16"}
{"level":"info","message":"MongoDB connected successfully","timestamp":"2026-02-25 14:39:16"}
{"level":"info","message":"Backend running on http://localhost:5001","timestamp":"2026-02-25 14:39:26"}
{"level":"info","message":"Redis connected","timestamp":"2026-02-25 14:39:26"}
{"level":"info","message":"MongoDB connected successfully","timestamp":"2026-02-25 14:39:26"}
{"level":"info","message":"Backend running on http://localhost:5001","timestamp":"2026-02-25 14:41:42"}
{"level":"info","message":"Redis connected","timestamp":"2026-02-25 14:41:42"}
{"level":"info","message":"MongoDB connected successfully","timestamp":"2026-02-25 14:41:42"}
{"level":"info","message":"Backend running on http://localhost:5001","timestamp":"2026-02-25 14:42:31"}
{"level":"info","message":"Redis connected","timestamp":"2026-02-25 14:42:31"}
{"level":"info","message":"MongoDB connected successfully","timestamp":"2026-02-25 14:42:31"}
{"level":"info","message":"Backend running on http://localhost:5001","timestamp":"2026-02-25 14:48:17"}
{"level":"info","message":"Redis connected","timestamp":"2026-02-25 14:48:17"}
{"level":"info","message":"MongoDB connected successfully","timestamp":"2026-02-25 14:48:17"}
{"level":"info","message":"Backend running on http://localhost:5001","timestamp":"2026-02-25 14:48:29"}
{"level":"info","message":"Redis connected","timestamp":"2026-02-25 14:48:29"}
{"level":"info","message":"MongoDB connected successfully","timestamp":"2026-02-25 14:48:29"}
{"level":"info","message":"Backend running on http://localhost:5001","timestamp":"2026-02-25 15:04:38"}
{"level":"info","message":"Redis connected","timestamp":"2026-02-25 15:04:38"}
{"level":"info","message":"MongoDB connected successfully","timestamp":"2026-02-25 15:04:38"}
{"level":"info","message":"Backend running on http://localhost:5001","timestamp":"2026-02-25 15:05:44"}
{"level":"info","message":"Redis connected","timestamp":"2026-02-25 15:05:44"}
{"level":"info","message":"MongoDB connected successfully","timestamp":"2026-02-25 15:05:44"}
{"level":"info","message":"Backend running on http://localhost:5001","timestamp":"2026-02-25 15:06:47"}
{"level":"info","message":"Redis connected","timestamp":"2026-02-25 15:06:47"}
{"level":"info","message":"MongoDB connected successfully","timestamp":"2026-02-25 15:06:47"}
{"level":"info","message":"Backend running on http://localhost:5001","timestamp":"2026-02-25 15:07:29"}
{"level":"info","message":"Redis connected","timestamp":"2026-02-25 15:07:29"}
{"level":"info","message":"MongoDB connected successfully","timestamp":"2026-02-25 15:07:29"}
{"level":"info","message":"Backend running on http://localhost:5001","timestamp":"2026-02-25 15:07:43"}
{"level":"info","message":"Redis connected","timestamp":"2026-02-25 15:07:43"}
{"level":"info","message":"MongoDB connected successfully","timestamp":"2026-02-25 15:07:43"}
{"level":"info","message":"Backend running on http://localhost:5001","timestamp":"2026-02-25 15:08:23"}
{"level":"info","message":"Redis connected","timestamp":"2026-02-25 15:08:23"}
{"level":"info","message":"MongoDB connected successfully","timestamp":"2026-02-25 15:08:23"}
{"level":"info","message":"Backend running on http://localhost:5001","timestamp":"2026-02-25 15:09:35"}
{"level":"info","message":"Redis connected","timestamp":"2026-02-25 15:09:35"}
{"level":"info","message":"MongoDB connected successfully","timestamp":"2026-02-25 15:09:35"}
{"level":"info","message":"Backend running on http://localhost:5001","timestamp":"2026-02-25 15:24:53"}
{"level":"info","message":"Redis connected","timestamp":"2026-02-25 15:24:53"}
{"level":"info","message":"MongoDB connected successfully","timestamp":"2026-02-25 15:24:53"}
{"level":"info","message":"Backend running on http://localhost:5001","timestamp":"2026-02-25 15:26:05"}
{"level":"info","message":"Redis connected","timestamp":"2026-02-25 15:26:05"}
{"level":"info","message":"MongoDB connected successfully","timestamp":"2026-02-25 15:26:05"}
{"level":"info","message":"Backend running on http://localhost:5001","timestamp":"2026-02-25 15:27:55"}
{"level":"info","message":"Redis connected","timestamp":"2026-02-25 15:27:55"}
{"level":"info","message":"MongoDB connected successfully","timestamp":"2026-02-25 15:27:55"}
{"level":"info","message":"Backend running on http://localhost:5001","timestamp":"2026-02-25 15:29:32"}
{"level":"info","message":"Redis connected","timestamp":"2026-02-25 15:29:32"}
{"level":"info","message":"MongoDB connected successfully","timestamp":"2026-02-25 15:29:32"}
{"level":"info","message":"Backend running on http://localhost:5001","timestamp":"2026-02-25 15:30:00"}
{"level":"info","message":"Redis connected","timestamp":"2026-02-25 15:30:00"}
{"level":"info","message":"MongoDB connected successfully","timestamp":"2026-02-25 15:30:00"}
{"level":"info","message":"Backend running on http://localhost:5001","timestamp":"2026-02-25 15:35:00"}
{"level":"info","message":"Redis connected","timestamp":"2026-02-25 15:35:00"}
{"level":"info","message":"MongoDB connected successfully","timestamp":"2026-02-25 15:35:00"}
{"level":"info","message":"Backend running on http://localhost:5001","timestamp":"2026-02-25 15:35:16"}
{"level":"info","message":"Redis connected","timestamp":"2026-02-25 15:35:16"}
{"level":"info","message":"MongoDB connected successfully","timestamp":"2026-02-25 15:35:16"}
{"level":"info","message":"Backend running on http://localhost:5001","timestamp":"2026-02-25 16:04:48"}
{"level":"info","message":"Redis connected","timestamp":"2026-02-25 16:04:48"}
{"level":"info","message":"MongoDB connected successfully","timestamp":"2026-02-25 16:04:48"}
{"level":"info","message":"Backend running on http://localhost:5001","timestamp":"2026-02-25 16:05:03"}
{"level":"info","message":"Redis connected","timestamp":"2026-02-25 16:05:03"}
{"level":"info","message":"MongoDB connected successfully","timestamp":"2026-02-25 16:05:03"}
{"level":"info","message":"Backend running on http://localhost:5001","timestamp":"2026-02-25 16:05:28"}
{"level":"info","message":"Redis connected","timestamp":"2026-02-25 16:05:28"}
{"level":"info","message":"MongoDB connected successfully","timestamp":"2026-02-25 16:05:28"}
{"level":"warn","message":"Handled AppError No token provided","method":"POST","statusCode":401,"timestamp":"2026-02-25 16:06:01","url":"/api/auth/refresh","userId":"anonymous"}
{"level":"warn","message":"Handled AppError No token provided","method":"POST","statusCode":401,"timestamp":"2026-02-25 16:06:01","url":"/api/auth/refresh","userId":"anonymous"}
{"level":"warn","message":"Handled AppError No token provided","method":"POST","statusCode":401,"timestamp":"2026-02-25 16:06:01","url":"/api/auth/refresh","userId":"anonymous"}
{"level":"warn","message":"Handled AppError No token provided","method":"POST","statusCode":401,"timestamp":"2026-02-25 16:06:01","url":"/api/auth/refresh","userId":"anonymous"}
{"level":"warn","message":"Handled AppError No token provided","method":"POST","statusCode":401,"timestamp":"2026-02-25 16:06:12","url":"/api/auth/refresh","userId":"anonymous"}
{"level":"warn","message":"Handled AppError No token provided","method":"POST","statusCode":401,"timestamp":"2026-02-25 16:22:39","url":"/api/auth/refresh","userId":"anonymous"}
{"level":"error","message":"Redis error","timestamp":"2026-02-25 22:06:39"}
{"level":"error","message":"Redis error {\"errno\":-61,\"code\":\"ECONNREFUSED\",\"syscall\":\"connect\",\"address\":\"127.0.0.1\",\"port\":6379}","timestamp":"2026-02-25 22:06:39"}
{"level":"error","message":"Redis error {\"errno\":-61,\"code\":\"ECONNREFUSED\",\"syscall\":\"connect\",\"address\":\"127.0.0.1\",\"port\":6379}","timestamp":"2026-02-25 22:06:39"}
{"level":"error","message":"Redis error {\"errno\":-61,\"code\":\"ECONNREFUSED\",\"syscall\":\"connect\",\"address\":\"127.0.0.1\",\"port\":6379}","timestamp":"2026-02-25 22:06:39"}
{"level":"error","message":"Redis error {\"errno\":-61,\"code\":\"ECONNREFUSED\",\"syscall\":\"connect\",\"address\":\"127.0.0.1\",\"port\":6379}","timestamp":"2026-02-25 22:06:39"}
{"level":"error","message":"Redis error {\"errno\":-61,\"code\":\"ECONNREFUSED\",\"syscall\":\"connect\",\"address\":\"127.0.0.1\",\"port\":6379}","timestamp":"2026-02-25 22:06:40"}
{"level":"error","message":"Redis error {\"errno\":-61,\"code\":\"ECONNREFUSED\",\"syscall\":\"connect\",\"address\":\"127.0.0.1\",\"port\":6379}","timestamp":"2026-02-25 22:06:41"}
{"level":"error","message":"Redis error {\"errno\":-61,\"code\":\"ECONNREFUSED\",\"syscall\":\"connect\",\"address\":\"127.0.0.1\",\"port\":6379}","timestamp":"2026-02-25 22:06:42"}
{"level":"info","message":"Redis connected","timestamp":"2026-02-25 22:06:45"}
{"level":"warn","message":"Handled AppError No token provided","method":"POST","statusCode":401,"timestamp":"2026-02-25 22:07:13","url":"/api/auth/refresh","userId":"anonymous"}
{"level":"warn","message":"Handled AppError No token provided","method":"POST","statusCode":401,"timestamp":"2026-02-25 22:07:16","url":"/api/auth/refresh","userId":"anonymous"}
{"level":"warn","message":"Handled AppError Invalid email/phone or password","method":"POST","statusCode":401,"timestamp":"2026-02-25 22:13:52","url":"/api/auth/login","userId":"anonymous"}
{"level":"warn","message":"Handled AppError Invalid email/phone or password","method":"POST","statusCode":401,"timestamp":"2026-02-25 22:13:52","url":"/api/auth/login","userId":"anonymous"}
{"level":"warn","message":"Handled AppError Invalid email/phone or password","method":"POST","statusCode":401,"timestamp":"2026-02-25 22:13:57","url":"/api/auth/login","userId":"anonymous"}
{"level":"warn","message":"Handled AppError Invalid email/phone or password","method":"POST","statusCode":401,"timestamp":"2026-02-25 22:13:57","url":"/api/auth/login","userId":"anonymous"}
{"level":"warn","message":"Handled AppError Invalid email/phone or password","method":"POST","statusCode":401,"timestamp":"2026-02-25 22:14:04","url":"/api/auth/login","userId":"anonymous"}
{"level":"warn","message":"Handled AppError Invalid email/phone or password","method":"POST","statusCode":401,"timestamp":"2026-02-25 22:14:04","url":"/api/auth/login","userId":"anonymous"}
{"level":"warn","message":"Handled AppError Invalid email/phone or password","method":"POST","statusCode":401,"timestamp":"2026-02-25 22:14:12","url":"/api/auth/login","userId":"anonymous"}
{"level":"warn","message":"Handled AppError Invalid email/phone or password","method":"POST","statusCode":401,"timestamp":"2026-02-25 22:14:12","url":"/api/auth/login","userId":"anonymous"}
{"level":"warn","message":"Handled AppError Invalid email/phone or password","method":"POST","statusCode":401,"timestamp":"2026-02-25 22:14:14","url":"/api/auth/login","userId":"anonymous"}
{"level":"warn","message":"Handled AppError Invalid email/phone or password","method":"POST","statusCode":401,"timestamp":"2026-02-25 22:14:14","url":"/api/auth/login","userId":"anonymous"}
{"level":"warn","message":"Handled AppError Invalid email/phone or password","method":"POST","statusCode":401,"timestamp":"2026-02-25 22:14:14","url":"/api/auth/login","userId":"anonymous"}
{"level":"warn","message":"Handled AppError Invalid email/phone or password","method":"POST","statusCode":401,"timestamp":"2026-02-25 22:14:14","url":"/api/auth/login","userId":"anonymous"}
{"level":"warn","message":"Handled AppError Invalid email/phone or password","method":"POST","statusCode":401,"timestamp":"2026-02-25 22:14:14","url":"/api/auth/login","userId":"anonymous"}
{"level":"warn","message":"Handled AppError Invalid email/phone or password","method":"POST","statusCode":401,"timestamp":"2026-02-25 22:14:14","url":"/api/auth/login","userId":"anonymous"}
{"level":"warn","message":"Handled AppError Invalid email/phone or password","method":"POST","statusCode":401,"timestamp":"2026-02-25 22:14:14","url":"/api/auth/login","userId":"anonymous"}
{"level":"warn","message":"Handled AppError Invalid email/phone or password","method":"POST","statusCode":401,"timestamp":"2026-02-25 22:14:14","url":"/api/auth/login","userId":"anonymous"}
{"level":"warn","message":"Handled AppError Invalid email/phone or password","method":"POST","statusCode":401,"timestamp":"2026-02-25 22:14:23","url":"/api/auth/login","userId":"anonymous"}
{"level":"warn","message":"Handled AppError Invalid email/phone or password","method":"POST","statusCode":401,"timestamp":"2026-02-25 22:14:23","url":"/api/auth/login","userId":"anonymous"}
{"level":"warn","message":"Handled AppError Invalid email/phone or password","method":"POST","statusCode":401,"timestamp":"2026-02-25 22:14:23","url":"/api/auth/login","userId":"anonymous"}
{"level":"warn","message":"Handled AppError Invalid email/phone or password","method":"POST","statusCode":401,"timestamp":"2026-02-25 22:14:23","url":"/api/auth/login","userId":"anonymous"}
{"level":"warn","message":"Handled AppError Invalid email/phone or password","method":"POST","statusCode":401,"timestamp":"2026-02-25 22:14:23","url":"/api/auth/login","userId":"anonymous"}
{"level":"warn","message":"Handled AppError Invalid email/phone or password","method":"POST","statusCode":401,"timestamp":"2026-02-25 22:14:23","url":"/api/auth/login","userId":"anonymous"}
{"level":"warn","message":"Handled AppError Invalid email/phone or password","method":"POST","statusCode":401,"timestamp":"2026-02-25 22:14:23","url":"/api/auth/login","userId":"anonymous"}
{"level":"warn","message":"Handled AppError Invalid email/phone or password","method":"POST","statusCode":401,"timestamp":"2026-02-25 22:14:23","url":"/api/auth/login","userId":"anonymous"}
{"level":"warn","message":"Handled AppError Invalid email/phone or password","method":"POST","statusCode":401,"timestamp":"2026-02-25 22:14:23","url":"/api/auth/login","userId":"anonymous"}
{"level":"warn","message":"Handled AppError Invalid email/phone or password","method":"POST","statusCode":401,"timestamp":"2026-02-25 22:14:23","url":"/api/auth/login","userId":"anonymous"}
{"level":"warn","message":"Handled AppError Invalid email/phone or password","method":"POST","statusCode":401,"timestamp":"2026-02-25 22:14:34","url":"/api/auth/login","userId":"anonymous"}
{"level":"warn","message":"Handled AppError Invalid email/phone or password","method":"POST","statusCode":401,"timestamp":"2026-02-25 22:14:34","url":"/api/auth/login","userId":"anonymous"}
{"level":"warn","message":"Handled AppError Invalid email/phone or password","method":"POST","statusCode":401,"timestamp":"2026-02-25 22:14:35","url":"/api/auth/login","userId":"anonymous"}
{"level":"warn","message":"Handled AppError Invalid email/phone or password","method":"POST","statusCode":401,"timestamp":"2026-02-25 22:14:35","url":"/api/auth/login","userId":"anonymous"}
{"level":"warn","message":"Handled AppError Invalid email/phone or password","method":"POST","statusCode":401,"timestamp":"2026-02-25 22:14:35","url":"/api/auth/login","userId":"anonymous"}
{"level":"warn","message":"Handled AppError Invalid email/phone or password","method":"POST","statusCode":401,"timestamp":"2026-02-25 22:14:35","url":"/api/auth/login","userId":"anonymous"}
{"level":"warn","message":"Handled AppError Invalid email/phone or password","method":"POST","statusCode":401,"timestamp":"2026-02-25 22:14:35","url":"/api/auth/login","userId":"anonymous"}
{"level":"warn","message":"Handled AppError Invalid email/phone or password","method":"POST","statusCode":401,"timestamp":"2026-02-25 22:14:35","url":"/api/auth/login","userId":"anonymous"}
{"level":"info","message":"Backend running on http://localhost:5001","timestamp":"2026-02-25 22:15:36"}
{"level":"info","message":"Redis connected","timestamp":"2026-02-25 22:15:36"}
{"level":"info","message":"MongoDB connected successfully","timestamp":"2026-02-25 22:15:36"}
{"level":"info","message":"Backend running on http://localhost:5001","timestamp":"2026-02-25 22:15:53"}
{"level":"info","message":"Redis connected","timestamp":"2026-02-25 22:15:53"}
{"level":"info","message":"MongoDB connected successfully","timestamp":"2026-02-25 22:15:53"}
{"level":"warn","message":"Handled AppError No token provided","method":"POST","statusCode":401,"timestamp":"2026-02-25 22:16:01","url":"/api/auth/refresh","userId":"anonymous"}
{"level":"warn","message":"Handled AppError No token provided","method":"POST","statusCode":401,"timestamp":"2026-02-25 22:17:42","url":"/api/auth/refresh","userId":"anonymous"}
{"level":"warn","message":"Handled AppError No token provided","method":"POST","statusCode":401,"timestamp":"2026-02-25 22:17:44","url":"/api/auth/refresh","userId":"anonymous"}
{"level":"info","message":"Backend running on http://localhost:5001","timestamp":"2026-02-25 22:25:02"}
{"level":"info","message":"Redis connected","timestamp":"2026-02-25 22:25:02"}
{"level":"info","message":"MongoDB connected successfully","timestamp":"2026-02-25 22:25:02"}
{"level":"info","message":"Backend running on http://localhost:5001","timestamp":"2026-02-25 22:25:23"}
{"level":"info","message":"Redis connected","timestamp":"2026-02-25 22:25:23"}
{"level":"info","message":"MongoDB connected successfully","timestamp":"2026-02-25 22:25:23"}
{"level":"info","message":"Backend running on http://localhost:5001","timestamp":"2026-02-25 22:26:13"}
{"level":"info","message":"Redis connected","timestamp":"2026-02-25 22:26:13"}
{"level":"info","message":"MongoDB connected successfully","timestamp":"2026-02-25 22:26:13"}
{"level":"info","message":"Backend running on http://localhost:5001","timestamp":"2026-02-25 22:26:23"}
{"level":"info","message":"Redis connected","timestamp":"2026-02-25 22:26:23"}
{"level":"info","message":"MongoDB connected successfully","timestamp":"2026-02-25 22:26:23"}
{"level":"info","message":"Backend running on http://localhost:5001","timestamp":"2026-02-25 22:26:34"}
{"level":"info","message":"Redis connected","timestamp":"2026-02-25 22:26:34"}
{"level":"info","message":"MongoDB connected successfully","timestamp":"2026-02-25 22:26:34"}
{"level":"info","message":"Backend running on http://localhost:5001","timestamp":"2026-02-25 22:28:02"}
{"level":"info","message":"Redis connected","timestamp":"2026-02-25 22:28:02"}
{"level":"info","message":"MongoDB connected successfully","timestamp":"2026-02-25 22:28:02"}
{"level":"info","message":"Backend running on http://localhost:5001","timestamp":"2026-02-25 22:28:20"}
{"level":"info","message":"Redis connected","timestamp":"2026-02-25 22:28:20"}
{"level":"info","message":"MongoDB connected successfully","timestamp":"2026-02-25 22:28:20"}
{"level":"info","message":"Backend running on http://localhost:5001","timestamp":"2026-02-25 22:29:22"}
{"level":"info","message":"Redis connected","timestamp":"2026-02-25 22:29:22"}
{"level":"info","message":"MongoDB connected successfully","timestamp":"2026-02-25 22:29:22"}
{"level":"info","message":"Backend running on http://localhost:5001","timestamp":"2026-02-25 22:31:15"}
{"level":"info","message":"Redis connected","timestamp":"2026-02-25 22:31:15"}
{"level":"info","message":"MongoDB connected successfully","timestamp":"2026-02-25 22:31:15"}
{"level":"info","message":"Backend running on http://localhost:5001","timestamp":"2026-02-25 22:40:38"}
{"level":"info","message":"Redis connected","timestamp":"2026-02-25 22:40:38"}
{"level":"info","message":"MongoDB connected successfully","timestamp":"2026-02-25 22:40:38"}
{"level":"info","message":"Backend running on http://localhost:5001","timestamp":"2026-02-25 22:41:06"}
{"level":"info","message":"Redis connected","timestamp":"2026-02-25 22:41:06"}
{"level":"info","message":"MongoDB connected successfully","timestamp":"2026-02-25 22:41:06"}
{"level":"info","message":"Backend running on http://localhost:5001","timestamp":"2026-02-25 22:43:02"}
{"level":"info","message":"Redis connected","timestamp":"2026-02-25 22:43:02"}
{"level":"info","message":"MongoDB connected successfully","timestamp":"2026-02-25 22:43:02"}
{"level":"info","message":"Backend running on http://localhost:5001","timestamp":"2026-02-25 22:44:35"}
{"level":"info","message":"Redis connected","timestamp":"2026-02-25 22:44:35"}
{"level":"info","message":"MongoDB connected successfully","timestamp":"2026-02-25 22:44:35"}
{"level":"info","message":"Backend running on http://localhost:5001","timestamp":"2026-02-25 22:44:57"}
{"level":"info","message":"Redis connected","timestamp":"2026-02-25 22:44:57"}
{"level":"info","message":"MongoDB connected successfully","timestamp":"2026-02-25 22:44:57"}
{"level":"info","message":"Backend running on http://localhost:5001","timestamp":"2026-02-25 23:02:15"}
{"level":"info","message":"Redis connected","timestamp":"2026-02-25 23:02:15"}
{"level":"info","message":"MongoDB connected successfully","timestamp":"2026-02-25 23:02:15"}
{"level":"info","message":"Backend running on http://localhost:5001","timestamp":"2026-02-25 23:02:52"}
{"level":"info","message":"Redis connected","timestamp":"2026-02-25 23:02:52"}
{"level":"info","message":"MongoDB connected successfully","timestamp":"2026-02-25 23:02:52"}
{"level":"info","message":"Backend running on http://localhost:5001","timestamp":"2026-02-25 23:04:30"}
{"level":"info","message":"Redis connected","timestamp":"2026-02-25 23:04:30"}
{"level":"info","message":"MongoDB connected successfully","timestamp":"2026-02-25 23:04:30"}
