{"level":"info","message":"Backend running on http://localhost:5001","timestamp":"2026-02-23 12:14:49"}
{"level":"info","message":"Redis connected","timestamp":"2026-02-23 12:14:49"}
{"level":"info","message":"MongoDB connected successfully","timestamp":"2026-02-23 12:14:49"}
{"level":"warn","message":"Handled AppError No token provided","method":"POST","statusCode":401,"timestamp":"2026-02-23 12:15:00","url":"/api/auth/refresh","userId":"anonymous"}
{"level":"warn","message":"Handled AppError No token provided","method":"POST","statusCode":401,"timestamp":"2026-02-23 12:21:40","url":"/api/auth/refresh","userId":"anonymous"}
{"level":"info","message":"Backend running on http://localhost:5001","timestamp":"2026-02-23 12:30:48"}
{"level":"info","message":"Redis connected","timestamp":"2026-02-23 12:30:48"}
{"level":"info","message":"MongoDB connected successfully","timestamp":"2026-02-23 12:30:48"}
{"level":"info","message":"Backend running on http://localhost:5001","timestamp":"2026-02-23 12:39:38"}
{"level":"info","message":"Redis connected","timestamp":"2026-02-23 12:39:38"}
{"level":"info","message":"MongoDB connected successfully","timestamp":"2026-02-23 12:39:38"}
{"level":"info","message":"Backend running on http://localhost:5001","timestamp":"2026-02-23 12:49:18"}
{"level":"info","message":"Redis connected","timestamp":"2026-02-23 12:49:18"}
{"level":"info","message":"MongoDB connected successfully","timestamp":"2026-02-23 12:49:18"}
{"level":"info","message":"Backend running on http://localhost:5001","timestamp":"2026-02-23 12:53:08"}
{"level":"info","message":"Redis connected","timestamp":"2026-02-23 12:53:08"}
{"level":"info","message":"MongoDB connected successfully","timestamp":"2026-02-23 12:53:08"}
{"level":"info","message":"Backend running on http://localhost:5001","timestamp":"2026-02-23 12:57:00"}
{"level":"info","message":"Redis connected","timestamp":"2026-02-23 12:57:00"}
{"level":"info","message":"MongoDB connected successfully","timestamp":"2026-02-23 12:57:00"}
{"level":"info","message":"Backend running on http://localhost:5001","timestamp":"2026-02-23 13:01:55"}
{"level":"info","message":"Redis connected","timestamp":"2026-02-23 13:01:55"}
{"level":"info","message":"MongoDB connected successfully","timestamp":"2026-02-23 13:01:55"}
{"level":"info","message":"Backend running on http://localhost:5001","timestamp":"2026-02-23 13:05:14"}
{"level":"info","message":"Redis connected","timestamp":"2026-02-23 13:05:14"}
{"level":"info","message":"MongoDB connected successfully","timestamp":"2026-02-23 13:05:14"}
{"level":"warn","message":"Handled AppError No token provided","method":"POST","statusCode":401,"timestamp":"2026-02-23 13:15:29","url":"/api/auth/refresh","userId":"anonymous"}
{"level":"warn","message":"Handled AppError No token provided","method":"POST","statusCode":401,"timestamp":"2026-02-23 13:15:31","url":"/api/auth/refresh","userId":"anonymous"}
{"level":"warn","message":"Handled AppError Invalid email/phone or password","method":"POST","statusCode":401,"timestamp":"2026-02-23 13:15:48","url":"/api/auth/login","userId":"anonymous"}
{"level":"warn","message":"Handled AppError No token provided","method":"POST","statusCode":401,"timestamp":"2026-02-23 13:15:48","url":"/api/auth/refresh","userId":"anonymous"}
{"level":"warn","message":"Handled AppError Invalid email/phone or password","method":"POST","statusCode":401,"timestamp":"2026-02-23 13:15:57","url":"/api/auth/login","userId":"anonymous"}
{"level":"warn","message":"Handled AppError No token provided","method":"POST","statusCode":401,"timestamp":"2026-02-23 13:15:57","url":"/api/auth/refresh","userId":"anonymous"}
{"level":"warn","message":"Handled AppError Invalid email/phone or password","method":"POST","statusCode":401,"timestamp":"2026-02-23 13:15:57","url":"/api/auth/login","userId":"anonymous"}
{"level":"warn","message":"Handled AppError No token provided","method":"POST","statusCode":401,"timestamp":"2026-02-23 13:15:57","url":"/api/auth/refresh","userId":"anonymous"}
{"level":"warn","message":"Handled AppError Invalid email/phone or password","method":"POST","statusCode":401,"timestamp":"2026-02-23 13:15:58","url":"/api/auth/login","userId":"anonymous"}
{"level":"warn","message":"Handled AppError No token provided","method":"POST","statusCode":401,"timestamp":"2026-02-23 13:15:58","url":"/api/auth/refresh","userId":"anonymous"}
{"level":"warn","message":"Handled AppError Invalid email/phone or password","method":"POST","statusCode":401,"timestamp":"2026-02-23 13:15:58","url":"/api/auth/login","userId":"anonymous"}
{"level":"warn","message":"Handled AppError No token provided","method":"POST","statusCode":401,"timestamp":"2026-02-23 13:15:58","url":"/api/auth/refresh","userId":"anonymous"}
{"level":"info","message":"Backend running on http://localhost:5001","timestamp":"2026-02-23 13:20:47"}
{"level":"info","message":"Redis connected","timestamp":"2026-02-23 13:20:47"}
{"level":"info","message":"MongoDB connected successfully","timestamp":"2026-02-23 13:20:47"}
{"level":"info","message":"Backend running on http://localhost:5001","timestamp":"2026-02-23 13:20:59"}
{"level":"info","message":"Redis connected","timestamp":"2026-02-23 13:20:59"}
{"level":"info","message":"MongoDB connected successfully","timestamp":"2026-02-23 13:20:59"}
{"level":"warn","message":"Handled AppError No token provided","method":"POST","statusCode":401,"timestamp":"2026-02-23 13:23:01","url":"/api/auth/refresh","userId":"anonymous"}
{"level":"warn","message":"Handled AppError No token provided","method":"POST","statusCode":401,"timestamp":"2026-02-23 13:23:04","url":"/api/auth/refresh","userId":"anonymous"}
{"level":"info","message":"Backend running on http://localhost:5001","timestamp":"2026-02-23 14:57:18"}
{"level":"info","message":"Redis connected","timestamp":"2026-02-23 14:57:18"}
{"level":"info","message":"MongoDB connected successfully","timestamp":"2026-02-23 14:57:18"}
{"level":"warn","message":"Handled AppError No token provided","method":"POST","statusCode":401,"timestamp":"2026-02-23 14:59:39","url":"/api/auth/refresh","userId":"anonymous"}
{"level":"warn","message":"Handled AppError No token provided","method":"POST","statusCode":401,"timestamp":"2026-02-23 14:59:42","url":"/api/auth/refresh","userId":"anonymous"}
{"level":"warn","message":"Handled AppError No token provided","method":"POST","statusCode":401,"timestamp":"2026-02-23 14:59:45","url":"/api/auth/refresh","userId":"anonymous"}
{"level":"warn","message":"Handled AppError No token provided","method":"POST","statusCode":401,"timestamp":"2026-02-23 14:59:47","url":"/api/auth/refresh","userId":"anonymous"}
{"level":"warn","message":"Handled AppError No token provided","method":"POST","statusCode":401,"timestamp":"2026-02-23 14:59:49","url":"/api/auth/refresh","userId":"anonymous"}
{"level":"warn","message":"Handled AppError No token provided","method":"POST","statusCode":401,"timestamp":"2026-02-23 14:59:52","url":"/api/auth/refresh","userId":"anonymous"}
{"level":"warn","message":"Handled AppError No token provided","method":"POST","statusCode":401,"timestamp":"2026-02-23 14:59:55","url":"/api/auth/refresh","userId":"anonymous"}
{"level":"warn","message":"Handled AppError No token provided","method":"POST","statusCode":401,"timestamp":"2026-02-23 15:00:05","url":"/api/auth/refresh","userId":"anonymous"}
{"level":"warn","message":"Handled AppError No token provided","method":"POST","statusCode":401,"timestamp":"2026-02-23 15:00:14","url":"/api/auth/refresh","userId":"anonymous"}
{"level":"info","message":"Backend running on http://localhost:5001","timestamp":"2026-02-23 15:44:55"}
{"level":"info","message":"Redis connected","timestamp":"2026-02-23 15:44:55"}
{"level":"info","message":"MongoDB connected successfully","timestamp":"2026-02-23 15:44:55"}
{"level":"info","message":"Backend running on http://localhost:5001","timestamp":"2026-02-23 15:45:03"}
{"level":"info","message":"Redis connected","timestamp":"2026-02-23 15:45:03"}
{"level":"info","message":"MongoDB connected successfully","timestamp":"2026-02-23 15:45:03"}
{"level":"warn","message":"Handled AppError No token provided","method":"POST","statusCode":401,"timestamp":"2026-02-23 16:02:42","url":"/api/auth/refresh","userId":"anonymous"}
{"level":"info","message":"Backend running on http://localhost:5001","timestamp":"2026-02-23 16:24:33"}
{"level":"info","message":"Redis connected","timestamp":"2026-02-23 16:24:33"}
{"level":"info","message":"MongoDB connected successfully","timestamp":"2026-02-23 16:24:33"}
{"level":"info","message":"Backend running on http://localhost:5001","timestamp":"2026-02-23 16:24:59"}
{"level":"info","message":"Redis connected","timestamp":"2026-02-23 16:24:59"}
{"level":"info","message":"MongoDB connected successfully","timestamp":"2026-02-23 16:24:59"}
{"level":"warn","message":"Handled AppError No token provided","method":"POST","statusCode":401,"timestamp":"2026-02-23 16:25:39","url":"/api/auth/refresh","userId":"anonymous"}
{"level":"error","message":"Unhandled Error Booking validation failed: totalPrice: Path `totalPrice` is required.","method":"PATCH","stack":"ValidationError: Booking validation failed: totalPrice: Path `totalPrice` is required.\n    at model.Document.invalidate (/Users/ashikmuhammed/Desktop/Saloon Booking Managment/backend/node_modules/mongoose/lib/document.js:3370:32)\n    at validatePath (/Users/ashikmuhammed/Desktop/Saloon Booking Managment/backend/node_modules/mongoose/lib/document.js:3145:13)\n    at processTicksAndRejections (node:internal/process/task_queues:105:5)\n    at async Promise.all (index 0)\n    at async model.$__validate (/Users/ashikmuhammed/Desktop/Saloon Booking Managment/backend/node_modules/mongoose/lib/document.js:3086:3)\n    at async model.validate (/Users/ashikmuhammed/Desktop/Saloon Booking Managment/backend/node_modules/mongoose/lib/document.js:2663:5)\n    at async model.validateBeforeSave (/Users/ashikmuhammed/Desktop/Saloon Booking Managment/backend/node_modules/mongoose/lib/plugins/validateBeforeSave.js:34:7)\n    at async Kareem.execPre (/Users/ashikmuhammed/Desktop/Saloon Booking Managment/backend/node_modules/kareem/index.js:65:24)\n    at async model.$__save (/Users/ashikmuhammed/Desktop/Saloon Booking Managment/backend/node_modules/mongoose/lib/model.js:369:5)\n    at async model.save (/Users/ashikmuhammed/Desktop/Saloon Booking Managment/backend/node_modules/mongoose/lib/model.js:609:5)","timestamp":"2026-02-23 16:28:11","url":"/api/slots/dynamic_698b46bfe65366c147965cf4_695adad0e5e49754e37c9c4d_2026-02-27_09:00_09:30/block","userId":"693d1d1c955b52394a731682"}
{"level":"info","message":"Backend running on http://localhost:5001","timestamp":"2026-02-23 16:31:20"}
{"level":"info","message":"Redis connected","timestamp":"2026-02-23 16:31:20"}
{"level":"info","message":"MongoDB connected successfully","timestamp":"2026-02-23 16:31:20"}
{"level":"info","message":"Backend running on http://localhost:5001","timestamp":"2026-02-23 16:31:53"}
{"level":"info","message":"Redis connected","timestamp":"2026-02-23 16:31:53"}
{"level":"info","message":"MongoDB connected successfully","timestamp":"2026-02-23 16:31:53"}
{"level":"info","message":"Backend running on http://localhost:5001","timestamp":"2026-02-23 16:32:00"}
{"level":"info","message":"Redis connected","timestamp":"2026-02-23 16:32:00"}
{"level":"info","message":"MongoDB connected successfully","timestamp":"2026-02-23 16:32:00"}
{"level":"info","message":"Backend running on http://localhost:5001","timestamp":"2026-02-23 17:29:25"}
{"level":"info","message":"Redis connected","timestamp":"2026-02-23 17:29:25"}
{"level":"info","message":"MongoDB connected successfully","timestamp":"2026-02-23 17:29:25"}
{"level":"info","message":"Backend running on http://localhost:5001","timestamp":"2026-02-23 17:29:33"}
{"level":"info","message":"Redis connected","timestamp":"2026-02-23 17:29:33"}
{"level":"info","message":"MongoDB connected successfully","timestamp":"2026-02-23 17:29:33"}
{"level":"warn","message":"Handled AppError No token provided","method":"POST","statusCode":401,"timestamp":"2026-02-23 17:29:38","url":"/api/auth/refresh","userId":"anonymous"}
{"level":"info","message":"Backend running on http://localhost:5001","timestamp":"2026-02-23 20:01:04"}
{"level":"info","message":"Redis connected","timestamp":"2026-02-23 20:01:04"}
{"level":"info","message":"MongoDB connected successfully","timestamp":"2026-02-23 20:01:04"}
{"level":"info","message":"Backend running on http://localhost:5001","timestamp":"2026-02-23 20:01:14"}
{"level":"info","message":"Redis connected","timestamp":"2026-02-23 20:01:14"}
{"level":"info","message":"MongoDB connected successfully","timestamp":"2026-02-23 20:01:14"}
{"level":"warn","message":"Handled AppError Cannot block slots starting within the next 60 minutes","method":"PATCH","statusCode":400,"timestamp":"2026-02-23 20:05:19","url":"/api/slots/dynamic_698b46bfe65366c147965cf4_695adad0e5e49754e37c9c4d_2026-02-23_10:45_11:00/block","userId":"695adad0e5e49754e37c9c4b"}
{"level":"warn","message":"Handled AppError Cannot block slots starting within the next 60 minutes","method":"PATCH","statusCode":400,"timestamp":"2026-02-23 20:05:33","url":"/api/slots/dynamic_698b46bfe65366c147965cf4_695adad0e5e49754e37c9c4d_2026-02-23_09:45_10:00/block","userId":"695adad0e5e49754e37c9c4b"}
{"level":"warn","message":"Handled AppError Cannot block slots starting within the next 60 minutes","method":"PATCH","statusCode":400,"timestamp":"2026-02-23 20:10:52","url":"/api/slots/dynamic_698b46bfe65366c147965cf4_695adad0e5e49754e37c9c4d_2026-02-23_10:00_10:15/block","userId":"695adad0e5e49754e37c9c4b"}
{"level":"warn","message":"Handled AppError Cannot block slots starting within the next 60 minutes","method":"PATCH","statusCode":400,"timestamp":"2026-02-23 20:11:20","url":"/api/slots/dynamic_698b46bfe65366c147965cf4_695adad0e5e49754e37c9c4d_2026-02-23_09:45_10:00/block","userId":"695adad0e5e49754e37c9c4b"}
{"level":"warn","message":"Handled AppError Cannot block slots starting within the next 60 minutes","method":"PATCH","statusCode":400,"timestamp":"2026-02-23 20:13:37","url":"/api/slots/dynamic_698b46bfe65366c147965cf4_695adad0e5e49754e37c9c4d_2026-02-23_09:45_10:00/block","userId":"695adad0e5e49754e37c9c4b"}
{"level":"warn","message":"Handled AppError Cannot block slots starting within the next 60 minutes","method":"PATCH","statusCode":400,"timestamp":"2026-02-23 20:15:11","url":"/api/slots/dynamic_698b46bfe65366c147965cf4_695adad0e5e49754e37c9c4d_2026-02-23_09:45_10:00/block","userId":"695adad0e5e49754e37c9c4b"}
{"level":"info","message":"Backend running on http://localhost:5001","timestamp":"2026-02-23 20:18:50"}
{"level":"info","message":"Redis connected","timestamp":"2026-02-23 20:18:50"}
{"level":"info","message":"MongoDB connected successfully","timestamp":"2026-02-23 20:18:50"}
{"level":"info","message":"Backend running on http://localhost:5001","timestamp":"2026-02-23 20:19:30"}
{"level":"info","message":"Redis connected","timestamp":"2026-02-23 20:19:30"}
{"level":"info","message":"MongoDB connected successfully","timestamp":"2026-02-23 20:19:30"}
{"level":"info","message":"Backend running on http://localhost:5001","timestamp":"2026-02-23 20:24:38"}
{"level":"info","message":"Redis connected","timestamp":"2026-02-23 20:24:38"}
{"level":"info","message":"MongoDB connected successfully","timestamp":"2026-02-23 20:24:38"}
