{"level":"error","message":"Redis error {\"errno\":-61,\"code\":\"ECONNREFUSED\",\"syscall\":\"connect\",\"address\":\"127.0.0.1\",\"port\":6379}","timestamp":"2026-02-16 16:48:56"}
{"level":"info","message":"MongoDB connected successfully","timestamp":"2026-02-16 16:48:56"}
{"level":"info","message":"Backend running on http://localhost:5001","timestamp":"2026-02-16 17:12:57"}
{"level":"info","message":"Redis connected","timestamp":"2026-02-16 17:12:57"}
{"level":"info","message":"MongoDB connected successfully","timestamp":"2026-02-16 17:12:57"}
{"level":"warn","message":"Handled AppError No token provided","method":"POST","statusCode":401,"timestamp":"2026-02-16 17:13:23","url":"/api/auth/refresh","userId":"anonymous"}
{"level":"warn","message":"Handled AppError No token provided","method":"POST","statusCode":401,"timestamp":"2026-02-16 17:13:26","url":"/api/auth/refresh","userId":"anonymous"}
{"level":"warn","message":"Handled AppError No token provided","method":"POST","statusCode":401,"timestamp":"2026-02-16 17:14:27","url":"/api/auth/refresh","userId":"anonymous"}
{"level":"info","message":"Backend running on http://localhost:5001","timestamp":"2026-02-16 17:43:44"}
{"level":"info","message":"Redis connected","timestamp":"2026-02-16 17:43:44"}
{"level":"info","message":"MongoDB connected successfully","timestamp":"2026-02-16 17:43:44"}
{"level":"info","message":"Backend running on http://localhost:5001","timestamp":"2026-02-16 17:44:03"}
{"level":"info","message":"Redis connected","timestamp":"2026-02-16 17:44:03"}
{"level":"info","message":"MongoDB connected successfully","timestamp":"2026-02-16 17:44:03"}
{"level":"error","message":"Unhandled Error input must be a 24 character hex string, 12 byte Uint8Array, or an integer","method":"GET","stack":"BSONError: input must be a 24 character hex string, 12 byte Uint8Array, or an integer\n    at new ObjectId (/Users/ashikmuhammed/Desktop/Saloon Booking Managment/backend/node_modules/bson/src/objectid.ts:113:15)\n    at ScheduleService.getWeeklySchedule (/Users/ashikmuhammed/Desktop/Saloon Booking Managment/backend/src/modules/schedule/service/schedule.service.ts:59:17)\n    at ScheduleController.getWeekly (/Users/ashikmuhammed/Desktop/Saloon Booking Managment/backend/src/modules/schedule/controller/schedule.controller.ts:33:50)\n    at Layer.handleRequest (/Users/ashikmuhammed/Desktop/Saloon Booking Managment/backend/node_modules/router/lib/layer.js:152:17)\n    at next (/Users/ashikmuhammed/Desktop/Saloon Booking Managment/backend/node_modules/router/lib/route.js:157:13)\n    at /Users/ashikmuhammed/Desktop/Saloon Booking Managment/backend/src/common/middleware/role.middleware.ts:14:5\n    at Layer.handleRequest (/Users/ashikmuhammed/Desktop/Saloon Booking Managment/backend/node_modules/router/lib/layer.js:152:17)\n    at next (/Users/ashikmuhammed/Desktop/Saloon Booking Managment/backend/node_modules/router/lib/route.js:157:13)\n    at authMiddleware (/Users/ashikmuhammed/Desktop/Saloon Booking Managment/backend/src/common/middleware/auth.middleware.ts:43:5)\n    at Layer.handleRequest (/Users/ashikmuhammed/Desktop/Saloon Booking Managment/backend/node_modules/router/lib/layer.js:152:17)","timestamp":"2026-02-16 17:44:18","url":"/api/schedules/stylists/698c13990ac32c2aa8aced7e/weekly?branchId=undefined","userId":"698c13990ac32c2aa8aced7e"}
{"level":"error","message":"Unhandled Error input must be a 24 character hex string, 12 byte Uint8Array, or an integer","method":"GET","stack":"BSONError: input must be a 24 character hex string, 12 byte Uint8Array, or an integer\n    at new ObjectId (/Users/ashikmuhammed/Desktop/Saloon Booking Managment/backend/node_modules/bson/src/objectid.ts:113:15)\n    at ScheduleService.getWeeklySchedule (/Users/ashikmuhammed/Desktop/Saloon Booking Managment/backend/src/modules/schedule/service/schedule.service.ts:59:17)\n    at ScheduleController.getWeekly (/Users/ashikmuhammed/Desktop/Saloon Booking Managment/backend/src/modules/schedule/controller/schedule.controller.ts:33:50)\n    at Layer.handleRequest (/Users/ashikmuhammed/Desktop/Saloon Booking Managment/backend/node_modules/router/lib/layer.js:152:17)\n    at next (/Users/ashikmuhammed/Desktop/Saloon Booking Managment/backend/node_modules/router/lib/route.js:157:13)\n    at /Users/ashikmuhammed/Desktop/Saloon Booking Managment/backend/src/common/middleware/role.middleware.ts:14:5\n    at Layer.handleRequest (/Users/ashikmuhammed/Desktop/Saloon Booking Managment/backend/node_modules/router/lib/layer.js:152:17)\n    at next (/Users/ashikmuhammed/Desktop/Saloon Booking Managment/backend/node_modules/router/lib/route.js:157:13)\n    at authMiddleware (/Users/ashikmuhammed/Desktop/Saloon Booking Managment/backend/src/common/middleware/auth.middleware.ts:43:5)\n    at Layer.handleRequest (/Users/ashikmuhammed/Desktop/Saloon Booking Managment/backend/node_modules/router/lib/layer.js:152:17)","timestamp":"2026-02-16 17:44:18","url":"/api/schedules/stylists/698c13990ac32c2aa8aced7e/weekly?branchId=undefined","userId":"698c13990ac32c2aa8aced7e"}
{"level":"error","message":"Unhandled Error input must be a 24 character hex string, 12 byte Uint8Array, or an integer","method":"GET","stack":"BSONError: input must be a 24 character hex string, 12 byte Uint8Array, or an integer\n    at new ObjectId (/Users/ashikmuhammed/Desktop/Saloon Booking Managment/backend/node_modules/bson/src/objectid.ts:113:15)\n    at ScheduleService.getWeeklySchedule (/Users/ashikmuhammed/Desktop/Saloon Booking Managment/backend/src/modules/schedule/service/schedule.service.ts:58:18)\n    at ScheduleController.getWeekly (/Users/ashikmuhammed/Desktop/Saloon Booking Managment/backend/src/modules/schedule/controller/schedule.controller.ts:33:50)\n    at Layer.handleRequest (/Users/ashikmuhammed/Desktop/Saloon Booking Managment/backend/node_modules/router/lib/layer.js:152:17)\n    at next (/Users/ashikmuhammed/Desktop/Saloon Booking Managment/backend/node_modules/router/lib/route.js:157:13)\n    at /Users/ashikmuhammed/Desktop/Saloon Booking Managment/backend/src/common/middleware/role.middleware.ts:14:5\n    at Layer.handleRequest (/Users/ashikmuhammed/Desktop/Saloon Booking Managment/backend/node_modules/router/lib/layer.js:152:17)\n    at next (/Users/ashikmuhammed/Desktop/Saloon Booking Managment/backend/node_modules/router/lib/route.js:157:13)\n    at authMiddleware (/Users/ashikmuhammed/Desktop/Saloon Booking Managment/backend/src/common/middleware/auth.middleware.ts:43:5)\n    at Layer.handleRequest (/Users/ashikmuhammed/Desktop/Saloon Booking Managment/backend/node_modules/router/lib/layer.js:152:17)","timestamp":"2026-02-16 17:44:19","url":"/api/schedules/stylists/undefined/weekly?branchId=undefined","userId":"698c13990ac32c2aa8aced7e"}
{"level":"error","message":"Unhandled Error input must be a 24 character hex string, 12 byte Uint8Array, or an integer","method":"GET","stack":"BSONError: input must be a 24 character hex string, 12 byte Uint8Array, or an integer\n    at new ObjectId (/Users/ashikmuhammed/Desktop/Saloon Booking Managment/backend/node_modules/bson/src/objectid.ts:113:15)\n    at ScheduleService.getWeeklySchedule (/Users/ashikmuhammed/Desktop/Saloon Booking Managment/backend/src/modules/schedule/service/schedule.service.ts:58:18)\n    at ScheduleController.getWeekly (/Users/ashikmuhammed/Desktop/Saloon Booking Managment/backend/src/modules/schedule/controller/schedule.controller.ts:33:50)\n    at Layer.handleRequest (/Users/ashikmuhammed/Desktop/Saloon Booking Managment/backend/node_modules/router/lib/layer.js:152:17)\n    at next (/Users/ashikmuhammed/Desktop/Saloon Booking Managment/backend/node_modules/router/lib/route.js:157:13)\n    at /Users/ashikmuhammed/Desktop/Saloon Booking Managment/backend/src/common/middleware/role.middleware.ts:14:5\n    at Layer.handleRequest (/Users/ashikmuhammed/Desktop/Saloon Booking Managment/backend/node_modules/router/lib/layer.js:152:17)\n    at next (/Users/ashikmuhammed/Desktop/Saloon Booking Managment/backend/node_modules/router/lib/route.js:157:13)\n    at authMiddleware (/Users/ashikmuhammed/Desktop/Saloon Booking Managment/backend/src/common/middleware/auth.middleware.ts:43:5)\n    at Layer.handleRequest (/Users/ashikmuhammed/Desktop/Saloon Booking Managment/backend/node_modules/router/lib/layer.js:152:17)","timestamp":"2026-02-16 17:44:19","url":"/api/schedules/stylists/undefined/weekly?branchId=undefined","userId":"698c13990ac32c2aa8aced7e"}
{"level":"info","message":"Backend running on http://localhost:5001","timestamp":"2026-02-16 18:10:06"}
{"level":"info","message":"Redis connected","timestamp":"2026-02-16 18:10:06"}
{"level":"info","message":"MongoDB connected successfully","timestamp":"2026-02-16 18:10:06"}
{"level":"info","message":"Backend running on http://localhost:5001","timestamp":"2026-02-16 18:10:12"}
{"level":"info","message":"Redis connected","timestamp":"2026-02-16 18:10:12"}
{"level":"info","message":"MongoDB connected successfully","timestamp":"2026-02-16 18:10:12"}
{"level":"info","message":"Backend running on http://localhost:5001","timestamp":"2026-02-16 18:10:20"}
{"level":"info","message":"Redis connected","timestamp":"2026-02-16 18:10:20"}
{"level":"info","message":"MongoDB connected successfully","timestamp":"2026-02-16 18:10:20"}
{"level":"info","message":"Backend running on http://localhost:5001","timestamp":"2026-02-16 18:10:50"}
{"level":"info","message":"Redis connected","timestamp":"2026-02-16 18:10:50"}
{"level":"info","message":"MongoDB connected successfully","timestamp":"2026-02-16 18:10:50"}
{"level":"info","message":"Backend running on http://localhost:5001","timestamp":"2026-02-16 18:11:19"}
{"level":"info","message":"Redis connected","timestamp":"2026-02-16 18:11:19"}
{"level":"info","message":"MongoDB connected successfully","timestamp":"2026-02-16 18:11:19"}
{"level":"warn","message":"Handled AppError No token provided","method":"POST","statusCode":401,"timestamp":"2026-02-16 18:32:45","url":"/api/auth/refresh","userId":"anonymous"}
{"level":"warn","message":"Handled AppError No token provided","method":"POST","statusCode":401,"timestamp":"2026-02-16 18:32:47","url":"/api/auth/refresh","userId":"anonymous"}
{"level":"info","message":"Backend running on http://localhost:5001","timestamp":"2026-02-16 19:02:51"}
{"level":"info","message":"Redis connected","timestamp":"2026-02-16 19:02:51"}
{"level":"info","message":"MongoDB connected successfully","timestamp":"2026-02-16 19:02:51"}
{"level":"info","message":"Backend running on http://localhost:5001","timestamp":"2026-02-16 19:03:14"}
{"level":"info","message":"Redis connected","timestamp":"2026-02-16 19:03:14"}
{"level":"info","message":"MongoDB connected successfully","timestamp":"2026-02-16 19:03:14"}
{"level":"info","message":"Backend running on http://localhost:5001","timestamp":"2026-02-16 19:03:26"}
{"level":"info","message":"Redis connected","timestamp":"2026-02-16 19:03:26"}
{"level":"info","message":"MongoDB connected successfully","timestamp":"2026-02-16 19:03:26"}
{"level":"info","message":"Backend running on http://localhost:5001","timestamp":"2026-02-16 19:03:47"}
{"level":"info","message":"Redis connected","timestamp":"2026-02-16 19:03:47"}
{"level":"info","message":"MongoDB connected successfully","timestamp":"2026-02-16 19:03:47"}
{"level":"info","message":"Backend running on http://localhost:5001","timestamp":"2026-02-16 19:04:00"}
{"level":"info","message":"Redis connected","timestamp":"2026-02-16 19:04:00"}
{"level":"info","message":"MongoDB connected successfully","timestamp":"2026-02-16 19:04:00"}
{"level":"warn","message":"Handled AppError No token provided","method":"POST","statusCode":401,"timestamp":"2026-02-16 19:04:08","url":"/api/auth/refresh","userId":"anonymous"}
{"level":"warn","message":"Handled AppError No token provided","method":"POST","statusCode":401,"timestamp":"2026-02-16 19:04:20","url":"/api/auth/refresh","userId":"anonymous"}
{"level":"warn","message":"Handled AppError No token provided","method":"POST","statusCode":401,"timestamp":"2026-02-16 19:07:22","url":"/api/auth/refresh","userId":"anonymous"}
{"level":"info","message":"Backend running on http://localhost:5001","timestamp":"2026-02-16 20:09:21"}
{"level":"info","message":"Redis connected","timestamp":"2026-02-16 20:09:21"}
{"level":"info","message":"MongoDB connected successfully","timestamp":"2026-02-16 20:09:21"}
{"level":"warn","message":"Handled AppError No token provided","method":"POST","statusCode":401,"timestamp":"2026-02-16 20:10:11","url":"/api/auth/refresh","userId":"anonymous"}
