{"level":"info","message":"Backend running on http://localhost:5001","timestamp":"2026-02-22 13:46:42"}
{"level":"error","message":"Redis error {\"errno\":-61,\"code\":\"ECONNREFUSED\",\"syscall\":\"connect\",\"address\":\"127.0.0.1\",\"port\":6379}","timestamp":"2026-02-22 13:46:42"}
{"level":"info","message":"MongoDB connected successfully","timestamp":"2026-02-22 13:46:42"}
{"level":"error","message":"Redis error {\"errno\":-61,\"code\":\"ECONNREFUSED\",\"syscall\":\"connect\",\"address\":\"127.0.0.1\",\"port\":6379}","timestamp":"2026-02-22 13:46:42"}
{"level":"error","message":"Redis error {\"errno\":-61,\"code\":\"ECONNREFUSED\",\"syscall\":\"connect\",\"address\":\"127.0.0.1\",\"port\":6379}","timestamp":"2026-02-22 13:46:42"}
{"level":"error","message":"Redis error {\"errno\":-61,\"code\":\"ECONNREFUSED\",\"syscall\":\"connect\",\"address\":\"127.0.0.1\",\"port\":6379}","timestamp":"2026-02-22 13:46:42"}
{"level":"error","message":"Redis error {\"errno\":-61,\"code\":\"ECONNREFUSED\",\"syscall\":\"connect\",\"address\":\"127.0.0.1\",\"port\":6379}","timestamp":"2026-02-22 13:46:43"}
{"level":"error","message":"Redis error {\"errno\":-61,\"code\":\"ECONNREFUSED\",\"syscall\":\"connect\",\"address\":\"127.0.0.1\",\"port\":6379}","timestamp":"2026-02-22 13:46:44"}
{"level":"error","message":"Redis error {\"errno\":-61,\"code\":\"ECONNREFUSED\",\"syscall\":\"connect\",\"address\":\"127.0.0.1\",\"port\":6379}","timestamp":"2026-02-22 13:46:46"}
{"level":"info","message":"Redis connected","timestamp":"2026-02-22 13:46:48"}
{"level":"info","message":"Backend running on http://localhost:5001","timestamp":"2026-02-22 13:51:17"}
{"level":"info","message":"Redis connected","timestamp":"2026-02-22 13:51:17"}
{"level":"info","message":"MongoDB connected successfully","timestamp":"2026-02-22 13:51:17"}
{"level":"info","message":"Backend running on http://localhost:5001","timestamp":"2026-02-22 13:51:42"}
{"level":"info","message":"Redis connected","timestamp":"2026-02-22 13:51:42"}
{"level":"info","message":"MongoDB connected successfully","timestamp":"2026-02-22 13:51:42"}
{"level":"info","message":"Backend running on http://localhost:5001","timestamp":"2026-02-22 13:52:22"}
{"level":"info","message":"Redis connected","timestamp":"2026-02-22 13:52:22"}
{"level":"info","message":"MongoDB connected successfully","timestamp":"2026-02-22 13:52:22"}
{"level":"info","message":"Backend running on http://localhost:5001","timestamp":"2026-02-22 14:01:55"}
{"level":"info","message":"Redis connected","timestamp":"2026-02-22 14:01:55"}
{"level":"info","message":"MongoDB connected successfully","timestamp":"2026-02-22 14:01:55"}
{"level":"warn","message":"Handled AppError No token provided","method":"POST","statusCode":401,"timestamp":"2026-02-22 14:03:15","url":"/api/auth/refresh","userId":"anonymous"}
{"level":"warn","message":"Handled AppError No token provided","method":"POST","statusCode":401,"timestamp":"2026-02-22 14:03:15","url":"/api/auth/refresh","userId":"anonymous"}
{"level":"warn","message":"Handled AppError No token provided","method":"POST","statusCode":401,"timestamp":"2026-02-22 14:03:17","url":"/api/auth/refresh","userId":"anonymous"}
{"level":"info","message":"Backend running on http://localhost:5001","timestamp":"2026-02-22 14:05:35"}
{"level":"info","message":"Redis connected","timestamp":"2026-02-22 14:05:35"}
{"level":"info","message":"MongoDB connected successfully","timestamp":"2026-02-22 14:05:35"}
{"level":"warn","message":"Handled AppError No token provided","method":"POST","statusCode":401,"timestamp":"2026-02-22 14:28:55","url":"/api/auth/refresh","userId":"anonymous"}
{"level":"info","message":"Backend running on http://localhost:5001","timestamp":"2026-02-22 14:41:10"}
{"level":"info","message":"Redis connected","timestamp":"2026-02-22 14:41:10"}
{"level":"info","message":"MongoDB connected successfully","timestamp":"2026-02-22 14:41:10"}
{"level":"warn","message":"Handled AppError Stylists are limited to 2 breaks per day (Lunch & Tea). Contact admin for more.","method":"POST","statusCode":400,"timestamp":"2026-02-22 14:46:22","url":"/api/schedules/breaks","userId":"695adad0e5e49754e37c9c4b"}
{"level":"info","message":"Backend running on http://localhost:5001","timestamp":"2026-02-22 14:50:58"}
{"level":"info","message":"Redis connected","timestamp":"2026-02-22 14:50:58"}
{"level":"info","message":"MongoDB connected successfully","timestamp":"2026-02-22 14:50:58"}
{"level":"info","message":"Backend running on http://localhost:5001","timestamp":"2026-02-22 15:01:43"}
{"level":"info","message":"Redis connected","timestamp":"2026-02-22 15:01:43"}
{"level":"info","message":"MongoDB connected successfully","timestamp":"2026-02-22 15:01:44"}
{"level":"info","message":"Backend running on http://localhost:5001","timestamp":"2026-02-22 15:09:15"}
{"level":"info","message":"Redis connected","timestamp":"2026-02-22 15:09:15"}
{"level":"info","message":"MongoDB connected successfully","timestamp":"2026-02-22 15:09:15"}
{"level":"warn","message":"Handled AppError No token provided","method":"POST","statusCode":401,"timestamp":"2026-02-22 15:11:39","url":"/api/auth/refresh","userId":"anonymous"}
{"level":"warn","message":"Handled AppError No token provided","method":"POST","statusCode":401,"timestamp":"2026-02-22 15:11:42","url":"/api/auth/refresh","userId":"anonymous"}
{"level":"info","message":"Backend running on http://localhost:5001","timestamp":"2026-02-22 15:16:33"}
{"level":"info","message":"Redis connected","timestamp":"2026-02-22 15:16:33"}
{"level":"info","message":"MongoDB connected successfully","timestamp":"2026-02-22 15:16:33"}
{"level":"info","message":"Backend running on http://localhost:5001","timestamp":"2026-02-22 15:40:07"}
{"level":"info","message":"Redis connected","timestamp":"2026-02-22 15:40:07"}
{"level":"info","message":"MongoDB connected successfully","timestamp":"2026-02-22 15:40:07"}
{"level":"warn","message":"Handled AppError No token provided","method":"POST","statusCode":401,"timestamp":"2026-02-22 15:40:52","url":"/api/auth/refresh","userId":"anonymous"}
{"level":"warn","message":"Handled AppError No token provided","method":"POST","statusCode":401,"timestamp":"2026-02-22 15:41:01","url":"/api/auth/refresh","userId":"anonymous"}
{"level":"info","message":"Backend running on http://localhost:5001","timestamp":"2026-02-22 16:01:01"}
{"level":"info","message":"Redis connected","timestamp":"2026-02-22 16:01:01"}
{"level":"info","message":"MongoDB connected successfully","timestamp":"2026-02-22 16:01:01"}
{"level":"info","message":"Backend running on http://localhost:5001","timestamp":"2026-02-22 16:02:51"}
{"level":"info","message":"Redis connected","timestamp":"2026-02-22 16:02:51"}
{"level":"info","message":"MongoDB connected successfully","timestamp":"2026-02-22 16:02:51"}
{"level":"warn","message":"Handled AppError No token provided","method":"POST","statusCode":401,"timestamp":"2026-02-22 16:02:55","url":"/api/auth/refresh","userId":"anonymous"}
{"level":"warn","message":"Handled AppError No token provided","method":"POST","statusCode":401,"timestamp":"2026-02-22 16:02:56","url":"/api/auth/refresh","userId":"anonymous"}
{"level":"info","message":"Backend running on http://localhost:5001","timestamp":"2026-02-22 16:15:36"}
{"level":"info","message":"Redis connected","timestamp":"2026-02-22 16:15:36"}
{"level":"info","message":"MongoDB connected successfully","timestamp":"2026-02-22 16:15:36"}
{"level":"info","message":"Backend running on http://localhost:5001","timestamp":"2026-02-22 16:16:06"}
{"level":"info","message":"Redis connected","timestamp":"2026-02-22 16:16:06"}
{"level":"info","message":"MongoDB connected successfully","timestamp":"2026-02-22 16:16:06"}
{"level":"warn","message":"Handled AppError No token provided","method":"POST","statusCode":401,"timestamp":"2026-02-22 16:16:11","url":"/api/auth/refresh","userId":"anonymous"}
{"level":"warn","message":"Handled AppError No token provided","method":"POST","statusCode":401,"timestamp":"2026-02-22 16:26:43","url":"/api/auth/refresh","userId":"anonymous"}
{"level":"info","message":"Backend running on http://localhost:5001","timestamp":"2026-02-22 16:28:16"}
{"level":"info","message":"Redis connected","timestamp":"2026-02-22 16:28:16"}
{"level":"info","message":"MongoDB connected successfully","timestamp":"2026-02-22 16:28:16"}
{"level":"info","message":"Backend running on http://localhost:5001","timestamp":"2026-02-22 16:33:46"}
{"level":"info","message":"Redis connected","timestamp":"2026-02-22 16:33:46"}
{"level":"info","message":"MongoDB connected successfully","timestamp":"2026-02-22 16:33:46"}
{"level":"info","message":"Backend running on http://localhost:5001","timestamp":"2026-02-22 16:35:05"}
{"level":"info","message":"Redis connected","timestamp":"2026-02-22 16:35:05"}
{"level":"info","message":"MongoDB connected successfully","timestamp":"2026-02-22 16:35:05"}
{"level":"info","message":"Backend running on http://localhost:5001","timestamp":"2026-02-22 16:35:32"}
{"level":"info","message":"Redis connected","timestamp":"2026-02-22 16:35:32"}
{"level":"info","message":"MongoDB connected successfully","timestamp":"2026-02-22 16:35:32"}
{"level":"info","message":"Backend running on http://localhost:5001","timestamp":"2026-02-22 16:37:43"}
{"level":"info","message":"Redis connected","timestamp":"2026-02-22 16:37:43"}
{"level":"info","message":"MongoDB connected successfully","timestamp":"2026-02-22 16:37:43"}
{"level":"error","message":"Unhandled Error Booking validation failed: totalPrice: Path `totalPrice` is required.","method":"PATCH","stack":"ValidationError: Booking validation failed: totalPrice: Path `totalPrice` is required.\n    at model.Document.invalidate (/Users/ashikmuhammed/Desktop/Saloon Booking Managment/backend/node_modules/mongoose/lib/document.js:3370:32)\n    at validatePath (/Users/ashikmuhammed/Desktop/Saloon Booking Managment/backend/node_modules/mongoose/lib/document.js:3145:13)\n    at processTicksAndRejections (node:internal/process/task_queues:105:5)\n    at async Promise.all (index 0)\n    at async model.$__validate (/Users/ashikmuhammed/Desktop/Saloon Booking Managment/backend/node_modules/mongoose/lib/document.js:3086:3)\n    at async model.validate (/Users/ashikmuhammed/Desktop/Saloon Booking Managment/backend/node_modules/mongoose/lib/document.js:2663:5)\n    at async model.validateBeforeSave (/Users/ashikmuhammed/Desktop/Saloon Booking Managment/backend/node_modules/mongoose/lib/plugins/validateBeforeSave.js:34:7)\n    at async Kareem.execPre (/Users/ashikmuhammed/Desktop/Saloon Booking Managment/backend/node_modules/kareem/index.js:65:24)\n    at async model.$__save (/Users/ashikmuhammed/Desktop/Saloon Booking Managment/backend/node_modules/mongoose/lib/model.js:369:5)\n    at async model.save (/Users/ashikmuhammed/Desktop/Saloon Booking Managment/backend/node_modules/mongoose/lib/model.js:609:5)","timestamp":"2026-02-22 16:46:34","url":"/api/slots/dynamic_698b46bfe65366c147965cf4_695adad0e5e49754e37c9c4d_2026-02-25_09:00_09:15/block","userId":"695adad0e5e49754e37c9c4b"}
{"level":"warn","message":"Handled AppError No token provided","method":"POST","statusCode":401,"timestamp":"2026-02-22 17:20:53","url":"/api/auth/refresh","userId":"anonymous"}
{"level":"info","message":"Backend running on http://localhost:5001","timestamp":"2026-02-22 20:44:18"}
{"level":"info","message":"Redis connected","timestamp":"2026-02-22 20:44:18"}
{"level":"info","message":"MongoDB connected successfully","timestamp":"2026-02-22 20:44:18"}
{"level":"warn","message":"Handled AppError No token provided","method":"POST","statusCode":401,"timestamp":"2026-02-22 20:45:36","url":"/api/auth/refresh","userId":"anonymous"}
{"level":"warn","message":"Handled AppError No token provided","method":"POST","statusCode":401,"timestamp":"2026-02-22 20:47:05","url":"/api/auth/refresh","userId":"anonymous"}
{"level":"warn","message":"Handled AppError No token provided","method":"POST","statusCode":401,"timestamp":"2026-02-22 20:47:06","url":"/api/auth/refresh","userId":"anonymous"}
{"level":"info","message":"Backend running on http://localhost:5001","timestamp":"2026-02-22 21:18:43"}
{"level":"info","message":"Redis connected","timestamp":"2026-02-22 21:18:43"}
{"level":"info","message":"MongoDB connected successfully","timestamp":"2026-02-22 21:18:43"}
{"level":"info","message":"Backend running on http://localhost:5001","timestamp":"2026-02-22 21:18:53"}
{"level":"info","message":"Redis connected","timestamp":"2026-02-22 21:18:53"}
{"level":"info","message":"MongoDB connected successfully","timestamp":"2026-02-22 21:18:53"}
{"level":"warn","message":"Handled AppError Leave requests must be made at least 3 days in advance.","method":"POST","statusCode":400,"timestamp":"2026-02-22 21:20:58","url":"/api/off-days","userId":"695adad0e5e49754e37c9c4b"}
{"level":"warn","message":"Handled AppError Leave requests must be made at least 3 days in advance.","method":"POST","statusCode":400,"timestamp":"2026-02-22 21:20:59","url":"/api/off-days","userId":"695adad0e5e49754e37c9c4b"}
{"level":"warn","message":"Handled AppError Leave requests must be made at least 3 days in advance.","method":"POST","statusCode":400,"timestamp":"2026-02-22 21:21:00","url":"/api/off-days","userId":"695adad0e5e49754e37c9c4b"}
{"level":"warn","message":"Handled AppError Leave requests must be made at least 3 days in advance.","method":"POST","statusCode":400,"timestamp":"2026-02-22 21:21:01","url":"/api/off-days","userId":"695adad0e5e49754e37c9c4b"}
{"level":"info","message":"Backend running on http://localhost:5001","timestamp":"2026-02-22 21:28:10"}
{"level":"info","message":"Redis connected","timestamp":"2026-02-22 21:28:10"}
{"level":"info","message":"MongoDB connected successfully","timestamp":"2026-02-22 21:28:10"}
{"level":"info","message":"MongoDB connected successfully","timestamp":"2026-02-22 21:28:37"}
{"level":"info","message":"Backend running on http://localhost:5001","timestamp":"2026-02-22 21:29:26"}
{"level":"info","message":"Redis connected","timestamp":"2026-02-22 21:29:26"}
{"level":"info","message":"MongoDB connected successfully","timestamp":"2026-02-22 21:29:26"}
{"level":"info","message":"MongoDB connected successfully","timestamp":"2026-02-22 21:30:26"}
{"level":"info","message":"Backend running on http://localhost:5001","timestamp":"2026-02-22 21:30:39"}
{"level":"info","message":"Redis connected","timestamp":"2026-02-22 21:30:39"}
{"level":"info","message":"MongoDB connected successfully","timestamp":"2026-02-22 21:30:39"}
{"level":"info","message":"MongoDB connected successfully","timestamp":"2026-02-22 21:32:10"}
{"level":"info","message":"Redis connected","timestamp":"2026-02-22 21:32:10"}
{"level":"info","message":"Backend running on http://localhost:5001","timestamp":"2026-02-22 21:32:27"}
{"level":"info","message":"Redis connected","timestamp":"2026-02-22 21:32:27"}
{"level":"info","message":"MongoDB connected successfully","timestamp":"2026-02-22 21:32:27"}
{"level":"error","message":"Unhandled Error StylistOffDay validation failed: type: Path `type` is required.","method":"POST","stack":"ValidationError: StylistOffDay validation failed: type: Path `type` is required.\n    at model.Document.invalidate (/Users/ashikmuhammed/Desktop/Saloon Booking Managment/backend/node_modules/mongoose/lib/document.js:3370:32)\n    at validatePath (/Users/ashikmuhammed/Desktop/Saloon Booking Managment/backend/node_modules/mongoose/lib/document.js:3145:13)\n    at processTicksAndRejections (node:internal/process/task_queues:105:5)\n    at async Promise.all (index 4)\n    at async model.$__validate (/Users/ashikmuhammed/Desktop/Saloon Booking Managment/backend/node_modules/mongoose/lib/document.js:3086:3)\n    at async model.validate (/Users/ashikmuhammed/Desktop/Saloon Booking Managment/backend/node_modules/mongoose/lib/document.js:2663:5)\n    at async model.validateBeforeSave (/Users/ashikmuhammed/Desktop/Saloon Booking Managment/backend/node_modules/mongoose/lib/plugins/validateBeforeSave.js:34:7)\n    at async Kareem.execPre (/Users/ashikmuhammed/Desktop/Saloon Booking Managment/backend/node_modules/kareem/index.js:65:24)\n    at async model.$__save (/Users/ashikmuhammed/Desktop/Saloon Booking Managment/backend/node_modules/mongoose/lib/model.js:369:5)\n    at async model.save (/Users/ashikmuhammed/Desktop/Saloon Booking Managment/backend/node_modules/mongoose/lib/model.js:609:5)","timestamp":"2026-02-22 21:34:25","url":"/api/off-days","userId":"695adad0e5e49754e37c9c4b"}
{"level":"error","message":"Unhandled Error StylistOffDay validation failed: type: Path `type` is required.","method":"POST","stack":"ValidationError: StylistOffDay validation failed: type: Path `type` is required.\n    at model.Document.invalidate (/Users/ashikmuhammed/Desktop/Saloon Booking Managment/backend/node_modules/mongoose/lib/document.js:3370:32)\n    at validatePath (/Users/ashikmuhammed/Desktop/Saloon Booking Managment/backend/node_modules/mongoose/lib/document.js:3145:13)\n    at processTicksAndRejections (node:internal/process/task_queues:105:5)\n    at async Promise.all (index 4)\n    at async model.$__validate (/Users/ashikmuhammed/Desktop/Saloon Booking Managment/backend/node_modules/mongoose/lib/document.js:3086:3)\n    at async model.validate (/Users/ashikmuhammed/Desktop/Saloon Booking Managment/backend/node_modules/mongoose/lib/document.js:2663:5)\n    at async model.validateBeforeSave (/Users/ashikmuhammed/Desktop/Saloon Booking Managment/backend/node_modules/mongoose/lib/plugins/validateBeforeSave.js:34:7)\n    at async Kareem.execPre (/Users/ashikmuhammed/Desktop/Saloon Booking Managment/backend/node_modules/kareem/index.js:65:24)\n    at async model.$__save (/Users/ashikmuhammed/Desktop/Saloon Booking Managment/backend/node_modules/mongoose/lib/model.js:369:5)\n    at async model.save (/Users/ashikmuhammed/Desktop/Saloon Booking Managment/backend/node_modules/mongoose/lib/model.js:609:5)","timestamp":"2026-02-22 21:34:29","url":"/api/off-days","userId":"695adad0e5e49754e37c9c4b"}
{"level":"error","message":"Unhandled Error StylistOffDay validation failed: type: Path `type` is required.","method":"POST","stack":"ValidationError: StylistOffDay validation failed: type: Path `type` is required.\n    at model.Document.invalidate (/Users/ashikmuhammed/Desktop/Saloon Booking Managment/backend/node_modules/mongoose/lib/document.js:3370:32)\n    at validatePath (/Users/ashikmuhammed/Desktop/Saloon Booking Managment/backend/node_modules/mongoose/lib/document.js:3145:13)\n    at processTicksAndRejections (node:internal/process/task_queues:105:5)\n    at async Promise.all (index 4)\n    at async model.$__validate (/Users/ashikmuhammed/Desktop/Saloon Booking Managment/backend/node_modules/mongoose/lib/document.js:3086:3)\n    at async model.validate (/Users/ashikmuhammed/Desktop/Saloon Booking Managment/backend/node_modules/mongoose/lib/document.js:2663:5)\n    at async model.validateBeforeSave (/Users/ashikmuhammed/Desktop/Saloon Booking Managment/backend/node_modules/mongoose/lib/plugins/validateBeforeSave.js:34:7)\n    at async Kareem.execPre (/Users/ashikmuhammed/Desktop/Saloon Booking Managment/backend/node_modules/kareem/index.js:65:24)\n    at async model.$__save (/Users/ashikmuhammed/Desktop/Saloon Booking Managment/backend/node_modules/mongoose/lib/model.js:369:5)\n    at async model.save (/Users/ashikmuhammed/Desktop/Saloon Booking Managment/backend/node_modules/mongoose/lib/model.js:609:5)","timestamp":"2026-02-22 21:34:30","url":"/api/off-days","userId":"695adad0e5e49754e37c9c4b"}
{"level":"error","message":"Unhandled Error StylistOffDay validation failed: type: Path `type` is required.","method":"POST","stack":"ValidationError: StylistOffDay validation failed: type: Path `type` is required.\n    at model.Document.invalidate (/Users/ashikmuhammed/Desktop/Saloon Booking Managment/backend/node_modules/mongoose/lib/document.js:3370:32)\n    at validatePath (/Users/ashikmuhammed/Desktop/Saloon Booking Managment/backend/node_modules/mongoose/lib/document.js:3145:13)\n    at processTicksAndRejections (node:internal/process/task_queues:105:5)\n    at async Promise.all (index 4)\n    at async model.$__validate (/Users/ashikmuhammed/Desktop/Saloon Booking Managment/backend/node_modules/mongoose/lib/document.js:3086:3)\n    at async model.validate (/Users/ashikmuhammed/Desktop/Saloon Booking Managment/backend/node_modules/mongoose/lib/document.js:2663:5)\n    at async model.validateBeforeSave (/Users/ashikmuhammed/Desktop/Saloon Booking Managment/backend/node_modules/mongoose/lib/plugins/validateBeforeSave.js:34:7)\n    at async Kareem.execPre (/Users/ashikmuhammed/Desktop/Saloon Booking Managment/backend/node_modules/kareem/index.js:65:24)\n    at async model.$__save (/Users/ashikmuhammed/Desktop/Saloon Booking Managment/backend/node_modules/mongoose/lib/model.js:369:5)\n    at async model.save (/Users/ashikmuhammed/Desktop/Saloon Booking Managment/backend/node_modules/mongoose/lib/model.js:609:5)","timestamp":"2026-02-22 21:34:31","url":"/api/off-days","userId":"695adad0e5e49754e37c9c4b"}
{"level":"error","message":"Unhandled Error StylistOffDay validation failed: type: Path `type` is required.","method":"POST","stack":"ValidationError: StylistOffDay validation failed: type: Path `type` is required.\n    at model.Document.invalidate (/Users/ashikmuhammed/Desktop/Saloon Booking Managment/backend/node_modules/mongoose/lib/document.js:3370:32)\n    at validatePath (/Users/ashikmuhammed/Desktop/Saloon Booking Managment/backend/node_modules/mongoose/lib/document.js:3145:13)\n    at processTicksAndRejections (node:internal/process/task_queues:105:5)\n    at async Promise.all (index 4)\n    at async model.$__validate (/Users/ashikmuhammed/Desktop/Saloon Booking Managment/backend/node_modules/mongoose/lib/document.js:3086:3)\n    at async model.validate (/Users/ashikmuhammed/Desktop/Saloon Booking Managment/backend/node_modules/mongoose/lib/document.js:2663:5)\n    at async model.validateBeforeSave (/Users/ashikmuhammed/Desktop/Saloon Booking Managment/backend/node_modules/mongoose/lib/plugins/validateBeforeSave.js:34:7)\n    at async Kareem.execPre (/Users/ashikmuhammed/Desktop/Saloon Booking Managment/backend/node_modules/kareem/index.js:65:24)\n    at async model.$__save (/Users/ashikmuhammed/Desktop/Saloon Booking Managment/backend/node_modules/mongoose/lib/model.js:369:5)\n    at async model.save (/Users/ashikmuhammed/Desktop/Saloon Booking Managment/backend/node_modules/mongoose/lib/model.js:609:5)","timestamp":"2026-02-22 21:34:31","url":"/api/off-days","userId":"695adad0e5e49754e37c9c4b"}
{"level":"info","message":"Backend running on http://localhost:5001","timestamp":"2026-02-22 21:40:18"}
{"level":"info","message":"Redis connected","timestamp":"2026-02-22 21:40:18"}
{"level":"info","message":"MongoDB connected successfully","timestamp":"2026-02-22 21:40:18"}
