{"level":"info","message":"Backend running on http://localhost:5001","metadata":{},"timestamp":"2026-03-01 16:33:56"}
{"level":"info","message":"Redis connected","metadata":{},"timestamp":"2026-03-01 16:33:56"}
{"level":"info","message":"MongoDB connected successfully","metadata":{},"timestamp":"2026-03-01 16:33:56"}
{"level":"http","message":"HTTP Request","metadata":{"durationMs":175,"ip":"::1","method":"POST","status":200,"url":"/api/auth/google","userAgent":"Mozilla/5.0 (Macintosh; Intel Mac OS X 10_15_7) AppleWebKit/537.36 (KHTML, like Gecko) Chrome/145.0.0.0 Safari/537.36","userId":"anonymous"},"timestamp":"2026-03-01 16:34:13"}
{"level":"http","message":"HTTP Request","metadata":{"durationMs":21,"ip":"::1","method":"GET","status":200,"url":"/api/branches","userAgent":"Mozilla/5.0 (Macintosh; Intel Mac OS X 10_15_7) AppleWebKit/537.36 (KHTML, like Gecko) Chrome/145.0.0.0 Safari/537.36","userId":"anonymous"},"timestamp":"2026-03-01 16:34:13"}
{"level":"http","message":"HTTP Request","metadata":{"durationMs":4,"ip":"::1","method":"GET","status":200,"url":"/api/branches","userAgent":"Mozilla/5.0 (Macintosh; Intel Mac OS X 10_15_7) AppleWebKit/537.36 (KHTML, like Gecko) Chrome/145.0.0.0 Safari/537.36","userId":"anonymous"},"timestamp":"2026-03-01 16:34:13"}
{"level":"info","message":"Backend running on http://localhost:5001","metadata":{},"timestamp":"2026-03-01 16:45:56"}
{"level":"info","message":"Redis connected","metadata":{},"timestamp":"2026-03-01 16:45:56"}
{"level":"info","message":"MongoDB connected successfully","metadata":{},"timestamp":"2026-03-01 16:45:56"}
{"level":"info","message":"Backend running on http://localhost:5001","metadata":{},"timestamp":"2026-03-01 16:46:10"}
{"level":"info","message":"Redis connected","metadata":{},"timestamp":"2026-03-01 16:46:10"}
{"level":"info","message":"MongoDB connected successfully","metadata":{},"timestamp":"2026-03-01 16:46:10"}
{"level":"info","message":"Backend running on http://localhost:5001","metadata":{},"timestamp":"2026-03-01 16:46:21"}
{"level":"info","message":"Redis connected","metadata":{},"timestamp":"2026-03-01 16:46:21"}
{"level":"info","message":"MongoDB connected successfully","metadata":{},"timestamp":"2026-03-01 16:46:21"}
{"level":"info","message":"Backend running on http://localhost:5001","metadata":{},"timestamp":"2026-03-01 16:47:06"}
{"level":"info","message":"Redis connected","metadata":{},"timestamp":"2026-03-01 16:47:06"}
{"level":"info","message":"MongoDB connected successfully","metadata":{},"timestamp":"2026-03-01 16:47:06"}
{"level":"info","message":"Backend running on http://localhost:5001","metadata":{},"timestamp":"2026-03-01 16:47:32"}
{"level":"info","message":"Redis connected","metadata":{},"timestamp":"2026-03-01 16:47:32"}
{"level":"info","message":"MongoDB connected successfully","metadata":{},"timestamp":"2026-03-01 16:47:32"}
{"level":"info","message":"Backend running on http://localhost:5001","metadata":{},"timestamp":"2026-03-01 16:48:08"}
{"level":"info","message":"Redis connected","metadata":{},"timestamp":"2026-03-01 16:48:08"}
{"level":"info","message":"MongoDB connected successfully","metadata":{},"timestamp":"2026-03-01 16:48:08"}
{"level":"info","message":"Backend running on http://localhost:5001","metadata":{},"timestamp":"2026-03-01 16:48:35"}
{"level":"info","message":"Redis connected","metadata":{},"timestamp":"2026-03-01 16:48:35"}
{"level":"info","message":"MongoDB connected successfully","metadata":{},"timestamp":"2026-03-01 16:48:35"}
{"level":"info","message":"Backend running on http://localhost:5001","metadata":{},"timestamp":"2026-03-01 16:48:58"}
{"level":"info","message":"Redis connected","metadata":{},"timestamp":"2026-03-01 16:48:58"}
{"level":"info","message":"MongoDB connected successfully","metadata":{},"timestamp":"2026-03-01 16:48:58"}
{"level":"info","message":"Backend running on http://localhost:5001","metadata":{},"timestamp":"2026-03-01 16:49:20"}
{"level":"info","message":"Redis connected","metadata":{},"timestamp":"2026-03-01 16:49:20"}
{"level":"info","message":"MongoDB connected successfully","metadata":{},"timestamp":"2026-03-01 16:49:20"}
{"level":"info","message":"Backend running on http://localhost:5001","metadata":{},"timestamp":"2026-03-01 18:03:59"}
{"level":"info","message":"Redis connected","metadata":{},"timestamp":"2026-03-01 18:03:59"}
{"level":"info","message":"MongoDB connected successfully","metadata":{},"timestamp":"2026-03-01 18:03:59"}
{"level":"info","message":"Backend running on http://localhost:5001","metadata":{},"timestamp":"2026-03-01 18:03:59"}
{"level":"info","message":"Redis connected","metadata":{},"timestamp":"2026-03-01 18:03:59"}
{"level":"info","message":"MongoDB connected successfully","metadata":{},"timestamp":"2026-03-01 18:03:59"}
{"level":"info","message":"Backend running on http://localhost:5001","metadata":{},"timestamp":"2026-03-01 18:06:27"}
{"level":"info","message":"Redis connected","metadata":{},"timestamp":"2026-03-01 18:06:27"}
{"level":"info","message":"MongoDB connected successfully","metadata":{},"timestamp":"2026-03-01 18:06:27"}
{"level":"info","message":"Backend running on http://localhost:5001","metadata":{},"timestamp":"2026-03-01 18:08:51"}
{"level":"info","message":"Backend running on http://localhost:5001","metadata":{},"timestamp":"2026-03-01 18:08:51"}
{"level":"info","message":"Redis connected","metadata":{},"timestamp":"2026-03-01 18:08:51"}
{"level":"info","message":"Redis connected","metadata":{},"timestamp":"2026-03-01 18:08:51"}
{"level":"info","message":"MongoDB connected successfully","metadata":{},"timestamp":"2026-03-01 18:08:51"}
{"level":"info","message":"MongoDB connected successfully","metadata":{},"timestamp":"2026-03-01 18:08:51"}
{"level":"info","message":"Backend running on http://localhost:5001","metadata":{},"timestamp":"2026-03-01 18:10:26"}
{"level":"info","message":"Redis connected","metadata":{},"timestamp":"2026-03-01 18:10:26"}
{"level":"info","message":"Backend running on http://localhost:5001","metadata":{},"timestamp":"2026-03-01 18:10:26"}
{"level":"info","message":"MongoDB connected successfully","metadata":{},"timestamp":"2026-03-01 18:10:26"}
{"level":"info","message":"Redis connected","metadata":{},"timestamp":"2026-03-01 18:10:26"}
{"level":"info","message":"MongoDB connected successfully","metadata":{},"timestamp":"2026-03-01 18:10:27"}
{"level":"info","message":"Backend running on http://localhost:5001","metadata":{},"timestamp":"2026-03-01 18:11:14"}
{"level":"info","message":"Redis connected","metadata":{},"timestamp":"2026-03-01 18:11:14"}
{"level":"info","message":"Backend running on http://localhost:5001","metadata":{},"timestamp":"2026-03-01 18:11:14"}
{"level":"info","message":"MongoDB connected successfully","metadata":{},"timestamp":"2026-03-01 18:11:14"}
{"level":"info","message":"Redis connected","metadata":{},"timestamp":"2026-03-01 18:11:14"}
{"level":"info","message":"MongoDB connected successfully","metadata":{},"timestamp":"2026-03-01 18:11:14"}
{"level":"info","message":"Backend running on http://localhost:5001","metadata":{},"timestamp":"2026-03-01 18:26:30"}
{"level":"info","message":"Redis connected","metadata":{},"timestamp":"2026-03-01 18:26:30"}
{"level":"info","message":"MongoDB connected successfully","metadata":{},"timestamp":"2026-03-01 18:26:30"}
{"level":"info","message":"Backend running on http://localhost:5001","metadata":{},"timestamp":"2026-03-01 18:26:30"}
{"level":"info","message":"Redis connected","metadata":{},"timestamp":"2026-03-01 18:26:30"}
{"level":"info","message":"MongoDB connected successfully","metadata":{},"timestamp":"2026-03-01 18:26:30"}
{"level":"info","message":"Backend running on http://localhost:5001","metadata":{},"timestamp":"2026-03-01 18:26:45"}
{"level":"info","message":"Backend running on http://localhost:5001","metadata":{},"timestamp":"2026-03-01 18:26:45"}
{"level":"info","message":"Redis connected","metadata":{},"timestamp":"2026-03-01 18:26:45"}
{"level":"info","message":"Redis connected","metadata":{},"timestamp":"2026-03-01 18:26:45"}
{"level":"info","message":"MongoDB connected successfully","metadata":{},"timestamp":"2026-03-01 18:26:45"}
{"level":"info","message":"MongoDB connected successfully","metadata":{},"timestamp":"2026-03-01 18:26:45"}
{"level":"info","message":"Backend running on http://localhost:5001","metadata":{},"timestamp":"2026-03-01 18:27:13"}
{"level":"info","message":"Redis connected","metadata":{},"timestamp":"2026-03-01 18:27:13"}
{"level":"info","message":"MongoDB connected successfully","metadata":{},"timestamp":"2026-03-01 18:27:13"}
{"level":"info","message":"Backend running on http://localhost:5001","metadata":{},"timestamp":"2026-03-01 18:27:13"}
{"level":"info","message":"Redis connected","metadata":{},"timestamp":"2026-03-01 18:27:13"}
{"level":"info","message":"MongoDB connected successfully","metadata":{},"timestamp":"2026-03-01 18:27:13"}
{"level":"info","message":"Backend running on http://localhost:5001","metadata":{},"timestamp":"2026-03-01 20:08:15"}
{"level":"info","message":"Redis connected","metadata":{},"timestamp":"2026-03-01 20:08:15"}
{"level":"info","message":"MongoDB connected successfully","metadata":{},"timestamp":"2026-03-01 20:08:15"}
{"level":"info","message":"Backend running on http://localhost:5001","metadata":{},"timestamp":"2026-03-01 20:08:28"}
{"level":"info","message":"Redis connected","metadata":{},"timestamp":"2026-03-01 20:08:28"}
{"level":"info","message":"MongoDB connected successfully","metadata":{},"timestamp":"2026-03-01 20:08:28"}
{"level":"info","message":"Backend running on http://localhost:5001","metadata":{},"timestamp":"2026-03-01 20:10:08"}
{"level":"info","message":"Redis connected","metadata":{},"timestamp":"2026-03-01 20:10:08"}
{"level":"info","message":"MongoDB connected successfully","metadata":{},"timestamp":"2026-03-01 20:10:08"}
{"level":"info","message":"Backend running on http://localhost:5001","metadata":{},"timestamp":"2026-03-01 20:10:58"}
{"level":"info","message":"Redis connected","metadata":{},"timestamp":"2026-03-01 20:10:58"}
{"level":"info","message":"MongoDB connected successfully","metadata":{},"timestamp":"2026-03-01 20:10:58"}
